#
# There is insufficient memory for the Java Runtime Environment to continue.
# Native memory allocation (malloc) failed to allocate 1228320 bytes. Error detail: Chunk::new
# Possible reasons:
#   The system is out of physical RAM or swap space
#   This process is running with CompressedOops enabled, and the Java Heap may be blocking the growth of the native heap
# Possible solutions:
#   Reduce memory load on the system
#   Increase physical memory or swap space
#   Check if swap backing store is full
#   Decrease Java heap size (-Xmx/-Xms)
#   Decrease number of Java threads
#   Decrease Java thread stack sizes (-Xss)
#   Set larger code cache with -XX:ReservedCodeCacheSize=
#   JVM is running with Unscaled Compressed Oops mode in which the Java heap is
#     placed in the first 4GB address space. The Java Heap base address is the
#     maximum limit for the native heap growth. Please use -XX:HeapBaseMinAddress
#     to set the Java Heap base and to place the Java Heap above 4GB virtual address.
# This output file may be truncated or incomplete.
#
#  Out of Memory Error (arena.cpp:168), pid=16172, tid=4980
#
# JRE version: OpenJDK Runtime Environment Temurin-21.0.10+7 (21.0.10+7) (build 21.0.10+7-LTS)
# Java VM: OpenJDK 64-Bit Server VM Temurin-21.0.10+7 (21.0.10+7-LTS, mixed mode, sharing, tiered, compressed oops, compressed class ptrs, parallel gc, windows-amd64)
# No core dump will be written. Minidumps are not enabled by default on client versions of Windows
#

---------------  S U M M A R Y ------------

Command Line: --add-modules=ALL-SYSTEM --add-opens=java.base/java.util=ALL-UNNAMED --add-opens=java.base/java.lang=ALL-UNNAMED --add-opens=java.base/sun.nio.fs=ALL-UNNAMED -Declipse.application=org.eclipse.jdt.ls.core.id1 -Dosgi.bundles.defaultStartLevel=4 -Declipse.product=org.eclipse.jdt.ls.core.product -Djava.import.generatesMetadataFilesAtProjectRoot=false -DDetectVMInstallationsJob.disabled=true -Dfile.encoding=utf8 -XX:+UseParallelGC -XX:GCTimeRatio=4 -XX:AdaptiveSizePolicyWeight=90 -Dsun.zip.disableMemoryMapping=true -Xmx2G -Xms100m -Xlog:disable -javaagent:c:\Users\admin\.vscode\extensions\redhat.java-1.54.0-win32-x64\lombok\lombok-1.18.39-4050.jar -XX:+HeapDumpOnOutOfMemoryError -XX:HeapDumpPath=c:\Users\admin\AppData\Roaming\Code\User\workspaceStorage\456ccaf14a017f0ce220ea57303d7a3b\redhat.java -Daether.dependencyCollector.impl=bf c:\Users\admin\.vscode\extensions\redhat.java-1.54.0-win32-x64\server\plugins\org.eclipse.equinox.launcher_1.7.100.v20251111-0406.jar -configuration c:\Users\admin\AppData\Roaming\Code\User\globalStorage\redhat.java\1.54.0\config_win -data c:\Users\admin\AppData\Roaming\Code\User\workspaceStorage\456ccaf14a017f0ce220ea57303d7a3b\redhat.java\jdt_ws --pipe=\\.\pipe\lsp-12510e3a5b1038f9eb5c04bd411b5dc7-sock

Host: 13th Gen Intel(R) Core(TM) i5-13420H, 12 cores, 15G,  Windows 11 , 64 bit Build 26100 (10.0.26100.8328)
Time: Sun May 10 16:42:57 2026 SE Asia Standard Time elapsed time: 1285.787983 seconds (0d 0h 21m 25s)

---------------  T H R E A D  ---------------

Current thread (0x000001e1aa2395f0):  JavaThread "C2 CompilerThread0" daemon [_thread_in_native, id=4980, stack(0x0000005dc0d00000,0x0000005dc0e00000) (1024K)]


Current CompileTask:
C2:1285788 19422   !   4       org.eclipse.jdt.internal.core.manipulation.JavaElementLabelComposerCore::appendMethodLabel (332 bytes)

Stack: [0x0000005dc0d00000,0x0000005dc0e00000]
Native frames: (J=compiled Java code, j=interpreted, Vv=VM code, C=native code)
V  [jvm.dll+0x6d7a39]
V  [jvm.dll+0x8b4b26]
V  [jvm.dll+0x8b70de]
V  [jvm.dll+0x8b77c3]
V  [jvm.dll+0x284346]
V  [jvm.dll+0xc66ed]
V  [jvm.dll+0xc6c31]
V  [jvm.dll+0x3bec3b]
V  [jvm.dll+0x38b162]
V  [jvm.dll+0x38a5aa]
V  [jvm.dll+0x24c560]
V  [jvm.dll+0x24bb40]
V  [jvm.dll+0x1cb34e]
V  [jvm.dll+0x25b85d]
V  [jvm.dll+0x259dea]
V  [jvm.dll+0x3f857e]
V  [jvm.dll+0x85f59d]
V  [jvm.dll+0x6d626d]
C  [ucrtbase.dll+0x37b0]
C  [KERNEL32.DLL+0x2e957]
C  [ntdll.dll+0x427c]


---------------  P R O C E S S  ---------------

Threads class SMR info:
_java_thread_list=0x000001e20a1fb2a0, length=47, elements={
0x000001e1aa17c460, 0x000001e1aa12d7e0, 0x000001e1aa12e700, 0x000001e1aa22d260,
0x000001e1aa231cf0, 0x000001e1aa233510, 0x000001e1aa234fb0, 0x000001e1aa2395f0,
0x000001e1aa23d6c0, 0x000001e2031a7c10, 0x000001e2031cf180, 0x000001e20889ff70,
0x000001e208880d60, 0x000001e20859de80, 0x000001e20859ced0, 0x000001e208e625f0,
0x000001e209186bc0, 0x000001e209129350, 0x000001e208fb66e0, 0x000001e208fb7400,
0x000001e208fb8120, 0x000001e208fb6050, 0x000001e208fb4ca0, 0x000001e20b4a3870,
0x000001e20b4a52b0, 0x000001e20b4a3f00, 0x000001e20b4a4c20, 0x000001e20b4a4590,
0x000001e20b4a1e30, 0x000001e20b4a2b50, 0x000001e20b4a31e0, 0x000001e20b4a5940,
0x000001e20b4a24c0, 0x000001e20b4a7380, 0x000001e20b4a9450, 0x000001e20b4a6cf0,
0x000001e20b4a80a0, 0x000001e20b4a8730, 0x000001e20b4a8dc0, 0x000001e20b4a5fd0,
0x000001e20ddb3950, 0x000001e20ddb3fe0, 0x000001e20ddb25a0, 0x000001e20ddb7af0,
0x000001e20b0c3df0, 0x000001e20bc98840, 0x000001e20bc9a280
}

Java Threads: ( => current thread )
  0x000001e1aa17c460 JavaThread "main"                              [_thread_blocked, id=23044, stack(0x0000005dc0300000,0x0000005dc0400000) (1024K)]
  0x000001e1aa12d7e0 JavaThread "Reference Handler"          daemon [_thread_blocked, id=22380, stack(0x0000005dc0700000,0x0000005dc0800000) (1024K)]
  0x000001e1aa12e700 JavaThread "Finalizer"                  daemon [_thread_blocked, id=15072, stack(0x0000005dc0800000,0x0000005dc0900000) (1024K)]
  0x000001e1aa22d260 JavaThread "Signal Dispatcher"          daemon [_thread_blocked, id=19636, stack(0x0000005dc0900000,0x0000005dc0a00000) (1024K)]
  0x000001e1aa231cf0 JavaThread "Attach Listener"            daemon [_thread_blocked, id=25876, stack(0x0000005dc0a00000,0x0000005dc0b00000) (1024K)]
  0x000001e1aa233510 JavaThread "Service Thread"             daemon [_thread_blocked, id=5344, stack(0x0000005dc0b00000,0x0000005dc0c00000) (1024K)]
  0x000001e1aa234fb0 JavaThread "Monitor Deflation Thread"   daemon [_thread_blocked, id=16392, stack(0x0000005dc0c00000,0x0000005dc0d00000) (1024K)]
=>0x000001e1aa2395f0 JavaThread "C2 CompilerThread0"         daemon [_thread_in_native, id=4980, stack(0x0000005dc0d00000,0x0000005dc0e00000) (1024K)]
  0x000001e1aa23d6c0 JavaThread "C1 CompilerThread0"         daemon [_thread_blocked, id=20148, stack(0x0000005dc0e00000,0x0000005dc0f00000) (1024K)]
  0x000001e2031a7c10 JavaThread "Common-Cleaner"             daemon [_thread_blocked, id=13348, stack(0x0000005dc1000000,0x0000005dc1100000) (1024K)]
  0x000001e2031cf180 JavaThread "Notification Thread"        daemon [_thread_blocked, id=17052, stack(0x0000005dc1100000,0x0000005dc1200000) (1024K)]
  0x000001e20889ff70 JavaThread "Active Thread: Equinox Container: ec2236d1-a3cb-4d75-949d-ea390dd1a643"        [_thread_blocked, id=11912, stack(0x0000005dc1900000,0x0000005dc1a00000) (1024K)]
  0x000001e208880d60 JavaThread "Refresh Thread: Equinox Container: ec2236d1-a3cb-4d75-949d-ea390dd1a643" daemon [_thread_blocked, id=25820, stack(0x0000005dc1b00000,0x0000005dc1c00000) (1024K)]
  0x000001e20859de80 JavaThread "Framework Event Dispatcher: Equinox Container: ec2236d1-a3cb-4d75-949d-ea390dd1a643" daemon [_thread_blocked, id=23788, stack(0x0000005dc1c00000,0x0000005dc1d00000) (1024K)]
  0x000001e20859ced0 JavaThread "Start Level: Equinox Container: ec2236d1-a3cb-4d75-949d-ea390dd1a643" daemon [_thread_blocked, id=1344, stack(0x0000005dc1d00000,0x0000005dc1e00000) (1024K)]
  0x000001e208e625f0 JavaThread "Bundle File Closer"         daemon [_thread_blocked, id=10832, stack(0x0000005dc2000000,0x0000005dc2100000) (1024K)]
  0x000001e209186bc0 JavaThread "SCR Component Actor"        daemon [_thread_blocked, id=14764, stack(0x0000005dc0f00000,0x0000005dc1000000) (1024K)]
  0x000001e209129350 JavaThread "Worker-JM"                         [_thread_blocked, id=14084, stack(0x0000005dc2200000,0x0000005dc2300000) (1024K)]
  0x000001e208fb66e0 JavaThread "JNA Cleaner"                daemon [_thread_blocked, id=19844, stack(0x0000005dc1200000,0x0000005dc1300000) (1024K)]
  0x000001e208fb7400 JavaThread "Java indexing"              daemon [_thread_blocked, id=18500, stack(0x0000005dc2600000,0x0000005dc2700000) (1024K)]
  0x000001e208fb8120 JavaThread "Thread-1"                   daemon [_thread_in_native, id=7060, stack(0x0000005dc2b00000,0x0000005dc2c00000) (1024K)]
  0x000001e208fb6050 JavaThread "Thread-2"                   daemon [_thread_in_native, id=18976, stack(0x0000005dc2c00000,0x0000005dc2d00000) (1024K)]
  0x000001e208fb4ca0 JavaThread "Thread-3"                   daemon [_thread_in_native, id=444, stack(0x0000005dc2d00000,0x0000005dc2e00000) (1024K)]
  0x000001e20b4a3870 JavaThread "Thread-4"                   daemon [_thread_in_native, id=5828, stack(0x0000005dc2e00000,0x0000005dc2f00000) (1024K)]
  0x000001e20b4a52b0 JavaThread "Thread-5"                   daemon [_thread_in_native, id=26376, stack(0x0000005dc2f00000,0x0000005dc3000000) (1024K)]
  0x000001e20b4a3f00 JavaThread "Thread-6"                   daemon [_thread_in_native, id=21644, stack(0x0000005dc3000000,0x0000005dc3100000) (1024K)]
  0x000001e20b4a4c20 JavaThread "Thread-7"                   daemon [_thread_in_native, id=20564, stack(0x0000005dc3100000,0x0000005dc3200000) (1024K)]
  0x000001e20b4a4590 JavaThread "Thread-8"                   daemon [_thread_in_native, id=24084, stack(0x0000005dc3200000,0x0000005dc3300000) (1024K)]
  0x000001e20b4a1e30 JavaThread "Thread-9"                   daemon [_thread_in_native, id=19748, stack(0x0000005dc3300000,0x0000005dc3400000) (1024K)]
  0x000001e20b4a2b50 JavaThread "Thread-10"                  daemon [_thread_in_native, id=18060, stack(0x0000005dc3400000,0x0000005dc3500000) (1024K)]
  0x000001e20b4a31e0 JavaThread "Thread-11"                  daemon [_thread_in_native, id=1368, stack(0x0000005dc3500000,0x0000005dc3600000) (1024K)]
  0x000001e20b4a5940 JavaThread "Thread-12"                  daemon [_thread_in_native, id=17328, stack(0x0000005dc3600000,0x0000005dc3700000) (1024K)]
  0x000001e20b4a24c0 JavaThread "Thread-13"                  daemon [_thread_in_native, id=17508, stack(0x0000005dc3700000,0x0000005dc3800000) (1024K)]
  0x000001e20b4a7380 JavaThread "pool-2-thread-1"                   [_thread_blocked, id=13296, stack(0x0000005dc3800000,0x0000005dc3900000) (1024K)]
  0x000001e20b4a9450 JavaThread "WorkspaceEventsHandler"            [_thread_blocked, id=22672, stack(0x0000005dc3900000,0x0000005dc3a00000) (1024K)]
  0x000001e20b4a6cf0 JavaThread "pool-1-thread-1"                   [_thread_blocked, id=16596, stack(0x0000005dc3a00000,0x0000005dc3b00000) (1024K)]
  0x000001e20b4a80a0 JavaThread "ForkJoinPool.commonPool-worker-2" daemon [_thread_blocked, id=23560, stack(0x0000005dc3d00000,0x0000005dc3e00000) (1024K)]
  0x000001e20b4a8730 JavaThread "ForkJoinPool.commonPool-worker-3" daemon [_thread_blocked, id=20568, stack(0x0000005dc3e00000,0x0000005dc3f00000) (1024K)]
  0x000001e20b4a8dc0 JavaThread "ForkJoinPool.commonPool-worker-4" daemon [_thread_blocked, id=3876, stack(0x0000005dc3f00000,0x0000005dc4000000) (1024K)]
  0x000001e20b4a5fd0 JavaThread "ForkJoinPool.commonPool-worker-5" daemon [_thread_blocked, id=11444, stack(0x0000005dc4000000,0x0000005dc4100000) (1024K)]
  0x000001e20ddb3950 JavaThread "ForkJoinPool.commonPool-worker-9" daemon [_thread_blocked, id=6800, stack(0x0000005dc4400000,0x0000005dc4500000) (1024K)]
  0x000001e20ddb3fe0 JavaThread "ForkJoinPool.commonPool-worker-10" daemon [_thread_blocked, id=15292, stack(0x0000005dc4500000,0x0000005dc4600000) (1024K)]
  0x000001e20ddb25a0 JavaThread "Cleaner-0"                  daemon [_thread_blocked, id=24828, stack(0x0000005dc4600000,0x0000005dc4700000) (1024K)]
  0x000001e20ddb7af0 JavaThread "Worker-5"                          [_thread_blocked, id=24752, stack(0x0000005dc0000000,0x0000005dc0100000) (1024K)]
  0x000001e20b0c3df0 JavaThread "Worker-6"                          [_thread_blocked, id=10604, stack(0x0000005dc4c00000,0x0000005dc4d00000) (1024K)]
  0x000001e20bc98840 JavaThread "Worker-8"                          [_thread_blocked, id=24900, stack(0x0000005dc0200000,0x0000005dc0300000) (1024K)]
  0x000001e20bc9a280 JavaThread "pool-1-thread-4"                   [_thread_blocked, id=11976, stack(0x0000005dc0100000,0x0000005dc0200000) (1024K)]
Total: 47

Other Threads:
  0x000001e1aa1149f0 VMThread "VM Thread"                           [id=25092, stack(0x0000005dc0600000,0x0000005dc0700000) (1024K)]
  0x000001e1aa1ea9b0 WatcherThread "VM Periodic Task Thread"        [id=23240, stack(0x0000005dc0500000,0x0000005dc0600000) (1024K)]
  0x000001e1aa19ae60 WorkerThread "GC Thread#0"                     [id=20368, stack(0x0000005dc0400000,0x0000005dc0500000) (1024K)]
  0x000001e208435940 WorkerThread "GC Thread#1"                     [id=14316, stack(0x0000005dc1300000,0x0000005dc1400000) (1024K)]
  0x000001e2086038b0 WorkerThread "GC Thread#2"                     [id=9864, stack(0x0000005dc1400000,0x0000005dc1500000) (1024K)]
  0x000001e208372590 WorkerThread "GC Thread#3"                     [id=5416, stack(0x0000005dc1500000,0x0000005dc1600000) (1024K)]
  0x000001e208372940 WorkerThread "GC Thread#4"                     [id=23676, stack(0x0000005dc1600000,0x0000005dc1700000) (1024K)]
  0x000001e208372cf0 WorkerThread "GC Thread#5"                     [id=25744, stack(0x0000005dc1700000,0x0000005dc1800000) (1024K)]
  0x000001e2083730a0 WorkerThread "GC Thread#6"                     [id=18120, stack(0x0000005dc1800000,0x0000005dc1900000) (1024K)]
  0x000001e208880050 WorkerThread "GC Thread#7"                     [id=11352, stack(0x0000005dc1a00000,0x0000005dc1b00000) (1024K)]
  0x000001e208b257e0 WorkerThread "GC Thread#8"                     [id=21408, stack(0x0000005dc1e00000,0x0000005dc1f00000) (1024K)]
  0x000001e208bb4e20 WorkerThread "GC Thread#9"                     [id=24564, stack(0x0000005dc1f00000,0x0000005dc2000000) (1024K)]
Total: 12

Threads with active compile tasks:
C2 CompilerThread0  1285810 19422   !   4       org.eclipse.jdt.internal.core.manipulation.JavaElementLabelComposerCore::appendMethodLabel (332 bytes)
Total: 1

VM state: not at safepoint (normal execution)

VM Mutex/Monitor currently owned by a thread: None

Heap address: 0x0000000080000000, size: 2048 MB, Compressed Oops mode: 32-bit

CDS archive(s) mapped at: [0x000001e1c1000000-0x000001e1c1ba0000-0x000001e1c1ba0000), size 12189696, SharedBaseAddress: 0x000001e1c1000000, ArchiveRelocationMode: 1.
Compressed class space mapped at: 0x000001e1c2000000-0x000001e202000000, reserved size: 1073741824
Narrow klass base: 0x000001e1c1000000, Narrow klass shift: 0, Narrow klass range: 0x100000000

GC Precious Log:
 CardTable entry size: 512
 CPUs: 12 total, 12 available
 Memory: 16009M
 Large Page Support: Disabled
 NUMA Support: Disabled
 Compressed Oops: Enabled (32-bit)
 Alignments: Space 512K, Generation 512K, Heap 2M
 Heap Min Capacity: 100M
 Heap Initial Capacity: 100M
 Heap Max Capacity: 2G
 Pre-touch: Disabled
 Parallel Workers: 10

Heap:
 PSYoungGen      total 3072K, used 2600K [0x00000000d5580000, 0x00000000d5980000, 0x0000000100000000)
  eden space 2560K, 90% used [0x00000000d5580000,0x00000000d57c2068,0x00000000d5800000)
  from space 512K, 56% used [0x00000000d5900000,0x00000000d5948000,0x00000000d5980000)
  to   space 512K, 0% used [0x00000000d5880000,0x00000000d5880000,0x00000000d5900000)
 ParOldGen       total 254464K, used 254366K [0x0000000080000000, 0x000000008f880000, 0x00000000d5580000)
  object space 254464K, 99% used [0x0000000080000000,0x000000008f867b90,0x000000008f880000)
 Metaspace       used 81507K, committed 83200K, reserved 1179648K
  class space    used 8297K, committed 9024K, reserved 1048576K

Card table byte_map: [0x000001e1a9b20000,0x000001e1a9f30000] _byte_map_base: 0x000001e1a9720000

Marking Bits: (ParMarkBitMap*) 0x00007ffb83f93450
 Begin Bits: [0x000001e1bc630000, 0x000001e1be630000)
 End Bits:   [0x000001e1be630000, 0x000001e1c0630000)

Polling page: 0x000001e1a7dc0000

Metaspace:

Usage:
  Non-class:     71.49 MB used.
      Class:      8.10 MB used.
       Both:     79.60 MB used.

Virtual space:
  Non-class space:      128.00 MB reserved,      72.44 MB ( 57%) committed,  2 nodes.
      Class space:        1.00 GB reserved,       8.81 MB ( <1%) committed,  1 nodes.
             Both:        1.12 GB reserved,      81.25 MB (  7%) committed. 

Chunk freelists:
   Non-Class:  7.39 MB
       Class:  7.22 MB
        Both:  14.61 MB

MaxMetaspaceSize: unlimited
CompressedClassSpaceSize: 1.00 GB
Initial GC threshold: 21.00 MB
Current GC threshold: 123.69 MB
CDS: on
 - commit_granule_bytes: 65536.
 - commit_granule_words: 8192.
 - virtual_space_node_default_size: 8388608.
 - enlarge_chunks_in_place: 1.
 - use_allocation_guard: 0.


Internal statistics:

num_allocs_failed_limit: 9.
num_arena_births: 1550.
num_arena_deaths: 14.
num_vsnodes_births: 3.
num_vsnodes_deaths: 0.
num_space_committed: 1300.
num_space_uncommitted: 0.
num_chunks_returned_to_freelist: 23.
num_chunks_taken_from_freelist: 5663.
num_chunk_merges: 12.
num_chunk_splits: 3426.
num_chunks_enlarged: 1933.
num_inconsistent_stats: 0.

CodeHeap 'non-profiled nmethods': size=120000Kb used=21667Kb max_used=21667Kb free=98332Kb
 bounds [0x000001e1b4e50000, 0x000001e1b6380000, 0x000001e1bc380000]
CodeHeap 'profiled nmethods': size=120000Kb used=47304Kb max_used=47304Kb free=72695Kb
 bounds [0x000001e1ad380000, 0x000001e1b01c0000, 0x000001e1b48b0000]
CodeHeap 'non-nmethods': size=5760Kb used=1487Kb max_used=1574Kb free=4272Kb
 bounds [0x000001e1b48b0000, 0x000001e1b4b20000, 0x000001e1b4e50000]
CodeCache: size=245760Kb, used=70458Kb, max_used=70545Kb, free=175299Kb
 total_blobs=18746, nmethods=17946, adapters=700, full_count=0
Compilation: enabled, stopped_count=0, restarted_count=0

Compilation events (20 events):
Event: 1284.438 Thread 0x000001e1aa23d6c0 19419       3       org.eclipse.jdt.internal.core.SourceMapper::getUnqualifiedTypeSignature (515 bytes)
Event: 1284.440 Thread 0x000001e1aa23d6c0 nmethod 19419 0x000001e1b01a6d10 code [0x000001e1b01a7280, 0x000001e1b01a9fe8]
Event: 1284.520 Thread 0x000001e1aa2395f0 nmethod 19416 0x000001e1b636ad90 code [0x000001e1b636b640, 0x000001e1b6373258]
Event: 1284.639 Thread 0x000001e1aa2395f0 19420       4       org.eclipse.jdt.core.dom.VariableBinding::getName (30 bytes)
Event: 1284.642 Thread 0x000001e1aa2395f0 nmethod 19420 0x000001e1b6377490 code [0x000001e1b6377640, 0x000001e1b6377c68]
Event: 1284.642 Thread 0x000001e1aa2395f0 19421  s    4       org.eclipse.jdt.core.dom.DefaultBindingResolver::getVariableBinding (230 bytes)
Event: 1284.648 Thread 0x000001e1aa2395f0 nmethod 19421 0x000001e1b6377f10 code [0x000001e1b6378120, 0x000001e1b6378a90]
Event: 1284.742 Thread 0x000001e1aa2395f0 19422   !   4       org.eclipse.jdt.internal.core.manipulation.JavaElementLabelComposerCore::appendMethodLabel (332 bytes)
Event: 1284.856 Thread 0x000001e1aa23d6c0 19423       3       org.eclipse.jdt.internal.compiler.ast.CompilationUnitDeclaration::record (89 bytes)
Event: 1284.857 Thread 0x000001e1aa23d6c0 nmethod 19423 0x000001e1b01ab290 code [0x000001e1b01ab4a0, 0x000001e1b01abe10]
Event: 1284.857 Thread 0x000001e1aa23d6c0 19424       3       org.eclipse.jdt.internal.compiler.ast.FunctionalExpression::resolveType (226 bytes)
Event: 1284.858 Thread 0x000001e1aa23d6c0 nmethod 19424 0x000001e1b01ac110 code [0x000001e1b01ac420, 0x000001e1b01ad7c8]
Event: 1284.858 Thread 0x000001e1aa23d6c0 19425       3       org.eclipse.jdt.internal.compiler.ast.LambdaExpression::updateLocalTypes (90 bytes)
Event: 1284.859 Thread 0x000001e1aa23d6c0 nmethod 19425 0x000001e1b01add90 code [0x000001e1b01adfc0, 0x000001e1b01ae590]
Event: 1284.859 Thread 0x000001e1aa23d6c0 19426       3       org.eclipse.jdt.internal.compiler.ast.LambdaExpression::updateLocalTypesInMethod (41 bytes)
Event: 1284.859 Thread 0x000001e1aa23d6c0 nmethod 19426 0x000001e1b01ae790 code [0x000001e1b01ae980, 0x000001e1b01aed08]
Event: 1284.859 Thread 0x000001e1aa23d6c0 19427   !   3       org.eclipse.jdt.internal.compiler.ast.LambdaExpression::internalIsCompatibleWith (343 bytes)
Event: 1285.785 Thread 0x000001e1aa23d6c0 nmethod 19427 0x000001e1b01aef10 code [0x000001e1b01af280, 0x000001e1b01b0960]
Event: 1285.785 Thread 0x000001e1aa23d6c0 19428   !   3       org.eclipse.jdt.internal.compiler.ast.LambdaExpression::findGroundTargetType (106 bytes)
Event: 1285.785 Thread 0x000001e1aa23d6c0 nmethod 19428 0x000001e1b01b0f90 code [0x000001e1b01b1200, 0x000001e1b01b1f68]

GC Heap History (20 events):
Event: 1283.368 GC heap before
{Heap before GC invocations=683 (full 4):
 PSYoungGen      total 3584K, used 3424K [0x00000000d5580000, 0x00000000d5a00000, 0x0000000100000000)
  eden space 2560K, 100% used [0x00000000d5580000,0x00000000d5800000,0x00000000d5800000)
  from space 1024K, 84% used [0x00000000d5900000,0x00000000d59d8000,0x00000000d5a00000)
  to   space 1024K, 0% used [0x00000000d5800000,0x00000000d5800000,0x00000000d5900000)
 ParOldGen       total 252416K, used 252223K [0x0000000080000000, 0x000000008f680000, 0x00000000d5580000)
  object space 252416K, 99% used [0x0000000080000000,0x000000008f64fe90,0x000000008f680000)
 Metaspace       used 81493K, committed 83200K, reserved 1179648K
  class space    used 8297K, committed 9024K, reserved 1048576K
}
Event: 1283.369 GC heap after
{Heap after GC invocations=683 (full 4):
 PSYoungGen      total 3584K, used 224K [0x00000000d5580000, 0x00000000d5980000, 0x0000000100000000)
  eden space 2560K, 0% used [0x00000000d5580000,0x00000000d5580000,0x00000000d5800000)
  from space 1024K, 21% used [0x00000000d5800000,0x00000000d5838000,0x00000000d5900000)
  to   space 512K, 0% used [0x00000000d5900000,0x00000000d5900000,0x00000000d5980000)
 ParOldGen       total 253440K, used 253028K [0x0000000080000000, 0x000000008f780000, 0x00000000d5580000)
  object space 253440K, 99% used [0x0000000080000000,0x000000008f719070,0x000000008f780000)
 Metaspace       used 81493K, committed 83200K, reserved 1179648K
  class space    used 8297K, committed 9024K, reserved 1048576K
}
Event: 1283.464 GC heap before
{Heap before GC invocations=684 (full 4):
 PSYoungGen      total 3584K, used 2784K [0x00000000d5580000, 0x00000000d5980000, 0x0000000100000000)
  eden space 2560K, 100% used [0x00000000d5580000,0x00000000d5800000,0x00000000d5800000)
  from space 1024K, 21% used [0x00000000d5800000,0x00000000d5838000,0x00000000d5900000)
  to   space 512K, 0% used [0x00000000d5900000,0x00000000d5900000,0x00000000d5980000)
 ParOldGen       total 253440K, used 253028K [0x0000000080000000, 0x000000008f780000, 0x00000000d5580000)
  object space 253440K, 99% used [0x0000000080000000,0x000000008f719070,0x000000008f780000)
 Metaspace       used 81493K, committed 83200K, reserved 1179648K
  class space    used 8297K, committed 9024K, reserved 1048576K
}
Event: 1283.465 GC heap after
{Heap after GC invocations=684 (full 4):
 PSYoungGen      total 3072K, used 288K [0x00000000d5580000, 0x00000000d5980000, 0x0000000100000000)
  eden space 2560K, 0% used [0x00000000d5580000,0x00000000d5580000,0x00000000d5800000)
  from space 512K, 56% used [0x00000000d5900000,0x00000000d5948000,0x00000000d5980000)
  to   space 512K, 0% used [0x00000000d5880000,0x00000000d5880000,0x00000000d5900000)
 ParOldGen       total 253440K, used 253148K [0x0000000080000000, 0x000000008f780000, 0x00000000d5580000)
  object space 253440K, 99% used [0x0000000080000000,0x000000008f737070,0x000000008f780000)
 Metaspace       used 81493K, committed 83200K, reserved 1179648K
  class space    used 8297K, committed 9024K, reserved 1048576K
}
Event: 1283.598 GC heap before
{Heap before GC invocations=685 (full 4):
 PSYoungGen      total 3072K, used 2848K [0x00000000d5580000, 0x00000000d5980000, 0x0000000100000000)
  eden space 2560K, 100% used [0x00000000d5580000,0x00000000d5800000,0x00000000d5800000)
  from space 512K, 56% used [0x00000000d5900000,0x00000000d5948000,0x00000000d5980000)
  to   space 512K, 0% used [0x00000000d5880000,0x00000000d5880000,0x00000000d5900000)
 ParOldGen       total 253440K, used 253148K [0x0000000080000000, 0x000000008f780000, 0x00000000d5580000)
  object space 253440K, 99% used [0x0000000080000000,0x000000008f737070,0x000000008f780000)
 Metaspace       used 81493K, committed 83200K, reserved 1179648K
  class space    used 8297K, committed 9024K, reserved 1048576K
}
Event: 1283.599 GC heap after
{Heap after GC invocations=685 (full 4):
 PSYoungGen      total 3072K, used 192K [0x00000000d5580000, 0x00000000d5980000, 0x0000000100000000)
  eden space 2560K, 0% used [0x00000000d5580000,0x00000000d5580000,0x00000000d5800000)
  from space 512K, 37% used [0x00000000d5880000,0x00000000d58b0000,0x00000000d5900000)
  to   space 512K, 0% used [0x00000000d5900000,0x00000000d5900000,0x00000000d5980000)
 ParOldGen       total 253440K, used 253204K [0x0000000080000000, 0x000000008f780000, 0x00000000d5580000)
  object space 253440K, 99% used [0x0000000080000000,0x000000008f745070,0x000000008f780000)
 Metaspace       used 81493K, committed 83200K, reserved 1179648K
  class space    used 8297K, committed 9024K, reserved 1048576K
}
Event: 1283.888 GC heap before
{Heap before GC invocations=686 (full 4):
 PSYoungGen      total 3072K, used 2752K [0x00000000d5580000, 0x00000000d5980000, 0x0000000100000000)
  eden space 2560K, 100% used [0x00000000d5580000,0x00000000d5800000,0x00000000d5800000)
  from space 512K, 37% used [0x00000000d5880000,0x00000000d58b0000,0x00000000d5900000)
  to   space 512K, 0% used [0x00000000d5900000,0x00000000d5900000,0x00000000d5980000)
 ParOldGen       total 253440K, used 253204K [0x0000000080000000, 0x000000008f780000, 0x00000000d5580000)
  object space 253440K, 99% used [0x0000000080000000,0x000000008f745070,0x000000008f780000)
 Metaspace       used 81495K, committed 83200K, reserved 1179648K
  class space    used 8297K, committed 9024K, reserved 1048576K
}
Event: 1283.889 GC heap after
{Heap after GC invocations=686 (full 4):
 PSYoungGen      total 3072K, used 192K [0x00000000d5580000, 0x00000000d5980000, 0x0000000100000000)
  eden space 2560K, 0% used [0x00000000d5580000,0x00000000d5580000,0x00000000d5800000)
  from space 512K, 37% used [0x00000000d5900000,0x00000000d5930000,0x00000000d5980000)
  to   space 512K, 0% used [0x00000000d5880000,0x00000000d5880000,0x00000000d5900000)
 ParOldGen       total 253440K, used 253244K [0x0000000080000000, 0x000000008f780000, 0x00000000d5580000)
  object space 253440K, 99% used [0x0000000080000000,0x000000008f74f070,0x000000008f780000)
 Metaspace       used 81495K, committed 83200K, reserved 1179648K
  class space    used 8297K, committed 9024K, reserved 1048576K
}
Event: 1283.891 GC heap before
{Heap before GC invocations=687 (full 4):
 PSYoungGen      total 3072K, used 2752K [0x00000000d5580000, 0x00000000d5980000, 0x0000000100000000)
  eden space 2560K, 100% used [0x00000000d5580000,0x00000000d5800000,0x00000000d5800000)
  from space 512K, 37% used [0x00000000d5900000,0x00000000d5930000,0x00000000d5980000)
  to   space 512K, 0% used [0x00000000d5880000,0x00000000d5880000,0x00000000d5900000)
 ParOldGen       total 253440K, used 253244K [0x0000000080000000, 0x000000008f780000, 0x00000000d5580000)
  object space 253440K, 99% used [0x0000000080000000,0x000000008f74f070,0x000000008f780000)
 Metaspace       used 81495K, committed 83200K, reserved 1179648K
  class space    used 8297K, committed 9024K, reserved 1048576K
}
Event: 1283.892 GC heap after
{Heap after GC invocations=687 (full 4):
 PSYoungGen      total 3072K, used 128K [0x00000000d5580000, 0x00000000d5980000, 0x0000000100000000)
  eden space 2560K, 0% used [0x00000000d5580000,0x00000000d5580000,0x00000000d5800000)
  from space 512K, 25% used [0x00000000d5880000,0x00000000d58a0000,0x00000000d5900000)
  to   space 512K, 0% used [0x00000000d5900000,0x00000000d5900000,0x00000000d5980000)
 ParOldGen       total 253440K, used 253284K [0x0000000080000000, 0x000000008f780000, 0x00000000d5580000)
  object space 253440K, 99% used [0x0000000080000000,0x000000008f759070,0x000000008f780000)
 Metaspace       used 81495K, committed 83200K, reserved 1179648K
  class space    used 8297K, committed 9024K, reserved 1048576K
}
Event: 1284.400 GC heap before
{Heap before GC invocations=688 (full 4):
 PSYoungGen      total 3072K, used 2688K [0x00000000d5580000, 0x00000000d5980000, 0x0000000100000000)
  eden space 2560K, 100% used [0x00000000d5580000,0x00000000d5800000,0x00000000d5800000)
  from space 512K, 25% used [0x00000000d5880000,0x00000000d58a0000,0x00000000d5900000)
  to   space 512K, 0% used [0x00000000d5900000,0x00000000d5900000,0x00000000d5980000)
 ParOldGen       total 253440K, used 253284K [0x0000000080000000, 0x000000008f780000, 0x00000000d5580000)
  object space 253440K, 99% used [0x0000000080000000,0x000000008f759070,0x000000008f780000)
 Metaspace       used 81495K, committed 83200K, reserved 1179648K
  class space    used 8297K, committed 9024K, reserved 1048576K
}
Event: 1284.400 GC heap after
{Heap after GC invocations=688 (full 4):
 PSYoungGen      total 3072K, used 496K [0x00000000d5580000, 0x00000000d5a00000, 0x0000000100000000)
  eden space 2560K, 0% used [0x00000000d5580000,0x00000000d5580000,0x00000000d5800000)
  from space 512K, 96% used [0x00000000d5900000,0x00000000d597c010,0x00000000d5980000)
  to   space 1024K, 0% used [0x00000000d5800000,0x00000000d5800000,0x00000000d5900000)
 ParOldGen       total 253440K, used 253324K [0x0000000080000000, 0x000000008f780000, 0x00000000d5580000)
  object space 253440K, 99% used [0x0000000080000000,0x000000008f763070,0x000000008f780000)
 Metaspace       used 81495K, committed 83200K, reserved 1179648K
  class space    used 8297K, committed 9024K, reserved 1048576K
}
Event: 1284.637 GC heap before
{Heap before GC invocations=689 (full 4):
 PSYoungGen      total 3072K, used 3056K [0x00000000d5580000, 0x00000000d5a00000, 0x0000000100000000)
  eden space 2560K, 100% used [0x00000000d5580000,0x00000000d5800000,0x00000000d5800000)
  from space 512K, 96% used [0x00000000d5900000,0x00000000d597c010,0x00000000d5980000)
  to   space 1024K, 0% used [0x00000000d5800000,0x00000000d5800000,0x00000000d5900000)
 ParOldGen       total 253440K, used 253324K [0x0000000080000000, 0x000000008f780000, 0x00000000d5580000)
  object space 253440K, 99% used [0x0000000080000000,0x000000008f763070,0x000000008f780000)
 Metaspace       used 81495K, committed 83200K, reserved 1179648K
  class space    used 8297K, committed 9024K, reserved 1048576K
}
Event: 1284.638 GC heap after
{Heap after GC invocations=689 (full 4):
 PSYoungGen      total 3584K, used 544K [0x00000000d5580000, 0x00000000d5a00000, 0x0000000100000000)
  eden space 2560K, 0% used [0x00000000d5580000,0x00000000d5580000,0x00000000d5800000)
  from space 1024K, 53% used [0x00000000d5800000,0x00000000d5888000,0x00000000d5900000)
  to   space 1024K, 0% used [0x00000000d5900000,0x00000000d5900000,0x00000000d5a00000)
 ParOldGen       total 253952K, used 253762K [0x0000000080000000, 0x000000008f800000, 0x00000000d5580000)
  object space 253952K, 99% used [0x0000000080000000,0x000000008f7d0ae8,0x000000008f800000)
 Metaspace       used 81495K, committed 83200K, reserved 1179648K
  class space    used 8297K, committed 9024K, reserved 1048576K
}
Event: 1284.641 GC heap before
{Heap before GC invocations=690 (full 4):
 PSYoungGen      total 3584K, used 3104K [0x00000000d5580000, 0x00000000d5a00000, 0x0000000100000000)
  eden space 2560K, 100% used [0x00000000d5580000,0x00000000d5800000,0x00000000d5800000)
  from space 1024K, 53% used [0x00000000d5800000,0x00000000d5888000,0x00000000d5900000)
  to   space 1024K, 0% used [0x00000000d5900000,0x00000000d5900000,0x00000000d5a00000)
 ParOldGen       total 253952K, used 253762K [0x0000000080000000, 0x000000008f800000, 0x00000000d5580000)
  object space 253952K, 99% used [0x0000000080000000,0x000000008f7d0ae8,0x000000008f800000)
 Metaspace       used 81495K, committed 83200K, reserved 1179648K
  class space    used 8297K, committed 9024K, reserved 1048576K
}
Event: 1284.642 GC heap after
{Heap after GC invocations=690 (full 4):
 PSYoungGen      total 3072K, used 320K [0x00000000d5580000, 0x00000000d5980000, 0x0000000100000000)
  eden space 2560K, 0% used [0x00000000d5580000,0x00000000d5580000,0x00000000d5800000)
  from space 512K, 62% used [0x00000000d5900000,0x00000000d5950000,0x00000000d5980000)
  to   space 512K, 0% used [0x00000000d5880000,0x00000000d5880000,0x00000000d5900000)
 ParOldGen       total 254464K, used 254174K [0x0000000080000000, 0x000000008f880000, 0x00000000d5580000)
  object space 254464K, 99% used [0x0000000080000000,0x000000008f837b90,0x000000008f880000)
 Metaspace       used 81495K, committed 83200K, reserved 1179648K
  class space    used 8297K, committed 9024K, reserved 1048576K
}
Event: 1284.745 GC heap before
{Heap before GC invocations=691 (full 4):
 PSYoungGen      total 3072K, used 2880K [0x00000000d5580000, 0x00000000d5980000, 0x0000000100000000)
  eden space 2560K, 100% used [0x00000000d5580000,0x00000000d5800000,0x00000000d5800000)
  from space 512K, 62% used [0x00000000d5900000,0x00000000d5950000,0x00000000d5980000)
  to   space 512K, 0% used [0x00000000d5880000,0x00000000d5880000,0x00000000d5900000)
 ParOldGen       total 254464K, used 254174K [0x0000000080000000, 0x000000008f880000, 0x00000000d5580000)
  object space 254464K, 99% used [0x0000000080000000,0x000000008f837b90,0x000000008f880000)
 Metaspace       used 81495K, committed 83200K, reserved 1179648K
  class space    used 8297K, committed 9024K, reserved 1048576K
}
Event: 1284.747 GC heap after
{Heap after GC invocations=691 (full 4):
 PSYoungGen      total 3072K, used 288K [0x00000000d5580000, 0x00000000d5980000, 0x0000000100000000)
  eden space 2560K, 0% used [0x00000000d5580000,0x00000000d5580000,0x00000000d5800000)
  from space 512K, 56% used [0x00000000d5880000,0x00000000d58c8000,0x00000000d5900000)
  to   space 512K, 0% used [0x00000000d5900000,0x00000000d5900000,0x00000000d5980000)
 ParOldGen       total 254464K, used 254302K [0x0000000080000000, 0x000000008f880000, 0x00000000d5580000)
  object space 254464K, 99% used [0x0000000080000000,0x000000008f857b90,0x000000008f880000)
 Metaspace       used 81495K, committed 83200K, reserved 1179648K
  class space    used 8297K, committed 9024K, reserved 1048576K
}
Event: 1284.860 GC heap before
{Heap before GC invocations=692 (full 4):
 PSYoungGen      total 3072K, used 2847K [0x00000000d5580000, 0x00000000d5980000, 0x0000000100000000)
  eden space 2560K, 99% used [0x00000000d5580000,0x00000000d57fffd0,0x00000000d5800000)
  from space 512K, 56% used [0x00000000d5880000,0x00000000d58c8000,0x00000000d5900000)
  to   space 512K, 0% used [0x00000000d5900000,0x00000000d5900000,0x00000000d5980000)
 ParOldGen       total 254464K, used 254302K [0x0000000080000000, 0x000000008f880000, 0x00000000d5580000)
  object space 254464K, 99% used [0x0000000080000000,0x000000008f857b90,0x000000008f880000)
 Metaspace       used 81502K, committed 83200K, reserved 1179648K
  class space    used 8297K, committed 9024K, reserved 1048576K
}
Event: 1284.860 GC heap after
{Heap after GC invocations=692 (full 4):
 PSYoungGen      total 3072K, used 288K [0x00000000d5580000, 0x00000000d5980000, 0x0000000100000000)
  eden space 2560K, 0% used [0x00000000d5580000,0x00000000d5580000,0x00000000d5800000)
  from space 512K, 56% used [0x00000000d5900000,0x00000000d5948000,0x00000000d5980000)
  to   space 512K, 0% used [0x00000000d5880000,0x00000000d5880000,0x00000000d5900000)
 ParOldGen       total 254464K, used 254366K [0x0000000080000000, 0x000000008f880000, 0x00000000d5580000)
  object space 254464K, 99% used [0x0000000080000000,0x000000008f867b90,0x000000008f880000)
 Metaspace       used 81502K, committed 83200K, reserved 1179648K
  class space    used 8297K, committed 9024K, reserved 1048576K
}

Dll operation events (10 events):
Event: 0.005 Loaded shared library c:\Users\admin\.vscode\extensions\redhat.java-1.54.0-win32-x64\jre\21.0.10-win32-x86_64\bin\java.dll
Event: 0.040 Loaded shared library c:\Users\admin\.vscode\extensions\redhat.java-1.54.0-win32-x64\jre\21.0.10-win32-x86_64\bin\zip.dll
Event: 0.052 Loaded shared library C:\Users\admin\.vscode\extensions\redhat.java-1.54.0-win32-x64\jre\21.0.10-win32-x86_64\bin\instrument.dll
Event: 0.057 Loaded shared library C:\Users\admin\.vscode\extensions\redhat.java-1.54.0-win32-x64\jre\21.0.10-win32-x86_64\bin\net.dll
Event: 0.058 Loaded shared library C:\Users\admin\.vscode\extensions\redhat.java-1.54.0-win32-x64\jre\21.0.10-win32-x86_64\bin\nio.dll
Event: 0.060 Loaded shared library C:\Users\admin\.vscode\extensions\redhat.java-1.54.0-win32-x64\jre\21.0.10-win32-x86_64\bin\zip.dll
Event: 0.069 Loaded shared library C:\Users\admin\.vscode\extensions\redhat.java-1.54.0-win32-x64\jre\21.0.10-win32-x86_64\bin\jimage.dll
Event: 0.118 Loaded shared library c:\Users\admin\.vscode\extensions\redhat.java-1.54.0-win32-x64\jre\21.0.10-win32-x86_64\bin\verify.dll
Event: 1.252 Loaded shared library C:\Users\admin\AppData\Roaming\Code\User\globalStorage\redhat.java\1.54.0\config_win\org.eclipse.equinox.launcher\org.eclipse.equinox.launcher.win32.win32.x86_64_1.3.0.v20260203-2149\eclipse_11919.dll
Event: 4.221 Loaded shared library C:\Users\admin\AppData\Local\Temp\jna-92668751\jna16482842504574723477.dll

Deoptimization events (20 events):
Event: 1283.142 Thread 0x000001e20b4a6cf0 DEOPT PACKING pc=0x000001e1b011b022 sp=0x0000005dc3afd820
Event: 1283.142 Thread 0x000001e20b4a6cf0 DEOPT UNPACKING pc=0x000001e1b4904242 sp=0x0000005dc3afcd98 mode 0
Event: 1283.152 Thread 0x000001e20b4a6cf0 Uncommon trap: trap_request=0xffffff54 fr.pc=0x000001e1b6184410 relative=0x00000000000005f0
Event: 1283.152 Thread 0x000001e20b4a6cf0 Uncommon trap: reason=speculate_null_assert action=make_not_entrant pc=0x000001e1b6184410 method=org.eclipse.jdt.internal.core.util.WeakHashSetOfCharArray.cleanupGarbageCollectedValues()V @ 143 c2
Event: 1283.152 Thread 0x000001e20b4a6cf0 DEOPT PACKING pc=0x000001e1b6184410 sp=0x0000005dc3afd6d0
Event: 1283.152 Thread 0x000001e20b4a6cf0 DEOPT UNPACKING pc=0x000001e1b4903aa2 sp=0x0000005dc3afd5d8 mode 2
Event: 1283.184 Thread 0x000001e20ddb3fe0 Uncommon trap: trap_request=0xffffff45 fr.pc=0x000001e1b5b672cc relative=0x0000000000002ecc
Event: 1283.184 Thread 0x000001e20ddb3fe0 Uncommon trap: reason=unstable_if action=reinterpret pc=0x000001e1b5b672cc method=org.eclipse.jdt.internal.compiler.lookup.LookupEnvironment.computePackageFrom([[CZ)Lorg/eclipse/jdt/internal/compiler/lookup/PackageBinding; @ 27 c2
Event: 1283.184 Thread 0x000001e20ddb3fe0 DEOPT PACKING pc=0x000001e1b5b672cc sp=0x0000005dc45fdc50
Event: 1283.184 Thread 0x000001e20ddb3fe0 DEOPT UNPACKING pc=0x000001e1b4903aa2 sp=0x0000005dc45fdc00 mode 2
Event: 1283.365 Thread 0x000001e20ddb3950 Uncommon trap: trap_request=0xffffff45 fr.pc=0x000001e1b624a458 relative=0x0000000000002cb8
Event: 1283.365 Thread 0x000001e20ddb3950 Uncommon trap: reason=unstable_if action=reinterpret pc=0x000001e1b624a458 method=org.eclipse.jdt.core.dom.DefaultBindingResolver.resolveName(Lorg/eclipse/jdt/core/dom/Name;)Lorg/eclipse/jdt/core/dom/IBinding; @ 506 c2
Event: 1283.365 Thread 0x000001e20ddb3950 DEOPT PACKING pc=0x000001e1b624a458 sp=0x0000005dc44fe640
Event: 1283.365 Thread 0x000001e20ddb3950 DEOPT UNPACKING pc=0x000001e1b4903aa2 sp=0x0000005dc44fe5f0 mode 2
Event: 1283.589 Thread 0x000001e20b0c3df0 DEOPT PACKING pc=0x000001e1b011b022 sp=0x0000005dc4cfe070
Event: 1283.589 Thread 0x000001e20b0c3df0 DEOPT UNPACKING pc=0x000001e1b4904242 sp=0x0000005dc4cfd5e8 mode 0
Event: 1284.397 Thread 0x000001e20ddb3950 DEOPT PACKING pc=0x000001e1b011b022 sp=0x0000005dc44fd7c0
Event: 1284.397 Thread 0x000001e20ddb3950 DEOPT UNPACKING pc=0x000001e1b4904242 sp=0x0000005dc44fcd38 mode 0
Event: 1284.402 Thread 0x000001e20ddb3950 DEOPT PACKING pc=0x000001e1af0b53e5 sp=0x0000005dc44fdbf0
Event: 1284.402 Thread 0x000001e20ddb3950 DEOPT UNPACKING pc=0x000001e1b4904242 sp=0x0000005dc44fd058 mode 0

Classes loaded (20 events):
Event: 891.695 Loading class java/util/stream/Nodes$CollectorTask done
Event: 891.696 Loading class java/util/stream/Nodes$CollectorTask$OfRef done
Event: 891.698 Loading class java/util/function/LongFunction
Event: 891.698 Loading class java/util/function/LongFunction done
Event: 891.698 Loading class java/util/stream/Nodes$ConcNode
Event: 891.698 Loading class java/util/stream/Nodes$AbstractConcNode
Event: 891.698 Loading class java/util/stream/Nodes$AbstractConcNode done
Event: 891.698 Loading class java/util/stream/Nodes$ConcNode done
Event: 891.710 Loading class java/util/stream/Nodes$ToArrayTask$OfRef
Event: 891.710 Loading class java/util/stream/Nodes$ToArrayTask
Event: 891.710 Loading class java/util/stream/Nodes$ToArrayTask done
Event: 891.710 Loading class java/util/stream/Nodes$ToArrayTask$OfRef done
Event: 891.712 Loading class java/io/ObjectOutputStream$BlockDataOutputStream
Event: 891.713 Loading class java/io/ObjectOutputStream$BlockDataOutputStream done
Event: 891.713 Loading class java/io/ObjectOutputStream$HandleTable
Event: 891.713 Loading class java/io/ObjectOutputStream$HandleTable done
Event: 891.713 Loading class java/io/ObjectOutputStream$ReplaceTable
Event: 891.713 Loading class java/io/ObjectOutputStream$ReplaceTable done
Event: 1193.888 Loading class java/lang/StringLatin1$CharsSpliterator
Event: 1193.888 Loading class java/lang/StringLatin1$CharsSpliterator done

Classes unloaded (7 events):
Event: 4.529 Thread 0x000001e1aa1149f0 Unloading class 0x000001e1c21ad400 'java/lang/invoke/LambdaForm$MH+0x000001e1c21ad400'
Event: 4.529 Thread 0x000001e1aa1149f0 Unloading class 0x000001e1c21ad000 'java/lang/invoke/LambdaForm$MH+0x000001e1c21ad000'
Event: 4.529 Thread 0x000001e1aa1149f0 Unloading class 0x000001e1c21acc00 'java/lang/invoke/LambdaForm$MH+0x000001e1c21acc00'
Event: 4.529 Thread 0x000001e1aa1149f0 Unloading class 0x000001e1c21ac800 'java/lang/invoke/LambdaForm$MH+0x000001e1c21ac800'
Event: 4.529 Thread 0x000001e1aa1149f0 Unloading class 0x000001e1c21ac400 'java/lang/invoke/LambdaForm$BMH+0x000001e1c21ac400'
Event: 4.529 Thread 0x000001e1aa1149f0 Unloading class 0x000001e1c21ac000 'java/lang/invoke/LambdaForm$DMH+0x000001e1c21ac000'
Event: 4.529 Thread 0x000001e1aa1149f0 Unloading class 0x000001e1c21aac00 'java/lang/invoke/LambdaForm$DMH+0x000001e1c21aac00'

Classes redefined (0 events):
No events

Internal exceptions (20 events):
Event: 1148.065 Thread 0x000001e20bc9a280 Implicit null exception at 0x000001e1b5f65a95 to 0x000001e1b5f675d4
Event: 1148.066 Thread 0x000001e20bc9a280 Implicit null exception at 0x000001e1b5e9e4bc to 0x000001e1b5ea302c
Event: 1149.743 Thread 0x000001e20b4a6cf0 Exception <a 'java/lang/ArrayIndexOutOfBoundsException'{0x00000000d5589da0}> (0x00000000d5589da0) 
thrown [s\src\hotspot\share\runtime\sharedRuntime.cpp, line 625]
Event: 1149.743 Thread 0x000001e20b4a6cf0 Exception <a 'java/lang/ArrayIndexOutOfBoundsException'{0x00000000d558a3d8}> (0x00000000d558a3d8) 
thrown [s\src\hotspot\share\runtime\sharedRuntime.cpp, line 625]
Event: 1149.743 Thread 0x000001e20b4a6cf0 Exception <a 'java/lang/ArrayIndexOutOfBoundsException'{0x00000000d558a760}> (0x00000000d558a760) 
thrown [s\src\hotspot\share\runtime\sharedRuntime.cpp, line 625]
Event: 1207.132 Thread 0x000001e20b4a6cf0 Exception <a 'java/lang/ArrayIndexOutOfBoundsException'{0x00000000d5683478}> (0x00000000d5683478) 
thrown [s\src\hotspot\share\runtime\sharedRuntime.cpp, line 625]
Event: 1207.134 Thread 0x000001e20b4a6cf0 Exception <a 'java/lang/ArrayIndexOutOfBoundsException'{0x00000000d5737290}> (0x00000000d5737290) 
thrown [s\src\hotspot\share\runtime\sharedRuntime.cpp, line 625]
Event: 1208.498 Thread 0x000001e20b4a6cf0 Exception <a 'java/lang/ArrayIndexOutOfBoundsException'{0x00000000d572e860}> (0x00000000d572e860) 
thrown [s\src\hotspot\share\runtime\sharedRuntime.cpp, line 625]
Event: 1210.450 Thread 0x000001e20b4a6cf0 Exception <a 'java/lang/ArrayIndexOutOfBoundsException'{0x00000000d5660650}> (0x00000000d5660650) 
thrown [s\src\hotspot\share\runtime\sharedRuntime.cpp, line 625]
Event: 1210.756 Thread 0x000001e20b4a6cf0 Exception <a 'java/lang/ArrayIndexOutOfBoundsException'{0x00000000d5764150}> (0x00000000d5764150) 
thrown [s\src\hotspot\share\runtime\sharedRuntime.cpp, line 625]
Event: 1210.838 Thread 0x000001e20b4a6cf0 Exception <a 'java/lang/ArrayIndexOutOfBoundsException'{0x00000000d5763ad0}> (0x00000000d5763ad0) 
thrown [s\src\hotspot\share\runtime\sharedRuntime.cpp, line 625]
Event: 1213.990 Thread 0x000001e20ddb3fe0 Implicit null exception at 0x000001e1b54e8401 to 0x000001e1b54ec73c
Event: 1214.461 Thread 0x000001e20ddb3950 Implicit null exception at 0x000001e1b54e8401 to 0x000001e1b54ec73c
Event: 1255.173 Thread 0x000001e20ddb3fe0 Implicit null exception at 0x000001e1b55060dc to 0x000001e1b5506530
Event: 1259.389 Thread 0x000001e20b4a6cf0 Exception <a 'java/lang/ArrayIndexOutOfBoundsException'{0x00000000d55e4178}: Index 5224 out of bounds for length 5224> (0x00000000d55e4178) 
thrown [s\src\hotspot\share\interpreter\interpreterRuntime.cpp, line 439]
Event: 1259.390 Thread 0x000001e20b4a6cf0 Exception <a 'java/lang/ArrayIndexOutOfBoundsException'{0x00000000d56950e0}: Index 5224 out of bounds for length 5224> (0x00000000d56950e0) 
thrown [s\src\hotspot\share\interpreter\interpreterRuntime.cpp, line 439]
Event: 1260.426 Thread 0x000001e20b4a6cf0 Exception <a 'java/lang/ArrayIndexOutOfBoundsException'{0x00000000d55ad538}> (0x00000000d55ad538) 
thrown [s\src\hotspot\share\runtime\sharedRuntime.cpp, line 625]
Event: 1280.879 Thread 0x000001e20ddb3fe0 Exception <a 'sun/nio/fs/WindowsException'{0x00000000d55b8fd0}> (0x00000000d55b8fd0) 
thrown [s\src\hotspot\share\prims\jni.cpp, line 520]
Event: 1280.879 Thread 0x000001e20ddb3fe0 Exception <a 'sun/nio/fs/WindowsException'{0x00000000d55b96e8}> (0x00000000d55b96e8) 
thrown [s\src\hotspot\share\prims\jni.cpp, line 520]
Event: 1283.144 Thread 0x000001e20b4a6cf0 Exception <a 'java/lang/ArrayIndexOutOfBoundsException'{0x00000000d55b3680}> (0x00000000d55b3680) 
thrown [s\src\hotspot\share\runtime\sharedRuntime.cpp, line 625]

ZGC Phase Switch (0 events):
No events

VM Operations (20 events):
Event: 1283.368 Executing safepoint VM operation: ParallelGCFailedAllocation (Allocation Failure)
Event: 1283.369 Executing safepoint VM operation: ParallelGCFailedAllocation (Allocation Failure) done
Event: 1283.464 Executing safepoint VM operation: ParallelGCFailedAllocation (Allocation Failure)
Event: 1283.465 Executing safepoint VM operation: ParallelGCFailedAllocation (Allocation Failure) done
Event: 1283.597 Executing safepoint VM operation: ParallelGCFailedAllocation (Allocation Failure)
Event: 1283.599 Executing safepoint VM operation: ParallelGCFailedAllocation (Allocation Failure) done
Event: 1283.888 Executing safepoint VM operation: ParallelGCFailedAllocation (Allocation Failure)
Event: 1283.889 Executing safepoint VM operation: ParallelGCFailedAllocation (Allocation Failure) done
Event: 1283.891 Executing safepoint VM operation: ParallelGCFailedAllocation (Allocation Failure)
Event: 1283.892 Executing safepoint VM operation: ParallelGCFailedAllocation (Allocation Failure) done
Event: 1284.399 Executing safepoint VM operation: ParallelGCFailedAllocation (Allocation Failure)
Event: 1284.400 Executing safepoint VM operation: ParallelGCFailedAllocation (Allocation Failure) done
Event: 1284.637 Executing safepoint VM operation: ParallelGCFailedAllocation (Allocation Failure)
Event: 1284.638 Executing safepoint VM operation: ParallelGCFailedAllocation (Allocation Failure) done
Event: 1284.641 Executing safepoint VM operation: ParallelGCFailedAllocation (Allocation Failure)
Event: 1284.642 Executing safepoint VM operation: ParallelGCFailedAllocation (Allocation Failure) done
Event: 1284.745 Executing safepoint VM operation: ParallelGCFailedAllocation (Allocation Failure)
Event: 1284.747 Executing safepoint VM operation: ParallelGCFailedAllocation (Allocation Failure) done
Event: 1284.859 Executing safepoint VM operation: ParallelGCFailedAllocation (Allocation Failure)
Event: 1284.860 Executing safepoint VM operation: ParallelGCFailedAllocation (Allocation Failure) done

Memory protections (0 events):
No events

Nmethod flushes (20 events):
Event: 822.224 Thread 0x000001e1aa1149f0 flushing  nmethod 0x000001e1ae07b110
Event: 822.224 Thread 0x000001e1aa1149f0 flushing  nmethod 0x000001e1ae095f90
Event: 822.224 Thread 0x000001e1aa1149f0 flushing  nmethod 0x000001e1ae096a90
Event: 822.224 Thread 0x000001e1aa1149f0 flushing  nmethod 0x000001e1ae096e90
Event: 822.224 Thread 0x000001e1aa1149f0 flushing  nmethod 0x000001e1ae097a10
Event: 822.224 Thread 0x000001e1aa1149f0 flushing  nmethod 0x000001e1ae0a3910
Event: 822.224 Thread 0x000001e1aa1149f0 flushing  nmethod 0x000001e1ae10dd10
Event: 822.224 Thread 0x000001e1aa1149f0 flushing  nmethod 0x000001e1ae126790
Event: 822.224 Thread 0x000001e1aa1149f0 flushing  nmethod 0x000001e1ae126b10
Event: 822.224 Thread 0x000001e1aa1149f0 flushing  nmethod 0x000001e1ae145990
Event: 822.224 Thread 0x000001e1aa1149f0 flushing  nmethod 0x000001e1ae14db90
Event: 822.224 Thread 0x000001e1aa1149f0 flushing  nmethod 0x000001e1ae158c10
Event: 822.224 Thread 0x000001e1aa1149f0 flushing  nmethod 0x000001e1ae172510
Event: 822.224 Thread 0x000001e1aa1149f0 flushing  nmethod 0x000001e1ae175890
Event: 822.224 Thread 0x000001e1aa1149f0 flushing  nmethod 0x000001e1ae176390
Event: 822.224 Thread 0x000001e1aa1149f0 flushing  nmethod 0x000001e1ae183d90
Event: 822.224 Thread 0x000001e1aa1149f0 flushing  nmethod 0x000001e1ae187d90
Event: 822.224 Thread 0x000001e1aa1149f0 flushing  nmethod 0x000001e1ae1acd90
Event: 822.224 Thread 0x000001e1aa1149f0 flushing  nmethod 0x000001e1ae1b6790
Event: 822.224 Thread 0x000001e1aa1149f0 flushing  nmethod 0x000001e1ae225c10

Events (20 events):
Event: 892.175 Thread 0x000001e20ddb8ea0 Thread exited: 0x000001e20ddb8ea0
Event: 896.469 Thread 0x000001e20b0ca060 Thread exited: 0x000001e20b0ca060
Event: 937.909 Thread 0x000001e20b0c5830 Thread exited: 0x000001e20b0c5830
Event: 942.650 Thread 0x000001e20b0c7900 Thread exited: 0x000001e20b0c7900
Event: 945.831 Thread 0x000001e1aa23d6c0 Thread added: 0x000001e20abaf420
Event: 945.988 Thread 0x000001e20abaf420 Thread exited: 0x000001e20abaf420
Event: 946.199 Thread 0x000001e208fb59c0 Thread exited: 0x000001e208fb59c0
Event: 986.705 Thread 0x000001e1aa23d6c0 Thread added: 0x000001e20d6e81e0
Event: 986.726 Thread 0x000001e20b4a6cf0 Thread added: 0x000001e20bc9a280
Event: 987.063 Thread 0x000001e20d6e81e0 Thread exited: 0x000001e20d6e81e0
Event: 988.462 Thread 0x000001e20b0c3df0 Thread added: 0x000001e20bc98840
Event: 1006.619 Thread 0x000001e20b0c4480 Thread exited: 0x000001e20b0c4480
Event: 1060.625 Thread 0x000001e20ddb6740 Thread exited: 0x000001e20ddb6740
Event: 1060.625 Thread 0x000001e20b0c9340 Thread exited: 0x000001e20b0c9340
Event: 1208.357 Thread 0x000001e20bc9a280 Thread exited: 0x000001e20bc9a280
Event: 1214.187 Thread 0x000001e1aa2395f0 Thread added: 0x000001e20a1ff9c0
Event: 1214.456 Thread 0x000001e20a1ff9c0 Thread exited: 0x000001e20a1ff9c0
Event: 1216.283 Thread 0x000001e20b4a6cf0 Thread added: 0x000001e20bc9a280
Event: 1280.871 Thread 0x000001e1aa23d6c0 Thread added: 0x000001e20a1ff9c0
Event: 1281.087 Thread 0x000001e20a1ff9c0 Thread exited: 0x000001e20a1ff9c0


Dynamic libraries:
0x00007ff675ef0000 - 0x00007ff675efe000 	c:\Users\admin\.vscode\extensions\redhat.java-1.54.0-win32-x64\jre\21.0.10-win32-x86_64\bin\java.exe
0x00007ffc3c620000 - 0x00007ffc3c887000 	C:\Windows\SYSTEM32\ntdll.dll
0x00007ffc3b560000 - 0x00007ffc3b629000 	C:\Windows\System32\KERNEL32.DLL
0x00007ffc39e40000 - 0x00007ffc3a237000 	C:\Windows\System32\KERNELBASE.dll
0x00007ffc39ab0000 - 0x00007ffc39bfb000 	C:\Windows\System32\ucrtbase.dll
0x00007ffc0c270000 - 0x00007ffc0c28e000 	c:\Users\admin\.vscode\extensions\redhat.java-1.54.0-win32-x64\jre\21.0.10-win32-x86_64\bin\VCRUNTIME140.dll
0x00007ffc16c70000 - 0x00007ffc16c88000 	c:\Users\admin\.vscode\extensions\redhat.java-1.54.0-win32-x64\jre\21.0.10-win32-x86_64\bin\jli.dll
0x00007ffc3b790000 - 0x00007ffc3b956000 	C:\Windows\System32\USER32.dll
0x00007ffc39c00000 - 0x00007ffc39c27000 	C:\Windows\System32\win32u.dll
0x00007ffc38250000 - 0x00007ffc384e2000 	C:\Windows\WinSxS\amd64_microsoft.windows.common-controls_6595b64144ccf1df_6.0.26100.8328_none_3e08182ce334b678\COMCTL32.dll
0x00007ffc3bb40000 - 0x00007ffc3bb6b000 	C:\Windows\System32\GDI32.dll
0x00007ffc3ad00000 - 0x00007ffc3ada9000 	C:\Windows\System32\msvcrt.dll
0x00007ffc39050000 - 0x00007ffc3917c000 	C:\Windows\System32\gdi32full.dll
0x00007ffc3a240000 - 0x00007ffc3a2e3000 	C:\Windows\System32\msvcp_win.dll
0x00007ffc3b210000 - 0x00007ffc3b242000 	C:\Windows\System32\IMM32.DLL
0x00007ffc30c10000 - 0x00007ffc30c1c000 	c:\Users\admin\.vscode\extensions\redhat.java-1.54.0-win32-x64\jre\21.0.10-win32-x86_64\bin\vcruntime140_1.dll
0x00007ffbfa690000 - 0x00007ffbfa71d000 	c:\Users\admin\.vscode\extensions\redhat.java-1.54.0-win32-x64\jre\21.0.10-win32-x86_64\bin\msvcp140.dll
0x00007ffb832d0000 - 0x00007ffb84071000 	c:\Users\admin\.vscode\extensions\redhat.java-1.54.0-win32-x64\jre\21.0.10-win32-x86_64\bin\server\jvm.dll
0x00007ffc3bc50000 - 0x00007ffc3bd06000 	C:\Windows\System32\ADVAPI32.dll
0x00007ffc3ac50000 - 0x00007ffc3acf7000 	C:\Windows\System32\sechost.dll
0x00007ffc3a3a0000 - 0x00007ffc3a4b8000 	C:\Windows\System32\RPCRT4.dll
0x00007ffc3c550000 - 0x00007ffc3c5d0000 	C:\Windows\System32\WS2_32.dll
0x00007ffc38eb0000 - 0x00007ffc38f0e000 	C:\Windows\SYSTEM32\POWRPROF.dll
0x00007ffc1bc70000 - 0x00007ffc1bc7b000 	C:\Windows\SYSTEM32\VERSION.dll
0x00007ffc2d580000 - 0x00007ffc2d5b6000 	C:\Windows\SYSTEM32\WINMM.dll
0x00007ffc38e90000 - 0x00007ffc38ea4000 	C:\Windows\SYSTEM32\UMPDC.dll
0x00007ffc374b0000 - 0x00007ffc374cb000 	C:\Windows\SYSTEM32\kernel.appcore.dll
0x00007ffc2c320000 - 0x00007ffc2c32a000 	c:\Users\admin\.vscode\extensions\redhat.java-1.54.0-win32-x64\jre\21.0.10-win32-x86_64\bin\jimage.dll
0x00007ffc38800000 - 0x00007ffc38a42000 	C:\Windows\SYSTEM32\DBGHELP.DLL
0x00007ffc3ae80000 - 0x00007ffc3b203000 	C:\Windows\System32\combase.dll
0x00007ffc3b2a0000 - 0x00007ffc3b379000 	C:\Windows\System32\OLEAUT32.dll
0x00007ffc386f0000 - 0x00007ffc3872b000 	C:\Windows\SYSTEM32\dbgcore.DLL
0x00007ffc3a2f0000 - 0x00007ffc3a398000 	C:\Windows\System32\bcryptPrimitives.dll
0x00007ffc246a0000 - 0x00007ffc246af000 	c:\Users\admin\.vscode\extensions\redhat.java-1.54.0-win32-x64\jre\21.0.10-win32-x86_64\bin\instrument.dll
0x00007ffc23700000 - 0x00007ffc23720000 	c:\Users\admin\.vscode\extensions\redhat.java-1.54.0-win32-x64\jre\21.0.10-win32-x86_64\bin\java.dll
0x00007ffc3a4c0000 - 0x00007ffc3ac2e000 	C:\Windows\System32\SHELL32.dll
0x00007ffc39240000 - 0x00007ffc39aac000 	C:\Windows\System32\windows.storage.dll
0x00007ffc3beb0000 - 0x00007ffc3bfa6000 	C:\Windows\System32\SHCORE.dll
0x00007ffc3ae10000 - 0x00007ffc3ae76000 	C:\Windows\System32\shlwapi.dll
0x00007ffc38f70000 - 0x00007ffc38f99000 	C:\Windows\SYSTEM32\profapi.dll
0x00007ffc0c250000 - 0x00007ffc0c268000 	c:\Users\admin\.vscode\extensions\redhat.java-1.54.0-win32-x64\jre\21.0.10-win32-x86_64\bin\zip.dll
0x00007ffc23910000 - 0x00007ffc23920000 	C:\Users\admin\.vscode\extensions\redhat.java-1.54.0-win32-x64\jre\21.0.10-win32-x86_64\bin\net.dll
0x00007ffc26c70000 - 0x00007ffc26d99000 	C:\Windows\SYSTEM32\WINHTTP.dll
0x00007ffc37a40000 - 0x00007ffc37aac000 	C:\Windows\system32\mswsock.dll
0x00007ffc06ea0000 - 0x00007ffc06eb6000 	C:\Users\admin\.vscode\extensions\redhat.java-1.54.0-win32-x64\jre\21.0.10-win32-x86_64\bin\nio.dll
0x00007ffc22d80000 - 0x00007ffc22d90000 	c:\Users\admin\.vscode\extensions\redhat.java-1.54.0-win32-x64\jre\21.0.10-win32-x86_64\bin\verify.dll
0x00007ffc05bd0000 - 0x00007ffc05c15000 	C:\Users\admin\AppData\Roaming\Code\User\globalStorage\redhat.java\1.54.0\config_win\org.eclipse.equinox.launcher\org.eclipse.equinox.launcher.win32.win32.x86_64_1.3.0.v20260203-2149\eclipse_11919.dll
0x00007ffc3bd10000 - 0x00007ffc3bea7000 	C:\Windows\System32\ole32.dll
0x00007ffc38b70000 - 0x00007ffc38b8b000 	C:\Windows\SYSTEM32\CRYPTSP.dll
0x00007ffc375d0000 - 0x00007ffc37609000 	C:\Windows\system32\rsaenh.dll
0x00007ffc37af0000 - 0x00007ffc37b23000 	C:\Windows\SYSTEM32\USERENV.dll
0x00007ffc38f40000 - 0x00007ffc38f6a000 	C:\Windows\SYSTEM32\bcrypt.dll
0x00007ffc37f30000 - 0x00007ffc37f3c000 	C:\Windows\SYSTEM32\CRYPTBASE.dll
0x00007ffc36f70000 - 0x00007ffc36fa2000 	C:\Windows\SYSTEM32\IPHLPAPI.DLL
0x00007ffc3c540000 - 0x00007ffc3c54a000 	C:\Windows\System32\NSI.dll
0x00007ffc05b80000 - 0x00007ffc05bc9000 	C:\Users\admin\AppData\Local\Temp\jna-92668751\jna16482842504574723477.dll
0x00007ffc3bc10000 - 0x00007ffc3bc18000 	C:\Windows\System32\PSAPI.DLL
0x00007ffc2f720000 - 0x00007ffc2f73d000 	C:\Windows\SYSTEM32\dhcpcsvc6.DLL
0x00007ffc2f6f0000 - 0x00007ffc2f715000 	C:\Windows\SYSTEM32\dhcpcsvc.DLL

JVMTI agents:
c:\Users\admin\.vscode\extensions\redhat.java-1.54.0-win32-x64\lombok\lombok-1.18.39-4050.jar path:c:\Users\admin\.vscode\extensions\redhat.java-1.54.0-win32-x64\jre\21.0.10-win32-x86_64\bin\instrument.dll, loaded, initialized, instrumentlib options:none

dbghelp: loaded successfully - version: 4.0.5 - missing functions: none
symbol engine: initialized successfully - sym options: 0x614 - pdb path: .;c:\Users\admin\.vscode\extensions\redhat.java-1.54.0-win32-x64\jre\21.0.10-win32-x86_64\bin;C:\Windows\SYSTEM32;C:\Windows\WinSxS\amd64_microsoft.windows.common-controls_6595b64144ccf1df_6.0.26100.8328_none_3e08182ce334b678;c:\Users\admin\.vscode\extensions\redhat.java-1.54.0-win32-x64\jre\21.0.10-win32-x86_64\bin\server;C:\Users\admin\AppData\Roaming\Code\User\globalStorage\redhat.java\1.54.0\config_win\org.eclipse.equinox.launcher\org.eclipse.equinox.launcher.win32.win32.x86_64_1.3.0.v20260203-2149;C:\Users\admin\AppData\Local\Temp\jna-92668751

VM Arguments:
jvm_args: --add-modules=ALL-SYSTEM --add-opens=java.base/java.util=ALL-UNNAMED --add-opens=java.base/java.lang=ALL-UNNAMED --add-opens=java.base/sun.nio.fs=ALL-UNNAMED -Declipse.application=org.eclipse.jdt.ls.core.id1 -Dosgi.bundles.defaultStartLevel=4 -Declipse.product=org.eclipse.jdt.ls.core.product -Djava.import.generatesMetadataFilesAtProjectRoot=false -DDetectVMInstallationsJob.disabled=true -Dfile.encoding=utf8 -XX:+UseParallelGC -XX:GCTimeRatio=4 -XX:AdaptiveSizePolicyWeight=90 -Dsun.zip.disableMemoryMapping=true -Xmx2G -Xms100m -Xlog:disable -javaagent:c:\Users\admin\.vscode\extensions\redhat.java-1.54.0-win32-x64\lombok\lombok-1.18.39-4050.jar -XX:+HeapDumpOnOutOfMemoryError -XX:HeapDumpPath=c:\Users\admin\AppData\Roaming\Code\User\workspaceStorage\456ccaf14a017f0ce220ea57303d7a3b\redhat.java -Daether.dependencyCollector.impl=bf 
java_command: c:\Users\admin\.vscode\extensions\redhat.java-1.54.0-win32-x64\server\plugins\org.eclipse.equinox.launcher_1.7.100.v20251111-0406.jar -configuration c:\Users\admin\AppData\Roaming\Code\User\globalStorage\redhat.java\1.54.0\config_win -data c:\Users\admin\AppData\Roaming\Code\User\workspaceStorage\456ccaf14a017f0ce220ea57303d7a3b\redhat.java\jdt_ws --pipe=\\.\pipe\lsp-12510e3a5b1038f9eb5c04bd411b5dc7-sock
java_class_path (initial): c:\Users\admin\.vscode\extensions\redhat.java-1.54.0-win32-x64\server\plugins\org.eclipse.equinox.launcher_1.7.100.v20251111-0406.jar
Launcher Type: SUN_STANDARD

[Global flags]
    uintx AdaptiveSizePolicyWeight                 = 90                                        {product} {command line}
     intx CICompilerCount                          = 4                                         {product} {ergonomic}
    uintx GCTimeRatio                              = 4                                         {product} {command line}
     bool HeapDumpOnOutOfMemoryError               = true                                   {manageable} {command line}
    ccstr HeapDumpPath                             = c:\Users\admin\AppData\Roaming\Code\User\workspaceStorage\456ccaf14a017f0ce220ea57303d7a3b\redhat.java         {manageable} {command line}
   size_t InitialHeapSize                          = 104857600                                 {product} {command line}
   size_t MaxHeapSize                              = 2147483648                                {product} {command line}
   size_t MaxNewSize                               = 715653120                                 {product} {ergonomic}
   size_t MinHeapDeltaBytes                        = 524288                                    {product} {ergonomic}
   size_t MinHeapSize                              = 104857600                                 {product} {command line}
   size_t NewSize                                  = 34603008                                  {product} {ergonomic}
    uintx NonNMethodCodeHeapSize                   = 5839372                                {pd product} {ergonomic}
    uintx NonProfiledCodeHeapSize                  = 122909434                              {pd product} {ergonomic}
   size_t OldSize                                  = 70254592                                  {product} {ergonomic}
    uintx ProfiledCodeHeapSize                     = 122909434                              {pd product} {ergonomic}
    uintx ReservedCodeCacheSize                    = 251658240                              {pd product} {ergonomic}
     bool SegmentedCodeCache                       = true                                      {product} {ergonomic}
   size_t SoftMaxHeapSize                          = 2147483648                             {manageable} {ergonomic}
     bool UseCompressedOops                        = true                           {product lp64_product} {ergonomic}
     bool UseLargePagesIndividualAllocation        = false                                  {pd product} {ergonomic}
     bool UseParallelGC                            = true                                      {product} {command line}

Logging:
Log output configuration:
 #0: stdout all=off uptime,level,tags foldmultilines=false
 #1: stderr all=off uptime,level,tags foldmultilines=false

Release file:
JAVA_VERSION="21.0.10" 
MODULES="java.base java.compiler java.datatransfer java.xml java.prefs java.desktop java.instrument java.logging java.management java.security.sasl java.naming java.rmi java.management.rmi java.net.http java.scripting java.security.jgss java.transaction.xa java.sql java.sql.rowset java.xml.crypto java.se java.smartcardio jdk.accessibility jdk.internal.jvmstat jdk.attach jdk.charsets jdk.internal.opt jdk.zipfs jdk.compiler jdk.crypto.ec jdk.crypto.cryptoki jdk.crypto.mscapi jdk.dynalink jdk.internal.ed jdk.editpad jdk.hotspot.agent jdk.httpserver jdk.internal.le jdk.internal.vm.ci jdk.internal.vm.compiler jdk.internal.vm.compiler.management jdk.jartool jdk.javadoc jdk.jcmd jdk.management jdk.management.agent jdk.jconsole jdk.jdeps jdk.jdwp.agent jdk.jdi jdk.jfr jdk.jshell jdk.jsobject jdk.jstatd jdk.localedata jdk.management.jfr jdk.naming.dns jdk.naming.rmi jdk.net jdk.nio.mapmode jdk.random jdk.sctp jdk.security.auth jdk.security.jgss jdk.unsupported jdk.unsupported.desktop jdk.xml.dom" 

Environment Variables:
JAVA_HOME=C:\Program Files\Eclipse Adoptium\jdk-17.0.18.8-hotspot\
PATH=C:\Users\admin\AppData\Local\Programs\Microsoft VS Code;C:\Program Files\Common Files\Oracle\Java\javapath;C:\Program Files\Eclipse Adoptium\jdk-17.0.18.8-hotspot\bin;C:\Windows\system32;C:\Windows;C:\Windows\System32\Wbem;C:\Windows\System32\WindowsPowerShell\v1.0\;C:\Windows\System32\OpenSSH\;C:\Program Files\dotnet\;C:\Program Files\Git\cmd;C:\Users\admin\AppData\Local\Microsoft\WindowsApps;C:\Users\admin\AppData\Local\Programs\Microsoft VS Code\bin;C:\Users\admin\AppData\Local\GitHubDesktop\bin
USERNAME=admin
OS=Windows_NT
PROCESSOR_IDENTIFIER=Intel64 Family 6 Model 186 Stepping 2, GenuineIntel
TMP=C:\Users\admin\AppData\Local\Temp
TEMP=C:\Users\admin\AppData\Local\Temp




Periodic native trim disabled

---------------  S Y S T E M  ---------------

OS:
 Windows 11 , 64 bit Build 26100 (10.0.26100.8328)
OS uptime: 0 days 22:45 hours
Hyper-V role detected

CPU: total 12 (initial active 12) (6 cores per cpu, 2 threads per core) family 6 model 186 stepping 2 microcode 0x4122, cx8, cmov, fxsr, ht, mmx, 3dnowpref, sse, sse2, sse3, ssse3, sse4.1, sse4.2, popcnt, lzcnt, tsc, tscinvbit, avx, avx2, aes, erms, clmul, bmi1, bmi2, adx, sha, fma, vzeroupper, clflush, clflushopt, clwb, hv, serialize, rdtscp, rdpid, fsrm, f16c, cet_ibt, cet_ss
Processor Information for processor 0
  Max Mhz: 2100, Current Mhz: 2100, Mhz Limit: 2100
Processor Information for processor 1
  Max Mhz: 2100, Current Mhz: 2100, Mhz Limit: 2100
Processor Information for processor 2
  Max Mhz: 2100, Current Mhz: 2100, Mhz Limit: 2100
Processor Information for processor 3
  Max Mhz: 2100, Current Mhz: 2100, Mhz Limit: 2100
Processor Information for processor 4
  Max Mhz: 2100, Current Mhz: 2100, Mhz Limit: 2100
Processor Information for processor 5
  Max Mhz: 2100, Current Mhz: 1453, Mhz Limit: 2100
Processor Information for processor 6
  Max Mhz: 2100, Current Mhz: 2100, Mhz Limit: 2100
Processor Information for processor 7
  Max Mhz: 2100, Current Mhz: 2100, Mhz Limit: 2100
Processor Information for processor 8
  Max Mhz: 2100, Current Mhz: 1500, Mhz Limit: 1491
Processor Information for processor 9
  Max Mhz: 2100, Current Mhz: 1500, Mhz Limit: 1491
Processor Information for processor 10
  Max Mhz: 2100, Current Mhz: 1500, Mhz Limit: 1491
Processor Information for processor 11
  Max Mhz: 2100, Current Mhz: 1500, Mhz Limit: 1491

Memory: 4k page, system-wide physical 16009M (3370M free)
TotalPageFile size 65161M (AvailPageFile size 9M)
current process WorkingSet (physical memory assigned to process): 547M, peak: 548M
current process commit charge ("private bytes"): 623M, peak: 624M

vm_info: OpenJDK 64-Bit Server VM (21.0.10+7-LTS) for windows-amd64 JRE (21.0.10+7-LTS), built on 2026-01-20T00:00:00Z by "admin" with MS VC++ 17.12 (VS2022)

END.
