#
# There is insufficient memory for the Java Runtime Environment to continue.
# Native memory allocation (malloc) failed to allocate 1139536 bytes. Error detail: Chunk::new
# Possible reasons:
#   The system is out of physical RAM or swap space
#   This process is running with CompressedOops enabled, and the Java Heap may be blocking the growth of the native heap
# Possible solutions:
#   Reduce memory load on the system
#   Increase physical memory or swap space
#   Check if swap backing store is full
#   Decrease Java heap size (-Xmx/-Xms)
#   Decrease number of Java threads
#   Decrease Java thread stack sizes (-Xss)
#   Set larger code cache with -XX:ReservedCodeCacheSize=
#   JVM is running with Unscaled Compressed Oops mode in which the Java heap is
#     placed in the first 4GB address space. The Java Heap base address is the
#     maximum limit for the native heap growth. Please use -XX:HeapBaseMinAddress
#     to set the Java Heap base and to place the Java Heap above 4GB virtual address.
# This output file may be truncated or incomplete.
#
#  Out of Memory Error (arena.cpp:168), pid=14416, tid=4024
#
# JRE version: OpenJDK Runtime Environment Temurin-21.0.10+7 (21.0.10+7) (build 21.0.10+7-LTS)
# Java VM: OpenJDK 64-Bit Server VM Temurin-21.0.10+7 (21.0.10+7-LTS, mixed mode, sharing, tiered, compressed oops, compressed class ptrs, parallel gc, windows-amd64)
# No core dump will be written. Minidumps are not enabled by default on client versions of Windows
#

---------------  S U M M A R Y ------------

Command Line: --add-modules=ALL-SYSTEM --add-opens=java.base/java.util=ALL-UNNAMED --add-opens=java.base/java.lang=ALL-UNNAMED --add-opens=java.base/sun.nio.fs=ALL-UNNAMED -Declipse.application=org.eclipse.jdt.ls.core.id1 -Dosgi.bundles.defaultStartLevel=4 -Declipse.product=org.eclipse.jdt.ls.core.product -Djava.import.generatesMetadataFilesAtProjectRoot=false -DDetectVMInstallationsJob.disabled=true -Dfile.encoding=utf8 -XX:+UseParallelGC -XX:GCTimeRatio=4 -XX:AdaptiveSizePolicyWeight=90 -Dsun.zip.disableMemoryMapping=true -Xmx2G -Xms100m -Xlog:disable -javaagent:c:\Users\admin\.vscode\extensions\redhat.java-1.54.0-win32-x64\lombok\lombok-1.18.39-4050.jar -XX:+HeapDumpOnOutOfMemoryError -XX:HeapDumpPath=c:\Users\admin\AppData\Roaming\Code\User\workspaceStorage\456ccaf14a017f0ce220ea57303d7a3b\redhat.java -Daether.dependencyCollector.impl=bf c:\Users\admin\.vscode\extensions\redhat.java-1.54.0-win32-x64\server\plugins\org.eclipse.equinox.launcher_1.7.100.v20251111-0406.jar -configuration c:\Users\admin\AppData\Roaming\Code\User\globalStorage\redhat.java\1.54.0\config_win -data c:\Users\admin\AppData\Roaming\Code\User\workspaceStorage\456ccaf14a017f0ce220ea57303d7a3b\redhat.java\jdt_ws --pipe=\\.\pipe\lsp-d1b1505c47b25ddc4aea4cd4e3370425-sock

Host: 13th Gen Intel(R) Core(TM) i5-13420H, 12 cores, 15G,  Windows 11 , 64 bit Build 26100 (10.0.26100.8328)
Time: Sun May 10 16:46:44 2026 SE Asia Standard Time elapsed time: 10.014520 seconds (0d 0h 0m 10s)

---------------  T H R E A D  ---------------

Current thread (0x0000025b84868af0):  JavaThread "C2 CompilerThread2" daemon [_thread_in_native, id=4024, stack(0x00000073a6500000,0x00000073a6600000) (1024K)]


Current CompileTask:
C2:10014 8758 % !   4       org.eclipse.jdt.internal.compiler.classfmt.ClassFileReader::<init> @ 81 (1968 bytes)

Stack: [0x00000073a6500000,0x00000073a6600000]
Native frames: (J=compiled Java code, j=interpreted, Vv=VM code, C=native code)
V  [jvm.dll+0x6d7a39]
V  [jvm.dll+0x8b4b26]
V  [jvm.dll+0x8b70de]
V  [jvm.dll+0x8b77c3]
V  [jvm.dll+0x284346]
V  [jvm.dll+0xc66ed]
V  [jvm.dll+0xc6c31]
V  [jvm.dll+0x3bec01]
V  [jvm.dll+0x38b162]
V  [jvm.dll+0x38a5aa]
V  [jvm.dll+0x24c560]
V  [jvm.dll+0x24bb40]
V  [jvm.dll+0x1cb34e]
V  [jvm.dll+0x25b85d]
V  [jvm.dll+0x259dea]
V  [jvm.dll+0x3f857e]
V  [jvm.dll+0x85f59d]
V  [jvm.dll+0x6d626d]
C  [ucrtbase.dll+0x37b0]
C  [KERNEL32.DLL+0x2e957]
C  [ntdll.dll+0x427c]


---------------  P R O C E S S  ---------------

Threads class SMR info:
_java_thread_list=0x0000025b86375970, length=75, elements={
0x0000025ba45cbb10, 0x0000025bfdf144b0, 0x0000025bfdf153d0, 0x0000025bfdf1adb0,
0x0000025bfdf1ffd0, 0x0000025bfdf20a30, 0x0000025bfdf22000, 0x0000025bfdf27f40,
0x0000025bfdf2ccb0, 0x0000025bfe129200, 0x0000025bfe276510, 0x0000025bfea84410,
0x0000025bfe4674d0, 0x0000025bfe986e60, 0x0000025bfe983a60, 0x0000025bfeb3a160,
0x0000025bff10ae40, 0x0000025bff30ef30, 0x0000025bff142100, 0x0000025bfec36530,
0x0000025bfec37250, 0x0000025bfec36bc0, 0x0000025bfec35ea0, 0x0000025b84770e70,
0x0000025b84868af0, 0x0000025b84772f40, 0x0000025b84771b90, 0x0000025b84772220,
0x0000025b84773c60, 0x0000025b847728b0, 0x0000025b847735d0, 0x0000025b847742f0,
0x0000025b84774980, 0x0000025b84771500, 0x0000025b84777e00, 0x0000025b84775010,
0x0000025b847770e0, 0x0000025b847763c0, 0x0000025b847756a0, 0x0000025b84776a50,
0x0000025b84777770, 0x0000025b84778490, 0x0000025b84775d30, 0x0000025b8e1d07a0,
0x0000025b8e1d0e30, 0x0000025b8e1cd9b0, 0x0000025b8e1ced60, 0x0000025b8e1d0110,
0x0000025b8e1cfa80, 0x0000025b8e1d14c0, 0x0000025b8e1cf3f0, 0x0000025b8e1ce040,
0x0000025b8e1d42b0, 0x0000025b8e1d2870, 0x0000025b8e1d4940, 0x0000025b8e1d4fd0,
0x0000025b8e1d1b50, 0x0000025b8e1d21e0, 0x0000025b8e1d2f00, 0x0000025b8e1d3590,
0x0000025b86491210, 0x0000025b864925c0, 0x0000025b8648fe60, 0x0000025b864918a0,
0x0000025b86491f30, 0x0000025b864932e0, 0x0000025b86493970, 0x0000025b86490b80,
0x0000025b864904f0, 0x0000025b86496760, 0x0000025b86496df0, 0x0000025b86497480,
0x0000025b864960d0, 0x0000025b86494000, 0x0000025b864953b0
}

Java Threads: ( => current thread )
  0x0000025ba45cbb10 JavaThread "main"                              [_thread_blocked, id=17752, stack(0x00000073a4100000,0x00000073a4200000) (1024K)]
  0x0000025bfdf144b0 JavaThread "Reference Handler"          daemon [_thread_blocked, id=24868, stack(0x00000073a4500000,0x00000073a4600000) (1024K)]
  0x0000025bfdf153d0 JavaThread "Finalizer"                  daemon [_thread_blocked, id=4704, stack(0x00000073a4600000,0x00000073a4700000) (1024K)]
  0x0000025bfdf1adb0 JavaThread "Signal Dispatcher"          daemon [_thread_blocked, id=24036, stack(0x00000073a4700000,0x00000073a4800000) (1024K)]
  0x0000025bfdf1ffd0 JavaThread "Attach Listener"            daemon [_thread_blocked, id=7708, stack(0x00000073a4800000,0x00000073a4900000) (1024K)]
  0x0000025bfdf20a30 JavaThread "Service Thread"             daemon [_thread_blocked, id=25244, stack(0x00000073a4900000,0x00000073a4a00000) (1024K)]
  0x0000025bfdf22000 JavaThread "Monitor Deflation Thread"   daemon [_thread_blocked, id=12376, stack(0x00000073a4a00000,0x00000073a4b00000) (1024K)]
  0x0000025bfdf27f40 JavaThread "C2 CompilerThread0"         daemon [_thread_in_native, id=24928, stack(0x00000073a4b00000,0x00000073a4c00000) (1024K)]
  0x0000025bfdf2ccb0 JavaThread "C1 CompilerThread0"         daemon [_thread_in_vm, id=12664, stack(0x00000073a4c00000,0x00000073a4d00000) (1024K)]
  0x0000025bfe129200 JavaThread "Common-Cleaner"             daemon [_thread_blocked, id=24340, stack(0x00000073a4e00000,0x00000073a4f00000) (1024K)]
  0x0000025bfe276510 JavaThread "Notification Thread"        daemon [_thread_blocked, id=12768, stack(0x00000073a4f00000,0x00000073a5000000) (1024K)]
  0x0000025bfea84410 JavaThread "Active Thread: Equinox Container: 028b05a7-9f39-45c5-a89d-a2531496cf67"        [_thread_blocked, id=23796, stack(0x00000073a5700000,0x00000073a5800000) (1024K)]
  0x0000025bfe4674d0 JavaThread "Refresh Thread: Equinox Container: 028b05a7-9f39-45c5-a89d-a2531496cf67" daemon [_thread_blocked, id=10088, stack(0x00000073a5900000,0x00000073a5a00000) (1024K)]
  0x0000025bfe986e60 JavaThread "Framework Event Dispatcher: Equinox Container: 028b05a7-9f39-45c5-a89d-a2531496cf67" daemon [_thread_blocked, id=10588, stack(0x00000073a5a00000,0x00000073a5b00000) (1024K)]
  0x0000025bfe983a60 JavaThread "Start Level: Equinox Container: 028b05a7-9f39-45c5-a89d-a2531496cf67" daemon [_thread_blocked, id=4688, stack(0x00000073a5b00000,0x00000073a5c00000) (1024K)]
  0x0000025bfeb3a160 JavaThread "Bundle File Closer"         daemon [_thread_blocked, id=13916, stack(0x00000073a5e00000,0x00000073a5f00000) (1024K)]
  0x0000025bff10ae40 JavaThread "SCR Component Actor"        daemon [_thread_blocked, id=11640, stack(0x00000073a4d00000,0x00000073a4e00000) (1024K)]
  0x0000025bff30ef30 JavaThread "C2 CompilerThread1"         daemon [_thread_in_native, id=18520, stack(0x00000073a5000000,0x00000073a5100000) (1024K)]
  0x0000025bff142100 JavaThread "Worker-JM"                         [_thread_blocked, id=3552, stack(0x00000073a6000000,0x00000073a6100000) (1024K)]
  0x0000025bfec36530 JavaThread "JNA Cleaner"                daemon [_thread_blocked, id=25160, stack(0x00000073a5f00000,0x00000073a6000000) (1024K)]
  0x0000025bfec37250 JavaThread "Worker-0"                          [_thread_blocked, id=16852, stack(0x00000073a6100000,0x00000073a6200000) (1024K)]
  0x0000025bfec36bc0 JavaThread "Worker-1"                          [_thread_blocked, id=4716, stack(0x00000073a6200000,0x00000073a6300000) (1024K)]
  0x0000025bfec35ea0 JavaThread "Worker-2"                          [_thread_blocked, id=26504, stack(0x00000073a6300000,0x00000073a6400000) (1024K)]
  0x0000025b84770e70 JavaThread "Java indexing"              daemon [_thread_blocked, id=1864, stack(0x00000073a6400000,0x00000073a6500000) (1024K)]
=>0x0000025b84868af0 JavaThread "C2 CompilerThread2"         daemon [_thread_in_native, id=4024, stack(0x00000073a6500000,0x00000073a6600000) (1024K)]
  0x0000025b84772f40 JavaThread "Worker-3"                          [_thread_blocked, id=23836, stack(0x00000073a6800000,0x00000073a6900000) (1024K)]
  0x0000025b84771b90 JavaThread "Worker-4"                          [_thread_blocked, id=19868, stack(0x00000073a6900000,0x00000073a6a00000) (1024K)]
  0x0000025b84772220 JavaThread "Thread-1"                   daemon [_thread_in_native, id=25284, stack(0x00000073a6a00000,0x00000073a6b00000) (1024K)]
  0x0000025b84773c60 JavaThread "Thread-2"                   daemon [_thread_in_native, id=16712, stack(0x00000073a6b00000,0x00000073a6c00000) (1024K)]
  0x0000025b847728b0 JavaThread "Thread-3"                   daemon [_thread_in_native, id=24556, stack(0x00000073a6c00000,0x00000073a6d00000) (1024K)]
  0x0000025b847735d0 JavaThread "Thread-4"                   daemon [_thread_in_native, id=20856, stack(0x00000073a6d00000,0x00000073a6e00000) (1024K)]
  0x0000025b847742f0 JavaThread "Thread-5"                   daemon [_thread_in_native, id=3320, stack(0x00000073a6e00000,0x00000073a6f00000) (1024K)]
  0x0000025b84774980 JavaThread "Thread-6"                   daemon [_thread_in_native, id=24328, stack(0x00000073a6f00000,0x00000073a7000000) (1024K)]
  0x0000025b84771500 JavaThread "Thread-7"                   daemon [_thread_in_native, id=7272, stack(0x00000073a7000000,0x00000073a7100000) (1024K)]
  0x0000025b84777e00 JavaThread "Thread-8"                   daemon [_thread_in_native, id=21724, stack(0x00000073a7100000,0x00000073a7200000) (1024K)]
  0x0000025b84775010 JavaThread "Thread-9"                   daemon [_thread_in_native, id=260, stack(0x00000073a7200000,0x00000073a7300000) (1024K)]
  0x0000025b847770e0 JavaThread "Thread-10"                  daemon [_thread_in_native, id=22964, stack(0x00000073a7300000,0x00000073a7400000) (1024K)]
  0x0000025b847763c0 JavaThread "Thread-11"                  daemon [_thread_in_native, id=13296, stack(0x00000073a7400000,0x00000073a7500000) (1024K)]
  0x0000025b847756a0 JavaThread "Thread-12"                  daemon [_thread_in_native, id=16600, stack(0x00000073a7500000,0x00000073a7600000) (1024K)]
  0x0000025b84776a50 JavaThread "Thread-13"                  daemon [_thread_in_native, id=26396, stack(0x00000073a7600000,0x00000073a7700000) (1024K)]
  0x0000025b84777770 JavaThread "pool-2-thread-1"                   [_thread_blocked, id=11504, stack(0x00000073a7700000,0x00000073a7800000) (1024K)]
  0x0000025b84778490 JavaThread "WorkspaceEventsHandler"            [_thread_blocked, id=8132, stack(0x00000073a7800000,0x00000073a7900000) (1024K)]
  0x0000025b84775d30 JavaThread "pool-1-thread-1"                   [_thread_in_Java, id=14772, stack(0x00000073a7900000,0x00000073a7a00000) (1024K)]
  0x0000025b8e1d07a0 JavaThread "Compiler Source File Reader" daemon [_thread_blocked, id=14240, stack(0x00000073a7a00000,0x00000073a7b00000) (1024K)]
  0x0000025b8e1d0e30 JavaThread "Compiler Source File Reader" daemon [_thread_blocked, id=21148, stack(0x00000073a7b00000,0x00000073a7c00000) (1024K)]
  0x0000025b8e1cd9b0 JavaThread "Compiler Source File Reader" daemon [_thread_blocked, id=26340, stack(0x00000073a7c00000,0x00000073a7d00000) (1024K)]
  0x0000025b8e1ced60 JavaThread "Compiler Source File Reader" daemon [_thread_blocked, id=23960, stack(0x00000073a7d00000,0x00000073a7e00000) (1024K)]
  0x0000025b8e1d0110 JavaThread "Compiler Source File Reader" daemon [_thread_blocked, id=25388, stack(0x00000073a7e00000,0x00000073a7f00000) (1024K)]
  0x0000025b8e1cfa80 JavaThread "Compiler Source File Reader" daemon [_thread_blocked, id=24040, stack(0x00000073a7f00000,0x00000073a8000000) (1024K)]
  0x0000025b8e1d14c0 JavaThread "Compiler Source File Reader" daemon [_thread_blocked, id=10564, stack(0x00000073a8000000,0x00000073a8100000) (1024K)]
  0x0000025b8e1cf3f0 JavaThread "Compiler Source File Reader" daemon [_thread_blocked, id=12148, stack(0x00000073a8100000,0x00000073a8200000) (1024K)]
  0x0000025b8e1ce040 JavaThread "Compiler Source File Reader" daemon [_thread_blocked, id=1652, stack(0x00000073a8200000,0x00000073a8300000) (1024K)]
  0x0000025b8e1d42b0 JavaThread "Compiler Processing Task"   daemon [_thread_blocked, id=9292, stack(0x00000073a8300000,0x00000073a8400000) (1024K)]
  0x0000025b8e1d2870 JavaThread "Compiler Class File Writer" daemon [_thread_blocked, id=26404, stack(0x00000073a8400000,0x00000073a8500000) (1024K)]
  0x0000025b8e1d4940 JavaThread "Compiler Class File Writer" daemon [_thread_blocked, id=15568, stack(0x00000073a8500000,0x00000073a8600000) (1024K)]
  0x0000025b8e1d4fd0 JavaThread "Compiler Class File Writer" daemon [_thread_blocked, id=25736, stack(0x00000073a8600000,0x00000073a8700000) (1024K)]
  0x0000025b8e1d1b50 JavaThread "Compiler Class File Writer" daemon [_thread_blocked, id=23632, stack(0x00000073a8700000,0x00000073a8800000) (1024K)]
  0x0000025b8e1d21e0 JavaThread "Compiler Class File Writer" daemon [_thread_blocked, id=9004, stack(0x00000073a8800000,0x00000073a8900000) (1024K)]
  0x0000025b8e1d2f00 JavaThread "Compiler Class File Writer" daemon [_thread_blocked, id=18736, stack(0x00000073a8900000,0x00000073a8a00000) (1024K)]
  0x0000025b8e1d3590 JavaThread "Compiler Class File Writer" daemon [_thread_blocked, id=6636, stack(0x00000073a8a00000,0x00000073a8b00000) (1024K)]
  0x0000025b86491210 JavaThread "Compiler Class File Writer" daemon [_thread_blocked, id=12396, stack(0x00000073a8b00000,0x00000073a8c00000) (1024K)]
  0x0000025b864925c0 JavaThread "Compiler Class File Writer" daemon [_thread_blocked, id=21944, stack(0x00000073a8c00000,0x00000073a8d00000) (1024K)]
  0x0000025b8648fe60 JavaThread "Compiler Class File Writer" daemon [_thread_blocked, id=19516, stack(0x00000073a8d00000,0x00000073a8e00000) (1024K)]
  0x0000025b864918a0 JavaThread "Worker-5"                          [_thread_blocked, id=14272, stack(0x00000073a8e00000,0x00000073a8f00000) (1024K)]
  0x0000025b86491f30 JavaThread "Compiler Source File Reader" daemon [_thread_blocked, id=26596, stack(0x00000073a8f00000,0x00000073a9000000) (1024K)]
  0x0000025b864932e0 JavaThread "ForkJoinPool.commonPool-worker-1" daemon [_thread_blocked, id=15432, stack(0x00000073a9000000,0x00000073a9100000) (1024K)]
  0x0000025b86493970 JavaThread "ForkJoinPool.commonPool-worker-2" daemon [_thread_blocked, id=13644, stack(0x00000073a9100000,0x00000073a9200000) (1024K)]
  0x0000025b86490b80 JavaThread "ForkJoinPool.commonPool-worker-3" daemon [_thread_blocked, id=7396, stack(0x00000073a9200000,0x00000073a9300000) (1024K)]
  0x0000025b864904f0 JavaThread "ForkJoinPool.commonPool-worker-4" daemon [_thread_blocked, id=18252, stack(0x00000073a9300000,0x00000073a9400000) (1024K)]
  0x0000025b86496760 JavaThread "ForkJoinPool.commonPool-worker-5" daemon [_thread_blocked, id=21736, stack(0x00000073a9400000,0x00000073a9500000) (1024K)]
  0x0000025b86496df0 JavaThread "ForkJoinPool.commonPool-worker-6" daemon [_thread_blocked, id=19288, stack(0x00000073a9500000,0x00000073a9600000) (1024K)]
  0x0000025b86497480 JavaThread "ForkJoinPool.commonPool-worker-7" daemon [_thread_blocked, id=17936, stack(0x00000073a9600000,0x00000073a9700000) (1024K)]
  0x0000025b864960d0 JavaThread "ForkJoinPool.commonPool-worker-8" daemon [_thread_blocked, id=3044, stack(0x00000073a9700000,0x00000073a9800000) (1024K)]
  0x0000025b86494000 JavaThread "ForkJoinPool.commonPool-worker-9" daemon [_thread_blocked, id=21120, stack(0x00000073a9800000,0x00000073a9900000) (1024K)]
  0x0000025b864953b0 JavaThread "ForkJoinPool.commonPool-worker-10" daemon [_thread_blocked, id=23652, stack(0x00000073a9900000,0x00000073a9a00000) (1024K)]
Total: 75

Other Threads:
  0x0000025ba4564980 VMThread "VM Thread"                           [id=25060, stack(0x00000073a4400000,0x00000073a4500000) (1024K)]
  0x0000025ba445ca10 WatcherThread "VM Periodic Task Thread"        [id=6404, stack(0x00000073a4300000,0x00000073a4400000) (1024K)]
  0x0000025ba45e9ef0 WorkerThread "GC Thread#0"                     [id=23484, stack(0x00000073a4200000,0x00000073a4300000) (1024K)]
  0x0000025bfe5ae320 WorkerThread "GC Thread#1"                     [id=18176, stack(0x00000073a5100000,0x00000073a5200000) (1024K)]
  0x0000025bfe5ad810 WorkerThread "GC Thread#2"                     [id=10628, stack(0x00000073a5200000,0x00000073a5300000) (1024K)]
  0x0000025bfe5af1e0 WorkerThread "GC Thread#3"                     [id=19228, stack(0x00000073a5300000,0x00000073a5400000) (1024K)]
  0x0000025bfe5adf70 WorkerThread "GC Thread#4"                     [id=5260, stack(0x00000073a5400000,0x00000073a5500000) (1024K)]
  0x0000025bfe5aea80 WorkerThread "GC Thread#5"                     [id=25068, stack(0x00000073a5500000,0x00000073a5600000) (1024K)]
  0x0000025bfe5aee30 WorkerThread "GC Thread#6"                     [id=6808, stack(0x00000073a5600000,0x00000073a5700000) (1024K)]
  0x0000025bfe5ae6d0 WorkerThread "GC Thread#7"                     [id=14244, stack(0x00000073a5800000,0x00000073a5900000) (1024K)]
  0x0000025bff07a900 WorkerThread "GC Thread#8"                     [id=3364, stack(0x00000073a5c00000,0x00000073a5d00000) (1024K)]
  0x0000025bff07bb70 WorkerThread "GC Thread#9"                     [id=19848, stack(0x00000073a5d00000,0x00000073a5e00000) (1024K)]
Total: 12

Threads with active compile tasks:
C2 CompilerThread0  10048 8190       4       org.eclipse.jdt.internal.compiler.lookup.BinaryTypeBinding::createMethod (1666 bytes)
C1 CompilerThread0  10048 8814   !   3       org.eclipse.jdt.internal.compiler.parser.Parser::parse (950 bytes)
C2 CompilerThread1  10049 8803       4       com.google.gson.stream.JsonWriter::string (171 bytes)
C2 CompilerThread2  10050 8758 % !   4       org.eclipse.jdt.internal.compiler.classfmt.ClassFileReader::<init> @ 81 (1968 bytes)
Total: 4

VM state: not at safepoint (normal execution)

VM Mutex/Monitor currently owned by a thread: None

Heap address: 0x0000000080000000, size: 2048 MB, Compressed Oops mode: 32-bit

CDS archive(s) mapped at: [0x0000025bbb000000-0x0000025bbbba0000-0x0000025bbbba0000), size 12189696, SharedBaseAddress: 0x0000025bbb000000, ArchiveRelocationMode: 1.
Compressed class space mapped at: 0x0000025bbc000000-0x0000025bfc000000, reserved size: 1073741824
Narrow klass base: 0x0000025bbb000000, Narrow klass shift: 0, Narrow klass range: 0x100000000

GC Precious Log:
 CardTable entry size: 512
 CPUs: 12 total, 12 available
 Memory: 16009M
 Large Page Support: Disabled
 NUMA Support: Disabled
 Compressed Oops: Enabled (32-bit)
 Alignments: Space 512K, Generation 512K, Heap 2M
 Heap Min Capacity: 100M
 Heap Initial Capacity: 100M
 Heap Max Capacity: 2G
 Pre-touch: Disabled
 Parallel Workers: 10

Heap:
 PSYoungGen      total 20992K, used 9033K [0x00000000d5580000, 0x00000000d7180000, 0x0000000100000000)
  eden space 18432K, 35% used [0x00000000d5580000,0x00000000d5bd9de0,0x00000000d6780000)
  from space 2560K, 98% used [0x00000000d6880000,0x00000000d6af8850,0x00000000d6b00000)
  to   space 5120K, 0% used [0x00000000d6c80000,0x00000000d6c80000,0x00000000d7180000)
 ParOldGen       total 68608K, used 43782K [0x0000000080000000, 0x0000000084300000, 0x00000000d5580000)
  object space 68608K, 63% used [0x0000000080000000,0x0000000082ac1bb8,0x0000000084300000)
 Metaspace       used 61018K, committed 62464K, reserved 1114112K
  class space    used 6562K, committed 7168K, reserved 1048576K

Card table byte_map: [0x0000025ba3f70000,0x0000025ba4380000] _byte_map_base: 0x0000025ba3b70000

Marking Bits: (ParMarkBitMap*) 0x00007ffbcedd3450
 Begin Bits: [0x0000025bb6a80000, 0x0000025bb8a80000)
 End Bits:   [0x0000025bb8a80000, 0x0000025bbaa80000)

Polling page: 0x0000025ba23a0000

Metaspace:

Usage:
  Non-class:     53.18 MB used.
      Class:      6.41 MB used.
       Both:     59.59 MB used.

Virtual space:
  Non-class space:       64.00 MB reserved,      54.00 MB ( 84%) committed,  1 nodes.
      Class space:        1.00 GB reserved,       7.00 MB ( <1%) committed,  1 nodes.
             Both:        1.06 GB reserved,      61.00 MB (  6%) committed. 

Chunk freelists:
   Non-Class:  9.29 MB
       Class:  9.05 MB
        Both:  18.33 MB

MaxMetaspaceSize: unlimited
CompressedClassSpaceSize: 1.00 GB
Initial GC threshold: 21.00 MB
Current GC threshold: 97.31 MB
CDS: on
 - commit_granule_bytes: 65536.
 - commit_granule_words: 8192.
 - virtual_space_node_default_size: 8388608.
 - enlarge_chunks_in_place: 1.
 - use_allocation_guard: 0.


Internal statistics:

num_allocs_failed_limit: 13.
num_arena_births: 1064.
num_arena_deaths: 22.
num_vsnodes_births: 2.
num_vsnodes_deaths: 0.
num_space_committed: 976.
num_space_uncommitted: 0.
num_chunks_returned_to_freelist: 39.
num_chunks_taken_from_freelist: 4095.
num_chunk_merges: 23.
num_chunk_splits: 2420.
num_chunks_enlarged: 1231.
num_inconsistent_stats: 0.

CodeHeap 'non-profiled nmethods': size=120000Kb used=4768Kb max_used=4768Kb free=115231Kb
 bounds [0x0000025baf2a0000, 0x0000025baf750000, 0x0000025bb67d0000]
CodeHeap 'profiled nmethods': size=120000Kb used=17535Kb max_used=17535Kb free=102464Kb
 bounds [0x0000025ba77d0000, 0x0000025ba88f0000, 0x0000025baed00000]
CodeHeap 'non-nmethods': size=5760Kb used=1435Kb max_used=1525Kb free=4324Kb
 bounds [0x0000025baed00000, 0x0000025baef70000, 0x0000025baf2a0000]
CodeCache: size=245760Kb, used=23738Kb, max_used=23828Kb, free=222019Kb
 total_blobs=8825, nmethods=8077, adapters=654, full_count=0
Compilation: enabled, stopped_count=0, restarted_count=0

Compilation events (20 events):
Event: 8.971 Thread 0x0000025bfdf2ccb0 nmethod 8800 0x0000025ba88d6f90 code [0x0000025ba88d7320, 0x0000025ba88d8c50]
Event: 8.971 Thread 0x0000025bfdf2ccb0 8801       3       com.google.gson.internal.Excluder::create (48 bytes)
Event: 8.971 Thread 0x0000025bfdf2ccb0 nmethod 8801 0x0000025ba88d9190 code [0x0000025ba88d9380, 0x0000025ba88d96c8]
Event: 8.971 Thread 0x0000025bfdf2ccb0 8802       3       com.google.gson.stream.JsonWriter::beginObject (12 bytes)
Event: 8.971 Thread 0x0000025bfdf2ccb0 nmethod 8802 0x0000025ba88d9890 code [0x0000025ba88d9aa0, 0x0000025ba88d9ea0]
Event: 8.986 Thread 0x0000025bff30ef30 nmethod 8794 0x0000025baf727890 code [0x0000025baf727ba0, 0x0000025baf729820]
Event: 8.987 Thread 0x0000025bff30ef30 8774       4       lombok.eclipse.EclipseNode::calculateIsStructurallySignificant (62 bytes)
Event: 8.988 Thread 0x0000025bff30ef30 nmethod 8774 0x0000025baf72aa10 code [0x0000025baf72aba0, 0x0000025baf72acb0]
Event: 8.988 Thread 0x0000025bff30ef30 8761       4       sun.nio.fs.WindowsPath::elementAsString (62 bytes)
Event: 9.256 Thread 0x0000025bfdf2ccb0 8804       3       sun.nio.ch.AsynchronousFileChannelImpl::isOpen (13 bytes)
Event: 9.256 Thread 0x0000025bfdf2ccb0 nmethod 8804 0x0000025ba88da090 code [0x0000025ba88da220, 0x0000025ba88da380]
Event: 9.256 Thread 0x0000025bfdf2ccb0 8805       3       sun.nio.ch.PendingFuture::<init> (20 bytes)
Event: 9.257 Thread 0x0000025bfdf2ccb0 nmethod 8805 0x0000025ba88da410 code [0x0000025ba88da5c0, 0x0000025ba88da768]
Event: 9.257 Thread 0x0000025bfdf2ccb0 8806       3       sun.nio.ch.AsynchronousFileChannelImpl::end (15 bytes)
Event: 9.257 Thread 0x0000025bfdf2ccb0 nmethod 8806 0x0000025ba88da810 code [0x0000025ba88daa00, 0x0000025ba88daf08]
Event: 9.258 Thread 0x0000025bfdf2ccb0 8808   !   3       sun.nio.ch.PendingFuture::prepareForWait (43 bytes)
Event: 9.258 Thread 0x0000025bfdf2ccb0 nmethod 8808 0x0000025ba88db110 code [0x0000025ba88db300, 0x0000025ba88db940]
Event: 9.259 Thread 0x0000025bfdf2ccb0 8810       3       org.eclipse.jdt.internal.compiler.parser.Parser::consumeFieldDeclaration (243 bytes)
Event: 9.261 Thread 0x0000025bfdf2ccb0 nmethod 8810 0x0000025ba88dbb90 code [0x0000025ba88dbdc0, 0x0000025ba88dc930]
Event: 9.261 Thread 0x0000025bfdf2ccb0 8813       3       org.eclipse.jdt.internal.compiler.parser.Scanner::internalScanIdentifierOrKeyword (5041 bytes)

GC Heap History (20 events):
Event: 5.379 GC heap before
{Heap before GC invocations=29 (full 2):
 PSYoungGen      total 21504K, used 21344K [0x00000000d5580000, 0x00000000d6d00000, 0x0000000100000000)
  eden space 20480K, 100% used [0x00000000d5580000,0x00000000d6980000,0x00000000d6980000)
  from space 1024K, 84% used [0x00000000d6c00000,0x00000000d6cd8010,0x00000000d6d00000)
  to   space 1024K, 0% used [0x00000000d6b00000,0x00000000d6b00000,0x00000000d6c00000)
 ParOldGen       total 68608K, used 38663K [0x0000000080000000, 0x0000000084300000, 0x00000000d5580000)
  object space 68608K, 56% used [0x0000000080000000,0x00000000825c1f28,0x0000000084300000)
 Metaspace       used 48658K, committed 49792K, reserved 1114112K
  class space    used 5251K, committed 5760K, reserved 1048576K
}
Event: 5.381 GC heap after
{Heap after GC invocations=29 (full 2):
 PSYoungGen      total 21504K, used 992K [0x00000000d5580000, 0x00000000d6c80000, 0x0000000100000000)
  eden space 20480K, 0% used [0x00000000d5580000,0x00000000d5580000,0x00000000d6980000)
  from space 1024K, 96% used [0x00000000d6b00000,0x00000000d6bf8000,0x00000000d6c00000)
  to   space 512K, 0% used [0x00000000d6c00000,0x00000000d6c00000,0x00000000d6c80000)
 ParOldGen       total 68608K, used 39231K [0x0000000080000000, 0x0000000084300000, 0x00000000d5580000)
  object space 68608K, 57% used [0x0000000080000000,0x000000008264fc28,0x0000000084300000)
 Metaspace       used 48658K, committed 49792K, reserved 1114112K
  class space    used 5251K, committed 5760K, reserved 1048576K
}
Event: 5.518 GC heap before
{Heap before GC invocations=30 (full 2):
 PSYoungGen      total 21504K, used 21472K [0x00000000d5580000, 0x00000000d6c80000, 0x0000000100000000)
  eden space 20480K, 100% used [0x00000000d5580000,0x00000000d6980000,0x00000000d6980000)
  from space 1024K, 96% used [0x00000000d6b00000,0x00000000d6bf8000,0x00000000d6c00000)
  to   space 512K, 0% used [0x00000000d6c00000,0x00000000d6c00000,0x00000000d6c80000)
 ParOldGen       total 68608K, used 39231K [0x0000000080000000, 0x0000000084300000, 0x00000000d5580000)
  object space 68608K, 57% used [0x0000000080000000,0x000000008264fc28,0x0000000084300000)
 Metaspace       used 50670K, committed 51904K, reserved 1114112K
  class space    used 5493K, committed 6016K, reserved 1048576K
}
Event: 5.519 GC heap after
{Heap after GC invocations=30 (full 2):
 PSYoungGen      total 20992K, used 512K [0x00000000d5580000, 0x00000000d6c80000, 0x0000000100000000)
  eden space 20480K, 0% used [0x00000000d5580000,0x00000000d5580000,0x00000000d6980000)
  from space 512K, 100% used [0x00000000d6c00000,0x00000000d6c80000,0x00000000d6c80000)
  to   space 1536K, 0% used [0x00000000d6980000,0x00000000d6980000,0x00000000d6b00000)
 ParOldGen       total 68608K, used 40155K [0x0000000080000000, 0x0000000084300000, 0x00000000d5580000)
  object space 68608K, 58% used [0x0000000080000000,0x0000000082736c38,0x0000000084300000)
 Metaspace       used 50670K, committed 51904K, reserved 1114112K
  class space    used 5493K, committed 6016K, reserved 1048576K
}
Event: 5.702 GC heap before
{Heap before GC invocations=31 (full 2):
 PSYoungGen      total 20992K, used 20992K [0x00000000d5580000, 0x00000000d6c80000, 0x0000000100000000)
  eden space 20480K, 100% used [0x00000000d5580000,0x00000000d6980000,0x00000000d6980000)
  from space 512K, 100% used [0x00000000d6c00000,0x00000000d6c80000,0x00000000d6c80000)
  to   space 1536K, 0% used [0x00000000d6980000,0x00000000d6980000,0x00000000d6b00000)
 ParOldGen       total 68608K, used 40155K [0x0000000080000000, 0x0000000084300000, 0x00000000d5580000)
  object space 68608K, 58% used [0x0000000080000000,0x0000000082736c38,0x0000000084300000)
 Metaspace       used 53258K, committed 54528K, reserved 1114112K
  class space    used 5743K, committed 6272K, reserved 1048576K
}
Event: 5.704 GC heap after
{Heap after GC invocations=31 (full 2):
 PSYoungGen      total 22016K, used 1528K [0x00000000d5580000, 0x00000000d6f80000, 0x0000000100000000)
  eden space 20480K, 0% used [0x00000000d5580000,0x00000000d5580000,0x00000000d6980000)
  from space 1536K, 99% used [0x00000000d6980000,0x00000000d6afe028,0x00000000d6b00000)
  to   space 3072K, 0% used [0x00000000d6c80000,0x00000000d6c80000,0x00000000d6f80000)
 ParOldGen       total 68608K, used 41253K [0x0000000080000000, 0x0000000084300000, 0x00000000d5580000)
  object space 68608K, 60% used [0x0000000080000000,0x0000000082849670,0x0000000084300000)
 Metaspace       used 53258K, committed 54528K, reserved 1114112K
  class space    used 5743K, committed 6272K, reserved 1048576K
}
Event: 5.927 GC heap before
{Heap before GC invocations=32 (full 2):
 PSYoungGen      total 22016K, used 22008K [0x00000000d5580000, 0x00000000d6f80000, 0x0000000100000000)
  eden space 20480K, 99% used [0x00000000d5580000,0x00000000d697ffe0,0x00000000d6980000)
  from space 1536K, 99% used [0x00000000d6980000,0x00000000d6afe028,0x00000000d6b00000)
  to   space 3072K, 0% used [0x00000000d6c80000,0x00000000d6c80000,0x00000000d6f80000)
 ParOldGen       total 68608K, used 41253K [0x0000000080000000, 0x0000000084300000, 0x00000000d5580000)
  object space 68608K, 60% used [0x0000000080000000,0x0000000082849670,0x0000000084300000)
 Metaspace       used 55277K, committed 56448K, reserved 1114112K
  class space    used 5982K, committed 6464K, reserved 1048576K
}
Event: 5.930 GC heap after
{Heap after GC invocations=32 (full 2):
 PSYoungGen      total 22528K, used 1539K [0x00000000d5580000, 0x00000000d6e80000, 0x0000000100000000)
  eden space 20480K, 0% used [0x00000000d5580000,0x00000000d5580000,0x00000000d6980000)
  from space 2048K, 75% used [0x00000000d6c80000,0x00000000d6e00e28,0x00000000d6e80000)
  to   space 2048K, 0% used [0x00000000d6a80000,0x00000000d6a80000,0x00000000d6c80000)
 ParOldGen       total 68608K, used 42771K [0x0000000080000000, 0x0000000084300000, 0x00000000d5580000)
  object space 68608K, 62% used [0x0000000080000000,0x00000000829c4c70,0x0000000084300000)
 Metaspace       used 55277K, committed 56448K, reserved 1114112K
  class space    used 5982K, committed 6464K, reserved 1048576K
}
Event: 7.113 GC heap before
{Heap before GC invocations=33 (full 2):
 PSYoungGen      total 22528K, used 22019K [0x00000000d5580000, 0x00000000d6e80000, 0x0000000100000000)
  eden space 20480K, 100% used [0x00000000d5580000,0x00000000d6980000,0x00000000d6980000)
  from space 2048K, 75% used [0x00000000d6c80000,0x00000000d6e00e28,0x00000000d6e80000)
  to   space 2048K, 0% used [0x00000000d6a80000,0x00000000d6a80000,0x00000000d6c80000)
 ParOldGen       total 68608K, used 42771K [0x0000000080000000, 0x0000000084300000, 0x00000000d5580000)
  object space 68608K, 62% used [0x0000000080000000,0x00000000829c4c70,0x0000000084300000)
 Metaspace       used 56125K, committed 57344K, reserved 1114112K
  class space    used 6065K, committed 6592K, reserved 1048576K
}
Event: 7.114 GC heap after
{Heap after GC invocations=33 (full 2):
 PSYoungGen      total 22016K, used 1480K [0x00000000d5580000, 0x00000000d6d80000, 0x0000000100000000)
  eden space 20480K, 0% used [0x00000000d5580000,0x00000000d5580000,0x00000000d6980000)
  from space 1536K, 96% used [0x00000000d6a80000,0x00000000d6bf2000,0x00000000d6c00000)
  to   space 1536K, 0% used [0x00000000d6c00000,0x00000000d6c00000,0x00000000d6d80000)
 ParOldGen       total 68608K, used 44133K [0x0000000080000000, 0x0000000084300000, 0x00000000d5580000)
  object space 68608K, 64% used [0x0000000080000000,0x0000000082b19668,0x0000000084300000)
 Metaspace       used 56125K, committed 57344K, reserved 1114112K
  class space    used 6065K, committed 6592K, reserved 1048576K
}
Event: 8.365 GC heap before
{Heap before GC invocations=34 (full 2):
 PSYoungGen      total 22016K, used 21960K [0x00000000d5580000, 0x00000000d6d80000, 0x0000000100000000)
  eden space 20480K, 100% used [0x00000000d5580000,0x00000000d6980000,0x00000000d6980000)
  from space 1536K, 96% used [0x00000000d6a80000,0x00000000d6bf2000,0x00000000d6c00000)
  to   space 1536K, 0% used [0x00000000d6c00000,0x00000000d6c00000,0x00000000d6d80000)
 ParOldGen       total 68608K, used 44133K [0x0000000080000000, 0x0000000084300000, 0x00000000d5580000)
  object space 68608K, 64% used [0x0000000080000000,0x0000000082b19668,0x0000000084300000)
 Metaspace       used 57868K, committed 59200K, reserved 1114112K
  class space    used 6305K, committed 6912K, reserved 1048576K
}
Event: 8.367 GC heap after
{Heap after GC invocations=34 (full 2):
 PSYoungGen      total 19968K, used 1527K [0x00000000d5580000, 0x00000000d7280000, 0x0000000100000000)
  eden space 18432K, 0% used [0x00000000d5580000,0x00000000d5580000,0x00000000d6780000)
  from space 1536K, 99% used [0x00000000d6c00000,0x00000000d6d7dde0,0x00000000d6d80000)
  to   space 4608K, 0% used [0x00000000d6780000,0x00000000d6780000,0x00000000d6c00000)
 ParOldGen       total 68608K, used 46544K [0x0000000080000000, 0x0000000084300000, 0x00000000d5580000)
  object space 68608K, 67% used [0x0000000080000000,0x0000000082d74210,0x0000000084300000)
 Metaspace       used 57868K, committed 59200K, reserved 1114112K
  class space    used 6305K, committed 6912K, reserved 1048576K
}
Event: 8.440 GC heap before
{Heap before GC invocations=35 (full 2):
 PSYoungGen      total 19968K, used 6707K [0x00000000d5580000, 0x00000000d7280000, 0x0000000100000000)
  eden space 18432K, 28% used [0x00000000d5580000,0x00000000d5a8eec8,0x00000000d6780000)
  from space 1536K, 99% used [0x00000000d6c00000,0x00000000d6d7dde0,0x00000000d6d80000)
  to   space 4608K, 0% used [0x00000000d6780000,0x00000000d6780000,0x00000000d6c00000)
 ParOldGen       total 68608K, used 46544K [0x0000000080000000, 0x0000000084300000, 0x00000000d5580000)
  object space 68608K, 67% used [0x0000000080000000,0x0000000082d74210,0x0000000084300000)
 Metaspace       used 58437K, committed 59776K, reserved 1114112K
  class space    used 6349K, committed 6912K, reserved 1048576K
}
Event: 8.442 GC heap after
{Heap after GC invocations=35 (full 2):
 PSYoungGen      total 19456K, used 912K [0x00000000d5580000, 0x00000000d6d80000, 0x0000000100000000)
  eden space 18432K, 0% used [0x00000000d5580000,0x00000000d5580000,0x00000000d6780000)
  from space 1024K, 89% used [0x00000000d6780000,0x00000000d6864010,0x00000000d6880000)
  to   space 2048K, 0% used [0x00000000d6b80000,0x00000000d6b80000,0x00000000d6d80000)
 ParOldGen       total 68608K, used 48080K [0x0000000080000000, 0x0000000084300000, 0x00000000d5580000)
  object space 68608K, 70% used [0x0000000080000000,0x0000000082ef4318,0x0000000084300000)
 Metaspace       used 58437K, committed 59776K, reserved 1114112K
  class space    used 6349K, committed 6912K, reserved 1048576K
}
Event: 8.442 GC heap before
{Heap before GC invocations=36 (full 3):
 PSYoungGen      total 19456K, used 912K [0x00000000d5580000, 0x00000000d6d80000, 0x0000000100000000)
  eden space 18432K, 0% used [0x00000000d5580000,0x00000000d5580000,0x00000000d6780000)
  from space 1024K, 89% used [0x00000000d6780000,0x00000000d6864010,0x00000000d6880000)
  to   space 2048K, 0% used [0x00000000d6b80000,0x00000000d6b80000,0x00000000d6d80000)
 ParOldGen       total 68608K, used 48080K [0x0000000080000000, 0x0000000084300000, 0x00000000d5580000)
  object space 68608K, 70% used [0x0000000080000000,0x0000000082ef4318,0x0000000084300000)
 Metaspace       used 58437K, committed 59776K, reserved 1114112K
  class space    used 6349K, committed 6912K, reserved 1048576K
}
Event: 8.495 GC heap after
{Heap after GC invocations=36 (full 3):
 PSYoungGen      total 19456K, used 0K [0x00000000d5580000, 0x00000000d6d80000, 0x0000000100000000)
  eden space 18432K, 0% used [0x00000000d5580000,0x00000000d5580000,0x00000000d6780000)
  from space 1024K, 0% used [0x00000000d6780000,0x00000000d6780000,0x00000000d6880000)
  to   space 2048K, 0% used [0x00000000d6b80000,0x00000000d6b80000,0x00000000d6d80000)
 ParOldGen       total 68608K, used 41874K [0x0000000080000000, 0x0000000084300000, 0x00000000d5580000)
  object space 68608K, 61% used [0x0000000080000000,0x00000000828e4ba8,0x0000000084300000)
 Metaspace       used 58430K, committed 59776K, reserved 1114112K
  class space    used 6347K, committed 6912K, reserved 1048576K
}
Event: 8.733 GC heap before
{Heap before GC invocations=37 (full 3):
 PSYoungGen      total 19456K, used 18432K [0x00000000d5580000, 0x00000000d6d80000, 0x0000000100000000)
  eden space 18432K, 100% used [0x00000000d5580000,0x00000000d6780000,0x00000000d6780000)
  from space 1024K, 0% used [0x00000000d6780000,0x00000000d6780000,0x00000000d6880000)
  to   space 2048K, 0% used [0x00000000d6b80000,0x00000000d6b80000,0x00000000d6d80000)
 ParOldGen       total 68608K, used 41874K [0x0000000080000000, 0x0000000084300000, 0x00000000d5580000)
  object space 68608K, 61% used [0x0000000080000000,0x00000000828e4ba8,0x0000000084300000)
 Metaspace       used 59615K, committed 60992K, reserved 1114112K
  class space    used 6435K, committed 7040K, reserved 1048576K
}
Event: 8.735 GC heap after
{Heap after GC invocations=37 (full 3):
 PSYoungGen      total 20480K, used 1968K [0x00000000d5580000, 0x00000000d6d80000, 0x0000000100000000)
  eden space 18432K, 0% used [0x00000000d5580000,0x00000000d5580000,0x00000000d6780000)
  from space 2048K, 96% used [0x00000000d6b80000,0x00000000d6d6c030,0x00000000d6d80000)
  to   space 2560K, 0% used [0x00000000d6880000,0x00000000d6880000,0x00000000d6b00000)
 ParOldGen       total 68608K, used 41882K [0x0000000080000000, 0x0000000084300000, 0x00000000d5580000)
  object space 68608K, 61% used [0x0000000080000000,0x00000000828e6ba8,0x0000000084300000)
 Metaspace       used 59615K, committed 60992K, reserved 1114112K
  class space    used 6435K, committed 7040K, reserved 1048576K
}
Event: 8.924 GC heap before
{Heap before GC invocations=38 (full 3):
 PSYoungGen      total 20480K, used 20400K [0x00000000d5580000, 0x00000000d6d80000, 0x0000000100000000)
  eden space 18432K, 100% used [0x00000000d5580000,0x00000000d6780000,0x00000000d6780000)
  from space 2048K, 96% used [0x00000000d6b80000,0x00000000d6d6c030,0x00000000d6d80000)
  to   space 2560K, 0% used [0x00000000d6880000,0x00000000d6880000,0x00000000d6b00000)
 ParOldGen       total 68608K, used 41882K [0x0000000080000000, 0x0000000084300000, 0x00000000d5580000)
  object space 68608K, 61% used [0x0000000080000000,0x00000000828e6ba8,0x0000000084300000)
 Metaspace       used 60598K, committed 62016K, reserved 1114112K
  class space    used 6515K, committed 7104K, reserved 1048576K
}
Event: 8.927 GC heap after
{Heap after GC invocations=38 (full 3):
 PSYoungGen      total 20992K, used 2530K [0x00000000d5580000, 0x00000000d7180000, 0x0000000100000000)
  eden space 18432K, 0% used [0x00000000d5580000,0x00000000d5580000,0x00000000d6780000)
  from space 2560K, 98% used [0x00000000d6880000,0x00000000d6af8850,0x00000000d6b00000)
  to   space 5120K, 0% used [0x00000000d6c80000,0x00000000d6c80000,0x00000000d7180000)
 ParOldGen       total 68608K, used 43782K [0x0000000080000000, 0x0000000084300000, 0x00000000d5580000)
  object space 68608K, 63% used [0x0000000080000000,0x0000000082ac1bb8,0x0000000084300000)
 Metaspace       used 60598K, committed 62016K, reserved 1114112K
  class space    used 6515K, committed 7104K, reserved 1048576K
}

Dll operation events (10 events):
Event: 0.014 Loaded shared library c:\Users\admin\.vscode\extensions\redhat.java-1.54.0-win32-x64\jre\21.0.10-win32-x86_64\bin\java.dll
Event: 0.059 Loaded shared library c:\Users\admin\.vscode\extensions\redhat.java-1.54.0-win32-x64\jre\21.0.10-win32-x86_64\bin\zip.dll
Event: 0.070 Loaded shared library C:\Users\admin\.vscode\extensions\redhat.java-1.54.0-win32-x64\jre\21.0.10-win32-x86_64\bin\instrument.dll
Event: 0.073 Loaded shared library C:\Users\admin\.vscode\extensions\redhat.java-1.54.0-win32-x64\jre\21.0.10-win32-x86_64\bin\net.dll
Event: 0.074 Loaded shared library C:\Users\admin\.vscode\extensions\redhat.java-1.54.0-win32-x64\jre\21.0.10-win32-x86_64\bin\nio.dll
Event: 0.076 Loaded shared library C:\Users\admin\.vscode\extensions\redhat.java-1.54.0-win32-x64\jre\21.0.10-win32-x86_64\bin\zip.dll
Event: 0.086 Loaded shared library C:\Users\admin\.vscode\extensions\redhat.java-1.54.0-win32-x64\jre\21.0.10-win32-x86_64\bin\jimage.dll
Event: 0.118 Loaded shared library c:\Users\admin\.vscode\extensions\redhat.java-1.54.0-win32-x64\jre\21.0.10-win32-x86_64\bin\verify.dll
Event: 0.688 Loaded shared library C:\Users\admin\AppData\Roaming\Code\User\globalStorage\redhat.java\1.54.0\config_win\org.eclipse.equinox.launcher\org.eclipse.equinox.launcher.win32.win32.x86_64_1.3.0.v20260203-2149\eclipse_11919.dll
Event: 3.421 Loaded shared library C:\Users\admin\AppData\Local\Temp\jna-92668751\jna5386021035509219011.dll

Deoptimization events (20 events):
Event: 8.883 Thread 0x0000025b86497480 Uncommon trap: trap_request=0xffffff6e fr.pc=0x0000025baf7009d4 relative=0x0000000000000194
Event: 8.883 Thread 0x0000025b86497480 Uncommon trap: reason=loop_limit_check action=maybe_recompile pc=0x0000025baf7009d4 method=org.eclipse.jdt.internal.core.util.HashtableOfArrayToObject.hashCode([Ljava/lang/Object;I)I @ 27 c2
Event: 8.883 Thread 0x0000025b86497480 DEOPT PACKING pc=0x0000025baf7009d4 sp=0x00000073a96fe0e0
Event: 8.883 Thread 0x0000025b86497480 DEOPT UNPACKING pc=0x0000025baed53aa2 sp=0x00000073a96fe068 mode 2
Event: 8.898 Thread 0x0000025b86497480 DEOPT PACKING pc=0x0000025ba8612920 sp=0x00000073a96fe0d0
Event: 8.898 Thread 0x0000025b86497480 DEOPT UNPACKING pc=0x0000025baed54242 sp=0x00000073a96fd5d8 mode 3
Event: 8.899 Thread 0x0000025b86497480 Uncommon trap: trap_request=0xffffff45 fr.pc=0x0000025baf3581c4 relative=0x0000000000000184
Event: 8.899 Thread 0x0000025b86497480 Uncommon trap: reason=unstable_if action=reinterpret pc=0x0000025baf3581c4 method=java.util.concurrent.ConcurrentHashMap.get(Ljava/lang/Object;)Ljava/lang/Object; @ 152 c2
Event: 8.899 Thread 0x0000025b86497480 DEOPT PACKING pc=0x0000025baf3581c4 sp=0x00000073a96fdf80
Event: 8.899 Thread 0x0000025b86497480 DEOPT UNPACKING pc=0x0000025baed53aa2 sp=0x00000073a96fdee8 mode 2
Event: 8.938 Thread 0x0000025bfec37250 Uncommon trap: trap_request=0xffffff45 fr.pc=0x0000025baf30b5ec relative=0x000000000000016c
Event: 8.938 Thread 0x0000025bfec37250 Uncommon trap: reason=unstable_if action=reinterpret pc=0x0000025baf30b5ec method=org.eclipse.jdt.internal.core.util.WeakHashSet.cleanupGarbageCollectedValues()V @ 140 c2
Event: 8.938 Thread 0x0000025bfec37250 DEOPT PACKING pc=0x0000025baf30b5ec sp=0x00000073a61fec80
Event: 8.938 Thread 0x0000025bfec37250 DEOPT UNPACKING pc=0x0000025baed53aa2 sp=0x00000073a61fec00 mode 2
Event: 8.940 Thread 0x0000025bfec36bc0 Uncommon trap: trap_request=0xffffff45 fr.pc=0x0000025baf70aee4 relative=0x00000000000004c4
Event: 8.940 Thread 0x0000025bfec36bc0 Uncommon trap: reason=unstable_if action=reinterpret pc=0x0000025baf70aee4 method=org.eclipse.jdt.internal.compiler.parser.Scanner.internalScanIdentifierOrKeyword(II[C)Lorg/eclipse/jdt/internal/compiler/parser/TerminalToken; @ 2993 c2
Event: 8.940 Thread 0x0000025bfec36bc0 DEOPT PACKING pc=0x0000025baf70aee4 sp=0x00000073a62fe7e0
Event: 8.940 Thread 0x0000025bfec36bc0 DEOPT UNPACKING pc=0x0000025baed53aa2 sp=0x00000073a62fe770 mode 2
Event: 8.955 Thread 0x0000025bfec36bc0 DEOPT PACKING pc=0x0000025ba870fbb4 sp=0x00000073a62fea50
Event: 8.955 Thread 0x0000025bfec36bc0 DEOPT UNPACKING pc=0x0000025baed54242 sp=0x00000073a62fdfb8 mode 0

Classes loaded (20 events):
Event: 8.235 Loading class java/util/Collections$SynchronizedRandomAccessList
Event: 8.236 Loading class java/util/Collections$SynchronizedList
Event: 8.236 Loading class java/util/Collections$SynchronizedList done
Event: 8.236 Loading class java/util/Collections$SynchronizedRandomAccessList done
Event: 8.262 Loading class java/util/concurrent/CompletableFuture$Signaller
Event: 8.262 Loading class java/util/concurrent/CompletableFuture$Signaller done
Event: 8.346 Loading class java/nio/charset/CharacterCodingException
Event: 8.346 Loading class java/nio/charset/CharacterCodingException done
Event: 8.346 Loading class java/io/SequenceInputStream
Event: 8.346 Loading class java/io/SequenceInputStream done
Event: 8.369 Loading class java/util/WeakHashMap$KeyIterator
Event: 8.369 Loading class java/util/WeakHashMap$KeyIterator done
Event: 8.395 Loading class java/lang/UnsupportedClassVersionError
Event: 8.395 Loading class java/lang/UnsupportedClassVersionError done
Event: 8.870 Loading class javax/xml/transform/TransformerConfigurationException
Event: 8.870 Loading class javax/xml/transform/TransformerConfigurationException done
Event: 8.900 Loading class java/util/concurrent/ForkJoinTask$AdaptedCallable
Event: 8.900 Loading class java/util/concurrent/ForkJoinTask$AdaptedCallable done
Event: 8.905 Loading class java/util/Hashtable$KeySet
Event: 8.905 Loading class java/util/Hashtable$KeySet done

Classes unloaded (11 events):
Event: 3.719 Thread 0x0000025ba4564980 Unloading class 0x0000025bbc1acc00 'java/lang/invoke/LambdaForm$MH+0x0000025bbc1acc00'
Event: 3.719 Thread 0x0000025ba4564980 Unloading class 0x0000025bbc1ac800 'java/lang/invoke/LambdaForm$MH+0x0000025bbc1ac800'
Event: 3.719 Thread 0x0000025ba4564980 Unloading class 0x0000025bbc1ac400 'java/lang/invoke/LambdaForm$MH+0x0000025bbc1ac400'
Event: 3.719 Thread 0x0000025ba4564980 Unloading class 0x0000025bbc1ac000 'java/lang/invoke/LambdaForm$MH+0x0000025bbc1ac000'
Event: 3.719 Thread 0x0000025ba4564980 Unloading class 0x0000025bbc1abc00 'java/lang/invoke/LambdaForm$BMH+0x0000025bbc1abc00'
Event: 3.719 Thread 0x0000025ba4564980 Unloading class 0x0000025bbc1ab800 'java/lang/invoke/LambdaForm$DMH+0x0000025bbc1ab800'
Event: 3.719 Thread 0x0000025ba4564980 Unloading class 0x0000025bbc1aa400 'java/lang/invoke/LambdaForm$DMH+0x0000025bbc1aa400'
Event: 8.454 Thread 0x0000025ba4564980 Unloading class 0x0000025bbc696c00 'java/lang/invoke/LambdaForm$DMH+0x0000025bbc696c00'
Event: 8.454 Thread 0x0000025ba4564980 Unloading class 0x0000025bbc696800 'java/lang/invoke/LambdaForm$DMH+0x0000025bbc696800'
Event: 8.454 Thread 0x0000025ba4564980 Unloading class 0x0000025bbc696400 'java/lang/invoke/LambdaForm$DMH+0x0000025bbc696400'
Event: 8.454 Thread 0x0000025ba4564980 Unloading class 0x0000025bbc696000 'java/lang/invoke/LambdaForm$DMH+0x0000025bbc696000'

Classes redefined (0 events):
No events

Internal exceptions (20 events):
Event: 8.919 Thread 0x0000025b86493970 Exception <a 'sun/nio/fs/WindowsException'{0x00000000d66c7b80}> (0x00000000d66c7b80) 
thrown [s\src\hotspot\share\prims\jni.cpp, line 520]
Event: 8.919 Thread 0x0000025b86493970 Exception <a 'sun/nio/fs/WindowsException'{0x00000000d66c8548}> (0x00000000d66c8548) 
thrown [s\src\hotspot\share\prims\jni.cpp, line 520]
Event: 8.921 Thread 0x0000025b86493970 Exception <a 'sun/nio/fs/WindowsException'{0x00000000d66c9708}> (0x00000000d66c9708) 
thrown [s\src\hotspot\share\prims\jni.cpp, line 520]
Event: 8.921 Thread 0x0000025b86493970 Exception <a 'sun/nio/fs/WindowsException'{0x00000000d66ca0d0}> (0x00000000d66ca0d0) 
thrown [s\src\hotspot\share\prims\jni.cpp, line 520]
Event: 8.928 Thread 0x0000025b86493970 Exception <a 'java/io/FileNotFoundException'{0x00000000d5581298}> (0x00000000d5581298) 
thrown [s\src\hotspot\share\prims\jni.cpp, line 520]
Event: 8.928 Thread 0x0000025b86493970 Exception <a 'java/io/FileNotFoundException'{0x00000000d55822c8}> (0x00000000d55822c8) 
thrown [s\src\hotspot\share\prims\jni.cpp, line 520]
Event: 8.933 Thread 0x0000025b86493970 Exception <a 'sun/nio/fs/WindowsException'{0x00000000d56f3b98}> (0x00000000d56f3b98) 
thrown [s\src\hotspot\share\prims\jni.cpp, line 520]
Event: 8.933 Thread 0x0000025b86493970 Exception <a 'sun/nio/fs/WindowsException'{0x00000000d56f4560}> (0x00000000d56f4560) 
thrown [s\src\hotspot\share\prims\jni.cpp, line 520]
Event: 8.933 Thread 0x0000025b86493970 Exception <a 'sun/nio/fs/WindowsException'{0x00000000d56f56f8}> (0x00000000d56f56f8) 
thrown [s\src\hotspot\share\prims\jni.cpp, line 520]
Event: 8.933 Thread 0x0000025b86493970 Exception <a 'sun/nio/fs/WindowsException'{0x00000000d56f5e10}> (0x00000000d56f5e10) 
thrown [s\src\hotspot\share\prims\jni.cpp, line 520]
Event: 8.935 Thread 0x0000025bfec37250 Exception <a 'sun/nio/fs/WindowsException'{0x00000000d57543d8}> (0x00000000d57543d8) 
thrown [s\src\hotspot\share\prims\jni.cpp, line 520]
Event: 8.935 Thread 0x0000025bfec37250 Exception <a 'sun/nio/fs/WindowsException'{0x00000000d5754af0}> (0x00000000d5754af0) 
thrown [s\src\hotspot\share\prims\jni.cpp, line 520]
Event: 8.935 Thread 0x0000025bfec37250 Exception <a 'sun/nio/fs/WindowsException'{0x00000000d5755a00}> (0x00000000d5755a00) 
thrown [s\src\hotspot\share\prims\jni.cpp, line 520]
Event: 8.935 Thread 0x0000025bfec37250 Exception <a 'sun/nio/fs/WindowsException'{0x00000000d5756118}> (0x00000000d5756118) 
thrown [s\src\hotspot\share\prims\jni.cpp, line 520]
Event: 8.936 Thread 0x0000025bfec37250 Exception <a 'sun/nio/fs/WindowsException'{0x00000000d577e438}> (0x00000000d577e438) 
thrown [s\src\hotspot\share\prims\jni.cpp, line 520]
Event: 8.936 Thread 0x0000025bfec37250 Exception <a 'sun/nio/fs/WindowsException'{0x00000000d577eb50}> (0x00000000d577eb50) 
thrown [s\src\hotspot\share\prims\jni.cpp, line 520]
Event: 8.936 Thread 0x0000025bfec37250 Exception <a 'sun/nio/fs/WindowsException'{0x00000000d577fa38}> (0x00000000d577fa38) 
thrown [s\src\hotspot\share\prims\jni.cpp, line 520]
Event: 8.936 Thread 0x0000025bfec37250 Exception <a 'sun/nio/fs/WindowsException'{0x00000000d5780150}> (0x00000000d5780150) 
thrown [s\src\hotspot\share\prims\jni.cpp, line 520]
Event: 8.966 Thread 0x0000025bfec37250 Exception <a 'java/lang/NoSuchMethodError'{0x00000000d5a2a068}: 'java.lang.Object java.lang.invoke.DirectMethodHandle$Holder.invokeStatic(java.lang.Object, java.lang.Object, int, java.lang.Object)'> (0x00000000d5a2a068) 
thrown [s\src\hotspot\share\interpreter\linkResolver.cpp, line 773]
Event: 8.967 Thread 0x0000025bfec37250 Exception <a 'java/lang/NoSuchMethodError'{0x00000000d5a30a38}: 'java.lang.Object java.lang.invoke.DirectMethodHandle$Holder.newInvokeSpecial(java.lang.Object, java.lang.Object, int)'> (0x00000000d5a30a38) 
thrown [s\src\hotspot\share\interpreter\linkResolver.cpp, line 773]

ZGC Phase Switch (0 events):
No events

VM Operations (20 events):
Event: 8.399 Executing non-safepoint VM operation: HandshakeAllThreads (Deoptimize) done
Event: 8.438 Executing non-safepoint VM operation: HandshakeAllThreads (Deoptimize)
Event: 8.438 Executing non-safepoint VM operation: HandshakeAllThreads (Deoptimize) done
Event: 8.440 Executing safepoint VM operation: CollectForMetadataAllocation (Metadata GC Threshold)
Event: 8.495 Executing safepoint VM operation: CollectForMetadataAllocation (Metadata GC Threshold) done
Event: 8.714 Executing safepoint VM operation: ICBufferFull
Event: 8.714 Executing safepoint VM operation: ICBufferFull done
Event: 8.733 Executing safepoint VM operation: ParallelGCFailedAllocation (Allocation Failure)
Event: 8.735 Executing safepoint VM operation: ParallelGCFailedAllocation (Allocation Failure) done
Event: 8.780 Executing non-safepoint VM operation: HandshakeAllThreads (Deoptimize)
Event: 8.781 Executing non-safepoint VM operation: HandshakeAllThreads (Deoptimize) done
Event: 8.782 Executing non-safepoint VM operation: HandshakeAllThreads (Deoptimize)
Event: 8.782 Executing non-safepoint VM operation: HandshakeAllThreads (Deoptimize) done
Event: 8.898 Executing non-safepoint VM operation: HandshakeAllThreads (Deoptimize)
Event: 8.898 Executing non-safepoint VM operation: HandshakeAllThreads (Deoptimize) done
Event: 8.924 Executing safepoint VM operation: ParallelGCFailedAllocation (Allocation Failure)
Event: 8.927 Executing safepoint VM operation: ParallelGCFailedAllocation (Allocation Failure) done
Event: 8.952 Executing non-safepoint VM operation: HandshakeAllThreads (Deoptimize)
Event: 8.952 Executing non-safepoint VM operation: HandshakeAllThreads (Deoptimize) done
Event: 9.958 Executing safepoint VM operation: Cleanup

Memory protections (0 events):
No events

Nmethod flushes (20 events):
Event: 8.463 Thread 0x0000025ba4564980 flushing  nmethod 0x0000025ba800b690
Event: 8.463 Thread 0x0000025ba4564980 flushing  nmethod 0x0000025ba8017090
Event: 8.463 Thread 0x0000025ba4564980 flushing  nmethod 0x0000025ba8017f90
Event: 8.463 Thread 0x0000025ba4564980 flushing  nmethod 0x0000025ba8018310
Event: 8.463 Thread 0x0000025ba4564980 flushing  nmethod 0x0000025ba8018910
Event: 8.463 Thread 0x0000025ba4564980 flushing  nmethod 0x0000025ba801a310
Event: 8.463 Thread 0x0000025ba4564980 flushing  nmethod 0x0000025ba801ab90
Event: 8.463 Thread 0x0000025ba4564980 flushing  nmethod 0x0000025ba803b310
Event: 8.463 Thread 0x0000025ba4564980 flushing  nmethod 0x0000025ba8052a90
Event: 8.463 Thread 0x0000025ba4564980 flushing  nmethod 0x0000025ba8055910
Event: 8.463 Thread 0x0000025ba4564980 flushing  nmethod 0x0000025ba8056010
Event: 8.463 Thread 0x0000025ba4564980 flushing  nmethod 0x0000025ba8056f10
Event: 8.463 Thread 0x0000025ba4564980 flushing  nmethod 0x0000025ba805a810
Event: 8.463 Thread 0x0000025ba4564980 flushing  nmethod 0x0000025ba805b910
Event: 8.463 Thread 0x0000025ba4564980 flushing  nmethod 0x0000025ba805bd90
Event: 8.463 Thread 0x0000025ba4564980 flushing  nmethod 0x0000025ba805d910
Event: 8.463 Thread 0x0000025ba4564980 flushing  nmethod 0x0000025ba8069210
Event: 8.463 Thread 0x0000025ba4564980 flushing  nmethod 0x0000025ba807bc90
Event: 8.463 Thread 0x0000025ba4564980 flushing  nmethod 0x0000025ba809e590
Event: 8.463 Thread 0x0000025ba4564980 flushing  nmethod 0x0000025ba80ed190

Events (20 events):
Event: 5.741 Thread 0x0000025b84772f40 Thread added: 0x0000025b8e1d21e0
Event: 5.748 Thread 0x0000025b84772f40 Thread added: 0x0000025b8e1d2f00
Event: 5.748 Thread 0x0000025b84772f40 Thread added: 0x0000025b8e1d3590
Event: 5.748 Thread 0x0000025b84772f40 Thread added: 0x0000025b86491210
Event: 5.775 Thread 0x0000025b84772f40 Thread added: 0x0000025b864925c0
Event: 5.778 Thread 0x0000025b84772f40 Thread added: 0x0000025b8648fe60
Event: 5.805 Thread 0x0000025bfec36bc0 Thread added: 0x0000025b864918a0
Event: 6.994 Thread 0x0000025b84772f40 Thread added: 0x0000025b86491f30
Event: 7.072 Thread 0x0000025bfec35ea0 Thread added: 0x0000025b864932e0
Event: 7.148 Thread 0x0000025b864932e0 Thread exited: 0x0000025b864932e0
Event: 7.169 Thread 0x0000025b84775d30 Thread added: 0x0000025b864932e0
Event: 7.173 Thread 0x0000025b84775d30 Thread added: 0x0000025b86493970
Event: 7.174 Thread 0x0000025b84775d30 Thread added: 0x0000025b86490b80
Event: 7.174 Thread 0x0000025b84775d30 Thread added: 0x0000025b864904f0
Event: 7.175 Thread 0x0000025b864904f0 Thread added: 0x0000025b86496760
Event: 7.175 Thread 0x0000025b86496760 Thread added: 0x0000025b86496df0
Event: 7.176 Thread 0x0000025b86496df0 Thread added: 0x0000025b86497480
Event: 7.177 Thread 0x0000025b86497480 Thread added: 0x0000025b864960d0
Event: 7.178 Thread 0x0000025b864960d0 Thread added: 0x0000025b86494000
Event: 7.179 Thread 0x0000025b86494000 Thread added: 0x0000025b864953b0


Dynamic libraries:
0x00007ff675ef0000 - 0x00007ff675efe000 	c:\Users\admin\.vscode\extensions\redhat.java-1.54.0-win32-x64\jre\21.0.10-win32-x86_64\bin\java.exe
0x00007ffc3c620000 - 0x00007ffc3c887000 	C:\Windows\SYSTEM32\ntdll.dll
0x00007ffc3b560000 - 0x00007ffc3b629000 	C:\Windows\System32\KERNEL32.DLL
0x00007ffc39e40000 - 0x00007ffc3a237000 	C:\Windows\System32\KERNELBASE.dll
0x00007ffc39ab0000 - 0x00007ffc39bfb000 	C:\Windows\System32\ucrtbase.dll
0x00007ffc22dd0000 - 0x00007ffc22de8000 	c:\Users\admin\.vscode\extensions\redhat.java-1.54.0-win32-x64\jre\21.0.10-win32-x86_64\bin\jli.dll
0x00007ffc23700000 - 0x00007ffc2371e000 	c:\Users\admin\.vscode\extensions\redhat.java-1.54.0-win32-x64\jre\21.0.10-win32-x86_64\bin\VCRUNTIME140.dll
0x00007ffc3b790000 - 0x00007ffc3b956000 	C:\Windows\System32\USER32.dll
0x00007ffc38250000 - 0x00007ffc384e2000 	C:\Windows\WinSxS\amd64_microsoft.windows.common-controls_6595b64144ccf1df_6.0.26100.8328_none_3e08182ce334b678\COMCTL32.dll
0x00007ffc39c00000 - 0x00007ffc39c27000 	C:\Windows\System32\win32u.dll
0x00007ffc3bb40000 - 0x00007ffc3bb6b000 	C:\Windows\System32\GDI32.dll
0x00007ffc3ad00000 - 0x00007ffc3ada9000 	C:\Windows\System32\msvcrt.dll
0x00007ffc39050000 - 0x00007ffc3917c000 	C:\Windows\System32\gdi32full.dll
0x00007ffc3a240000 - 0x00007ffc3a2e3000 	C:\Windows\System32\msvcp_win.dll
0x00007ffc3b210000 - 0x00007ffc3b242000 	C:\Windows\System32\IMM32.DLL
0x00007ffc32ef0000 - 0x00007ffc32efc000 	c:\Users\admin\.vscode\extensions\redhat.java-1.54.0-win32-x64\jre\21.0.10-win32-x86_64\bin\vcruntime140_1.dll
0x00007ffbfa690000 - 0x00007ffbfa71d000 	c:\Users\admin\.vscode\extensions\redhat.java-1.54.0-win32-x64\jre\21.0.10-win32-x86_64\bin\msvcp140.dll
0x00007ffbce110000 - 0x00007ffbceeb1000 	c:\Users\admin\.vscode\extensions\redhat.java-1.54.0-win32-x64\jre\21.0.10-win32-x86_64\bin\server\jvm.dll
0x00007ffc3bc50000 - 0x00007ffc3bd06000 	C:\Windows\System32\ADVAPI32.dll
0x00007ffc3ac50000 - 0x00007ffc3acf7000 	C:\Windows\System32\sechost.dll
0x00007ffc3a3a0000 - 0x00007ffc3a4b8000 	C:\Windows\System32\RPCRT4.dll
0x00007ffc3c550000 - 0x00007ffc3c5d0000 	C:\Windows\System32\WS2_32.dll
0x00007ffc2d580000 - 0x00007ffc2d5b6000 	C:\Windows\SYSTEM32\WINMM.dll
0x00007ffc38eb0000 - 0x00007ffc38f0e000 	C:\Windows\SYSTEM32\POWRPROF.dll
0x00007ffc1bc70000 - 0x00007ffc1bc7b000 	C:\Windows\SYSTEM32\VERSION.dll
0x00007ffc38e90000 - 0x00007ffc38ea4000 	C:\Windows\SYSTEM32\UMPDC.dll
0x00007ffc374b0000 - 0x00007ffc374cb000 	C:\Windows\SYSTEM32\kernel.appcore.dll
0x00007ffc30c70000 - 0x00007ffc30c7a000 	c:\Users\admin\.vscode\extensions\redhat.java-1.54.0-win32-x64\jre\21.0.10-win32-x86_64\bin\jimage.dll
0x00007ffc38800000 - 0x00007ffc38a42000 	C:\Windows\SYSTEM32\DBGHELP.DLL
0x00007ffc3ae80000 - 0x00007ffc3b203000 	C:\Windows\System32\combase.dll
0x00007ffc3b2a0000 - 0x00007ffc3b379000 	C:\Windows\System32\OLEAUT32.dll
0x00007ffc386f0000 - 0x00007ffc3872b000 	C:\Windows\SYSTEM32\dbgcore.DLL
0x00007ffc3a2f0000 - 0x00007ffc3a398000 	C:\Windows\System32\bcryptPrimitives.dll
0x00007ffc30c10000 - 0x00007ffc30c1f000 	c:\Users\admin\.vscode\extensions\redhat.java-1.54.0-win32-x64\jre\21.0.10-win32-x86_64\bin\instrument.dll
0x00007ffc22d70000 - 0x00007ffc22d90000 	c:\Users\admin\.vscode\extensions\redhat.java-1.54.0-win32-x64\jre\21.0.10-win32-x86_64\bin\java.dll
0x00007ffc3a4c0000 - 0x00007ffc3ac2e000 	C:\Windows\System32\SHELL32.dll
0x00007ffc39240000 - 0x00007ffc39aac000 	C:\Windows\System32\windows.storage.dll
0x00007ffc3beb0000 - 0x00007ffc3bfa6000 	C:\Windows\System32\SHCORE.dll
0x00007ffc3ae10000 - 0x00007ffc3ae76000 	C:\Windows\System32\shlwapi.dll
0x00007ffc38f70000 - 0x00007ffc38f99000 	C:\Windows\SYSTEM32\profapi.dll
0x00007ffc16c70000 - 0x00007ffc16c88000 	c:\Users\admin\.vscode\extensions\redhat.java-1.54.0-win32-x64\jre\21.0.10-win32-x86_64\bin\zip.dll
0x00007ffc2c320000 - 0x00007ffc2c330000 	C:\Users\admin\.vscode\extensions\redhat.java-1.54.0-win32-x64\jre\21.0.10-win32-x86_64\bin\net.dll
0x00007ffc26c70000 - 0x00007ffc26d99000 	C:\Windows\SYSTEM32\WINHTTP.dll
0x00007ffc37a40000 - 0x00007ffc37aac000 	C:\Windows\system32\mswsock.dll
0x00007ffc1c430000 - 0x00007ffc1c446000 	C:\Users\admin\.vscode\extensions\redhat.java-1.54.0-win32-x64\jre\21.0.10-win32-x86_64\bin\nio.dll
0x00007ffc246a0000 - 0x00007ffc246b0000 	c:\Users\admin\.vscode\extensions\redhat.java-1.54.0-win32-x64\jre\21.0.10-win32-x86_64\bin\verify.dll
0x00007ffc05ed0000 - 0x00007ffc05f15000 	C:\Users\admin\AppData\Roaming\Code\User\globalStorage\redhat.java\1.54.0\config_win\org.eclipse.equinox.launcher\org.eclipse.equinox.launcher.win32.win32.x86_64_1.3.0.v20260203-2149\eclipse_11919.dll
0x00007ffc3bd10000 - 0x00007ffc3bea7000 	C:\Windows\System32\ole32.dll
0x00007ffc38b70000 - 0x00007ffc38b8b000 	C:\Windows\SYSTEM32\CRYPTSP.dll
0x00007ffc375d0000 - 0x00007ffc37609000 	C:\Windows\system32\rsaenh.dll
0x00007ffc37af0000 - 0x00007ffc37b23000 	C:\Windows\SYSTEM32\USERENV.dll
0x00007ffc38f40000 - 0x00007ffc38f6a000 	C:\Windows\SYSTEM32\bcrypt.dll
0x00007ffc37f30000 - 0x00007ffc37f3c000 	C:\Windows\SYSTEM32\CRYPTBASE.dll
0x00007ffc36f70000 - 0x00007ffc36fa2000 	C:\Windows\SYSTEM32\IPHLPAPI.DLL
0x00007ffc3c540000 - 0x00007ffc3c54a000 	C:\Windows\System32\NSI.dll
0x00007ffc05bd0000 - 0x00007ffc05c19000 	C:\Users\admin\AppData\Local\Temp\jna-92668751\jna5386021035509219011.dll
0x00007ffc3bc10000 - 0x00007ffc3bc18000 	C:\Windows\System32\PSAPI.DLL
0x00007ffc2f720000 - 0x00007ffc2f73d000 	C:\Windows\SYSTEM32\dhcpcsvc6.DLL
0x00007ffc2f6f0000 - 0x00007ffc2f715000 	C:\Windows\SYSTEM32\dhcpcsvc.DLL
0x00007ffc387c0000 - 0x00007ffc387f6000 	C:\Windows\SYSTEM32\ntmarta.dll

JVMTI agents:
c:\Users\admin\.vscode\extensions\redhat.java-1.54.0-win32-x64\lombok\lombok-1.18.39-4050.jar path:c:\Users\admin\.vscode\extensions\redhat.java-1.54.0-win32-x64\jre\21.0.10-win32-x86_64\bin\instrument.dll, loaded, initialized, instrumentlib options:none

dbghelp: loaded successfully - version: 4.0.5 - missing functions: none
symbol engine: initialized successfully - sym options: 0x614 - pdb path: .;c:\Users\admin\.vscode\extensions\redhat.java-1.54.0-win32-x64\jre\21.0.10-win32-x86_64\bin;C:\Windows\SYSTEM32;C:\Windows\WinSxS\amd64_microsoft.windows.common-controls_6595b64144ccf1df_6.0.26100.8328_none_3e08182ce334b678;c:\Users\admin\.vscode\extensions\redhat.java-1.54.0-win32-x64\jre\21.0.10-win32-x86_64\bin\server;C:\Users\admin\AppData\Roaming\Code\User\globalStorage\redhat.java\1.54.0\config_win\org.eclipse.equinox.launcher\org.eclipse.equinox.launcher.win32.win32.x86_64_1.3.0.v20260203-2149;C:\Users\admin\AppData\Local\Temp\jna-92668751

VM Arguments:
jvm_args: --add-modules=ALL-SYSTEM --add-opens=java.base/java.util=ALL-UNNAMED --add-opens=java.base/java.lang=ALL-UNNAMED --add-opens=java.base/sun.nio.fs=ALL-UNNAMED -Declipse.application=org.eclipse.jdt.ls.core.id1 -Dosgi.bundles.defaultStartLevel=4 -Declipse.product=org.eclipse.jdt.ls.core.product -Djava.import.generatesMetadataFilesAtProjectRoot=false -DDetectVMInstallationsJob.disabled=true -Dfile.encoding=utf8 -XX:+UseParallelGC -XX:GCTimeRatio=4 -XX:AdaptiveSizePolicyWeight=90 -Dsun.zip.disableMemoryMapping=true -Xmx2G -Xms100m -Xlog:disable -javaagent:c:\Users\admin\.vscode\extensions\redhat.java-1.54.0-win32-x64\lombok\lombok-1.18.39-4050.jar -XX:+HeapDumpOnOutOfMemoryError -XX:HeapDumpPath=c:\Users\admin\AppData\Roaming\Code\User\workspaceStorage\456ccaf14a017f0ce220ea57303d7a3b\redhat.java -Daether.dependencyCollector.impl=bf 
java_command: c:\Users\admin\.vscode\extensions\redhat.java-1.54.0-win32-x64\server\plugins\org.eclipse.equinox.launcher_1.7.100.v20251111-0406.jar -configuration c:\Users\admin\AppData\Roaming\Code\User\globalStorage\redhat.java\1.54.0\config_win -data c:\Users\admin\AppData\Roaming\Code\User\workspaceStorage\456ccaf14a017f0ce220ea57303d7a3b\redhat.java\jdt_ws --pipe=\\.\pipe\lsp-d1b1505c47b25ddc4aea4cd4e3370425-sock
java_class_path (initial): c:\Users\admin\.vscode\extensions\redhat.java-1.54.0-win32-x64\server\plugins\org.eclipse.equinox.launcher_1.7.100.v20251111-0406.jar
Launcher Type: SUN_STANDARD

[Global flags]
    uintx AdaptiveSizePolicyWeight                 = 90                                        {product} {command line}
     intx CICompilerCount                          = 4                                         {product} {ergonomic}
    uintx GCTimeRatio                              = 4                                         {product} {command line}
     bool HeapDumpOnOutOfMemoryError               = true                                   {manageable} {command line}
    ccstr HeapDumpPath                             = c:\Users\admin\AppData\Roaming\Code\User\workspaceStorage\456ccaf14a017f0ce220ea57303d7a3b\redhat.java         {manageable} {command line}
   size_t InitialHeapSize                          = 104857600                                 {product} {command line}
   size_t MaxHeapSize                              = 2147483648                                {product} {command line}
   size_t MaxNewSize                               = 715653120                                 {product} {ergonomic}
   size_t MinHeapDeltaBytes                        = 524288                                    {product} {ergonomic}
   size_t MinHeapSize                              = 104857600                                 {product} {command line}
   size_t NewSize                                  = 34603008                                  {product} {ergonomic}
    uintx NonNMethodCodeHeapSize                   = 5839372                                {pd product} {ergonomic}
    uintx NonProfiledCodeHeapSize                  = 122909434                              {pd product} {ergonomic}
   size_t OldSize                                  = 70254592                                  {product} {ergonomic}
    uintx ProfiledCodeHeapSize                     = 122909434                              {pd product} {ergonomic}
    uintx ReservedCodeCacheSize                    = 251658240                              {pd product} {ergonomic}
     bool SegmentedCodeCache                       = true                                      {product} {ergonomic}
   size_t SoftMaxHeapSize                          = 2147483648                             {manageable} {ergonomic}
     bool UseCompressedOops                        = true                           {product lp64_product} {ergonomic}
     bool UseLargePagesIndividualAllocation        = false                                  {pd product} {ergonomic}
     bool UseParallelGC                            = true                                      {product} {command line}

Logging:
Log output configuration:
 #0: stdout all=off uptime,level,tags foldmultilines=false
 #1: stderr all=off uptime,level,tags foldmultilines=false

Release file:
JAVA_VERSION="21.0.10" 
MODULES="java.base java.compiler java.datatransfer java.xml java.prefs java.desktop java.instrument java.logging java.management java.security.sasl java.naming java.rmi java.management.rmi java.net.http java.scripting java.security.jgss java.transaction.xa java.sql java.sql.rowset java.xml.crypto java.se java.smartcardio jdk.accessibility jdk.internal.jvmstat jdk.attach jdk.charsets jdk.internal.opt jdk.zipfs jdk.compiler jdk.crypto.ec jdk.crypto.cryptoki jdk.crypto.mscapi jdk.dynalink jdk.internal.ed jdk.editpad jdk.hotspot.agent jdk.httpserver jdk.internal.le jdk.internal.vm.ci jdk.internal.vm.compiler jdk.internal.vm.compiler.management jdk.jartool jdk.javadoc jdk.jcmd jdk.management jdk.management.agent jdk.jconsole jdk.jdeps jdk.jdwp.agent jdk.jdi jdk.jfr jdk.jshell jdk.jsobject jdk.jstatd jdk.localedata jdk.management.jfr jdk.naming.dns jdk.naming.rmi jdk.net jdk.nio.mapmode jdk.random jdk.sctp jdk.security.auth jdk.security.jgss jdk.unsupported jdk.unsupported.desktop jdk.xml.dom" 

Environment Variables:
JAVA_HOME=C:\Program Files\Eclipse Adoptium\jdk-17.0.18.8-hotspot\
PATH=C:\Users\admin\AppData\Local\Programs\Microsoft VS Code;C:\Program Files\Common Files\Oracle\Java\javapath;C:\Program Files\Eclipse Adoptium\jdk-17.0.18.8-hotspot\bin;C:\Windows\system32;C:\Windows;C:\Windows\System32\Wbem;C:\Windows\System32\WindowsPowerShell\v1.0\;C:\Windows\System32\OpenSSH\;C:\Program Files\dotnet\;C:\Program Files\Git\cmd;C:\Users\admin\AppData\Local\Microsoft\WindowsApps;C:\Users\admin\AppData\Local\Programs\Microsoft VS Code\bin;C:\Users\admin\AppData\Local\GitHubDesktop\bin
USERNAME=admin
OS=Windows_NT
PROCESSOR_IDENTIFIER=Intel64 Family 6 Model 186 Stepping 2, GenuineIntel
TMP=C:\Users\admin\AppData\Local\Temp
TEMP=C:\Users\admin\AppData\Local\Temp




Periodic native trim disabled

---------------  S Y S T E M  ---------------

OS:
 Windows 11 , 64 bit Build 26100 (10.0.26100.8328)
OS uptime: 0 days 22:49 hours
Hyper-V role detected

CPU: total 12 (initial active 12) (6 cores per cpu, 2 threads per core) family 6 model 186 stepping 2 microcode 0x4122, cx8, cmov, fxsr, ht, mmx, 3dnowpref, sse, sse2, sse3, ssse3, sse4.1, sse4.2, popcnt, lzcnt, tsc, tscinvbit, avx, avx2, aes, erms, clmul, bmi1, bmi2, adx, sha, fma, vzeroupper, clflush, clflushopt, clwb, hv, serialize, rdtscp, rdpid, fsrm, f16c, cet_ibt, cet_ss
Processor Information for processor 0
  Max Mhz: 2100, Current Mhz: 2100, Mhz Limit: 2100
Processor Information for processor 1
  Max Mhz: 2100, Current Mhz: 2100, Mhz Limit: 2100
Processor Information for processor 2
  Max Mhz: 2100, Current Mhz: 2100, Mhz Limit: 2100
Processor Information for processor 3
  Max Mhz: 2100, Current Mhz: 2100, Mhz Limit: 2100
Processor Information for processor 4
  Max Mhz: 2100, Current Mhz: 2100, Mhz Limit: 2100
Processor Information for processor 5
  Max Mhz: 2100, Current Mhz: 2100, Mhz Limit: 2100
Processor Information for processor 6
  Max Mhz: 2100, Current Mhz: 2100, Mhz Limit: 2100
Processor Information for processor 7
  Max Mhz: 2100, Current Mhz: 2100, Mhz Limit: 2100
Processor Information for processor 8
  Max Mhz: 2100, Current Mhz: 1500, Mhz Limit: 1491
Processor Information for processor 9
  Max Mhz: 2100, Current Mhz: 1500, Mhz Limit: 1491
Processor Information for processor 10
  Max Mhz: 2100, Current Mhz: 1500, Mhz Limit: 1491
Processor Information for processor 11
  Max Mhz: 2100, Current Mhz: 1500, Mhz Limit: 1491

Memory: 4k page, system-wide physical 16009M (3124M free)
TotalPageFile size 65161M (AvailPageFile size 19M)
current process WorkingSet (physical memory assigned to process): 293M, peak: 308M
current process commit charge ("private bytes"): 393M, peak: 409M

vm_info: OpenJDK 64-Bit Server VM (21.0.10+7-LTS) for windows-amd64 JRE (21.0.10+7-LTS), built on 2026-01-20T00:00:00Z by "admin" with MS VC++ 17.12 (VS2022)

END.
