#
# There is insufficient memory for the Java Runtime Environment to continue.
# Native memory allocation (malloc) failed to allocate 1191536 bytes. Error detail: Chunk::new
# Possible reasons:
#   The system is out of physical RAM or swap space
#   This process is running with CompressedOops enabled, and the Java Heap may be blocking the growth of the native heap
# Possible solutions:
#   Reduce memory load on the system
#   Increase physical memory or swap space
#   Check if swap backing store is full
#   Decrease Java heap size (-Xmx/-Xms)
#   Decrease number of Java threads
#   Decrease Java thread stack sizes (-Xss)
#   Set larger code cache with -XX:ReservedCodeCacheSize=
#   JVM is running with Unscaled Compressed Oops mode in which the Java heap is
#     placed in the first 4GB address space. The Java Heap base address is the
#     maximum limit for the native heap growth. Please use -XX:HeapBaseMinAddress
#     to set the Java Heap base and to place the Java Heap above 4GB virtual address.
# This output file may be truncated or incomplete.
#
#  Out of Memory Error (arena.cpp:168), pid=6440, tid=20040
#
# JRE version: OpenJDK Runtime Environment Temurin-21.0.10+7 (21.0.10+7) (build 21.0.10+7-LTS)
# Java VM: OpenJDK 64-Bit Server VM Temurin-21.0.10+7 (21.0.10+7-LTS, mixed mode, sharing, tiered, compressed oops, compressed class ptrs, parallel gc, windows-amd64)
# No core dump will be written. Minidumps are not enabled by default on client versions of Windows
#

---------------  S U M M A R Y ------------

Command Line: --add-modules=ALL-SYSTEM --add-opens=java.base/java.util=ALL-UNNAMED --add-opens=java.base/java.lang=ALL-UNNAMED --add-opens=java.base/sun.nio.fs=ALL-UNNAMED -Declipse.application=org.eclipse.jdt.ls.core.id1 -Dosgi.bundles.defaultStartLevel=4 -Declipse.product=org.eclipse.jdt.ls.core.product -Djava.import.generatesMetadataFilesAtProjectRoot=false -DDetectVMInstallationsJob.disabled=true -Dfile.encoding=utf8 -XX:+UseParallelGC -XX:GCTimeRatio=4 -XX:AdaptiveSizePolicyWeight=90 -Dsun.zip.disableMemoryMapping=true -Xmx2G -Xms100m -Xlog:disable -javaagent:c:\Users\admin\.vscode\extensions\redhat.java-1.54.0-win32-x64\lombok\lombok-1.18.39-4050.jar -XX:+HeapDumpOnOutOfMemoryError -XX:HeapDumpPath=c:\Users\admin\AppData\Roaming\Code\User\workspaceStorage\456ccaf14a017f0ce220ea57303d7a3b\redhat.java -Daether.dependencyCollector.impl=bf c:\Users\admin\.vscode\extensions\redhat.java-1.54.0-win32-x64\server\plugins\org.eclipse.equinox.launcher_1.7.100.v20251111-0406.jar -configuration c:\Users\admin\AppData\Roaming\Code\User\globalStorage\redhat.java\1.54.0\config_win -data c:\Users\admin\AppData\Roaming\Code\User\workspaceStorage\456ccaf14a017f0ce220ea57303d7a3b\redhat.java\jdt_ws --pipe=\\.\pipe\lsp-73b6a6a3c4f37988265dbad3bdf67948-sock

Host: 13th Gen Intel(R) Core(TM) i5-13420H, 12 cores, 15G,  Windows 11 , 64 bit Build 26100 (10.0.26100.8328)
Time: Sun May 10 16:47:15 2026 SE Asia Standard Time elapsed time: 16.517010 seconds (0d 0h 0m 16s)

---------------  T H R E A D  ---------------

Current thread (0x000001e9a4c52c30):  JavaThread "C2 CompilerThread0" daemon [_thread_in_native, id=20040, stack(0x0000004541b00000,0x0000004541c00000) (1024K)]


Current CompileTask:
C2:16517 7202       4       org.eclipse.jdt.internal.compiler.parser.Parser::consumeRule (7843 bytes)

Stack: [0x0000004541b00000,0x0000004541c00000]
Native frames: (J=compiled Java code, j=interpreted, Vv=VM code, C=native code)
V  [jvm.dll+0x6d7a39]
V  [jvm.dll+0x8b4b26]
V  [jvm.dll+0x8b70de]
V  [jvm.dll+0x8b77c3]
V  [jvm.dll+0x284346]
V  [jvm.dll+0xc66ed]
V  [jvm.dll+0xc6c31]
V  [jvm.dll+0x3bec01]
V  [jvm.dll+0x38b162]
V  [jvm.dll+0x38a5aa]
V  [jvm.dll+0x24c560]
V  [jvm.dll+0x24bb40]
V  [jvm.dll+0x1cb34e]
V  [jvm.dll+0x25b85d]
V  [jvm.dll+0x259dea]
V  [jvm.dll+0x3f857e]
V  [jvm.dll+0x85f59d]
V  [jvm.dll+0x6d626d]
C  [ucrtbase.dll+0x37b0]
C  [KERNEL32.DLL+0x2e957]
C  [ntdll.dll+0x427c]


---------------  P R O C E S S  ---------------

Threads class SMR info:
_java_thread_list=0x000001e9868aaea0, length=54, elements={
0x000001e9a4b9bf70, 0x000001e9a4c41400, 0x000001e9a4b4e0a0, 0x000001e9a4c46b60,
0x000001e9a4c49830, 0x000001e9a4c4bfc0, 0x000001e9a4c4daf0, 0x000001e9a4c52c30,
0x000001e9a4c5b710, 0x000001e9fdc45eb0, 0x000001e9fea61700, 0x000001e9fee5c400,
0x000001e984230fa0, 0x000001e9fedfcb20, 0x000001e9fdd44af0, 0x000001e98485d8b0,
0x000001e984326740, 0x000001e984aef7b0, 0x000001e984893600, 0x000001e9ff0ba9e0,
0x000001e9841cae90, 0x000001e9841cc240, 0x000001e9841cb520, 0x000001e9841ca170,
0x000001e9841cc8d0, 0x000001e9841cbbb0, 0x000001e9841c9450, 0x000001e9841c9ae0,
0x000001e985863560, 0x000001e985865630, 0x000001e985865cc0, 0x000001e985864910,
0x000001e985866350, 0x000001e985863bf0, 0x000001e985862ed0, 0x000001e985864280,
0x000001e985864fa0, 0x000001e985748440, 0x000001e98574bf50, 0x000001e98574aba0,
0x000001e98574b8c0, 0x000001e985749e80, 0x000001e98574a510, 0x000001e98574b230,
0x000001e985748ad0, 0x000001e98574c5e0, 0x000001e985749160, 0x000001e98574cc70,
0x000001e98574d990, 0x000001e98574d300, 0x000001e98574e020, 0x000001e98574e6b0,
0x000001e98574ed40, 0x000001e98445bad0
}

Java Threads: ( => current thread )
  0x000001e9a4b9bf70 JavaThread "main"                              [_thread_blocked, id=24904, stack(0x0000004541100000,0x0000004541200000) (1024K)]
  0x000001e9a4c41400 JavaThread "Reference Handler"          daemon [_thread_blocked, id=3392, stack(0x0000004541500000,0x0000004541600000) (1024K)]
  0x000001e9a4b4e0a0 JavaThread "Finalizer"                  daemon [_thread_blocked, id=8832, stack(0x0000004541600000,0x0000004541700000) (1024K)]
  0x000001e9a4c46b60 JavaThread "Signal Dispatcher"          daemon [_thread_blocked, id=25820, stack(0x0000004541700000,0x0000004541800000) (1024K)]
  0x000001e9a4c49830 JavaThread "Attach Listener"            daemon [_thread_blocked, id=5156, stack(0x0000004541800000,0x0000004541900000) (1024K)]
  0x000001e9a4c4bfc0 JavaThread "Service Thread"             daemon [_thread_blocked, id=24056, stack(0x0000004541900000,0x0000004541a00000) (1024K)]
  0x000001e9a4c4daf0 JavaThread "Monitor Deflation Thread"   daemon [_thread_blocked, id=25044, stack(0x0000004541a00000,0x0000004541b00000) (1024K)]
=>0x000001e9a4c52c30 JavaThread "C2 CompilerThread0"         daemon [_thread_in_native, id=20040, stack(0x0000004541b00000,0x0000004541c00000) (1024K)]
  0x000001e9a4c5b710 JavaThread "C1 CompilerThread0"         daemon [_thread_blocked, id=25776, stack(0x0000004541c00000,0x0000004541d00000) (1024K)]
  0x000001e9fdc45eb0 JavaThread "Common-Cleaner"             daemon [_thread_blocked, id=23680, stack(0x0000004541e00000,0x0000004541f00000) (1024K)]
  0x000001e9fea61700 JavaThread "Notification Thread"        daemon [_thread_blocked, id=24852, stack(0x0000004541f00000,0x0000004542000000) (1024K)]
  0x000001e9fee5c400 JavaThread "Active Thread: Equinox Container: 992ba88b-50b6-4d7a-938f-741a9930192c"        [_thread_blocked, id=23436, stack(0x0000004542700000,0x0000004542800000) (1024K)]
  0x000001e984230fa0 JavaThread "Refresh Thread: Equinox Container: 992ba88b-50b6-4d7a-938f-741a9930192c" daemon [_thread_blocked, id=2060, stack(0x0000004542900000,0x0000004542a00000) (1024K)]
  0x000001e9fedfcb20 JavaThread "Framework Event Dispatcher: Equinox Container: 992ba88b-50b6-4d7a-938f-741a9930192c" daemon [_thread_blocked, id=1728, stack(0x0000004542a00000,0x0000004542b00000) (1024K)]
  0x000001e9fdd44af0 JavaThread "Start Level: Equinox Container: 992ba88b-50b6-4d7a-938f-741a9930192c" daemon [_thread_blocked, id=26588, stack(0x0000004542b00000,0x0000004542c00000) (1024K)]
  0x000001e98485d8b0 JavaThread "Bundle File Closer"         daemon [_thread_blocked, id=18500, stack(0x0000004542e00000,0x0000004542f00000) (1024K)]
  0x000001e984326740 JavaThread "SCR Component Actor"        daemon [_thread_blocked, id=21900, stack(0x0000004541d00000,0x0000004541e00000) (1024K)]
  0x000001e984aef7b0 JavaThread "Worker-JM"                         [_thread_blocked, id=6844, stack(0x0000004543000000,0x0000004543100000) (1024K)]
  0x000001e984893600 JavaThread "JNA Cleaner"                daemon [_thread_blocked, id=10648, stack(0x0000004542f00000,0x0000004543000000) (1024K)]
  0x000001e9ff0ba9e0 JavaThread "Worker-0: Initialize After Load"        [_thread_blocked, id=6180, stack(0x0000004543100000,0x0000004543200000) (1024K)]
  0x000001e9841cae90 JavaThread "Worker-1: Java indexing... "        [_thread_blocked, id=5148, stack(0x0000004543200000,0x0000004543300000) (1024K)]
  0x000001e9841cc240 JavaThread "Worker-2: Building"                [_thread_blocked, id=15864, stack(0x0000004543300000,0x0000004543400000) (1024K)]
  0x000001e9841cb520 JavaThread "Java indexing"              daemon [_thread_in_Java, id=17880, stack(0x0000004543500000,0x0000004543600000) (1024K)]
  0x000001e9841ca170 JavaThread "Worker-3"                          [_thread_blocked, id=24476, stack(0x0000004543800000,0x0000004543900000) (1024K)]
  0x000001e9841cc8d0 JavaThread "Worker-4: Updating Maven Dependencies"        [_thread_blocked, id=24112, stack(0x0000004543900000,0x0000004543a00000) (1024K)]
  0x000001e9841cbbb0 JavaThread "Worker-5"                          [_thread_blocked, id=12612, stack(0x0000004543a00000,0x0000004543b00000) (1024K)]
  0x000001e9841c9450 JavaThread "Worker-6"                          [_thread_blocked, id=10668, stack(0x0000004543b00000,0x0000004543c00000) (1024K)]
  0x000001e9841c9ae0 JavaThread "Thread-1"                   daemon [_thread_in_native, id=25848, stack(0x0000004543c00000,0x0000004543d00000) (1024K)]
  0x000001e985863560 JavaThread "Thread-2"                   daemon [_thread_in_native, id=19992, stack(0x0000004543d00000,0x0000004543e00000) (1024K)]
  0x000001e985865630 JavaThread "Thread-3"                   daemon [_thread_in_native, id=18956, stack(0x0000004543e00000,0x0000004543f00000) (1024K)]
  0x000001e985865cc0 JavaThread "Thread-4"                   daemon [_thread_in_native, id=12860, stack(0x0000004543f00000,0x0000004544000000) (1024K)]
  0x000001e985864910 JavaThread "Thread-5"                   daemon [_thread_in_native, id=3536, stack(0x0000004544000000,0x0000004544100000) (1024K)]
  0x000001e985866350 JavaThread "Thread-6"                   daemon [_thread_in_native, id=16276, stack(0x0000004544100000,0x0000004544200000) (1024K)]
  0x000001e985863bf0 JavaThread "Thread-7"                   daemon [_thread_in_native, id=21076, stack(0x0000004544200000,0x0000004544300000) (1024K)]
  0x000001e985862ed0 JavaThread "Thread-8"                   daemon [_thread_in_native, id=14460, stack(0x0000004544300000,0x0000004544400000) (1024K)]
  0x000001e985864280 JavaThread "Thread-9"                   daemon [_thread_in_native, id=3912, stack(0x0000004544400000,0x0000004544500000) (1024K)]
  0x000001e985864fa0 JavaThread "Thread-10"                  daemon [_thread_in_native, id=8552, stack(0x0000004544500000,0x0000004544600000) (1024K)]
  0x000001e985748440 JavaThread "Thread-11"                  daemon [_thread_in_native, id=9912, stack(0x0000004544600000,0x0000004544700000) (1024K)]
  0x000001e98574bf50 JavaThread "Thread-12"                  daemon [_thread_in_native, id=15892, stack(0x0000004544700000,0x0000004544800000) (1024K)]
  0x000001e98574aba0 JavaThread "Thread-13"                  daemon [_thread_in_native, id=10236, stack(0x0000004544800000,0x0000004544900000) (1024K)]
  0x000001e98574b8c0 JavaThread "pool-2-thread-1"                   [_thread_blocked, id=3156, stack(0x0000004544900000,0x0000004544a00000) (1024K)]
  0x000001e985749e80 JavaThread "WorkspaceEventsHandler"            [_thread_blocked, id=23620, stack(0x0000004544a00000,0x0000004544b00000) (1024K)]
  0x000001e98574a510 JavaThread "pool-1-thread-1"                   [_thread_blocked, id=3196, stack(0x0000004544b00000,0x0000004544c00000) (1024K)]
  0x000001e98574b230 JavaThread "Compiler Source File Reader" daemon [_thread_blocked, id=4148, stack(0x0000004544c00000,0x0000004544d00000) (1024K)]
  0x000001e985748ad0 JavaThread "Compiler Source File Reader" daemon [_thread_blocked, id=23524, stack(0x0000004544d00000,0x0000004544e00000) (1024K)]
  0x000001e98574c5e0 JavaThread "Compiler Source File Reader" daemon [_thread_blocked, id=25416, stack(0x0000004544e00000,0x0000004544f00000) (1024K)]
  0x000001e985749160 JavaThread "Compiler Source File Reader" daemon [_thread_blocked, id=11892, stack(0x0000004544f00000,0x0000004545000000) (1024K)]
  0x000001e98574cc70 JavaThread "Compiler Source File Reader" daemon [_thread_blocked, id=20920, stack(0x0000004545000000,0x0000004545100000) (1024K)]
  0x000001e98574d990 JavaThread "Compiler Source File Reader" daemon [_thread_blocked, id=20108, stack(0x0000004545100000,0x0000004545200000) (1024K)]
  0x000001e98574d300 JavaThread "Compiler Source File Reader" daemon [_thread_blocked, id=13316, stack(0x0000004545200000,0x0000004545300000) (1024K)]
  0x000001e98574e020 JavaThread "Compiler Source File Reader" daemon [_thread_blocked, id=7652, stack(0x0000004545300000,0x0000004545400000) (1024K)]
  0x000001e98574e6b0 JavaThread "Compiler Source File Reader" daemon [_thread_blocked, id=24240, stack(0x0000004545400000,0x0000004545500000) (1024K)]
  0x000001e98574ed40 JavaThread "Compiler Processing Task"   daemon [_thread_in_vm, id=24036, stack(0x0000004545500000,0x0000004545600000) (1024K)]
  0x000001e98445bad0 JavaThread "C2 CompilerThread1"         daemon [_thread_in_vm, id=6808, stack(0x0000004542000000,0x0000004542100000) (1024K)]
Total: 54

Other Threads:
  0x000001e9a4c3ec10 VMThread "VM Thread"                           [id=15628, stack(0x0000004541400000,0x0000004541500000) (1024K)]
  0x000001e9a4a2ca10 WatcherThread "VM Periodic Task Thread"        [id=11752, stack(0x0000004541300000,0x0000004541400000) (1024K)]
  0x000001e9a4bba950 WorkerThread "GC Thread#0"                     [id=24816, stack(0x0000004541200000,0x0000004541300000) (1024K)]
  0x000001e9fee36a40 WorkerThread "GC Thread#1"                     [id=9828, stack(0x0000004542100000,0x0000004542200000) (1024K)]
  0x000001e9feeb60c0 WorkerThread "GC Thread#2"                     [id=22600, stack(0x0000004542200000,0x0000004542300000) (1024K)]
  0x000001e9fea390f0 WorkerThread "GC Thread#3"                     [id=17272, stack(0x0000004542300000,0x0000004542400000) (1024K)]
  0x000001e9feded030 WorkerThread "GC Thread#4"                     [id=26248, stack(0x0000004542400000,0x0000004542500000) (1024K)]
  0x000001e9feded3e0 WorkerThread "GC Thread#5"                     [id=23888, stack(0x0000004542500000,0x0000004542600000) (1024K)]
  0x000001e9fef8fa20 WorkerThread "GC Thread#6"                     [id=14316, stack(0x0000004542600000,0x0000004542700000) (1024K)]
  0x000001e9feec5590 WorkerThread "GC Thread#7"                     [id=25272, stack(0x0000004542800000,0x0000004542900000) (1024K)]
  0x000001e98453f310 WorkerThread "GC Thread#8"                     [id=7028, stack(0x0000004542c00000,0x0000004542d00000) (1024K)]
  0x000001e98453f6c0 WorkerThread "GC Thread#9"                     [id=14016, stack(0x0000004542d00000,0x0000004542e00000) (1024K)]
Total: 12

Threads with active compile tasks:
C2 CompilerThread0  16572 7202       4       org.eclipse.jdt.internal.compiler.parser.Parser::consumeRule (7843 bytes)
C2 CompilerThread1  16572 7312       4       java.lang.invoke.DirectMethodHandle$Holder::newInvokeSpecial (24 bytes)
Total: 2

VM state: not at safepoint (normal execution)

VM Mutex/Monitor currently owned by a thread: None

Heap address: 0x0000000080000000, size: 2048 MB, Compressed Oops mode: 32-bit

CDS archive(s) mapped at: [0x000001e9bc000000-0x000001e9bcba0000-0x000001e9bcba0000), size 12189696, SharedBaseAddress: 0x000001e9bc000000, ArchiveRelocationMode: 1.
Compressed class space mapped at: 0x000001e9bd000000-0x000001e9fd000000, reserved size: 1073741824
Narrow klass base: 0x000001e9bc000000, Narrow klass shift: 0, Narrow klass range: 0x100000000

GC Precious Log:
 CardTable entry size: 512
 CPUs: 12 total, 12 available
 Memory: 16009M
 Large Page Support: Disabled
 NUMA Support: Disabled
 Compressed Oops: Enabled (32-bit)
 Alignments: Space 512K, Generation 512K, Heap 2M
 Heap Min Capacity: 100M
 Heap Initial Capacity: 100M
 Heap Max Capacity: 2G
 Pre-touch: Disabled
 Parallel Workers: 10

Heap:
 PSYoungGen      total 22016K, used 3984K [0x00000000d5580000, 0x00000000d6d00000, 0x0000000100000000)
  eden space 20992K, 14% used [0x00000000d5580000,0x00000000d586c2d0,0x00000000d6a00000)
  from space 1024K, 96% used [0x00000000d6b00000,0x00000000d6bf8010,0x00000000d6c00000)
  to   space 1024K, 0% used [0x00000000d6c00000,0x00000000d6c00000,0x00000000d6d00000)
 ParOldGen       total 68608K, used 40340K [0x0000000080000000, 0x0000000084300000, 0x00000000d5580000)
  object space 68608K, 58% used [0x0000000080000000,0x00000000827652e8,0x0000000084300000)
 Metaspace       used 53784K, committed 54976K, reserved 1114112K
  class space    used 5787K, committed 6272K, reserved 1048576K

Card table byte_map: [0x000001e9a4540000,0x000001e9a4950000] _byte_map_base: 0x000001e9a4140000

Marking Bits: (ParMarkBitMap*) 0x00007ffbcedd3450
 Begin Bits: [0x000001e9b7050000, 0x000001e9b9050000)
 End Bits:   [0x000001e9b9050000, 0x000001e9bb050000)

Polling page: 0x000001e9a29b0000

Metaspace:

Usage:
  Non-class:     46.87 MB used.
      Class:      5.65 MB used.
       Both:     52.52 MB used.

Virtual space:
  Non-class space:       64.00 MB reserved,      47.56 MB ( 74%) committed,  1 nodes.
      Class space:        1.00 GB reserved,       6.12 MB ( <1%) committed,  1 nodes.
             Both:        1.06 GB reserved,      53.69 MB (  5%) committed. 

Chunk freelists:
   Non-Class:  304.00 KB
       Class:  9.82 MB
        Both:  10.12 MB

MaxMetaspaceSize: unlimited
CompressedClassSpaceSize: 1.00 GB
Initial GC threshold: 21.00 MB
Current GC threshold: 58.38 MB
CDS: on
 - commit_granule_bytes: 65536.
 - commit_granule_words: 8192.
 - virtual_space_node_default_size: 8388608.
 - enlarge_chunks_in_place: 1.
 - use_allocation_guard: 0.


Internal statistics:

num_allocs_failed_limit: 8.
num_arena_births: 896.
num_arena_deaths: 22.
num_vsnodes_births: 2.
num_vsnodes_deaths: 0.
num_space_committed: 859.
num_space_uncommitted: 0.
num_chunks_returned_to_freelist: 34.
num_chunks_taken_from_freelist: 3425.
num_chunk_merges: 14.
num_chunk_splits: 2063.
num_chunks_enlarged: 1093.
num_inconsistent_stats: 0.

CodeHeap 'non-profiled nmethods': size=120000Kb used=4495Kb max_used=4495Kb free=115504Kb
 bounds [0x000001e9af870000, 0x000001e9afce0000, 0x000001e9b6da0000]
CodeHeap 'profiled nmethods': size=120000Kb used=15014Kb max_used=15014Kb free=104986Kb
 bounds [0x000001e9a7da0000, 0x000001e9a8c50000, 0x000001e9af2d0000]
CodeHeap 'non-nmethods': size=5760Kb used=1405Kb max_used=1447Kb free=4355Kb
 bounds [0x000001e9af2d0000, 0x000001e9af540000, 0x000001e9af870000]
CodeCache: size=245760Kb, used=20914Kb, max_used=20956Kb, free=224845Kb
 total_blobs=7460, nmethods=6748, adapters=618, full_count=0
Compilation: enabled, stopped_count=0, restarted_count=0

Compilation events (20 events):
Event: 15.498 Thread 0x000001e9a4c5b710 7267       1       lombok.eclipse.EclipseNode::getAst (5 bytes)
Event: 15.498 Thread 0x000001e9a4c5b710 nmethod 7267 0x000001e9afcd1210 code [0x000001e9afcd13a0, 0x000001e9afcd1468]
Event: 15.498 Thread 0x000001e9a4c5b710 7266       3       org.eclipse.jdt.internal.core.AbstractClassFile::<init> (11 bytes)
Event: 15.498 Thread 0x000001e9a4c5b710 nmethod 7266 0x000001e9a8c1cb10 code [0x000001e9a8c1cce0, 0x000001e9a8c1d0a0]
Event: 15.499 Thread 0x000001e9a4c5b710 7268       3       lombok.eclipse.EclipseAST::buildTree (182 bytes)
Event: 15.501 Thread 0x000001e9a4c5b710 nmethod 7268 0x000001e9a8c1d210 code [0x000001e9a8c1d5c0, 0x000001e9a8c1ec38]
Event: 15.501 Thread 0x000001e9a4c5b710 7270       3       java.lang.invoke.InvokerBytecodeGenerator::methodPrologue (29 bytes)
Event: 15.502 Thread 0x000001e9a4c5b710 nmethod 7270 0x000001e9a8c1f190 code [0x000001e9a8c1f360, 0x000001e9a8c1f608]
Event: 15.502 Thread 0x000001e9a4c5b710 7271       3       org.eclipse.jdt.internal.core.builder.ClasspathJrt::equals (81 bytes)
Event: 15.503 Thread 0x000001e9a4c5b710 nmethod 7271 0x000001e9a8c1f790 code [0x000001e9a8c1f9e0, 0x000001e9a8c202a8]
Event: 15.503 Thread 0x000001e9a4c5b710 7274       3       lombok.core.LombokImmutableList::copyOf (14 bytes)
Event: 15.504 Thread 0x000001e9a4c5b710 nmethod 7274 0x000001e9a8c20510 code [0x000001e9a8c206e0, 0x000001e9a8c209e0]
Event: 15.504 Thread 0x000001e9a4c5b710 7273   !   3       lombok.eclipse.EclipseAST::$SWITCH_TABLE$lombok$core$AST$Kind (157 bytes)
Event: 15.505 Thread 0x000001e9a4c5b710 nmethod 7273 0x000001e9a8c20b10 code [0x000001e9a8c20d20, 0x000001e9a8c213c0]
Event: 15.505 Thread 0x000001e9a4c5b710 7276       3       lombok.core.configuration.ConfigurationFile::hashCode (8 bytes)
Event: 15.505 Thread 0x000001e9a4c5b710 nmethod 7276 0x000001e9a8c21690 code [0x000001e9a8c21840, 0x000001e9a8c21980]
Event: 15.505 Thread 0x000001e9a4c5b710 7272       3       org.eclipse.jdt.internal.core.builder.ClasspathLocation::areAllModuleOptionsEqual (281 bytes)
Event: 15.507 Thread 0x000001e9a4c5b710 nmethod 7272 0x000001e9a8c21a90 code [0x000001e9a8c21e60, 0x000001e9a8c232f8]
Event: 15.507 Thread 0x000001e9a4c5b710 7275       1       lombok.eclipse.HandlerLibrary$VisitorContainer::getPriority (5 bytes)
Event: 15.507 Thread 0x000001e9a4c5b710 nmethod 7275 0x000001e9afcd1510 code [0x000001e9afcd16a0, 0x000001e9afcd1768]

GC Heap History (20 events):
Event: 9.454 GC heap before
{Heap before GC invocations=22 (full 2):
 PSYoungGen      total 23552K, used 23085K [0x00000000d5580000, 0x00000000d6f00000, 0x0000000100000000)
  eden space 20992K, 100% used [0x00000000d5580000,0x00000000d6a00000,0x00000000d6a00000)
  from space 2560K, 81% used [0x00000000d6a00000,0x00000000d6c0b6a0,0x00000000d6c80000)
  to   space 2560K, 0% used [0x00000000d6c80000,0x00000000d6c80000,0x00000000d6f00000)
 ParOldGen       total 68608K, used 29765K [0x0000000080000000, 0x0000000084300000, 0x00000000d5580000)
  object space 68608K, 43% used [0x0000000080000000,0x0000000081d11500,0x0000000084300000)
 Metaspace       used 38948K, committed 40128K, reserved 1114112K
  class space    used 4088K, committed 4608K, reserved 1048576K
}
Event: 9.460 GC heap after
{Heap after GC invocations=22 (full 2):
 PSYoungGen      total 23040K, used 1888K [0x00000000d5580000, 0x00000000d6e80000, 0x0000000100000000)
  eden space 20992K, 0% used [0x00000000d5580000,0x00000000d5580000,0x00000000d6a00000)
  from space 2048K, 92% used [0x00000000d6c80000,0x00000000d6e58010,0x00000000d6e80000)
  to   space 2048K, 0% used [0x00000000d6a80000,0x00000000d6a80000,0x00000000d6c80000)
 ParOldGen       total 68608K, used 31669K [0x0000000080000000, 0x0000000084300000, 0x00000000d5580000)
  object space 68608K, 46% used [0x0000000080000000,0x0000000081eed6a8,0x0000000084300000)
 Metaspace       used 38948K, committed 40128K, reserved 1114112K
  class space    used 4088K, committed 4608K, reserved 1048576K
}
Event: 9.866 GC heap before
{Heap before GC invocations=23 (full 2):
 PSYoungGen      total 23040K, used 22880K [0x00000000d5580000, 0x00000000d6e80000, 0x0000000100000000)
  eden space 20992K, 100% used [0x00000000d5580000,0x00000000d6a00000,0x00000000d6a00000)
  from space 2048K, 92% used [0x00000000d6c80000,0x00000000d6e58010,0x00000000d6e80000)
  to   space 2048K, 0% used [0x00000000d6a80000,0x00000000d6a80000,0x00000000d6c80000)
 ParOldGen       total 68608K, used 31669K [0x0000000080000000, 0x0000000084300000, 0x00000000d5580000)
  object space 68608K, 46% used [0x0000000080000000,0x0000000081eed6a8,0x0000000084300000)
 Metaspace       used 39516K, committed 40704K, reserved 1114112K
  class space    used 4143K, committed 4672K, reserved 1048576K
}
Event: 9.871 GC heap after
{Heap after GC invocations=23 (full 2):
 PSYoungGen      total 23040K, used 2022K [0x00000000d5580000, 0x00000000d7300000, 0x0000000100000000)
  eden space 20992K, 0% used [0x00000000d5580000,0x00000000d5580000,0x00000000d6a00000)
  from space 2048K, 98% used [0x00000000d6a80000,0x00000000d6c79898,0x00000000d6c80000)
  to   space 4608K, 0% used [0x00000000d6e80000,0x00000000d6e80000,0x00000000d7300000)
 ParOldGen       total 68608K, used 33596K [0x0000000080000000, 0x0000000084300000, 0x00000000d5580000)
  object space 68608K, 48% used [0x0000000080000000,0x00000000820cf308,0x0000000084300000)
 Metaspace       used 39516K, committed 40704K, reserved 1114112K
  class space    used 4143K, committed 4672K, reserved 1048576K
}
Event: 10.158 GC heap before
{Heap before GC invocations=24 (full 2):
 PSYoungGen      total 23040K, used 23014K [0x00000000d5580000, 0x00000000d7300000, 0x0000000100000000)
  eden space 20992K, 100% used [0x00000000d5580000,0x00000000d6a00000,0x00000000d6a00000)
  from space 2048K, 98% used [0x00000000d6a80000,0x00000000d6c79898,0x00000000d6c80000)
  to   space 4608K, 0% used [0x00000000d6e80000,0x00000000d6e80000,0x00000000d7300000)
 ParOldGen       total 68608K, used 33596K [0x0000000080000000, 0x0000000084300000, 0x00000000d5580000)
  object space 68608K, 48% used [0x0000000080000000,0x00000000820cf308,0x0000000084300000)
 Metaspace       used 41787K, committed 42944K, reserved 1114112K
  class space    used 4398K, committed 4928K, reserved 1048576K
}
Event: 10.163 GC heap after
{Heap after GC invocations=24 (full 2):
 PSYoungGen      total 22016K, used 752K [0x00000000d5580000, 0x00000000d6f80000, 0x0000000100000000)
  eden space 20992K, 0% used [0x00000000d5580000,0x00000000d5580000,0x00000000d6a00000)
  from space 1024K, 73% used [0x00000000d6e80000,0x00000000d6f3c010,0x00000000d6f80000)
  to   space 2048K, 0% used [0x00000000d6b80000,0x00000000d6b80000,0x00000000d6d80000)
 ParOldGen       total 68608K, used 35310K [0x0000000080000000, 0x0000000084300000, 0x00000000d5580000)
  object space 68608K, 51% used [0x0000000080000000,0x000000008227bab8,0x0000000084300000)
 Metaspace       used 41787K, committed 42944K, reserved 1114112K
  class space    used 4398K, committed 4928K, reserved 1048576K
}
Event: 10.727 GC heap before
{Heap before GC invocations=25 (full 2):
 PSYoungGen      total 22016K, used 21744K [0x00000000d5580000, 0x00000000d6f80000, 0x0000000100000000)
  eden space 20992K, 100% used [0x00000000d5580000,0x00000000d6a00000,0x00000000d6a00000)
  from space 1024K, 73% used [0x00000000d6e80000,0x00000000d6f3c010,0x00000000d6f80000)
  to   space 2048K, 0% used [0x00000000d6b80000,0x00000000d6b80000,0x00000000d6d80000)
 ParOldGen       total 68608K, used 35310K [0x0000000080000000, 0x0000000084300000, 0x00000000d5580000)
  object space 68608K, 51% used [0x0000000080000000,0x000000008227bab8,0x0000000084300000)
 Metaspace       used 44237K, committed 45376K, reserved 1114112K
  class space    used 4688K, committed 5184K, reserved 1048576K
}
Event: 10.731 GC heap after
{Heap after GC invocations=25 (full 2):
 PSYoungGen      total 23040K, used 1128K [0x00000000d5580000, 0x00000000d6f00000, 0x0000000100000000)
  eden space 20992K, 0% used [0x00000000d5580000,0x00000000d5580000,0x00000000d6a00000)
  from space 2048K, 55% used [0x00000000d6b80000,0x00000000d6c9a2f8,0x00000000d6d80000)
  to   space 1536K, 0% used [0x00000000d6d80000,0x00000000d6d80000,0x00000000d6f00000)
 ParOldGen       total 68608K, used 35833K [0x0000000080000000, 0x0000000084300000, 0x00000000d5580000)
  object space 68608K, 52% used [0x0000000080000000,0x00000000822fe7a8,0x0000000084300000)
 Metaspace       used 44237K, committed 45376K, reserved 1114112K
  class space    used 4688K, committed 5184K, reserved 1048576K
}
Event: 11.323 GC heap before
{Heap before GC invocations=26 (full 2):
 PSYoungGen      total 23040K, used 22120K [0x00000000d5580000, 0x00000000d6f00000, 0x0000000100000000)
  eden space 20992K, 100% used [0x00000000d5580000,0x00000000d6a00000,0x00000000d6a00000)
  from space 2048K, 55% used [0x00000000d6b80000,0x00000000d6c9a2f8,0x00000000d6d80000)
  to   space 1536K, 0% used [0x00000000d6d80000,0x00000000d6d80000,0x00000000d6f00000)
 ParOldGen       total 68608K, used 35833K [0x0000000080000000, 0x0000000084300000, 0x00000000d5580000)
  object space 68608K, 52% used [0x0000000080000000,0x00000000822fe7a8,0x0000000084300000)
 Metaspace       used 45250K, committed 46464K, reserved 1114112K
  class space    used 4800K, committed 5312K, reserved 1048576K
}
Event: 11.328 GC heap after
{Heap after GC invocations=26 (full 2):
 PSYoungGen      total 22528K, used 1522K [0x00000000d5580000, 0x00000000d6f00000, 0x0000000100000000)
  eden space 20992K, 0% used [0x00000000d5580000,0x00000000d5580000,0x00000000d6a00000)
  from space 1536K, 99% used [0x00000000d6d80000,0x00000000d6efcaf0,0x00000000d6f00000)
  to   space 2048K, 0% used [0x00000000d6b00000,0x00000000d6b00000,0x00000000d6d00000)
 ParOldGen       total 68608K, used 37116K [0x0000000080000000, 0x0000000084300000, 0x00000000d5580000)
  object space 68608K, 54% used [0x0000000080000000,0x000000008243f038,0x0000000084300000)
 Metaspace       used 45250K, committed 46464K, reserved 1114112K
  class space    used 4800K, committed 5312K, reserved 1048576K
}
Event: 11.599 GC heap before
{Heap before GC invocations=27 (full 2):
 PSYoungGen      total 22528K, used 22514K [0x00000000d5580000, 0x00000000d6f00000, 0x0000000100000000)
  eden space 20992K, 100% used [0x00000000d5580000,0x00000000d6a00000,0x00000000d6a00000)
  from space 1536K, 99% used [0x00000000d6d80000,0x00000000d6efcaf0,0x00000000d6f00000)
  to   space 2048K, 0% used [0x00000000d6b00000,0x00000000d6b00000,0x00000000d6d00000)
 ParOldGen       total 68608K, used 37116K [0x0000000080000000, 0x0000000084300000, 0x00000000d5580000)
  object space 68608K, 54% used [0x0000000080000000,0x000000008243f038,0x0000000084300000)
 Metaspace       used 45548K, committed 46656K, reserved 1114112K
  class space    used 4841K, committed 5312K, reserved 1048576K
}
Event: 11.601 GC heap after
{Heap after GC invocations=27 (full 2):
 PSYoungGen      total 22528K, used 1033K [0x00000000d5580000, 0x00000000d6e00000, 0x0000000100000000)
  eden space 20992K, 0% used [0x00000000d5580000,0x00000000d5580000,0x00000000d6a00000)
  from space 1536K, 67% used [0x00000000d6b00000,0x00000000d6c02740,0x00000000d6c80000)
  to   space 1536K, 0% used [0x00000000d6c80000,0x00000000d6c80000,0x00000000d6e00000)
 ParOldGen       total 68608K, used 37570K [0x0000000080000000, 0x0000000084300000, 0x00000000d5580000)
  object space 68608K, 54% used [0x0000000080000000,0x00000000824b0b60,0x0000000084300000)
 Metaspace       used 45548K, committed 46656K, reserved 1114112K
  class space    used 4841K, committed 5312K, reserved 1048576K
}
Event: 12.016 GC heap before
{Heap before GC invocations=28 (full 2):
 PSYoungGen      total 22528K, used 22025K [0x00000000d5580000, 0x00000000d6e00000, 0x0000000100000000)
  eden space 20992K, 100% used [0x00000000d5580000,0x00000000d6a00000,0x00000000d6a00000)
  from space 1536K, 67% used [0x00000000d6b00000,0x00000000d6c02740,0x00000000d6c80000)
  to   space 1536K, 0% used [0x00000000d6c80000,0x00000000d6c80000,0x00000000d6e00000)
 ParOldGen       total 68608K, used 37570K [0x0000000080000000, 0x0000000084300000, 0x00000000d5580000)
  object space 68608K, 54% used [0x0000000080000000,0x00000000824b0b60,0x0000000084300000)
 Metaspace       used 47942K, committed 49088K, reserved 1114112K
  class space    used 5077K, committed 5568K, reserved 1048576K
}
Event: 12.018 GC heap after
{Heap after GC invocations=28 (full 2):
 PSYoungGen      total 22528K, used 1055K [0x00000000d5580000, 0x00000000d6e00000, 0x0000000100000000)
  eden space 20992K, 0% used [0x00000000d5580000,0x00000000d5580000,0x00000000d6a00000)
  from space 1536K, 68% used [0x00000000d6c80000,0x00000000d6d87d08,0x00000000d6e00000)
  to   space 1536K, 0% used [0x00000000d6b00000,0x00000000d6b00000,0x00000000d6c80000)
 ParOldGen       total 68608K, used 37778K [0x0000000080000000, 0x0000000084300000, 0x00000000d5580000)
  object space 68608K, 55% used [0x0000000080000000,0x00000000824e4860,0x0000000084300000)
 Metaspace       used 47942K, committed 49088K, reserved 1114112K
  class space    used 5077K, committed 5568K, reserved 1048576K
}
Event: 12.446 GC heap before
{Heap before GC invocations=29 (full 2):
 PSYoungGen      total 22528K, used 22047K [0x00000000d5580000, 0x00000000d6e00000, 0x0000000100000000)
  eden space 20992K, 100% used [0x00000000d5580000,0x00000000d6a00000,0x00000000d6a00000)
  from space 1536K, 68% used [0x00000000d6c80000,0x00000000d6d87d08,0x00000000d6e00000)
  to   space 1536K, 0% used [0x00000000d6b00000,0x00000000d6b00000,0x00000000d6c80000)
 ParOldGen       total 68608K, used 37778K [0x0000000080000000, 0x0000000084300000, 0x00000000d5580000)
  object space 68608K, 55% used [0x0000000080000000,0x00000000824e4860,0x0000000084300000)
 Metaspace       used 49410K, committed 50624K, reserved 1114112K
  class space    used 5287K, committed 5824K, reserved 1048576K
}
Event: 12.449 GC heap after
{Heap after GC invocations=29 (full 2):
 PSYoungGen      total 22016K, used 960K [0x00000000d5580000, 0x00000000d6d00000, 0x0000000100000000)
  eden space 20992K, 0% used [0x00000000d5580000,0x00000000d5580000,0x00000000d6a00000)
  from space 1024K, 93% used [0x00000000d6b00000,0x00000000d6bf0020,0x00000000d6c00000)
  to   space 1024K, 0% used [0x00000000d6c00000,0x00000000d6c00000,0x00000000d6d00000)
 ParOldGen       total 68608K, used 38382K [0x0000000080000000, 0x0000000084300000, 0x00000000d5580000)
  object space 68608K, 55% used [0x0000000080000000,0x000000008257b890,0x0000000084300000)
 Metaspace       used 49410K, committed 50624K, reserved 1114112K
  class space    used 5287K, committed 5824K, reserved 1048576K
}
Event: 12.829 GC heap before
{Heap before GC invocations=30 (full 2):
 PSYoungGen      total 22016K, used 21952K [0x00000000d5580000, 0x00000000d6d00000, 0x0000000100000000)
  eden space 20992K, 100% used [0x00000000d5580000,0x00000000d6a00000,0x00000000d6a00000)
  from space 1024K, 93% used [0x00000000d6b00000,0x00000000d6bf0020,0x00000000d6c00000)
  to   space 1024K, 0% used [0x00000000d6c00000,0x00000000d6c00000,0x00000000d6d00000)
 ParOldGen       total 68608K, used 38382K [0x0000000080000000, 0x0000000084300000, 0x00000000d5580000)
  object space 68608K, 55% used [0x0000000080000000,0x000000008257b890,0x0000000084300000)
 Metaspace       used 51156K, committed 52288K, reserved 1114112K
  class space    used 5513K, committed 6016K, reserved 1048576K
}
Event: 12.832 GC heap after
{Heap after GC invocations=30 (full 2):
 PSYoungGen      total 22016K, used 853K [0x00000000d5580000, 0x00000000d6d00000, 0x0000000100000000)
  eden space 20992K, 0% used [0x00000000d5580000,0x00000000d5580000,0x00000000d6a00000)
  from space 1024K, 83% used [0x00000000d6c00000,0x00000000d6cd57e0,0x00000000d6d00000)
  to   space 1024K, 0% used [0x00000000d6b00000,0x00000000d6b00000,0x00000000d6c00000)
 ParOldGen       total 68608K, used 39145K [0x0000000080000000, 0x0000000084300000, 0x00000000d5580000)
  object space 68608K, 57% used [0x0000000080000000,0x000000008263a570,0x0000000084300000)
 Metaspace       used 51156K, committed 52288K, reserved 1114112K
  class space    used 5513K, committed 6016K, reserved 1048576K
}
Event: 13.461 GC heap before
{Heap before GC invocations=31 (full 2):
 PSYoungGen      total 22016K, used 21845K [0x00000000d5580000, 0x00000000d6d00000, 0x0000000100000000)
  eden space 20992K, 100% used [0x00000000d5580000,0x00000000d6a00000,0x00000000d6a00000)
  from space 1024K, 83% used [0x00000000d6c00000,0x00000000d6cd57e0,0x00000000d6d00000)
  to   space 1024K, 0% used [0x00000000d6b00000,0x00000000d6b00000,0x00000000d6c00000)
 ParOldGen       total 68608K, used 39145K [0x0000000080000000, 0x0000000084300000, 0x00000000d5580000)
  object space 68608K, 57% used [0x0000000080000000,0x000000008263a570,0x0000000084300000)
 Metaspace       used 53623K, committed 54848K, reserved 1114112K
  class space    used 5772K, committed 6272K, reserved 1048576K
}
Event: 15.482 GC heap after
{Heap after GC invocations=31 (full 2):
 PSYoungGen      total 22016K, used 992K [0x00000000d5580000, 0x00000000d6d00000, 0x0000000100000000)
  eden space 20992K, 0% used [0x00000000d5580000,0x00000000d5580000,0x00000000d6a00000)
  from space 1024K, 96% used [0x00000000d6b00000,0x00000000d6bf8010,0x00000000d6c00000)
  to   space 1024K, 0% used [0x00000000d6c00000,0x00000000d6c00000,0x00000000d6d00000)
 ParOldGen       total 68608K, used 40340K [0x0000000080000000, 0x0000000084300000, 0x00000000d5580000)
  object space 68608K, 58% used [0x0000000080000000,0x00000000827652e8,0x0000000084300000)
 Metaspace       used 53623K, committed 54848K, reserved 1114112K
  class space    used 5772K, committed 6272K, reserved 1048576K
}

Dll operation events (10 events):
Event: 0.007 Loaded shared library c:\Users\admin\.vscode\extensions\redhat.java-1.54.0-win32-x64\jre\21.0.10-win32-x86_64\bin\java.dll
Event: 0.047 Loaded shared library c:\Users\admin\.vscode\extensions\redhat.java-1.54.0-win32-x64\jre\21.0.10-win32-x86_64\bin\zip.dll
Event: 0.057 Loaded shared library C:\Users\admin\.vscode\extensions\redhat.java-1.54.0-win32-x64\jre\21.0.10-win32-x86_64\bin\instrument.dll
Event: 0.059 Loaded shared library C:\Users\admin\.vscode\extensions\redhat.java-1.54.0-win32-x64\jre\21.0.10-win32-x86_64\bin\net.dll
Event: 0.060 Loaded shared library C:\Users\admin\.vscode\extensions\redhat.java-1.54.0-win32-x64\jre\21.0.10-win32-x86_64\bin\nio.dll
Event: 0.061 Loaded shared library C:\Users\admin\.vscode\extensions\redhat.java-1.54.0-win32-x64\jre\21.0.10-win32-x86_64\bin\zip.dll
Event: 0.072 Loaded shared library C:\Users\admin\.vscode\extensions\redhat.java-1.54.0-win32-x64\jre\21.0.10-win32-x86_64\bin\jimage.dll
Event: 0.113 Loaded shared library c:\Users\admin\.vscode\extensions\redhat.java-1.54.0-win32-x64\jre\21.0.10-win32-x86_64\bin\verify.dll
Event: 0.660 Loaded shared library C:\Users\admin\AppData\Roaming\Code\User\globalStorage\redhat.java\1.54.0\config_win\org.eclipse.equinox.launcher\org.eclipse.equinox.launcher.win32.win32.x86_64_1.3.0.v20260203-2149\eclipse_11919.dll
Event: 3.441 Loaded shared library C:\Users\admin\AppData\Local\Temp\jna-92668751\jna17098955403866973741.dll

Deoptimization events (20 events):
Event: 13.315 Thread 0x000001e9841cbbb0 Uncommon trap: trap_request=0xffffff45 fr.pc=0x000001e9af948ccc relative=0x00000000000001ec
Event: 13.315 Thread 0x000001e9841cbbb0 Uncommon trap: reason=unstable_if action=reinterpret pc=0x000001e9af948ccc method=java.lang.invoke.VarHandle.accessModeType(I)Ljava/lang/invoke/MethodType; @ 26 c2
Event: 13.315 Thread 0x000001e9841cbbb0 DEOPT PACKING pc=0x000001e9af948ccc sp=0x0000004543afeed0
Event: 13.315 Thread 0x000001e9841cbbb0 DEOPT UNPACKING pc=0x000001e9af323aa2 sp=0x0000004543afedb0 mode 2
Event: 13.315 Thread 0x000001e9841cbbb0 Uncommon trap: trap_request=0xffffff45 fr.pc=0x000001e9af8b8780 relative=0x00000000000000c0
Event: 13.315 Thread 0x000001e9841cbbb0 Uncommon trap: reason=unstable_if action=reinterpret pc=0x000001e9af8b8780 method=jdk.internal.misc.Unsafe.convEndian(ZI)I @ 4 c2
Event: 13.315 Thread 0x000001e9841cbbb0 DEOPT PACKING pc=0x000001e9af8b8780 sp=0x0000004543afee70
Event: 13.315 Thread 0x000001e9841cbbb0 DEOPT UNPACKING pc=0x000001e9af323aa2 sp=0x0000004543afed08 mode 2
Event: 13.316 Thread 0x000001e9841cc240 Uncommon trap: trap_request=0xffffff45 fr.pc=0x000001e9afac39ec relative=0x000000000000030c
Event: 13.316 Thread 0x000001e9841cc240 Uncommon trap: reason=unstable_if action=reinterpret pc=0x000001e9afac39ec method=jdk.internal.jimage.ImageStringsReader.stringFromByteBufferMatches(Ljava/nio/ByteBuffer;ILjava/lang/String;I)I @ 59 c2
Event: 13.316 Thread 0x000001e9841cc240 DEOPT PACKING pc=0x000001e9afac39ec sp=0x00000045433fd600
Event: 13.316 Thread 0x000001e9841cc240 DEOPT UNPACKING pc=0x000001e9af323aa2 sp=0x00000045433fd578 mode 2
Event: 13.316 Thread 0x000001e9841cc240 Uncommon trap: trap_request=0xffffff45 fr.pc=0x000001e9af921cd8 relative=0x0000000000000858
Event: 13.316 Thread 0x000001e9841cc240 Uncommon trap: reason=unstable_if action=reinterpret pc=0x000001e9af921cd8 method=jdk.internal.jrtfs.JrtFileSystem.checkNode(Ljdk/internal/jrtfs/JrtPath;)Ljdk/internal/jimage/ImageReader$Node; @ 16 c2
Event: 13.316 Thread 0x000001e9841cc240 DEOPT PACKING pc=0x000001e9af921cd8 sp=0x00000045433fd8f0
Event: 13.316 Thread 0x000001e9841cc240 DEOPT UNPACKING pc=0x000001e9af323aa2 sp=0x00000045433fd900 mode 2
Event: 13.359 Thread 0x000001e9841cc240 Uncommon trap: trap_request=0xffffff6e fr.pc=0x000001e9afb8dd1c relative=0x00000000000003dc
Event: 13.359 Thread 0x000001e9841cc240 Uncommon trap: reason=loop_limit_check action=maybe_recompile pc=0x000001e9afb8dd1c method=org.eclipse.jdt.internal.compiler.classfmt.ClassFileStruct.utf8At(II)[C @ 143 c2
Event: 13.359 Thread 0x000001e9841cc240 DEOPT PACKING pc=0x000001e9afb8dd1c sp=0x00000045433fd9a0
Event: 13.359 Thread 0x000001e9841cc240 DEOPT UNPACKING pc=0x000001e9af323aa2 sp=0x00000045433fd938 mode 2

Classes loaded (20 events):
Event: 13.057 Loading class java/util/stream/Node$Builder$OfInt done
Event: 13.057 Loading class java/util/stream/Nodes$IntArrayNode
Event: 13.057 Loading class java/util/stream/Nodes$IntArrayNode done
Event: 13.057 Loading class java/util/stream/Nodes$IntFixedNodeBuilder done
Event: 13.057 Loading class java/util/stream/ReferencePipeline$4$1
Event: 13.057 Loading class java/util/stream/ReferencePipeline$4$1 done
Event: 13.233 Loading class java/util/regex/Pattern$Pos
Event: 13.234 Loading class java/util/regex/Pattern$Pos done
Event: 13.314 Loading class sun/security/provider/MD5
Event: 13.314 Loading class sun/security/provider/MD5 done
Event: 13.314 Loading class sun/security/provider/ByteArrayAccess$LE
Event: 13.315 Loading class sun/security/provider/ByteArrayAccess$LE done
Event: 13.319 Loading class java/util/stream/ReduceOps$4
Event: 13.319 Loading class java/util/stream/ReduceOps$4 done
Event: 13.319 Loading class java/util/stream/ReduceOps$4ReducingSink
Event: 13.320 Loading class java/util/stream/ReduceOps$4ReducingSink done
Event: 13.323 Loading class java/nio/file/Files$2
Event: 13.324 Loading class java/nio/file/Files$2 done
Event: 15.483 Loading class java/util/concurrent/ArrayBlockingQueue
Event: 15.485 Loading class java/util/concurrent/ArrayBlockingQueue done

Classes unloaded (11 events):
Event: 3.761 Thread 0x000001e9a4c3ec10 Unloading class 0x000001e9bd1acc00 'java/lang/invoke/LambdaForm$MH+0x000001e9bd1acc00'
Event: 3.761 Thread 0x000001e9a4c3ec10 Unloading class 0x000001e9bd1ac800 'java/lang/invoke/LambdaForm$MH+0x000001e9bd1ac800'
Event: 3.761 Thread 0x000001e9a4c3ec10 Unloading class 0x000001e9bd1ac400 'java/lang/invoke/LambdaForm$MH+0x000001e9bd1ac400'
Event: 3.761 Thread 0x000001e9a4c3ec10 Unloading class 0x000001e9bd1ac000 'java/lang/invoke/LambdaForm$MH+0x000001e9bd1ac000'
Event: 3.761 Thread 0x000001e9a4c3ec10 Unloading class 0x000001e9bd1abc00 'java/lang/invoke/LambdaForm$BMH+0x000001e9bd1abc00'
Event: 3.761 Thread 0x000001e9a4c3ec10 Unloading class 0x000001e9bd1ab800 'java/lang/invoke/LambdaForm$DMH+0x000001e9bd1ab800'
Event: 3.761 Thread 0x000001e9a4c3ec10 Unloading class 0x000001e9bd1aa400 'java/lang/invoke/LambdaForm$DMH+0x000001e9bd1aa400'
Event: 5.457 Thread 0x000001e9a4c3ec10 Unloading class 0x000001e9bd3c7400 'java/lang/invoke/LambdaForm$MH+0x000001e9bd3c7400'
Event: 5.457 Thread 0x000001e9a4c3ec10 Unloading class 0x000001e9bd3c6800 'java/lang/invoke/LambdaForm$MH+0x000001e9bd3c6800'
Event: 5.457 Thread 0x000001e9a4c3ec10 Unloading class 0x000001e9bd3c6000 'java/lang/invoke/LambdaForm$MH+0x000001e9bd3c6000'
Event: 5.457 Thread 0x000001e9a4c3ec10 Unloading class 0x000001e9bd3c4800 'java/lang/invoke/LambdaForm$MH+0x000001e9bd3c4800'

Classes redefined (0 events):
No events

Internal exceptions (20 events):
Event: 6.019 Thread 0x000001e9a4b9bf70 Exception <a 'java/lang/IncompatibleClassChangeError'{0x00000000d63341e0}: Found class java.lang.Object, but interface was expected> (0x00000000d63341e0) 
thrown [s\src\hotspot\share\interpreter\linkResolver.cpp, line 840]
Event: 6.066 Thread 0x000001e9841cc240 Exception <a 'java/io/FileNotFoundException'{0x00000000d6557140}> (0x00000000d6557140) 
thrown [s\src\hotspot\share\prims\jni.cpp, line 520]
Event: 6.068 Thread 0x000001e9841cc240 Exception <a 'java/io/FileNotFoundException'{0x00000000d65589c0}> (0x00000000d65589c0) 
thrown [s\src\hotspot\share\prims\jni.cpp, line 520]
Event: 6.079 Thread 0x000001e9841cc240 Exception <a 'java/lang/NoSuchMethodError'{0x00000000d65f67e8}: 'java.lang.Object java.lang.invoke.DirectMethodHandle$Holder.newInvokeSpecial(java.lang.Object, java.lang.Object, java.lang.Object, int)'> (0x00000000d65f67e8) 
thrown [s\src\hotspot\share\interpreter\linkResolver.cpp, line 773]
Event: 6.082 Thread 0x000001e9841cc240 Exception <a 'java/lang/NoSuchMethodError'{0x00000000d65fa710}: 'java.lang.Object java.lang.invoke.DirectMethodHandle$Holder.invokeSpecial(java.lang.Object, java.lang.Object, java.lang.Object, java.lang.Object, int)'> (0x00000000d65fa710) 
thrown [s\src\hotspot\share\interpreter\linkResolver.cpp, line 773]
Event: 6.084 Thread 0x000001e9841cc240 Exception <a 'java/lang/NoSuchMethodError'{0x00000000d65fde68}: 'java.lang.Object java.lang.invoke.Invokers$Holder.linkToTargetMethod(java.lang.Object, java.lang.Object, int, java.lang.Object)'> (0x00000000d65fde68) 
thrown [s\src\hotspot\share\interpreter\linkResolver.cpp, line 773]
Event: 6.089 Thread 0x000001e9841cc240 Exception <a 'java/lang/NoSuchMethodError'{0x00000000d660a338}: 'void java.lang.invoke.DirectMethodHandle$Holder.invokeStaticInit(java.lang.Object, java.lang.Object, java.lang.Object)'> (0x00000000d660a338) 
thrown [s\src\hotspot\share\interpreter\linkResolver.cpp, line 773]
Event: 8.877 Thread 0x000001e9841cc8d0 Exception <a 'java/lang/NoClassDefFoundError'{0x00000000d59e18d0}: javax/enterprise/inject/Typed> (0x00000000d59e18d0) 
thrown [s\src\hotspot\share\classfile\systemDictionary.cpp, line 301]
Event: 10.335 Thread 0x000001e9841cc240 Exception <a 'java/lang/NoSuchMethodError'{0x00000000d5c00288}: 'java.lang.Object java.lang.invoke.DirectMethodHandle$Holder.invokeVirtual(java.lang.Object, java.lang.Object, int)'> (0x00000000d5c00288) 
thrown [s\src\hotspot\share\interpreter\linkResolver.cpp, line 773]
Event: 10.336 Thread 0x000001e9841cc240 Implicit null exception at 0x000001e9afb36ca6 to 0x000001e9afb36f74
Event: 12.076 Thread 0x000001e9841cc8d0 Exception <a 'java/lang/ExceptionInInitializerError'{0x00000000d5762880}> (0x00000000d5762880) 
thrown [s\src\hotspot\share\oops\instanceKlass.cpp, line 1220]
Event: 12.120 Thread 0x000001e9841c9450 Exception <a 'sun/nio/fs/WindowsException'{0x00000000d5956218}> (0x00000000d5956218) 
thrown [s\src\hotspot\share\prims\jni.cpp, line 520]
Event: 12.131 Thread 0x000001e9841c9450 Exception <a 'java/io/FileNotFoundException'{0x00000000d5a3f368}> (0x00000000d5a3f368) 
thrown [s\src\hotspot\share\prims\jni.cpp, line 520]
Event: 12.132 Thread 0x000001e9841c9450 Exception <a 'java/io/FileNotFoundException'{0x00000000d5a40368}> (0x00000000d5a40368) 
thrown [s\src\hotspot\share\prims\jni.cpp, line 520]
Event: 12.132 Thread 0x000001e9841cc8d0 Implicit null exception at 0x000001e9af9bdbfe to 0x000001e9af9bde70
Event: 12.132 Thread 0x000001e9841cc8d0 Implicit null exception at 0x000001e9af92451c to 0x000001e9af925438
Event: 12.132 Thread 0x000001e9841c9450 Exception <a 'java/io/FileNotFoundException'{0x00000000d5a410c0}> (0x00000000d5a410c0) 
thrown [s\src\hotspot\share\prims\jni.cpp, line 520]
Event: 12.136 Thread 0x000001e9841cc8d0 Exception <a 'java/lang/NoSuchMethodError'{0x00000000d5a52ac0}: 'java.lang.Object java.lang.invoke.Invokers$Holder.invokeExact_MT(java.lang.Object, int, java.lang.Object)'> (0x00000000d5a52ac0) 
thrown [s\src\hotspot\share\interpreter\linkResolver.cpp, line 773]
Event: 12.762 Thread 0x000001e9841cc8d0 Exception <a 'java/lang/NoClassDefFoundError'{0x00000000d64e47b0}: com/google/inject/servlet/ServletModuleTargetVisitor> (0x00000000d64e47b0) 
thrown [s\src\hotspot\share\classfile\systemDictionary.cpp, line 301]
Event: 13.326 Thread 0x000001e9841cc240 Exception <a 'java/lang/NoSuchMethodError'{0x00000000d64891d0}: 'int java.lang.invoke.DirectMethodHandle$Holder.invokeSpecialIFC(java.lang.Object, java.lang.Object, java.lang.Object)'> (0x00000000d64891d0) 
thrown [s\src\hotspot\share\interpreter\linkResolver.cpp, line 773]

ZGC Phase Switch (0 events):
No events

VM Operations (20 events):
Event: 11.367 Executing non-safepoint VM operation: HandshakeAllThreads (Deoptimize)
Event: 11.367 Executing non-safepoint VM operation: HandshakeAllThreads (Deoptimize) done
Event: 11.581 Executing safepoint VM operation: ParallelGCFailedAllocation (Allocation Failure)
Event: 11.601 Executing safepoint VM operation: ParallelGCFailedAllocation (Allocation Failure) done
Event: 11.980 Executing non-safepoint VM operation: HandshakeAllThreads (Deoptimize)
Event: 11.980 Executing non-safepoint VM operation: HandshakeAllThreads (Deoptimize) done
Event: 12.002 Executing safepoint VM operation: ParallelGCFailedAllocation (Allocation Failure)
Event: 12.018 Executing safepoint VM operation: ParallelGCFailedAllocation (Allocation Failure) done
Event: 12.249 Executing non-safepoint VM operation: HandshakeAllThreads (Deoptimize)
Event: 12.265 Executing non-safepoint VM operation: HandshakeAllThreads (Deoptimize) done
Event: 12.446 Executing safepoint VM operation: ParallelGCFailedAllocation (Allocation Failure)
Event: 12.449 Executing safepoint VM operation: ParallelGCFailedAllocation (Allocation Failure) done
Event: 12.829 Executing safepoint VM operation: ParallelGCFailedAllocation (Allocation Failure)
Event: 12.832 Executing safepoint VM operation: ParallelGCFailedAllocation (Allocation Failure) done
Event: 13.442 Executing safepoint VM operation: ICBufferFull
Event: 13.443 Executing safepoint VM operation: ICBufferFull done
Event: 13.461 Executing safepoint VM operation: ParallelGCFailedAllocation (Allocation Failure)
Event: 15.482 Executing safepoint VM operation: ParallelGCFailedAllocation (Allocation Failure) done
Event: 16.497 Executing safepoint VM operation: Cleanup
Event: 16.497 Executing safepoint VM operation: Cleanup done

Memory protections (0 events):
No events

Nmethod flushes (20 events):
Event: 5.469 Thread 0x000001e9a4c3ec10 flushing  nmethod 0x000001e9a83d8210
Event: 5.469 Thread 0x000001e9a4c3ec10 flushing  nmethod 0x000001e9a8407390
Event: 5.469 Thread 0x000001e9a4c3ec10 flushing  nmethod 0x000001e9a8407e10
Event: 5.469 Thread 0x000001e9a4c3ec10 flushing  nmethod 0x000001e9a8409790
Event: 5.469 Thread 0x000001e9a4c3ec10 flushing  nmethod 0x000001e9a8409b90
Event: 5.469 Thread 0x000001e9a4c3ec10 flushing  nmethod 0x000001e9a840b610
Event: 5.469 Thread 0x000001e9a4c3ec10 flushing  nmethod 0x000001e9a840bd90
Event: 5.469 Thread 0x000001e9a4c3ec10 flushing  nmethod 0x000001e9a840d710
Event: 5.469 Thread 0x000001e9a4c3ec10 flushing  nmethod 0x000001e9a840e290
Event: 5.470 Thread 0x000001e9a4c3ec10 flushing  nmethod 0x000001e9a840e790
Event: 5.470 Thread 0x000001e9a4c3ec10 flushing  nmethod 0x000001e9a840f990
Event: 5.470 Thread 0x000001e9a4c3ec10 flushing  nmethod 0x000001e9a8410610
Event: 5.470 Thread 0x000001e9a4c3ec10 flushing  nmethod 0x000001e9a8411490
Event: 5.470 Thread 0x000001e9a4c3ec10 flushing  nmethod 0x000001e9a8412090
Event: 5.470 Thread 0x000001e9a4c3ec10 flushing  nmethod 0x000001e9a8412390
Event: 5.470 Thread 0x000001e9a4c3ec10 flushing  nmethod 0x000001e9a8447e90
Event: 5.470 Thread 0x000001e9a4c3ec10 flushing  nmethod 0x000001e9a844a910
Event: 5.470 Thread 0x000001e9a4c3ec10 flushing  nmethod 0x000001e9a844da90
Event: 5.470 Thread 0x000001e9a4c3ec10 flushing  nmethod 0x000001e9a8454790
Event: 5.470 Thread 0x000001e9a4c3ec10 flushing  nmethod 0x000001e9a845f890

Events (20 events):
Event: 4.949 Thread 0x000001e9a4b9bf70 Thread added: 0x000001e985748440
Event: 4.950 Thread 0x000001e9a4b9bf70 Thread added: 0x000001e98574bf50
Event: 4.950 Thread 0x000001e9a4b9bf70 Thread added: 0x000001e98574aba0
Event: 5.137 Thread 0x000001e9a4b9bf70 Thread added: 0x000001e98574b8c0
Event: 6.117 Thread 0x000001e9a4b9bf70 Thread added: 0x000001e985749e80
Event: 6.118 Thread 0x000001e9a4b9bf70 Thread added: 0x000001e98574a510
Event: 10.625 Thread 0x000001e9841cc240 Thread added: 0x000001e98574b230
Event: 10.625 Thread 0x000001e9841cc240 Thread added: 0x000001e985748ad0
Event: 10.625 Thread 0x000001e9841cc240 Thread added: 0x000001e98574c5e0
Event: 10.626 Thread 0x000001e98574b230 Thread added: 0x000001e985749160
Event: 10.626 Thread 0x000001e985748ad0 Thread added: 0x000001e98574cc70
Event: 10.627 Thread 0x000001e9841cc240 Thread added: 0x000001e98574d990
Event: 10.628 Thread 0x000001e9841cc240 Thread added: 0x000001e98574d300
Event: 10.628 Thread 0x000001e9841cc240 Thread added: 0x000001e98574e020
Event: 10.628 Thread 0x000001e98574c5e0 Thread added: 0x000001e98574e6b0
Event: 10.868 Thread 0x000001e9852f87e0 Thread exited: 0x000001e9852f87e0
Event: 11.257 Thread 0x000001e9a4c5b710 Thread added: 0x000001e98693f1c0
Event: 15.487 Thread 0x000001e9841cc240 Thread added: 0x000001e98574ed40
Event: 15.487 Thread 0x000001e98693f1c0 Thread exited: 0x000001e98693f1c0
Event: 15.488 Thread 0x000001e984bb3a00 Thread exited: 0x000001e984bb3a00


Dynamic libraries:
0x00007ff675ef0000 - 0x00007ff675efe000 	c:\Users\admin\.vscode\extensions\redhat.java-1.54.0-win32-x64\jre\21.0.10-win32-x86_64\bin\java.exe
0x00007ffc3c620000 - 0x00007ffc3c887000 	C:\Windows\SYSTEM32\ntdll.dll
0x00007ffc3b560000 - 0x00007ffc3b629000 	C:\Windows\System32\KERNEL32.DLL
0x00007ffc39e40000 - 0x00007ffc3a237000 	C:\Windows\System32\KERNELBASE.dll
0x00007ffc39ab0000 - 0x00007ffc39bfb000 	C:\Windows\System32\ucrtbase.dll
0x00007ffc22dd0000 - 0x00007ffc22de8000 	c:\Users\admin\.vscode\extensions\redhat.java-1.54.0-win32-x64\jre\21.0.10-win32-x86_64\bin\jli.dll
0x00007ffc23700000 - 0x00007ffc2371e000 	c:\Users\admin\.vscode\extensions\redhat.java-1.54.0-win32-x64\jre\21.0.10-win32-x86_64\bin\VCRUNTIME140.dll
0x00007ffc3b790000 - 0x00007ffc3b956000 	C:\Windows\System32\USER32.dll
0x00007ffc39c00000 - 0x00007ffc39c27000 	C:\Windows\System32\win32u.dll
0x00007ffc38250000 - 0x00007ffc384e2000 	C:\Windows\WinSxS\amd64_microsoft.windows.common-controls_6595b64144ccf1df_6.0.26100.8328_none_3e08182ce334b678\COMCTL32.dll
0x00007ffc3bb40000 - 0x00007ffc3bb6b000 	C:\Windows\System32\GDI32.dll
0x00007ffc3ad00000 - 0x00007ffc3ada9000 	C:\Windows\System32\msvcrt.dll
0x00007ffc39050000 - 0x00007ffc3917c000 	C:\Windows\System32\gdi32full.dll
0x00007ffc3a240000 - 0x00007ffc3a2e3000 	C:\Windows\System32\msvcp_win.dll
0x00007ffc3b210000 - 0x00007ffc3b242000 	C:\Windows\System32\IMM32.DLL
0x00007ffc32ef0000 - 0x00007ffc32efc000 	c:\Users\admin\.vscode\extensions\redhat.java-1.54.0-win32-x64\jre\21.0.10-win32-x86_64\bin\vcruntime140_1.dll
0x00007ffbfa690000 - 0x00007ffbfa71d000 	c:\Users\admin\.vscode\extensions\redhat.java-1.54.0-win32-x64\jre\21.0.10-win32-x86_64\bin\msvcp140.dll
0x00007ffbce110000 - 0x00007ffbceeb1000 	c:\Users\admin\.vscode\extensions\redhat.java-1.54.0-win32-x64\jre\21.0.10-win32-x86_64\bin\server\jvm.dll
0x00007ffc3bc50000 - 0x00007ffc3bd06000 	C:\Windows\System32\ADVAPI32.dll
0x00007ffc3ac50000 - 0x00007ffc3acf7000 	C:\Windows\System32\sechost.dll
0x00007ffc3a3a0000 - 0x00007ffc3a4b8000 	C:\Windows\System32\RPCRT4.dll
0x00007ffc3c550000 - 0x00007ffc3c5d0000 	C:\Windows\System32\WS2_32.dll
0x00007ffc38eb0000 - 0x00007ffc38f0e000 	C:\Windows\SYSTEM32\POWRPROF.dll
0x00007ffc2d580000 - 0x00007ffc2d5b6000 	C:\Windows\SYSTEM32\WINMM.dll
0x00007ffc1bc70000 - 0x00007ffc1bc7b000 	C:\Windows\SYSTEM32\VERSION.dll
0x00007ffc38e90000 - 0x00007ffc38ea4000 	C:\Windows\SYSTEM32\UMPDC.dll
0x00007ffc374b0000 - 0x00007ffc374cb000 	C:\Windows\SYSTEM32\kernel.appcore.dll
0x00007ffc30c70000 - 0x00007ffc30c7a000 	c:\Users\admin\.vscode\extensions\redhat.java-1.54.0-win32-x64\jre\21.0.10-win32-x86_64\bin\jimage.dll
0x00007ffc38800000 - 0x00007ffc38a42000 	C:\Windows\SYSTEM32\DBGHELP.DLL
0x00007ffc3ae80000 - 0x00007ffc3b203000 	C:\Windows\System32\combase.dll
0x00007ffc3b2a0000 - 0x00007ffc3b379000 	C:\Windows\System32\OLEAUT32.dll
0x00007ffc386f0000 - 0x00007ffc3872b000 	C:\Windows\SYSTEM32\dbgcore.DLL
0x00007ffc3a2f0000 - 0x00007ffc3a398000 	C:\Windows\System32\bcryptPrimitives.dll
0x00007ffc30c10000 - 0x00007ffc30c1f000 	c:\Users\admin\.vscode\extensions\redhat.java-1.54.0-win32-x64\jre\21.0.10-win32-x86_64\bin\instrument.dll
0x00007ffc22d70000 - 0x00007ffc22d90000 	c:\Users\admin\.vscode\extensions\redhat.java-1.54.0-win32-x64\jre\21.0.10-win32-x86_64\bin\java.dll
0x00007ffc3a4c0000 - 0x00007ffc3ac2e000 	C:\Windows\System32\SHELL32.dll
0x00007ffc39240000 - 0x00007ffc39aac000 	C:\Windows\System32\windows.storage.dll
0x00007ffc3beb0000 - 0x00007ffc3bfa6000 	C:\Windows\System32\SHCORE.dll
0x00007ffc3ae10000 - 0x00007ffc3ae76000 	C:\Windows\System32\shlwapi.dll
0x00007ffc38f70000 - 0x00007ffc38f99000 	C:\Windows\SYSTEM32\profapi.dll
0x00007ffc16c70000 - 0x00007ffc16c88000 	c:\Users\admin\.vscode\extensions\redhat.java-1.54.0-win32-x64\jre\21.0.10-win32-x86_64\bin\zip.dll
0x00007ffc2c320000 - 0x00007ffc2c330000 	C:\Users\admin\.vscode\extensions\redhat.java-1.54.0-win32-x64\jre\21.0.10-win32-x86_64\bin\net.dll
0x00007ffc26c70000 - 0x00007ffc26d99000 	C:\Windows\SYSTEM32\WINHTTP.dll
0x00007ffc37a40000 - 0x00007ffc37aac000 	C:\Windows\system32\mswsock.dll
0x00007ffc1c430000 - 0x00007ffc1c446000 	C:\Users\admin\.vscode\extensions\redhat.java-1.54.0-win32-x64\jre\21.0.10-win32-x86_64\bin\nio.dll
0x00007ffc246a0000 - 0x00007ffc246b0000 	c:\Users\admin\.vscode\extensions\redhat.java-1.54.0-win32-x64\jre\21.0.10-win32-x86_64\bin\verify.dll
0x00007ffc05ed0000 - 0x00007ffc05f15000 	C:\Users\admin\AppData\Roaming\Code\User\globalStorage\redhat.java\1.54.0\config_win\org.eclipse.equinox.launcher\org.eclipse.equinox.launcher.win32.win32.x86_64_1.3.0.v20260203-2149\eclipse_11919.dll
0x00007ffc3bd10000 - 0x00007ffc3bea7000 	C:\Windows\System32\ole32.dll
0x00007ffc38b70000 - 0x00007ffc38b8b000 	C:\Windows\SYSTEM32\CRYPTSP.dll
0x00007ffc375d0000 - 0x00007ffc37609000 	C:\Windows\system32\rsaenh.dll
0x00007ffc37af0000 - 0x00007ffc37b23000 	C:\Windows\SYSTEM32\USERENV.dll
0x00007ffc38f40000 - 0x00007ffc38f6a000 	C:\Windows\SYSTEM32\bcrypt.dll
0x00007ffc37f30000 - 0x00007ffc37f3c000 	C:\Windows\SYSTEM32\CRYPTBASE.dll
0x00007ffc36f70000 - 0x00007ffc36fa2000 	C:\Windows\SYSTEM32\IPHLPAPI.DLL
0x00007ffc3c540000 - 0x00007ffc3c54a000 	C:\Windows\System32\NSI.dll
0x00007ffc05bd0000 - 0x00007ffc05c19000 	C:\Users\admin\AppData\Local\Temp\jna-92668751\jna17098955403866973741.dll
0x00007ffc3bc10000 - 0x00007ffc3bc18000 	C:\Windows\System32\PSAPI.DLL
0x00007ffc2f720000 - 0x00007ffc2f73d000 	C:\Windows\SYSTEM32\dhcpcsvc6.DLL
0x00007ffc2f6f0000 - 0x00007ffc2f715000 	C:\Windows\SYSTEM32\dhcpcsvc.DLL

JVMTI agents:
c:\Users\admin\.vscode\extensions\redhat.java-1.54.0-win32-x64\lombok\lombok-1.18.39-4050.jar path:c:\Users\admin\.vscode\extensions\redhat.java-1.54.0-win32-x64\jre\21.0.10-win32-x86_64\bin\instrument.dll, loaded, initialized, instrumentlib options:none

dbghelp: loaded successfully - version: 4.0.5 - missing functions: none
symbol engine: initialized successfully - sym options: 0x614 - pdb path: .;c:\Users\admin\.vscode\extensions\redhat.java-1.54.0-win32-x64\jre\21.0.10-win32-x86_64\bin;C:\Windows\SYSTEM32;C:\Windows\WinSxS\amd64_microsoft.windows.common-controls_6595b64144ccf1df_6.0.26100.8328_none_3e08182ce334b678;c:\Users\admin\.vscode\extensions\redhat.java-1.54.0-win32-x64\jre\21.0.10-win32-x86_64\bin\server;C:\Users\admin\AppData\Roaming\Code\User\globalStorage\redhat.java\1.54.0\config_win\org.eclipse.equinox.launcher\org.eclipse.equinox.launcher.win32.win32.x86_64_1.3.0.v20260203-2149;C:\Users\admin\AppData\Local\Temp\jna-92668751

VM Arguments:
jvm_args: --add-modules=ALL-SYSTEM --add-opens=java.base/java.util=ALL-UNNAMED --add-opens=java.base/java.lang=ALL-UNNAMED --add-opens=java.base/sun.nio.fs=ALL-UNNAMED -Declipse.application=org.eclipse.jdt.ls.core.id1 -Dosgi.bundles.defaultStartLevel=4 -Declipse.product=org.eclipse.jdt.ls.core.product -Djava.import.generatesMetadataFilesAtProjectRoot=false -DDetectVMInstallationsJob.disabled=true -Dfile.encoding=utf8 -XX:+UseParallelGC -XX:GCTimeRatio=4 -XX:AdaptiveSizePolicyWeight=90 -Dsun.zip.disableMemoryMapping=true -Xmx2G -Xms100m -Xlog:disable -javaagent:c:\Users\admin\.vscode\extensions\redhat.java-1.54.0-win32-x64\lombok\lombok-1.18.39-4050.jar -XX:+HeapDumpOnOutOfMemoryError -XX:HeapDumpPath=c:\Users\admin\AppData\Roaming\Code\User\workspaceStorage\456ccaf14a017f0ce220ea57303d7a3b\redhat.java -Daether.dependencyCollector.impl=bf 
java_command: c:\Users\admin\.vscode\extensions\redhat.java-1.54.0-win32-x64\server\plugins\org.eclipse.equinox.launcher_1.7.100.v20251111-0406.jar -configuration c:\Users\admin\AppData\Roaming\Code\User\globalStorage\redhat.java\1.54.0\config_win -data c:\Users\admin\AppData\Roaming\Code\User\workspaceStorage\456ccaf14a017f0ce220ea57303d7a3b\redhat.java\jdt_ws --pipe=\\.\pipe\lsp-73b6a6a3c4f37988265dbad3bdf67948-sock
java_class_path (initial): c:\Users\admin\.vscode\extensions\redhat.java-1.54.0-win32-x64\server\plugins\org.eclipse.equinox.launcher_1.7.100.v20251111-0406.jar
Launcher Type: SUN_STANDARD

[Global flags]
    uintx AdaptiveSizePolicyWeight                 = 90                                        {product} {command line}
     intx CICompilerCount                          = 4                                         {product} {ergonomic}
    uintx GCTimeRatio                              = 4                                         {product} {command line}
     bool HeapDumpOnOutOfMemoryError               = true                                   {manageable} {command line}
    ccstr HeapDumpPath                             = c:\Users\admin\AppData\Roaming\Code\User\workspaceStorage\456ccaf14a017f0ce220ea57303d7a3b\redhat.java         {manageable} {command line}
   size_t InitialHeapSize                          = 104857600                                 {product} {command line}
   size_t MaxHeapSize                              = 2147483648                                {product} {command line}
   size_t MaxNewSize                               = 715653120                                 {product} {ergonomic}
   size_t MinHeapDeltaBytes                        = 524288                                    {product} {ergonomic}
   size_t MinHeapSize                              = 104857600                                 {product} {command line}
   size_t NewSize                                  = 34603008                                  {product} {ergonomic}
    uintx NonNMethodCodeHeapSize                   = 5839372                                {pd product} {ergonomic}
    uintx NonProfiledCodeHeapSize                  = 122909434                              {pd product} {ergonomic}
   size_t OldSize                                  = 70254592                                  {product} {ergonomic}
    uintx ProfiledCodeHeapSize                     = 122909434                              {pd product} {ergonomic}
    uintx ReservedCodeCacheSize                    = 251658240                              {pd product} {ergonomic}
     bool SegmentedCodeCache                       = true                                      {product} {ergonomic}
   size_t SoftMaxHeapSize                          = 2147483648                             {manageable} {ergonomic}
     bool UseCompressedOops                        = true                           {product lp64_product} {ergonomic}
     bool UseLargePagesIndividualAllocation        = false                                  {pd product} {ergonomic}
     bool UseParallelGC                            = true                                      {product} {command line}

Logging:
Log output configuration:
 #0: stdout all=off uptime,level,tags foldmultilines=false
 #1: stderr all=off uptime,level,tags foldmultilines=false

Release file:
JAVA_VERSION="21.0.10" 
MODULES="java.base java.compiler java.datatransfer java.xml java.prefs java.desktop java.instrument java.logging java.management java.security.sasl java.naming java.rmi java.management.rmi java.net.http java.scripting java.security.jgss java.transaction.xa java.sql java.sql.rowset java.xml.crypto java.se java.smartcardio jdk.accessibility jdk.internal.jvmstat jdk.attach jdk.charsets jdk.internal.opt jdk.zipfs jdk.compiler jdk.crypto.ec jdk.crypto.cryptoki jdk.crypto.mscapi jdk.dynalink jdk.internal.ed jdk.editpad jdk.hotspot.agent jdk.httpserver jdk.internal.le jdk.internal.vm.ci jdk.internal.vm.compiler jdk.internal.vm.compiler.management jdk.jartool jdk.javadoc jdk.jcmd jdk.management jdk.management.agent jdk.jconsole jdk.jdeps jdk.jdwp.agent jdk.jdi jdk.jfr jdk.jshell jdk.jsobject jdk.jstatd jdk.localedata jdk.management.jfr jdk.naming.dns jdk.naming.rmi jdk.net jdk.nio.mapmode jdk.random jdk.sctp jdk.security.auth jdk.security.jgss jdk.unsupported jdk.unsupported.desktop jdk.xml.dom" 

Environment Variables:
JAVA_HOME=C:\Program Files\Eclipse Adoptium\jdk-17.0.18.8-hotspot\
PATH=C:\Users\admin\AppData\Local\Programs\Microsoft VS Code;C:\Program Files\Common Files\Oracle\Java\javapath;C:\Program Files\Eclipse Adoptium\jdk-17.0.18.8-hotspot\bin;C:\Windows\system32;C:\Windows;C:\Windows\System32\Wbem;C:\Windows\System32\WindowsPowerShell\v1.0\;C:\Windows\System32\OpenSSH\;C:\Program Files\dotnet\;C:\Program Files\Git\cmd;C:\Users\admin\AppData\Local\Microsoft\WindowsApps;C:\Users\admin\AppData\Local\Programs\Microsoft VS Code\bin;C:\Users\admin\AppData\Local\GitHubDesktop\bin
USERNAME=admin
OS=Windows_NT
PROCESSOR_IDENTIFIER=Intel64 Family 6 Model 186 Stepping 2, GenuineIntel
TMP=C:\Users\admin\AppData\Local\Temp
TEMP=C:\Users\admin\AppData\Local\Temp




Periodic native trim disabled

---------------  S Y S T E M  ---------------

OS:
 Windows 11 , 64 bit Build 26100 (10.0.26100.8328)
OS uptime: 0 days 22:49 hours
Hyper-V role detected

CPU: total 12 (initial active 12) (6 cores per cpu, 2 threads per core) family 6 model 186 stepping 2 microcode 0x4122, cx8, cmov, fxsr, ht, mmx, 3dnowpref, sse, sse2, sse3, ssse3, sse4.1, sse4.2, popcnt, lzcnt, tsc, tscinvbit, avx, avx2, aes, erms, clmul, bmi1, bmi2, adx, sha, fma, vzeroupper, clflush, clflushopt, clwb, hv, serialize, rdtscp, rdpid, fsrm, f16c, cet_ibt, cet_ss
Processor Information for processor 0
  Max Mhz: 2100, Current Mhz: 2100, Mhz Limit: 2100
Processor Information for processor 1
  Max Mhz: 2100, Current Mhz: 2100, Mhz Limit: 2100
Processor Information for processor 2
  Max Mhz: 2100, Current Mhz: 2100, Mhz Limit: 2100
Processor Information for processor 3
  Max Mhz: 2100, Current Mhz: 2100, Mhz Limit: 2100
Processor Information for processor 4
  Max Mhz: 2100, Current Mhz: 2100, Mhz Limit: 2100
Processor Information for processor 5
  Max Mhz: 2100, Current Mhz: 2100, Mhz Limit: 2100
Processor Information for processor 6
  Max Mhz: 2100, Current Mhz: 2100, Mhz Limit: 2100
Processor Information for processor 7
  Max Mhz: 2100, Current Mhz: 2100, Mhz Limit: 2100
Processor Information for processor 8
  Max Mhz: 2100, Current Mhz: 1500, Mhz Limit: 1491
Processor Information for processor 9
  Max Mhz: 2100, Current Mhz: 1500, Mhz Limit: 1491
Processor Information for processor 10
  Max Mhz: 2100, Current Mhz: 1500, Mhz Limit: 1491
Processor Information for processor 11
  Max Mhz: 2100, Current Mhz: 1500, Mhz Limit: 1491

Memory: 4k page, system-wide physical 16009M (3191M free)
TotalPageFile size 65161M (AvailPageFile size 51M)
current process WorkingSet (physical memory assigned to process): 230M, peak: 250M
current process commit charge ("private bytes"): 337M, peak: 357M

vm_info: OpenJDK 64-Bit Server VM (21.0.10+7-LTS) for windows-amd64 JRE (21.0.10+7-LTS), built on 2026-01-20T00:00:00Z by "admin" with MS VC++ 17.12 (VS2022)

END.
