#
# There is insufficient memory for the Java Runtime Environment to continue.
# Native memory allocation (malloc) failed to allocate 1156656 bytes. Error detail: Chunk::new
# Possible reasons:
#   The system is out of physical RAM or swap space
#   This process is running with CompressedOops enabled, and the Java Heap may be blocking the growth of the native heap
# Possible solutions:
#   Reduce memory load on the system
#   Increase physical memory or swap space
#   Check if swap backing store is full
#   Decrease Java heap size (-Xmx/-Xms)
#   Decrease number of Java threads
#   Decrease Java thread stack sizes (-Xss)
#   Set larger code cache with -XX:ReservedCodeCacheSize=
#   JVM is running with Unscaled Compressed Oops mode in which the Java heap is
#     placed in the first 4GB address space. The Java Heap base address is the
#     maximum limit for the native heap growth. Please use -XX:HeapBaseMinAddress
#     to set the Java Heap base and to place the Java Heap above 4GB virtual address.
# This output file may be truncated or incomplete.
#
#  Out of Memory Error (arena.cpp:168), pid=18800, tid=14264
#
# JRE version: OpenJDK Runtime Environment Temurin-21.0.10+7 (21.0.10+7) (build 21.0.10+7-LTS)
# Java VM: OpenJDK 64-Bit Server VM Temurin-21.0.10+7 (21.0.10+7-LTS, mixed mode, sharing, tiered, compressed oops, compressed class ptrs, parallel gc, windows-amd64)
# No core dump will be written. Minidumps are not enabled by default on client versions of Windows
#

---------------  S U M M A R Y ------------

Command Line: --add-modules=ALL-SYSTEM --add-opens=java.base/java.util=ALL-UNNAMED --add-opens=java.base/java.lang=ALL-UNNAMED --add-opens=java.base/sun.nio.fs=ALL-UNNAMED -Declipse.application=org.eclipse.jdt.ls.core.id1 -Dosgi.bundles.defaultStartLevel=4 -Declipse.product=org.eclipse.jdt.ls.core.product -Djava.import.generatesMetadataFilesAtProjectRoot=false -DDetectVMInstallationsJob.disabled=true -Dfile.encoding=utf8 -XX:+UseParallelGC -XX:GCTimeRatio=4 -XX:AdaptiveSizePolicyWeight=90 -Dsun.zip.disableMemoryMapping=true -Xmx2G -Xms100m -Xlog:disable -javaagent:c:\Users\admin\.vscode\extensions\redhat.java-1.54.0-win32-x64\lombok\lombok-1.18.39-4050.jar -XX:+HeapDumpOnOutOfMemoryError -XX:HeapDumpPath=c:\Users\admin\AppData\Roaming\Code\User\workspaceStorage\456ccaf14a017f0ce220ea57303d7a3b\redhat.java -Daether.dependencyCollector.impl=bf c:\Users\admin\.vscode\extensions\redhat.java-1.54.0-win32-x64\server\plugins\org.eclipse.equinox.launcher_1.7.100.v20251111-0406.jar -configuration c:\Users\admin\AppData\Roaming\Code\User\globalStorage\redhat.java\1.54.0\config_win -data c:\Users\admin\AppData\Roaming\Code\User\workspaceStorage\456ccaf14a017f0ce220ea57303d7a3b\redhat.java\jdt_ws --pipe=\\.\pipe\lsp-3014a7a8b21e0f5eebdb6ae6dc3ec0c4-sock

Host: 13th Gen Intel(R) Core(TM) i5-13420H, 12 cores, 15G,  Windows 11 , 64 bit Build 26100 (10.0.26100.8328)
Time: Sun May 10 16:46:59 2026 SE Asia Standard Time elapsed time: 7.753804 seconds (0d 0h 0m 7s)

---------------  T H R E A D  ---------------

Current thread (0x000001f176ad19b0):  JavaThread "C2 CompilerThread2" daemon [_thread_in_native, id=14264, stack(0x000000eb40700000,0x000000eb40800000) (1024K)]


Current CompileTask:
C2:7753 8211       4       org.eclipse.jdt.internal.compiler.lookup.BinaryTypeBinding::createMethod (1666 bytes)

Stack: [0x000000eb40700000,0x000000eb40800000]
Native frames: (J=compiled Java code, j=interpreted, Vv=VM code, C=native code)
V  [jvm.dll+0x6d7a39]
V  [jvm.dll+0x8b4b26]
V  [jvm.dll+0x8b70de]
V  [jvm.dll+0x8b77c3]
V  [jvm.dll+0x284346]
V  [jvm.dll+0xc66ed]
V  [jvm.dll+0xc6c31]
V  [jvm.dll+0x3bec01]
V  [jvm.dll+0x1e3bc4]
V  [jvm.dll+0x24c6b3]
V  [jvm.dll+0x24bb40]
V  [jvm.dll+0x1cb34e]
V  [jvm.dll+0x25b85d]
V  [jvm.dll+0x259dea]
V  [jvm.dll+0x3f857e]
V  [jvm.dll+0x85f59d]
V  [jvm.dll+0x6d626d]
C  [ucrtbase.dll+0x37b0]
C  [KERNEL32.DLL+0x2e957]
C  [ntdll.dll+0x427c]


---------------  P R O C E S S  ---------------

Threads class SMR info:
_java_thread_list=0x000001f17d941700, length=72, elements={
0x000001f11b31c460, 0x000001f176ab44b0, 0x000001f176ab52d0, 0x000001f176ab7fe0,
0x000001f176abce90, 0x000001f176abe8d0, 0x000001f176abb450, 0x000001f176acded0,
0x000001f176ad34f0, 0x000001f176abbae0, 0x000001f176abc170, 0x000001f176abdbb0,
0x000001f176abe240, 0x000001f176abc800, 0x000001f176abd520, 0x000001f17bc61ce0,
0x000001f17bc64ad0, 0x000001f17bc63720, 0x000001f17bc65160, 0x000001f17bc62a00,
0x000001f17bc657f0, 0x000001f176ad3bc0, 0x000001f17bc62370, 0x000001f176ad19b0,
0x000001f17bc65e80, 0x000001f17bc66510, 0x000001f17bc63db0, 0x000001f17bc63090,
0x000001f17bc66ba0, 0x000001f17bc67230, 0x000001f17bc678c0, 0x000001f17bc64440,
0x000001f17bc68c70, 0x000001f17bc685e0, 0x000001f17bc69300, 0x000001f17bc67f50,
0x000001f17d82c230, 0x000001f17d82a7f0, 0x000001f17d82ae80, 0x000001f17d82bba0,
0x000001f17d82a160, 0x000001f17d82c8c0, 0x000001f17d82b510, 0x000001f17d82cf50,
0x000001f17d829ad0, 0x000001f17d82f020, 0x000001f17d82d5e0, 0x000001f17d82dc70,
0x000001f17d82f6b0, 0x000001f17d830a60, 0x000001f17d82e300, 0x000001f17d8310f0,
0x000001f17d82e990, 0x000001f17d82fd40, 0x000001f17da156b0, 0x000001f17da14990,
0x000001f17da15d40, 0x000001f17da14300, 0x000001f17da12f50, 0x000001f17da163d0,
0x000001f17da135e0, 0x000001f17da15020, 0x000001f17da13c70, 0x000001f17da19ee0,
0x000001f17da170f0, 0x000001f17da16a60, 0x000001f17da191c0, 0x000001f17da1a570,
0x000001f17da17e10, 0x000001f17da184a0, 0x000001f17da19850, 0x000001f17da18b30
}

Java Threads: ( => current thread )
  0x000001f11b31c460 JavaThread "main"                              [_thread_blocked, id=2544, stack(0x000000eb3e400000,0x000000eb3e500000) (1024K)]
  0x000001f176ab44b0 JavaThread "Reference Handler"          daemon [_thread_blocked, id=26336, stack(0x000000eb3e800000,0x000000eb3e900000) (1024K)]
  0x000001f176ab52d0 JavaThread "Finalizer"                  daemon [_thread_blocked, id=9052, stack(0x000000eb3e900000,0x000000eb3ea00000) (1024K)]
  0x000001f176ab7fe0 JavaThread "Signal Dispatcher"          daemon [_thread_blocked, id=18704, stack(0x000000eb3ea00000,0x000000eb3eb00000) (1024K)]
  0x000001f176abce90 JavaThread "Attach Listener"            daemon [_thread_blocked, id=25268, stack(0x000000eb3eb00000,0x000000eb3ec00000) (1024K)]
  0x000001f176abe8d0 JavaThread "Service Thread"             daemon [_thread_blocked, id=14792, stack(0x000000eb3ec00000,0x000000eb3ed00000) (1024K)]
  0x000001f176abb450 JavaThread "Monitor Deflation Thread"   daemon [_thread_blocked, id=18476, stack(0x000000eb3ed00000,0x000000eb3ee00000) (1024K)]
  0x000001f176acded0 JavaThread "C2 CompilerThread0"         daemon [_thread_blocked, id=15612, stack(0x000000eb3ee00000,0x000000eb3ef00000) (1024K)]
  0x000001f176ad34f0 JavaThread "C1 CompilerThread0"         daemon [_thread_in_vm, id=10380, stack(0x000000eb3ef00000,0x000000eb3f000000) (1024K)]
  0x000001f176abbae0 JavaThread "Common-Cleaner"             daemon [_thread_blocked, id=16356, stack(0x000000eb3f100000,0x000000eb3f200000) (1024K)]
  0x000001f176abc170 JavaThread "Notification Thread"        daemon [_thread_blocked, id=12280, stack(0x000000eb3f200000,0x000000eb3f300000) (1024K)]
  0x000001f176abdbb0 JavaThread "Active Thread: Equinox Container: bc28bacd-69d1-4f4b-913e-35cc63c6975c"        [_thread_blocked, id=26552, stack(0x000000eb3fa00000,0x000000eb3fb00000) (1024K)]
  0x000001f176abe240 JavaThread "Refresh Thread: Equinox Container: bc28bacd-69d1-4f4b-913e-35cc63c6975c" daemon [_thread_blocked, id=11148, stack(0x000000eb3fc00000,0x000000eb3fd00000) (1024K)]
  0x000001f176abc800 JavaThread "Framework Event Dispatcher: Equinox Container: bc28bacd-69d1-4f4b-913e-35cc63c6975c" daemon [_thread_blocked, id=23832, stack(0x000000eb3fd00000,0x000000eb3fe00000) (1024K)]
  0x000001f176abd520 JavaThread "Start Level: Equinox Container: bc28bacd-69d1-4f4b-913e-35cc63c6975c" daemon [_thread_blocked, id=10532, stack(0x000000eb3fe00000,0x000000eb3ff00000) (1024K)]
  0x000001f17bc61ce0 JavaThread "Bundle File Closer"         daemon [_thread_blocked, id=23732, stack(0x000000eb40100000,0x000000eb40200000) (1024K)]
  0x000001f17bc64ad0 JavaThread "SCR Component Actor"        daemon [_thread_blocked, id=11860, stack(0x000000eb3f000000,0x000000eb3f100000) (1024K)]
  0x000001f17bc63720 JavaThread "Worker-JM"                         [_thread_blocked, id=24428, stack(0x000000eb40300000,0x000000eb40400000) (1024K)]
  0x000001f17bc65160 JavaThread "JNA Cleaner"                daemon [_thread_blocked, id=26420, stack(0x000000eb3f300000,0x000000eb3f400000) (1024K)]
  0x000001f17bc62a00 JavaThread "Worker-0"                          [_thread_blocked, id=1744, stack(0x000000eb40200000,0x000000eb40300000) (1024K)]
  0x000001f17bc657f0 JavaThread "Worker-1"                          [_thread_blocked, id=16860, stack(0x000000eb40400000,0x000000eb40500000) (1024K)]
  0x000001f176ad3bc0 JavaThread "C2 CompilerThread1"         daemon [_thread_in_native, id=26480, stack(0x000000eb40500000,0x000000eb40600000) (1024K)]
  0x000001f17bc62370 JavaThread "Worker-2"                          [_thread_blocked, id=22380, stack(0x000000eb40600000,0x000000eb40700000) (1024K)]
=>0x000001f176ad19b0 JavaThread "C2 CompilerThread2"         daemon [_thread_in_native, id=14264, stack(0x000000eb40700000,0x000000eb40800000) (1024K)]
  0x000001f17bc65e80 JavaThread "Java indexing"              daemon [_thread_blocked, id=25712, stack(0x000000eb40800000,0x000000eb40900000) (1024K)]
  0x000001f17bc66510 JavaThread "Worker-3: Initialize workspace"        [_thread_blocked, id=21096, stack(0x000000eb40b00000,0x000000eb40c00000) (1024K)]
  0x000001f17bc63db0 JavaThread "Thread-1"                   daemon [_thread_in_native, id=11292, stack(0x000000eb40c00000,0x000000eb40d00000) (1024K)]
  0x000001f17bc63090 JavaThread "Thread-2"                   daemon [_thread_in_native, id=20424, stack(0x000000eb40d00000,0x000000eb40e00000) (1024K)]
  0x000001f17bc66ba0 JavaThread "Thread-3"                   daemon [_thread_in_native, id=24228, stack(0x000000eb40e00000,0x000000eb40f00000) (1024K)]
  0x000001f17bc67230 JavaThread "Thread-4"                   daemon [_thread_in_native, id=22460, stack(0x000000eb40f00000,0x000000eb41000000) (1024K)]
  0x000001f17bc678c0 JavaThread "Thread-5"                   daemon [_thread_in_native, id=10952, stack(0x000000eb41000000,0x000000eb41100000) (1024K)]
  0x000001f17bc64440 JavaThread "Thread-6"                   daemon [_thread_in_native, id=11552, stack(0x000000eb41100000,0x000000eb41200000) (1024K)]
  0x000001f17bc68c70 JavaThread "Thread-7"                   daemon [_thread_in_native, id=22640, stack(0x000000eb41200000,0x000000eb41300000) (1024K)]
  0x000001f17bc685e0 JavaThread "Thread-8"                   daemon [_thread_in_native, id=23020, stack(0x000000eb41300000,0x000000eb41400000) (1024K)]
  0x000001f17bc69300 JavaThread "Thread-9"                   daemon [_thread_in_native, id=1292, stack(0x000000eb41400000,0x000000eb41500000) (1024K)]
  0x000001f17bc67f50 JavaThread "Thread-10"                  daemon [_thread_in_native, id=18116, stack(0x000000eb41500000,0x000000eb41600000) (1024K)]
  0x000001f17d82c230 JavaThread "Thread-11"                  daemon [_thread_in_native, id=26620, stack(0x000000eb41600000,0x000000eb41700000) (1024K)]
  0x000001f17d82a7f0 JavaThread "Thread-12"                  daemon [_thread_in_native, id=13272, stack(0x000000eb41700000,0x000000eb41800000) (1024K)]
  0x000001f17d82ae80 JavaThread "Thread-13"                  daemon [_thread_in_native, id=24016, stack(0x000000eb41800000,0x000000eb41900000) (1024K)]
  0x000001f17d82bba0 JavaThread "pool-2-thread-1"                   [_thread_blocked, id=3804, stack(0x000000eb41900000,0x000000eb41a00000) (1024K)]
  0x000001f17d82a160 JavaThread "WorkspaceEventsHandler"            [_thread_blocked, id=17848, stack(0x000000eb41a00000,0x000000eb41b00000) (1024K)]
  0x000001f17d82c8c0 JavaThread "pool-1-thread-1"                   [_thread_in_Java, id=25528, stack(0x000000eb41b00000,0x000000eb41c00000) (1024K)]
  0x000001f17d82b510 JavaThread "Worker-4: Validate documents"        [_thread_in_Java, id=6432, stack(0x000000eb41c00000,0x000000eb41d00000) (1024K)]
  0x000001f17d82cf50 JavaThread "Compiler Source File Reader" daemon [_thread_blocked, id=23944, stack(0x000000eb41d00000,0x000000eb41e00000) (1024K)]
  0x000001f17d829ad0 JavaThread "Compiler Source File Reader" daemon [_thread_blocked, id=1876, stack(0x000000eb41e00000,0x000000eb41f00000) (1024K)]
  0x000001f17d82f020 JavaThread "Compiler Source File Reader" daemon [_thread_blocked, id=5832, stack(0x000000eb41f00000,0x000000eb42000000) (1024K)]
  0x000001f17d82d5e0 JavaThread "Compiler Source File Reader" daemon [_thread_blocked, id=1900, stack(0x000000eb42000000,0x000000eb42100000) (1024K)]
  0x000001f17d82dc70 JavaThread "Compiler Source File Reader" daemon [_thread_blocked, id=18060, stack(0x000000eb42100000,0x000000eb42200000) (1024K)]
  0x000001f17d82f6b0 JavaThread "Compiler Source File Reader" daemon [_thread_blocked, id=6880, stack(0x000000eb42200000,0x000000eb42300000) (1024K)]
  0x000001f17d830a60 JavaThread "Compiler Source File Reader" daemon [_thread_blocked, id=11212, stack(0x000000eb42300000,0x000000eb42400000) (1024K)]
  0x000001f17d82e300 JavaThread "Compiler Source File Reader" daemon [_thread_blocked, id=12140, stack(0x000000eb42400000,0x000000eb42500000) (1024K)]
  0x000001f17d8310f0 JavaThread "Compiler Source File Reader" daemon [_thread_blocked, id=1868, stack(0x000000eb42500000,0x000000eb42600000) (1024K)]
  0x000001f17d82e990 JavaThread "Compiler Processing Task"   daemon [_thread_blocked, id=23972, stack(0x000000eb42600000,0x000000eb42700000) (1024K)]
  0x000001f17d82fd40 JavaThread "Compiler Class File Writer" daemon [_thread_blocked, id=26616, stack(0x000000eb42700000,0x000000eb42800000) (1024K)]
  0x000001f17da156b0 JavaThread "Compiler Class File Writer" daemon [_thread_blocked, id=21056, stack(0x000000eb42800000,0x000000eb42900000) (1024K)]
  0x000001f17da14990 JavaThread "Compiler Class File Writer" daemon [_thread_blocked, id=10796, stack(0x000000eb42900000,0x000000eb42a00000) (1024K)]
  0x000001f17da15d40 JavaThread "Compiler Class File Writer" daemon [_thread_blocked, id=6384, stack(0x000000eb42a00000,0x000000eb42b00000) (1024K)]
  0x000001f17da14300 JavaThread "Compiler Class File Writer" daemon [_thread_blocked, id=26116, stack(0x000000eb42b00000,0x000000eb42c00000) (1024K)]
  0x000001f17da12f50 JavaThread "Compiler Class File Writer" daemon [_thread_blocked, id=14764, stack(0x000000eb42c00000,0x000000eb42d00000) (1024K)]
  0x000001f17da163d0 JavaThread "Compiler Class File Writer" daemon [_thread_blocked, id=10116, stack(0x000000eb42d00000,0x000000eb42e00000) (1024K)]
  0x000001f17da135e0 JavaThread "Compiler Class File Writer" daemon [_thread_blocked, id=18556, stack(0x000000eb42e00000,0x000000eb42f00000) (1024K)]
  0x000001f17da15020 JavaThread "Compiler Class File Writer" daemon [_thread_blocked, id=12144, stack(0x000000eb42f00000,0x000000eb43000000) (1024K)]
  0x000001f17da13c70 JavaThread "Compiler Class File Writer" daemon [_thread_blocked, id=11444, stack(0x000000eb43000000,0x000000eb43100000) (1024K)]
  0x000001f17da19ee0 JavaThread "Worker-5: Check JDK Index"         [_thread_blocked, id=24736, stack(0x000000eb43100000,0x000000eb43200000) (1024K)]
  0x000001f17da170f0 JavaThread "Compiler Source File Reader" daemon [_thread_blocked, id=2984, stack(0x000000eb43200000,0x000000eb43300000) (1024K)]
  0x000001f17da16a60 JavaThread "ForkJoinPool.commonPool-worker-1" daemon [_thread_blocked, id=22704, stack(0x000000eb43300000,0x000000eb43400000) (1024K)]
  0x000001f17da191c0 JavaThread "ForkJoinPool.commonPool-worker-2" daemon [_thread_blocked, id=25480, stack(0x000000eb43400000,0x000000eb43500000) (1024K)]
  0x000001f17da1a570 JavaThread "ForkJoinPool.commonPool-worker-3" daemon [_thread_blocked, id=24380, stack(0x000000eb43500000,0x000000eb43600000) (1024K)]
  0x000001f17da17e10 JavaThread "ForkJoinPool.commonPool-worker-4" daemon [_thread_blocked, id=19976, stack(0x000000eb43600000,0x000000eb43700000) (1024K)]
  0x000001f17da184a0 JavaThread "ForkJoinPool.commonPool-worker-5" daemon [_thread_blocked, id=26256, stack(0x000000eb43700000,0x000000eb43800000) (1024K)]
  0x000001f17da19850 JavaThread "ForkJoinPool.commonPool-worker-6" daemon [_thread_blocked, id=7680, stack(0x000000eb43800000,0x000000eb43900000) (1024K)]
  0x000001f17da18b30 JavaThread "ForkJoinPool.commonPool-worker-7" daemon [_thread_in_vm, id=26444, stack(0x000000eb43900000,0x000000eb43a00000) (1024K)]
Total: 72

Other Threads:
  0x000001f133a630b0 VMThread "VM Thread"                           [id=14812, stack(0x000000eb3e700000,0x000000eb3e800000) (1024K)]
  0x000001f13395ca00 WatcherThread "VM Periodic Task Thread"        [id=11364, stack(0x000000eb3e600000,0x000000eb3e700000) (1024K)]
  0x000001f11b33a7b0 WorkerThread "GC Thread#0"                     [id=16104, stack(0x000000eb3e500000,0x000000eb3e600000) (1024K)]
  0x000001f17b5e57e0 WorkerThread "GC Thread#1"                     [id=8756, stack(0x000000eb3f400000,0x000000eb3f500000) (1024K)]
  0x000001f17b8eb6c0 WorkerThread "GC Thread#2"                     [id=26524, stack(0x000000eb3f500000,0x000000eb3f600000) (1024K)]
  0x000001f17b7849b0 WorkerThread "GC Thread#3"                     [id=2700, stack(0x000000eb3f600000,0x000000eb3f700000) (1024K)]
  0x000001f17b784d60 WorkerThread "GC Thread#4"                     [id=432, stack(0x000000eb3f700000,0x000000eb3f800000) (1024K)]
  0x000001f17b785110 WorkerThread "GC Thread#5"                     [id=14448, stack(0x000000eb3f800000,0x000000eb3f900000) (1024K)]
  0x000001f17b788ea0 WorkerThread "GC Thread#6"                     [id=25692, stack(0x000000eb3f900000,0x000000eb3fa00000) (1024K)]
  0x000001f17b863f40 WorkerThread "GC Thread#7"                     [id=4288, stack(0x000000eb3fb00000,0x000000eb3fc00000) (1024K)]
  0x000001f17ba09fb0 WorkerThread "GC Thread#8"                     [id=9340, stack(0x000000eb3ff00000,0x000000eb40000000) (1024K)]
  0x000001f17b879f10 WorkerThread "GC Thread#9"                     [id=20476, stack(0x000000eb40000000,0x000000eb40100000) (1024K)]
Total: 12

Threads with active compile tasks:
C2 CompilerThread0  7770 8516   !   4       java.util.concurrent.ConcurrentHashMap::putVal (432 bytes)
C1 CompilerThread0  7770 8543       3       org.eclipse.core.internal.jobs.JobManager::now (16 bytes)
C2 CompilerThread1  7770 7984   !   4       org.eclipse.osgi.internal.loader.classpath.ClasspathManager::defineClass (636 bytes)
C2 CompilerThread2  7770 8211       4       org.eclipse.jdt.internal.compiler.lookup.BinaryTypeBinding::createMethod (1666 bytes)
Total: 4

VM state: not at safepoint (normal execution)

VM Mutex/Monitor currently owned by a thread: None

Heap address: 0x0000000080000000, size: 2048 MB, Compressed Oops mode: 32-bit

CDS archive(s) mapped at: [0x000001f134000000-0x000001f134ba0000-0x000001f134ba0000), size 12189696, SharedBaseAddress: 0x000001f134000000, ArchiveRelocationMode: 1.
Compressed class space mapped at: 0x000001f135000000-0x000001f175000000, reserved size: 1073741824
Narrow klass base: 0x000001f134000000, Narrow klass shift: 0, Narrow klass range: 0x100000000

GC Precious Log:
 CardTable entry size: 512
 CPUs: 12 total, 12 available
 Memory: 16009M
 Large Page Support: Disabled
 NUMA Support: Disabled
 Compressed Oops: Enabled (32-bit)
 Alignments: Space 512K, Generation 512K, Heap 2M
 Heap Min Capacity: 100M
 Heap Initial Capacity: 100M
 Heap Max Capacity: 2G
 Pre-touch: Disabled
 Parallel Workers: 10

Heap:
 PSYoungGen      total 23040K, used 11224K [0x00000000d5580000, 0x00000000d6e80000, 0x0000000100000000)
  eden space 20480K, 50% used [0x00000000d5580000,0x00000000d5f922b8,0x00000000d6980000)
  from space 2560K, 35% used [0x00000000d6a80000,0x00000000d6b64010,0x00000000d6d00000)
  to   space 1536K, 0% used [0x00000000d6d00000,0x00000000d6d00000,0x00000000d6e80000)
 ParOldGen       total 68608K, used 41800K [0x0000000080000000, 0x0000000084300000, 0x00000000d5580000)
  object space 68608K, 60% used [0x0000000080000000,0x00000000828d2228,0x0000000084300000)
 Metaspace       used 60333K, committed 61824K, reserved 1114112K
  class space    used 6478K, committed 7104K, reserved 1048576K

Card table byte_map: [0x000001f12edc0000,0x000001f12f1d0000] _byte_map_base: 0x000001f12e9c0000

Marking Bits: (ParMarkBitMap*) 0x00007ffbcedd3450
 Begin Bits: [0x000001f12f480000, 0x000001f131480000)
 End Bits:   [0x000001f131480000, 0x000001f133480000)

Polling page: 0x000001f11b050000

Metaspace:

Usage:
  Non-class:     52.59 MB used.
      Class:      6.33 MB used.
       Both:     58.92 MB used.

Virtual space:
  Non-class space:       64.00 MB reserved,      53.44 MB ( 83%) committed,  1 nodes.
      Class space:        1.00 GB reserved,       6.94 MB ( <1%) committed,  1 nodes.
             Both:        1.06 GB reserved,      60.38 MB (  6%) committed. 

Chunk freelists:
   Non-Class:  10.16 MB
       Class:  9.02 MB
        Both:  19.17 MB

MaxMetaspaceSize: unlimited
CompressedClassSpaceSize: 1.00 GB
Initial GC threshold: 21.00 MB
Current GC threshold: 97.31 MB
CDS: on
 - commit_granule_bytes: 65536.
 - commit_granule_words: 8192.
 - virtual_space_node_default_size: 8388608.
 - enlarge_chunks_in_place: 1.
 - use_allocation_guard: 0.


Internal statistics:

num_allocs_failed_limit: 11.
num_arena_births: 1018.
num_arena_deaths: 14.
num_vsnodes_births: 2.
num_vsnodes_deaths: 0.
num_space_committed: 966.
num_space_uncommitted: 0.
num_chunks_returned_to_freelist: 25.
num_chunks_taken_from_freelist: 3910.
num_chunk_merges: 13.
num_chunk_splits: 2340.
num_chunks_enlarged: 1279.
num_inconsistent_stats: 0.

CodeHeap 'non-profiled nmethods': size=120000Kb used=4303Kb max_used=4303Kb free=115696Kb
 bounds [0x000001f1276b0000, 0x000001f127af0000, 0x000001f12ebe0000]
CodeHeap 'profiled nmethods': size=120000Kb used=16327Kb max_used=16327Kb free=103672Kb
 bounds [0x000001f11fbe0000, 0x000001f120be0000, 0x000001f127110000]
CodeHeap 'non-nmethods': size=5760Kb used=1487Kb max_used=1487Kb free=4272Kb
 bounds [0x000001f127110000, 0x000001f127380000, 0x000001f1276b0000]
CodeCache: size=245760Kb, used=22117Kb, max_used=22117Kb, free=223640Kb
 total_blobs=8517, nmethods=7772, adapters=648, full_count=0
Compilation: enabled, stopped_count=0, restarted_count=0

Compilation events (20 events):
Event: 6.737 Thread 0x000001f176acded0 nmethod 8514 0x000001f127ae0e90 code [0x000001f127ae1100, 0x000001f127ae22e8]
Event: 6.738 Thread 0x000001f176acded0 8516   !   4       java.util.concurrent.ConcurrentHashMap::putVal (432 bytes)
Event: 6.739 Thread 0x000001f176ad34f0 nmethod 8530 0x000001f120bc8590 code [0x000001f120bc8a00, 0x000001f120bca758]
Event: 6.739 Thread 0x000001f176ad34f0 8531       3       jdk.internal.misc.Unsafe::alignToHeapWordSize (29 bytes)
Event: 6.740 Thread 0x000001f176ad34f0 nmethod 8531 0x000001f120bcb390 code [0x000001f120bcb540, 0x000001f120bcb7c8]
Event: 6.740 Thread 0x000001f176ad34f0 8532       3       jdk.internal.misc.Unsafe::allocateMemoryChecks (6 bytes)
Event: 6.740 Thread 0x000001f176ad34f0 nmethod 8532 0x000001f120bcb910 code [0x000001f120bcbae0, 0x000001f120bcbda8]
Event: 6.740 Thread 0x000001f176ad34f0 8533   !   3       java.io.StringReader::read (105 bytes)
Event: 6.740 Thread 0x000001f176ad34f0 nmethod 8533 0x000001f120bcbf10 code [0x000001f120bcc140, 0x000001f120bcc8e0]
Event: 6.741 Thread 0x000001f176ad34f0 8534       3       java.io.StringReader::ensureOpen (18 bytes)
Event: 6.741 Thread 0x000001f176ad34f0 nmethod 8534 0x000001f120bccd10 code [0x000001f120bccec0, 0x000001f120bcd0c8]
Event: 6.741 Thread 0x000001f176ad34f0 8535       1       com.google.gson.stream.JsonWriter::getSerializeNulls (5 bytes)
Event: 6.741 Thread 0x000001f176ad34f0 nmethod 8535 0x000001f127ae2e90 code [0x000001f127ae3020, 0x000001f127ae30f0]
Event: 6.741 Thread 0x000001f176ad34f0 8537       1       org.eclipse.lsp4j.jsonrpc.messages.Either::getLeft (5 bytes)
Event: 6.741 Thread 0x000001f176ad34f0 nmethod 8537 0x000001f127ae3190 code [0x000001f127ae3320, 0x000001f127ae33e8]
Event: 6.741 Thread 0x000001f176ad34f0 8536       1       com.google.gson.stream.JsonWriter::isHtmlSafe (5 bytes)
Event: 6.741 Thread 0x000001f176ad34f0 nmethod 8536 0x000001f127ae3490 code [0x000001f127ae3620, 0x000001f127ae36f0]
Event: 6.741 Thread 0x000001f176ad34f0 8538       1       org.eclipse.core.runtime.spi.RegistryContributor::getName (5 bytes)
Event: 6.741 Thread 0x000001f176ad34f0 nmethod 8538 0x000001f127ae3790 code [0x000001f127ae3920, 0x000001f127ae39e8]
Event: 6.796 Thread 0x000001f176ad34f0 8539       3       com.google.gson.internal.GsonTypes::equals (286 bytes)

GC Heap History (20 events):
Event: 4.961 GC heap before
{Heap before GC invocations=27 (full 2):
 PSYoungGen      total 22016K, used 21997K [0x00000000d5580000, 0x00000000d7100000, 0x0000000100000000)
  eden space 20992K, 100% used [0x00000000d5580000,0x00000000d6a00000,0x00000000d6a00000)
  from space 1024K, 98% used [0x00000000d6d00000,0x00000000d6dfb768,0x00000000d6e00000)
  to   space 3072K, 0% used [0x00000000d6a00000,0x00000000d6a00000,0x00000000d6d00000)
 ParOldGen       total 68608K, used 37546K [0x0000000080000000, 0x0000000084300000, 0x00000000d5580000)
  object space 68608K, 54% used [0x0000000080000000,0x00000000824aaad8,0x0000000084300000)
 Metaspace       used 45841K, committed 47040K, reserved 1114112K
  class space    used 4908K, committed 5440K, reserved 1048576K
}
Event: 4.961 GC heap after
{Heap after GC invocations=27 (full 2):
 PSYoungGen      total 21504K, used 288K [0x00000000d5580000, 0x00000000d6d80000, 0x0000000100000000)
  eden space 20992K, 0% used [0x00000000d5580000,0x00000000d5580000,0x00000000d6a00000)
  from space 512K, 56% used [0x00000000d6a00000,0x00000000d6a48000,0x00000000d6a80000)
  to   space 1536K, 0% used [0x00000000d6c00000,0x00000000d6c00000,0x00000000d6d80000)
 ParOldGen       total 68608K, used 37825K [0x0000000080000000, 0x0000000084300000, 0x00000000d5580000)
  object space 68608K, 55% used [0x0000000080000000,0x00000000824f04f8,0x0000000084300000)
 Metaspace       used 45841K, committed 47040K, reserved 1114112K
  class space    used 4908K, committed 5440K, reserved 1048576K
}
Event: 5.060 GC heap before
{Heap before GC invocations=28 (full 2):
 PSYoungGen      total 21504K, used 21234K [0x00000000d5580000, 0x00000000d6d80000, 0x0000000100000000)
  eden space 20992K, 99% used [0x00000000d5580000,0x00000000d69f4978,0x00000000d6a00000)
  from space 512K, 56% used [0x00000000d6a00000,0x00000000d6a48000,0x00000000d6a80000)
  to   space 1536K, 0% used [0x00000000d6c00000,0x00000000d6c00000,0x00000000d6d80000)
 ParOldGen       total 68608K, used 37825K [0x0000000080000000, 0x0000000084300000, 0x00000000d5580000)
  object space 68608K, 55% used [0x0000000080000000,0x00000000824f04f8,0x0000000084300000)
 Metaspace       used 48042K, committed 49280K, reserved 1114112K
  class space    used 5157K, committed 5696K, reserved 1048576K
}
Event: 5.061 GC heap after
{Heap after GC invocations=28 (full 2):
 PSYoungGen      total 22016K, used 736K [0x00000000d5580000, 0x00000000d6d00000, 0x0000000100000000)
  eden space 20992K, 0% used [0x00000000d5580000,0x00000000d5580000,0x00000000d6a00000)
  from space 1024K, 71% used [0x00000000d6c00000,0x00000000d6cb8000,0x00000000d6d00000)
  to   space 1024K, 0% used [0x00000000d6b00000,0x00000000d6b00000,0x00000000d6c00000)
 ParOldGen       total 68608K, used 38001K [0x0000000080000000, 0x0000000084300000, 0x00000000d5580000)
  object space 68608K, 55% used [0x0000000080000000,0x000000008251c4f8,0x0000000084300000)
 Metaspace       used 48042K, committed 49280K, reserved 1114112K
  class space    used 5157K, committed 5696K, reserved 1048576K
}
Event: 5.213 GC heap before
{Heap before GC invocations=29 (full 2):
 PSYoungGen      total 22016K, used 21728K [0x00000000d5580000, 0x00000000d6d00000, 0x0000000100000000)
  eden space 20992K, 100% used [0x00000000d5580000,0x00000000d6a00000,0x00000000d6a00000)
  from space 1024K, 71% used [0x00000000d6c00000,0x00000000d6cb8000,0x00000000d6d00000)
  to   space 1024K, 0% used [0x00000000d6b00000,0x00000000d6b00000,0x00000000d6c00000)
 ParOldGen       total 68608K, used 38001K [0x0000000080000000, 0x0000000084300000, 0x00000000d5580000)
  object space 68608K, 55% used [0x0000000080000000,0x000000008251c4f8,0x0000000084300000)
 Metaspace       used 49554K, committed 50752K, reserved 1114112K
  class space    used 5364K, committed 5888K, reserved 1048576K
}
Event: 5.214 GC heap after
{Heap after GC invocations=29 (full 2):
 PSYoungGen      total 22016K, used 1024K [0x00000000d5580000, 0x00000000d6d00000, 0x0000000100000000)
  eden space 20992K, 0% used [0x00000000d5580000,0x00000000d5580000,0x00000000d6a00000)
  from space 1024K, 100% used [0x00000000d6b00000,0x00000000d6c00000,0x00000000d6c00000)
  to   space 1024K, 0% used [0x00000000d6c00000,0x00000000d6c00000,0x00000000d6d00000)
 ParOldGen       total 68608K, used 38577K [0x0000000080000000, 0x0000000084300000, 0x00000000d5580000)
  object space 68608K, 56% used [0x0000000080000000,0x00000000825ac4f8,0x0000000084300000)
 Metaspace       used 49554K, committed 50752K, reserved 1114112K
  class space    used 5364K, committed 5888K, reserved 1048576K
}
Event: 5.378 GC heap before
{Heap before GC invocations=30 (full 2):
 PSYoungGen      total 22016K, used 22016K [0x00000000d5580000, 0x00000000d6d00000, 0x0000000100000000)
  eden space 20992K, 100% used [0x00000000d5580000,0x00000000d6a00000,0x00000000d6a00000)
  from space 1024K, 100% used [0x00000000d6b00000,0x00000000d6c00000,0x00000000d6c00000)
  to   space 1024K, 0% used [0x00000000d6c00000,0x00000000d6c00000,0x00000000d6d00000)
 ParOldGen       total 68608K, used 38577K [0x0000000080000000, 0x0000000084300000, 0x00000000d5580000)
  object space 68608K, 56% used [0x0000000080000000,0x00000000825ac4f8,0x0000000084300000)
 Metaspace       used 51618K, committed 52864K, reserved 1114112K
  class space    used 5587K, committed 6144K, reserved 1048576K
}
Event: 5.379 GC heap after
{Heap after GC invocations=30 (full 2):
 PSYoungGen      total 21504K, used 1024K [0x00000000d5580000, 0x00000000d6f00000, 0x0000000100000000)
  eden space 20480K, 0% used [0x00000000d5580000,0x00000000d5580000,0x00000000d6980000)
  from space 1024K, 100% used [0x00000000d6c00000,0x00000000d6d00000,0x00000000d6d00000)
  to   space 2560K, 0% used [0x00000000d6980000,0x00000000d6980000,0x00000000d6c00000)
 ParOldGen       total 68608K, used 39477K [0x0000000080000000, 0x0000000084300000, 0x00000000d5580000)
  object space 68608K, 57% used [0x0000000080000000,0x000000008268d508,0x0000000084300000)
 Metaspace       used 51618K, committed 52864K, reserved 1114112K
  class space    used 5587K, committed 6144K, reserved 1048576K
}
Event: 5.634 GC heap before
{Heap before GC invocations=31 (full 2):
 PSYoungGen      total 21504K, used 21504K [0x00000000d5580000, 0x00000000d6f00000, 0x0000000100000000)
  eden space 20480K, 100% used [0x00000000d5580000,0x00000000d6980000,0x00000000d6980000)
  from space 1024K, 100% used [0x00000000d6c00000,0x00000000d6d00000,0x00000000d6d00000)
  to   space 2560K, 0% used [0x00000000d6980000,0x00000000d6980000,0x00000000d6c00000)
 ParOldGen       total 68608K, used 39477K [0x0000000080000000, 0x0000000084300000, 0x00000000d5580000)
  object space 68608K, 57% used [0x0000000080000000,0x000000008268d508,0x0000000084300000)
 Metaspace       used 53971K, committed 55232K, reserved 1114112K
  class space    used 5855K, committed 6400K, reserved 1048576K
}
Event: 5.636 GC heap after
{Heap after GC invocations=31 (full 2):
 PSYoungGen      total 23040K, used 2488K [0x00000000d5580000, 0x00000000d6f80000, 0x0000000100000000)
  eden space 20480K, 0% used [0x00000000d5580000,0x00000000d5580000,0x00000000d6980000)
  from space 2560K, 97% used [0x00000000d6980000,0x00000000d6bee3b8,0x00000000d6c00000)
  to   space 3072K, 0% used [0x00000000d6c80000,0x00000000d6c80000,0x00000000d6f80000)
 ParOldGen       total 68608K, used 40330K [0x0000000080000000, 0x0000000084300000, 0x00000000d5580000)
  object space 68608K, 58% used [0x0000000080000000,0x0000000082762bb8,0x0000000084300000)
 Metaspace       used 53971K, committed 55232K, reserved 1114112K
  class space    used 5855K, committed 6400K, reserved 1048576K
}
Event: 5.976 GC heap before
{Heap before GC invocations=32 (full 2):
 PSYoungGen      total 23040K, used 22968K [0x00000000d5580000, 0x00000000d6f80000, 0x0000000100000000)
  eden space 20480K, 99% used [0x00000000d5580000,0x00000000d697fff8,0x00000000d6980000)
  from space 2560K, 97% used [0x00000000d6980000,0x00000000d6bee3b8,0x00000000d6c00000)
  to   space 3072K, 0% used [0x00000000d6c80000,0x00000000d6c80000,0x00000000d6f80000)
 ParOldGen       total 68608K, used 40330K [0x0000000080000000, 0x0000000084300000, 0x00000000d5580000)
  object space 68608K, 58% used [0x0000000080000000,0x0000000082762bb8,0x0000000084300000)
 Metaspace       used 55975K, committed 57280K, reserved 1114112K
  class space    used 6060K, committed 6592K, reserved 1048576K
}
Event: 5.978 GC heap after
{Heap after GC invocations=32 (full 2):
 PSYoungGen      total 22016K, used 1024K [0x00000000d5580000, 0x00000000d6e00000, 0x0000000100000000)
  eden space 20480K, 0% used [0x00000000d5580000,0x00000000d5580000,0x00000000d6980000)
  from space 1536K, 66% used [0x00000000d6c80000,0x00000000d6d80310,0x00000000d6e00000)
  to   space 2048K, 0% used [0x00000000d6a00000,0x00000000d6a00000,0x00000000d6c00000)
 ParOldGen       total 68608K, used 42648K [0x0000000080000000, 0x0000000084300000, 0x00000000d5580000)
  object space 68608K, 62% used [0x0000000080000000,0x00000000829a6178,0x0000000084300000)
 Metaspace       used 55975K, committed 57280K, reserved 1114112K
  class space    used 6060K, committed 6592K, reserved 1048576K
}
Event: 6.238 GC heap before
{Heap before GC invocations=33 (full 2):
 PSYoungGen      total 22016K, used 21504K [0x00000000d5580000, 0x00000000d6e00000, 0x0000000100000000)
  eden space 20480K, 99% used [0x00000000d5580000,0x00000000d697fff0,0x00000000d6980000)
  from space 1536K, 66% used [0x00000000d6c80000,0x00000000d6d80310,0x00000000d6e00000)
  to   space 2048K, 0% used [0x00000000d6a00000,0x00000000d6a00000,0x00000000d6c00000)
 ParOldGen       total 68608K, used 42648K [0x0000000080000000, 0x0000000084300000, 0x00000000d5580000)
  object space 68608K, 62% used [0x0000000080000000,0x00000000829a6178,0x0000000084300000)
 Metaspace       used 57929K, committed 59328K, reserved 1114112K
  class space    used 6276K, committed 6848K, reserved 1048576K
}
Event: 6.241 GC heap after
{Heap after GC invocations=33 (full 2):
 PSYoungGen      total 22528K, used 2016K [0x00000000d5580000, 0x00000000d7280000, 0x0000000100000000)
  eden space 20480K, 0% used [0x00000000d5580000,0x00000000d5580000,0x00000000d6980000)
  from space 2048K, 98% used [0x00000000d6a00000,0x00000000d6bf81c8,0x00000000d6c00000)
  to   space 4608K, 0% used [0x00000000d6e00000,0x00000000d6e00000,0x00000000d7280000)
 ParOldGen       total 68608K, used 44321K [0x0000000080000000, 0x0000000084300000, 0x00000000d5580000)
  object space 68608K, 64% used [0x0000000080000000,0x0000000082b48578,0x0000000084300000)
 Metaspace       used 57929K, committed 59328K, reserved 1114112K
  class space    used 6276K, committed 6848K, reserved 1048576K
}
Event: 6.320 GC heap before
{Heap before GC invocations=34 (full 2):
 PSYoungGen      total 22528K, used 7095K [0x00000000d5580000, 0x00000000d7280000, 0x0000000100000000)
  eden space 20480K, 24% used [0x00000000d5580000,0x00000000d5a75ba0,0x00000000d6980000)
  from space 2048K, 98% used [0x00000000d6a00000,0x00000000d6bf81c8,0x00000000d6c00000)
  to   space 4608K, 0% used [0x00000000d6e00000,0x00000000d6e00000,0x00000000d7280000)
 ParOldGen       total 68608K, used 44321K [0x0000000080000000, 0x0000000084300000, 0x00000000d5580000)
  object space 68608K, 64% used [0x0000000080000000,0x0000000082b48578,0x0000000084300000)
 Metaspace       used 58379K, committed 59776K, reserved 1114112K
  class space    used 6311K, committed 6912K, reserved 1048576K
}
Event: 6.323 GC heap after
{Heap after GC invocations=34 (full 2):
 PSYoungGen      total 22016K, used 1344K [0x00000000d5580000, 0x00000000d6f80000, 0x0000000100000000)
  eden space 20480K, 0% used [0x00000000d5580000,0x00000000d5580000,0x00000000d6980000)
  from space 1536K, 87% used [0x00000000d6e00000,0x00000000d6f50000,0x00000000d6f80000)
  to   space 2560K, 0% used [0x00000000d6a80000,0x00000000d6a80000,0x00000000d6d00000)
 ParOldGen       total 68608K, used 46338K [0x0000000080000000, 0x0000000084300000, 0x00000000d5580000)
  object space 68608K, 67% used [0x0000000080000000,0x0000000082d40a10,0x0000000084300000)
 Metaspace       used 58379K, committed 59776K, reserved 1114112K
  class space    used 6311K, committed 6912K, reserved 1048576K
}
Event: 6.323 GC heap before
{Heap before GC invocations=35 (full 3):
 PSYoungGen      total 22016K, used 1344K [0x00000000d5580000, 0x00000000d6f80000, 0x0000000100000000)
  eden space 20480K, 0% used [0x00000000d5580000,0x00000000d5580000,0x00000000d6980000)
  from space 1536K, 87% used [0x00000000d6e00000,0x00000000d6f50000,0x00000000d6f80000)
  to   space 2560K, 0% used [0x00000000d6a80000,0x00000000d6a80000,0x00000000d6d00000)
 ParOldGen       total 68608K, used 46338K [0x0000000080000000, 0x0000000084300000, 0x00000000d5580000)
  object space 68608K, 67% used [0x0000000080000000,0x0000000082d40a10,0x0000000084300000)
 Metaspace       used 58379K, committed 59776K, reserved 1114112K
  class space    used 6311K, committed 6912K, reserved 1048576K
}
Event: 6.368 GC heap after
{Heap after GC invocations=35 (full 3):
 PSYoungGen      total 22016K, used 0K [0x00000000d5580000, 0x00000000d6f80000, 0x0000000100000000)
  eden space 20480K, 0% used [0x00000000d5580000,0x00000000d5580000,0x00000000d6980000)
  from space 1536K, 0% used [0x00000000d6e00000,0x00000000d6e00000,0x00000000d6f80000)
  to   space 2560K, 0% used [0x00000000d6a80000,0x00000000d6a80000,0x00000000d6d00000)
 ParOldGen       total 68608K, used 41792K [0x0000000080000000, 0x0000000084300000, 0x00000000d5580000)
  object space 68608K, 60% used [0x0000000080000000,0x00000000828d0228,0x0000000084300000)
 Metaspace       used 58379K, committed 59776K, reserved 1114112K
  class space    used 6311K, committed 6912K, reserved 1048576K
}
Event: 6.627 GC heap before
{Heap before GC invocations=36 (full 3):
 PSYoungGen      total 22016K, used 20480K [0x00000000d5580000, 0x00000000d6f80000, 0x0000000100000000)
  eden space 20480K, 100% used [0x00000000d5580000,0x00000000d6980000,0x00000000d6980000)
  from space 1536K, 0% used [0x00000000d6e00000,0x00000000d6e00000,0x00000000d6f80000)
  to   space 2560K, 0% used [0x00000000d6a80000,0x00000000d6a80000,0x00000000d6d00000)
 ParOldGen       total 68608K, used 41792K [0x0000000080000000, 0x0000000084300000, 0x00000000d5580000)
  object space 68608K, 60% used [0x0000000080000000,0x00000000828d0228,0x0000000084300000)
 Metaspace       used 59346K, committed 60736K, reserved 1114112K
  class space    used 6372K, committed 6976K, reserved 1048576K
}
Event: 6.628 GC heap after
{Heap after GC invocations=36 (full 3):
 PSYoungGen      total 23040K, used 912K [0x00000000d5580000, 0x00000000d6e80000, 0x0000000100000000)
  eden space 20480K, 0% used [0x00000000d5580000,0x00000000d5580000,0x00000000d6980000)
  from space 2560K, 35% used [0x00000000d6a80000,0x00000000d6b64010,0x00000000d6d00000)
  to   space 1536K, 0% used [0x00000000d6d00000,0x00000000d6d00000,0x00000000d6e80000)
 ParOldGen       total 68608K, used 41800K [0x0000000080000000, 0x0000000084300000, 0x00000000d5580000)
  object space 68608K, 60% used [0x0000000080000000,0x00000000828d2228,0x0000000084300000)
 Metaspace       used 59346K, committed 60736K, reserved 1114112K
  class space    used 6372K, committed 6976K, reserved 1048576K
}

Dll operation events (10 events):
Event: 0.006 Loaded shared library c:\Users\admin\.vscode\extensions\redhat.java-1.54.0-win32-x64\jre\21.0.10-win32-x86_64\bin\java.dll
Event: 0.046 Loaded shared library c:\Users\admin\.vscode\extensions\redhat.java-1.54.0-win32-x64\jre\21.0.10-win32-x86_64\bin\zip.dll
Event: 0.056 Loaded shared library C:\Users\admin\.vscode\extensions\redhat.java-1.54.0-win32-x64\jre\21.0.10-win32-x86_64\bin\instrument.dll
Event: 0.059 Loaded shared library C:\Users\admin\.vscode\extensions\redhat.java-1.54.0-win32-x64\jre\21.0.10-win32-x86_64\bin\net.dll
Event: 0.060 Loaded shared library C:\Users\admin\.vscode\extensions\redhat.java-1.54.0-win32-x64\jre\21.0.10-win32-x86_64\bin\nio.dll
Event: 0.061 Loaded shared library C:\Users\admin\.vscode\extensions\redhat.java-1.54.0-win32-x64\jre\21.0.10-win32-x86_64\bin\zip.dll
Event: 0.069 Loaded shared library C:\Users\admin\.vscode\extensions\redhat.java-1.54.0-win32-x64\jre\21.0.10-win32-x86_64\bin\jimage.dll
Event: 0.099 Loaded shared library c:\Users\admin\.vscode\extensions\redhat.java-1.54.0-win32-x64\jre\21.0.10-win32-x86_64\bin\verify.dll
Event: 0.644 Loaded shared library C:\Users\admin\AppData\Roaming\Code\User\globalStorage\redhat.java\1.54.0\config_win\org.eclipse.equinox.launcher\org.eclipse.equinox.launcher.win32.win32.x86_64_1.3.0.v20260203-2149\eclipse_11919.dll
Event: 3.322 Loaded shared library C:\Users\admin\AppData\Local\Temp\jna-92668751\jna2325319246393295358.dll

Deoptimization events (20 events):
Event: 6.676 Thread 0x000001f17da16a60 Uncommon trap: trap_request=0xffffff45 fr.pc=0x000001f1278b7144 relative=0x0000000000000284
Event: 6.676 Thread 0x000001f17da16a60 Uncommon trap: reason=unstable_if action=reinterpret pc=0x000001f1278b7144 method=org.eclipse.osgi.internal.framework.BundleContextImpl.setContextFinder()Ljava/lang/Object; @ 36 c2
Event: 6.676 Thread 0x000001f17da16a60 DEOPT PACKING pc=0x000001f1278b7144 sp=0x000000eb433fdc10
Event: 6.676 Thread 0x000001f17da16a60 DEOPT UNPACKING pc=0x000001f127163aa2 sp=0x000000eb433fdbc0 mode 2
Event: 6.705 Thread 0x000001f17bc657f0 Uncommon trap: trap_request=0xffffff45 fr.pc=0x000001f127ad2be8 relative=0x00000000000016e8
Event: 6.705 Thread 0x000001f17bc657f0 Uncommon trap: reason=unstable_if action=reinterpret pc=0x000001f127ad2be8 method=org.eclipse.jdt.internal.core.JavaModelCache.getInfo(Lorg/eclipse/jdt/core/IJavaElement;)Lorg/eclipse/jdt/internal/compiler/env/IElementInfo; @ 6 c2
Event: 6.705 Thread 0x000001f17bc657f0 DEOPT PACKING pc=0x000001f127ad2be8 sp=0x000000eb404fea20
Event: 6.705 Thread 0x000001f17bc657f0 DEOPT UNPACKING pc=0x000001f127163aa2 sp=0x000000eb404fe990 mode 2
Event: 6.709 Thread 0x000001f17da18b30 Uncommon trap: trap_request=0xffffff6e fr.pc=0x000001f1276ed6bc relative=0x000000000000017c
Event: 6.709 Thread 0x000001f17da18b30 Uncommon trap: reason=loop_limit_check action=maybe_recompile pc=0x000001f1276ed6bc method=java.lang.StringLatin1.lastIndexOf([BII)I @ 19 c2
Event: 6.709 Thread 0x000001f17da18b30 DEOPT PACKING pc=0x000001f1276ed6bc sp=0x000000eb439fe940
Event: 6.709 Thread 0x000001f17da18b30 DEOPT UNPACKING pc=0x000001f127163aa2 sp=0x000000eb439fe7f8 mode 2
Event: 6.711 Thread 0x000001f17da191c0 DEOPT PACKING pc=0x000001f1201a763e sp=0x000000eb434fe3f0
Event: 6.711 Thread 0x000001f17da191c0 DEOPT UNPACKING pc=0x000001f127164242 sp=0x000000eb434fd930 mode 0
Event: 6.715 Thread 0x000001f17da16a60 DEOPT PACKING pc=0x000001f1209b7120 sp=0x000000eb433fe1f0
Event: 6.715 Thread 0x000001f17da16a60 DEOPT UNPACKING pc=0x000001f127164242 sp=0x000000eb433fd6f8 mode 3
Event: 6.737 Thread 0x000001f17bc66510 Uncommon trap: trap_request=0xffffff45 fr.pc=0x000001f1279acf8c relative=0x000000000000032c
Event: 6.737 Thread 0x000001f17bc66510 Uncommon trap: reason=unstable_if action=reinterpret pc=0x000001f1279acf8c method=java.lang.ThreadLocal$ThreadLocalMap.set(Ljava/lang/ThreadLocal;Ljava/lang/Object;)V @ 116 c2
Event: 6.737 Thread 0x000001f17bc66510 DEOPT PACKING pc=0x000001f1279acf8c sp=0x000000eb40bfe890
Event: 6.737 Thread 0x000001f17bc66510 DEOPT UNPACKING pc=0x000001f127163aa2 sp=0x000000eb40bfe818 mode 2

Classes loaded (20 events):
Event: 6.163 Loading class java/nio/charset/CharacterCodingException
Event: 6.163 Loading class java/nio/charset/CharacterCodingException done
Event: 6.163 Loading class java/io/SequenceInputStream
Event: 6.163 Loading class java/io/SequenceInputStream done
Event: 6.180 Loading class java/util/WeakHashMap$KeyIterator
Event: 6.180 Loading class java/util/WeakHashMap$KeyIterator done
Event: 6.201 Loading class java/lang/UnsupportedClassVersionError
Event: 6.201 Loading class java/lang/UnsupportedClassVersionError done
Event: 6.671 Loading class java/util/concurrent/CompletableFuture$UniApply
Event: 6.671 Loading class java/util/concurrent/CompletableFuture$UniCompletion
Event: 6.671 Loading class java/util/concurrent/CompletableFuture$UniCompletion done
Event: 6.671 Loading class java/util/concurrent/CompletableFuture$UniApply done
Event: 6.672 Loading class java/util/concurrent/CompletableFuture$UniAccept
Event: 6.673 Loading class java/util/concurrent/CompletableFuture$UniAccept done
Event: 6.673 Loading class java/util/concurrent/CompletableFuture$UniExceptionally
Event: 6.673 Loading class java/util/concurrent/CompletableFuture$UniExceptionally done
Event: 6.696 Loading class javax/xml/transform/TransformerConfigurationException
Event: 6.696 Loading class javax/xml/transform/TransformerConfigurationException done
Event: 6.727 Loading class java/util/Hashtable$KeySet
Event: 6.727 Loading class java/util/Hashtable$KeySet done

Classes unloaded (7 events):
Event: 3.564 Thread 0x000001f133a630b0 Unloading class 0x000001f1351a3800 'java/lang/invoke/LambdaForm$MH+0x000001f1351a3800'
Event: 3.564 Thread 0x000001f133a630b0 Unloading class 0x000001f1351a3400 'java/lang/invoke/LambdaForm$MH+0x000001f1351a3400'
Event: 3.564 Thread 0x000001f133a630b0 Unloading class 0x000001f1351a3000 'java/lang/invoke/LambdaForm$MH+0x000001f1351a3000'
Event: 3.564 Thread 0x000001f133a630b0 Unloading class 0x000001f1351a2c00 'java/lang/invoke/LambdaForm$MH+0x000001f1351a2c00'
Event: 3.564 Thread 0x000001f133a630b0 Unloading class 0x000001f1351a2800 'java/lang/invoke/LambdaForm$BMH+0x000001f1351a2800'
Event: 3.564 Thread 0x000001f133a630b0 Unloading class 0x000001f1351a2400 'java/lang/invoke/LambdaForm$DMH+0x000001f1351a2400'
Event: 3.564 Thread 0x000001f133a630b0 Unloading class 0x000001f1351a1000 'java/lang/invoke/LambdaForm$DMH+0x000001f1351a1000'

Classes redefined (0 events):
No events

Internal exceptions (20 events):
Event: 6.666 Thread 0x000001f17d82c8c0 Exception <a 'sun/nio/fs/WindowsException'{0x00000000d5897608}> (0x00000000d5897608) 
thrown [s\src\hotspot\share\prims\jni.cpp, line 520]
Event: 6.666 Thread 0x000001f17d82c8c0 Exception <a 'sun/nio/fs/WindowsException'{0x00000000d5897ee8}> (0x00000000d5897ee8) 
thrown [s\src\hotspot\share\prims\jni.cpp, line 520]
Event: 6.666 Thread 0x000001f17d82c8c0 Exception <a 'sun/nio/fs/WindowsException'{0x00000000d589baa8}> (0x00000000d589baa8) 
thrown [s\src\hotspot\share\prims\jni.cpp, line 520]
Event: 6.666 Thread 0x000001f17d82c8c0 Exception <a 'sun/nio/fs/WindowsException'{0x00000000d589c470}> (0x00000000d589c470) 
thrown [s\src\hotspot\share\prims\jni.cpp, line 520]
Event: 6.667 Thread 0x000001f17d82c8c0 Exception <a 'sun/nio/fs/WindowsException'{0x00000000d58ae508}> (0x00000000d58ae508) 
thrown [s\src\hotspot\share\prims\jni.cpp, line 520]
Event: 6.667 Thread 0x000001f17d82c8c0 Exception <a 'sun/nio/fs/WindowsException'{0x00000000d58aec20}> (0x00000000d58aec20) 
thrown [s\src\hotspot\share\prims\jni.cpp, line 520]
Event: 6.667 Thread 0x000001f17d82c8c0 Exception <a 'sun/nio/fs/WindowsException'{0x00000000d58afa80}> (0x00000000d58afa80) 
thrown [s\src\hotspot\share\prims\jni.cpp, line 520]
Event: 6.667 Thread 0x000001f17d82c8c0 Exception <a 'sun/nio/fs/WindowsException'{0x00000000d58b0198}> (0x00000000d58b0198) 
thrown [s\src\hotspot\share\prims\jni.cpp, line 520]
Event: 6.669 Thread 0x000001f17d82c8c0 Exception <a 'java/lang/IncompatibleClassChangeError'{0x00000000d58d9120}: Found class java.lang.Object, but interface was expected> (0x00000000d58d9120) 
thrown [s\src\hotspot\share\interpreter\linkResolver.cpp, line 840]
Event: 6.675 Thread 0x000001f17d82c8c0 Exception <a 'java/lang/IncompatibleClassChangeError'{0x00000000d5967370}: Found class java.lang.Object, but interface was expected> (0x00000000d5967370) 
thrown [s\src\hotspot\share\interpreter\linkResolver.cpp, line 840]
Event: 6.678 Thread 0x000001f17d82c8c0 Exception <a 'java/lang/IncompatibleClassChangeError'{0x00000000d5a29c98}: Found class java.lang.Object, but interface was expected> (0x00000000d5a29c98) 
thrown [s\src\hotspot\share\interpreter\linkResolver.cpp, line 840]
Event: 6.681 Thread 0x000001f17d82c8c0 Exception <a 'java/lang/IncompatibleClassChangeError'{0x00000000d5a33e20}: Found class java.lang.Object, but interface was expected> (0x00000000d5a33e20) 
thrown [s\src\hotspot\share\interpreter\linkResolver.cpp, line 840]
Event: 6.701 Thread 0x000001f17bc657f0 Exception <a 'sun/nio/fs/WindowsException'{0x00000000d5c96e28}> (0x00000000d5c96e28) 
thrown [s\src\hotspot\share\prims\jni.cpp, line 520]
Event: 6.701 Thread 0x000001f17bc657f0 Exception <a 'sun/nio/fs/WindowsException'{0x00000000d5c97270}> (0x00000000d5c97270) 
thrown [s\src\hotspot\share\prims\jni.cpp, line 520]
Event: 6.736 Thread 0x000001f17da18b30 Exception <a 'sun/nio/fs/WindowsException'{0x00000000d5f2df70}> (0x00000000d5f2df70) 
thrown [s\src\hotspot\share\prims\jni.cpp, line 520]
Event: 6.736 Thread 0x000001f17da18b30 Exception <a 'sun/nio/fs/WindowsException'{0x00000000d5f2e958}> (0x00000000d5f2e958) 
thrown [s\src\hotspot\share\prims\jni.cpp, line 520]
Event: 6.737 Thread 0x000001f17da18b30 Exception <a 'sun/nio/fs/WindowsException'{0x00000000d5f2fb18}> (0x00000000d5f2fb18) 
thrown [s\src\hotspot\share\prims\jni.cpp, line 520]
Event: 6.737 Thread 0x000001f17da18b30 Exception <a 'sun/nio/fs/WindowsException'{0x00000000d5f304e0}> (0x00000000d5f304e0) 
thrown [s\src\hotspot\share\prims\jni.cpp, line 520]
Event: 6.740 Thread 0x000001f17da18b30 Exception <a 'java/io/FileNotFoundException'{0x00000000d5f564e0}> (0x00000000d5f564e0) 
thrown [s\src\hotspot\share\prims\jni.cpp, line 520]
Event: 6.740 Thread 0x000001f17da18b30 Exception <a 'java/io/FileNotFoundException'{0x00000000d5f57510}> (0x00000000d5f57510) 
thrown [s\src\hotspot\share\prims\jni.cpp, line 520]

ZGC Phase Switch (0 events):
No events

VM Operations (20 events):
Event: 6.205 Executing non-safepoint VM operation: HandshakeAllThreads (Deoptimize) done
Event: 6.238 Executing safepoint VM operation: ParallelGCFailedAllocation (Allocation Failure)
Event: 6.241 Executing safepoint VM operation: ParallelGCFailedAllocation (Allocation Failure) done
Event: 6.249 Executing non-safepoint VM operation: HandshakeAllThreads (Deoptimize)
Event: 6.249 Executing non-safepoint VM operation: HandshakeAllThreads (Deoptimize) done
Event: 6.320 Executing safepoint VM operation: CollectForMetadataAllocation (Metadata GC Threshold)
Event: 6.368 Executing safepoint VM operation: CollectForMetadataAllocation (Metadata GC Threshold) done
Event: 6.503 Executing safepoint VM operation: ICBufferFull
Event: 6.503 Executing safepoint VM operation: ICBufferFull done
Event: 6.608 Executing non-safepoint VM operation: HandshakeAllThreads (Deoptimize)
Event: 6.608 Executing non-safepoint VM operation: HandshakeAllThreads (Deoptimize) done
Event: 6.609 Executing non-safepoint VM operation: HandshakeAllThreads (Deoptimize)
Event: 6.609 Executing non-safepoint VM operation: HandshakeAllThreads (Deoptimize) done
Event: 6.627 Executing safepoint VM operation: ParallelGCFailedAllocation (Allocation Failure)
Event: 6.628 Executing safepoint VM operation: ParallelGCFailedAllocation (Allocation Failure) done
Event: 6.635 Executing non-safepoint VM operation: HandshakeAllThreads (Deoptimize)
Event: 6.635 Executing non-safepoint VM operation: HandshakeAllThreads (Deoptimize) done
Event: 6.715 Executing non-safepoint VM operation: HandshakeAllThreads (Deoptimize)
Event: 6.715 Executing non-safepoint VM operation: HandshakeAllThreads (Deoptimize) done
Event: 7.720 Executing safepoint VM operation: Cleanup

Memory protections (0 events):
No events

Nmethod flushes (20 events):
Event: 6.341 Thread 0x000001f133a630b0 flushing  nmethod 0x000001f1203f6590
Event: 6.341 Thread 0x000001f133a630b0 flushing  nmethod 0x000001f1203f6910
Event: 6.341 Thread 0x000001f133a630b0 flushing  nmethod 0x000001f1203fec90
Event: 6.341 Thread 0x000001f133a630b0 flushing  nmethod 0x000001f120404690
Event: 6.341 Thread 0x000001f133a630b0 flushing  nmethod 0x000001f120418e10
Event: 6.341 Thread 0x000001f133a630b0 flushing  nmethod 0x000001f120420510
Event: 6.341 Thread 0x000001f133a630b0 flushing  nmethod 0x000001f120432990
Event: 6.341 Thread 0x000001f133a630b0 flushing  nmethod 0x000001f120437910
Event: 6.341 Thread 0x000001f133a630b0 flushing  nmethod 0x000001f120438d10
Event: 6.341 Thread 0x000001f133a630b0 flushing  nmethod 0x000001f120439310
Event: 6.341 Thread 0x000001f133a630b0 flushing  nmethod 0x000001f120439b90
Event: 6.341 Thread 0x000001f133a630b0 flushing  nmethod 0x000001f12043a610
Event: 6.341 Thread 0x000001f133a630b0 flushing  nmethod 0x000001f12043c590
Event: 6.341 Thread 0x000001f133a630b0 flushing  nmethod 0x000001f120444f90
Event: 6.341 Thread 0x000001f133a630b0 flushing  nmethod 0x000001f120456b10
Event: 6.341 Thread 0x000001f133a630b0 flushing  nmethod 0x000001f12046a110
Event: 6.341 Thread 0x000001f133a630b0 flushing  nmethod 0x000001f12046e510
Event: 6.341 Thread 0x000001f133a630b0 flushing  nmethod 0x000001f1204acf10
Event: 6.341 Thread 0x000001f133a630b0 flushing  nmethod 0x000001f1204b6290
Event: 6.341 Thread 0x000001f133a630b0 flushing  nmethod 0x000001f1204bd890

Events (20 events):
Event: 5.560 Thread 0x000001f17bc62a00 Thread added: 0x000001f17da156b0
Event: 5.560 Thread 0x000001f17bc62a00 Thread added: 0x000001f17da14990
Event: 5.560 Thread 0x000001f17bc62a00 Thread added: 0x000001f17da15d40
Event: 5.560 Thread 0x000001f17bc62a00 Thread added: 0x000001f17da14300
Event: 5.567 Thread 0x000001f17bc62a00 Thread added: 0x000001f17da12f50
Event: 5.573 Thread 0x000001f17bc62a00 Thread added: 0x000001f17da163d0
Event: 5.573 Thread 0x000001f17bc62a00 Thread added: 0x000001f17da135e0
Event: 5.612 Thread 0x000001f17bc62a00 Thread added: 0x000001f17da15020
Event: 5.615 Thread 0x000001f17bc62a00 Thread added: 0x000001f17da13c70
Event: 5.637 Thread 0x000001f17bc657f0 Thread added: 0x000001f17da19ee0
Event: 5.909 Thread 0x000001f17bc62a00 Thread added: 0x000001f17da170f0
Event: 5.966 Thread 0x000001f17bc62370 Thread added: 0x000001f17da18b30
Event: 6.026 Thread 0x000001f17da18b30 Thread exited: 0x000001f17da18b30
Event: 6.672 Thread 0x000001f17d82c8c0 Thread added: 0x000001f17da16a60
Event: 6.673 Thread 0x000001f17d82c8c0 Thread added: 0x000001f17da191c0
Event: 6.674 Thread 0x000001f17da191c0 Thread added: 0x000001f17da1a570
Event: 6.674 Thread 0x000001f17da1a570 Thread added: 0x000001f17da17e10
Event: 6.676 Thread 0x000001f17d82c8c0 Thread added: 0x000001f17da184a0
Event: 6.680 Thread 0x000001f17d82c8c0 Thread added: 0x000001f17da19850
Event: 6.704 Thread 0x000001f17d82c8c0 Thread added: 0x000001f17da18b30


Dynamic libraries:
0x00007ff675ef0000 - 0x00007ff675efe000 	c:\Users\admin\.vscode\extensions\redhat.java-1.54.0-win32-x64\jre\21.0.10-win32-x86_64\bin\java.exe
0x00007ffc3c620000 - 0x00007ffc3c887000 	C:\Windows\SYSTEM32\ntdll.dll
0x00007ffc3b560000 - 0x00007ffc3b629000 	C:\Windows\System32\KERNEL32.DLL
0x00007ffc39e40000 - 0x00007ffc3a237000 	C:\Windows\System32\KERNELBASE.dll
0x00007ffc39ab0000 - 0x00007ffc39bfb000 	C:\Windows\System32\ucrtbase.dll
0x00007ffc23700000 - 0x00007ffc2371e000 	c:\Users\admin\.vscode\extensions\redhat.java-1.54.0-win32-x64\jre\21.0.10-win32-x86_64\bin\VCRUNTIME140.dll
0x00007ffc22dd0000 - 0x00007ffc22de8000 	c:\Users\admin\.vscode\extensions\redhat.java-1.54.0-win32-x64\jre\21.0.10-win32-x86_64\bin\jli.dll
0x00007ffc3b790000 - 0x00007ffc3b956000 	C:\Windows\System32\USER32.dll
0x00007ffc38250000 - 0x00007ffc384e2000 	C:\Windows\WinSxS\amd64_microsoft.windows.common-controls_6595b64144ccf1df_6.0.26100.8328_none_3e08182ce334b678\COMCTL32.dll
0x00007ffc3ad00000 - 0x00007ffc3ada9000 	C:\Windows\System32\msvcrt.dll
0x00007ffc39c00000 - 0x00007ffc39c27000 	C:\Windows\System32\win32u.dll
0x00007ffc3bb40000 - 0x00007ffc3bb6b000 	C:\Windows\System32\GDI32.dll
0x00007ffc39050000 - 0x00007ffc3917c000 	C:\Windows\System32\gdi32full.dll
0x00007ffc3a240000 - 0x00007ffc3a2e3000 	C:\Windows\System32\msvcp_win.dll
0x00007ffc3b210000 - 0x00007ffc3b242000 	C:\Windows\System32\IMM32.DLL
0x00007ffc32ef0000 - 0x00007ffc32efc000 	c:\Users\admin\.vscode\extensions\redhat.java-1.54.0-win32-x64\jre\21.0.10-win32-x86_64\bin\vcruntime140_1.dll
0x00007ffbfa690000 - 0x00007ffbfa71d000 	c:\Users\admin\.vscode\extensions\redhat.java-1.54.0-win32-x64\jre\21.0.10-win32-x86_64\bin\msvcp140.dll
0x00007ffbce110000 - 0x00007ffbceeb1000 	c:\Users\admin\.vscode\extensions\redhat.java-1.54.0-win32-x64\jre\21.0.10-win32-x86_64\bin\server\jvm.dll
0x00007ffc3bc50000 - 0x00007ffc3bd06000 	C:\Windows\System32\ADVAPI32.dll
0x00007ffc3ac50000 - 0x00007ffc3acf7000 	C:\Windows\System32\sechost.dll
0x00007ffc3a3a0000 - 0x00007ffc3a4b8000 	C:\Windows\System32\RPCRT4.dll
0x00007ffc3c550000 - 0x00007ffc3c5d0000 	C:\Windows\System32\WS2_32.dll
0x00007ffc38eb0000 - 0x00007ffc38f0e000 	C:\Windows\SYSTEM32\POWRPROF.dll
0x00007ffc1bc70000 - 0x00007ffc1bc7b000 	C:\Windows\SYSTEM32\VERSION.dll
0x00007ffc2d580000 - 0x00007ffc2d5b6000 	C:\Windows\SYSTEM32\WINMM.dll
0x00007ffc38e90000 - 0x00007ffc38ea4000 	C:\Windows\SYSTEM32\UMPDC.dll
0x00007ffc374b0000 - 0x00007ffc374cb000 	C:\Windows\SYSTEM32\kernel.appcore.dll
0x00007ffc30c70000 - 0x00007ffc30c7a000 	c:\Users\admin\.vscode\extensions\redhat.java-1.54.0-win32-x64\jre\21.0.10-win32-x86_64\bin\jimage.dll
0x00007ffc38800000 - 0x00007ffc38a42000 	C:\Windows\SYSTEM32\DBGHELP.DLL
0x00007ffc3ae80000 - 0x00007ffc3b203000 	C:\Windows\System32\combase.dll
0x00007ffc3b2a0000 - 0x00007ffc3b379000 	C:\Windows\System32\OLEAUT32.dll
0x00007ffc386f0000 - 0x00007ffc3872b000 	C:\Windows\SYSTEM32\dbgcore.DLL
0x00007ffc3a2f0000 - 0x00007ffc3a398000 	C:\Windows\System32\bcryptPrimitives.dll
0x00007ffc30c10000 - 0x00007ffc30c1f000 	c:\Users\admin\.vscode\extensions\redhat.java-1.54.0-win32-x64\jre\21.0.10-win32-x86_64\bin\instrument.dll
0x00007ffc22d70000 - 0x00007ffc22d90000 	c:\Users\admin\.vscode\extensions\redhat.java-1.54.0-win32-x64\jre\21.0.10-win32-x86_64\bin\java.dll
0x00007ffc3a4c0000 - 0x00007ffc3ac2e000 	C:\Windows\System32\SHELL32.dll
0x00007ffc39240000 - 0x00007ffc39aac000 	C:\Windows\System32\windows.storage.dll
0x00007ffc3beb0000 - 0x00007ffc3bfa6000 	C:\Windows\System32\SHCORE.dll
0x00007ffc3ae10000 - 0x00007ffc3ae76000 	C:\Windows\System32\shlwapi.dll
0x00007ffc38f70000 - 0x00007ffc38f99000 	C:\Windows\SYSTEM32\profapi.dll
0x00007ffc16c70000 - 0x00007ffc16c88000 	c:\Users\admin\.vscode\extensions\redhat.java-1.54.0-win32-x64\jre\21.0.10-win32-x86_64\bin\zip.dll
0x00007ffc2c320000 - 0x00007ffc2c330000 	C:\Users\admin\.vscode\extensions\redhat.java-1.54.0-win32-x64\jre\21.0.10-win32-x86_64\bin\net.dll
0x00007ffc26c70000 - 0x00007ffc26d99000 	C:\Windows\SYSTEM32\WINHTTP.dll
0x00007ffc37a40000 - 0x00007ffc37aac000 	C:\Windows\system32\mswsock.dll
0x00007ffc1c430000 - 0x00007ffc1c446000 	C:\Users\admin\.vscode\extensions\redhat.java-1.54.0-win32-x64\jre\21.0.10-win32-x86_64\bin\nio.dll
0x00007ffc246a0000 - 0x00007ffc246b0000 	c:\Users\admin\.vscode\extensions\redhat.java-1.54.0-win32-x64\jre\21.0.10-win32-x86_64\bin\verify.dll
0x00007ffc05ed0000 - 0x00007ffc05f15000 	C:\Users\admin\AppData\Roaming\Code\User\globalStorage\redhat.java\1.54.0\config_win\org.eclipse.equinox.launcher\org.eclipse.equinox.launcher.win32.win32.x86_64_1.3.0.v20260203-2149\eclipse_11919.dll
0x00007ffc3bd10000 - 0x00007ffc3bea7000 	C:\Windows\System32\ole32.dll
0x00007ffc38b70000 - 0x00007ffc38b8b000 	C:\Windows\SYSTEM32\CRYPTSP.dll
0x00007ffc375d0000 - 0x00007ffc37609000 	C:\Windows\system32\rsaenh.dll
0x00007ffc37af0000 - 0x00007ffc37b23000 	C:\Windows\SYSTEM32\USERENV.dll
0x00007ffc38f40000 - 0x00007ffc38f6a000 	C:\Windows\SYSTEM32\bcrypt.dll
0x00007ffc37f30000 - 0x00007ffc37f3c000 	C:\Windows\SYSTEM32\CRYPTBASE.dll
0x00007ffc36f70000 - 0x00007ffc36fa2000 	C:\Windows\SYSTEM32\IPHLPAPI.DLL
0x00007ffc3c540000 - 0x00007ffc3c54a000 	C:\Windows\System32\NSI.dll
0x00007ffc05bd0000 - 0x00007ffc05c19000 	C:\Users\admin\AppData\Local\Temp\jna-92668751\jna2325319246393295358.dll
0x00007ffc3bc10000 - 0x00007ffc3bc18000 	C:\Windows\System32\PSAPI.DLL
0x00007ffc2f720000 - 0x00007ffc2f73d000 	C:\Windows\SYSTEM32\dhcpcsvc6.DLL
0x00007ffc2f6f0000 - 0x00007ffc2f715000 	C:\Windows\SYSTEM32\dhcpcsvc.DLL
0x00007ffc387c0000 - 0x00007ffc387f6000 	C:\Windows\SYSTEM32\ntmarta.dll

JVMTI agents:
c:\Users\admin\.vscode\extensions\redhat.java-1.54.0-win32-x64\lombok\lombok-1.18.39-4050.jar path:c:\Users\admin\.vscode\extensions\redhat.java-1.54.0-win32-x64\jre\21.0.10-win32-x86_64\bin\instrument.dll, loaded, initialized, instrumentlib options:none

dbghelp: loaded successfully - version: 4.0.5 - missing functions: none
symbol engine: initialized successfully - sym options: 0x614 - pdb path: .;c:\Users\admin\.vscode\extensions\redhat.java-1.54.0-win32-x64\jre\21.0.10-win32-x86_64\bin;C:\Windows\SYSTEM32;C:\Windows\WinSxS\amd64_microsoft.windows.common-controls_6595b64144ccf1df_6.0.26100.8328_none_3e08182ce334b678;c:\Users\admin\.vscode\extensions\redhat.java-1.54.0-win32-x64\jre\21.0.10-win32-x86_64\bin\server;C:\Users\admin\AppData\Roaming\Code\User\globalStorage\redhat.java\1.54.0\config_win\org.eclipse.equinox.launcher\org.eclipse.equinox.launcher.win32.win32.x86_64_1.3.0.v20260203-2149;C:\Users\admin\AppData\Local\Temp\jna-92668751

VM Arguments:
jvm_args: --add-modules=ALL-SYSTEM --add-opens=java.base/java.util=ALL-UNNAMED --add-opens=java.base/java.lang=ALL-UNNAMED --add-opens=java.base/sun.nio.fs=ALL-UNNAMED -Declipse.application=org.eclipse.jdt.ls.core.id1 -Dosgi.bundles.defaultStartLevel=4 -Declipse.product=org.eclipse.jdt.ls.core.product -Djava.import.generatesMetadataFilesAtProjectRoot=false -DDetectVMInstallationsJob.disabled=true -Dfile.encoding=utf8 -XX:+UseParallelGC -XX:GCTimeRatio=4 -XX:AdaptiveSizePolicyWeight=90 -Dsun.zip.disableMemoryMapping=true -Xmx2G -Xms100m -Xlog:disable -javaagent:c:\Users\admin\.vscode\extensions\redhat.java-1.54.0-win32-x64\lombok\lombok-1.18.39-4050.jar -XX:+HeapDumpOnOutOfMemoryError -XX:HeapDumpPath=c:\Users\admin\AppData\Roaming\Code\User\workspaceStorage\456ccaf14a017f0ce220ea57303d7a3b\redhat.java -Daether.dependencyCollector.impl=bf 
java_command: c:\Users\admin\.vscode\extensions\redhat.java-1.54.0-win32-x64\server\plugins\org.eclipse.equinox.launcher_1.7.100.v20251111-0406.jar -configuration c:\Users\admin\AppData\Roaming\Code\User\globalStorage\redhat.java\1.54.0\config_win -data c:\Users\admin\AppData\Roaming\Code\User\workspaceStorage\456ccaf14a017f0ce220ea57303d7a3b\redhat.java\jdt_ws --pipe=\\.\pipe\lsp-3014a7a8b21e0f5eebdb6ae6dc3ec0c4-sock
java_class_path (initial): c:\Users\admin\.vscode\extensions\redhat.java-1.54.0-win32-x64\server\plugins\org.eclipse.equinox.launcher_1.7.100.v20251111-0406.jar
Launcher Type: SUN_STANDARD

[Global flags]
    uintx AdaptiveSizePolicyWeight                 = 90                                        {product} {command line}
     intx CICompilerCount                          = 4                                         {product} {ergonomic}
    uintx GCTimeRatio                              = 4                                         {product} {command line}
     bool HeapDumpOnOutOfMemoryError               = true                                   {manageable} {command line}
    ccstr HeapDumpPath                             = c:\Users\admin\AppData\Roaming\Code\User\workspaceStorage\456ccaf14a017f0ce220ea57303d7a3b\redhat.java         {manageable} {command line}
   size_t InitialHeapSize                          = 104857600                                 {product} {command line}
   size_t MaxHeapSize                              = 2147483648                                {product} {command line}
   size_t MaxNewSize                               = 715653120                                 {product} {ergonomic}
   size_t MinHeapDeltaBytes                        = 524288                                    {product} {ergonomic}
   size_t MinHeapSize                              = 104857600                                 {product} {command line}
   size_t NewSize                                  = 34603008                                  {product} {ergonomic}
    uintx NonNMethodCodeHeapSize                   = 5839372                                {pd product} {ergonomic}
    uintx NonProfiledCodeHeapSize                  = 122909434                              {pd product} {ergonomic}
   size_t OldSize                                  = 70254592                                  {product} {ergonomic}
    uintx ProfiledCodeHeapSize                     = 122909434                              {pd product} {ergonomic}
    uintx ReservedCodeCacheSize                    = 251658240                              {pd product} {ergonomic}
     bool SegmentedCodeCache                       = true                                      {product} {ergonomic}
   size_t SoftMaxHeapSize                          = 2147483648                             {manageable} {ergonomic}
     bool UseCompressedOops                        = true                           {product lp64_product} {ergonomic}
     bool UseLargePagesIndividualAllocation        = false                                  {pd product} {ergonomic}
     bool UseParallelGC                            = true                                      {product} {command line}

Logging:
Log output configuration:
 #0: stdout all=off uptime,level,tags foldmultilines=false
 #1: stderr all=off uptime,level,tags foldmultilines=false

Release file:
JAVA_VERSION="21.0.10" 
MODULES="java.base java.compiler java.datatransfer java.xml java.prefs java.desktop java.instrument java.logging java.management java.security.sasl java.naming java.rmi java.management.rmi java.net.http java.scripting java.security.jgss java.transaction.xa java.sql java.sql.rowset java.xml.crypto java.se java.smartcardio jdk.accessibility jdk.internal.jvmstat jdk.attach jdk.charsets jdk.internal.opt jdk.zipfs jdk.compiler jdk.crypto.ec jdk.crypto.cryptoki jdk.crypto.mscapi jdk.dynalink jdk.internal.ed jdk.editpad jdk.hotspot.agent jdk.httpserver jdk.internal.le jdk.internal.vm.ci jdk.internal.vm.compiler jdk.internal.vm.compiler.management jdk.jartool jdk.javadoc jdk.jcmd jdk.management jdk.management.agent jdk.jconsole jdk.jdeps jdk.jdwp.agent jdk.jdi jdk.jfr jdk.jshell jdk.jsobject jdk.jstatd jdk.localedata jdk.management.jfr jdk.naming.dns jdk.naming.rmi jdk.net jdk.nio.mapmode jdk.random jdk.sctp jdk.security.auth jdk.security.jgss jdk.unsupported jdk.unsupported.desktop jdk.xml.dom" 

Environment Variables:
JAVA_HOME=C:\Program Files\Eclipse Adoptium\jdk-17.0.18.8-hotspot\
PATH=C:\Users\admin\AppData\Local\Programs\Microsoft VS Code;C:\Program Files\Common Files\Oracle\Java\javapath;C:\Program Files\Eclipse Adoptium\jdk-17.0.18.8-hotspot\bin;C:\Windows\system32;C:\Windows;C:\Windows\System32\Wbem;C:\Windows\System32\WindowsPowerShell\v1.0\;C:\Windows\System32\OpenSSH\;C:\Program Files\dotnet\;C:\Program Files\Git\cmd;C:\Users\admin\AppData\Local\Microsoft\WindowsApps;C:\Users\admin\AppData\Local\Programs\Microsoft VS Code\bin;C:\Users\admin\AppData\Local\GitHubDesktop\bin
USERNAME=admin
OS=Windows_NT
PROCESSOR_IDENTIFIER=Intel64 Family 6 Model 186 Stepping 2, GenuineIntel
TMP=C:\Users\admin\AppData\Local\Temp
TEMP=C:\Users\admin\AppData\Local\Temp




Periodic native trim disabled

---------------  S Y S T E M  ---------------

OS:
 Windows 11 , 64 bit Build 26100 (10.0.26100.8328)
OS uptime: 0 days 22:49 hours
Hyper-V role detected

CPU: total 12 (initial active 12) (6 cores per cpu, 2 threads per core) family 6 model 186 stepping 2 microcode 0x4122, cx8, cmov, fxsr, ht, mmx, 3dnowpref, sse, sse2, sse3, ssse3, sse4.1, sse4.2, popcnt, lzcnt, tsc, tscinvbit, avx, avx2, aes, erms, clmul, bmi1, bmi2, adx, sha, fma, vzeroupper, clflush, clflushopt, clwb, hv, serialize, rdtscp, rdpid, fsrm, f16c, cet_ibt, cet_ss
Processor Information for processor 0
  Max Mhz: 2100, Current Mhz: 2100, Mhz Limit: 2100
Processor Information for processor 1
  Max Mhz: 2100, Current Mhz: 2100, Mhz Limit: 2100
Processor Information for processor 2
  Max Mhz: 2100, Current Mhz: 2100, Mhz Limit: 2100
Processor Information for processor 3
  Max Mhz: 2100, Current Mhz: 2100, Mhz Limit: 2100
Processor Information for processor 4
  Max Mhz: 2100, Current Mhz: 2100, Mhz Limit: 2100
Processor Information for processor 5
  Max Mhz: 2100, Current Mhz: 2100, Mhz Limit: 2100
Processor Information for processor 6
  Max Mhz: 2100, Current Mhz: 2100, Mhz Limit: 2100
Processor Information for processor 7
  Max Mhz: 2100, Current Mhz: 2100, Mhz Limit: 2100
Processor Information for processor 8
  Max Mhz: 2100, Current Mhz: 1500, Mhz Limit: 1491
Processor Information for processor 9
  Max Mhz: 2100, Current Mhz: 1500, Mhz Limit: 1491
Processor Information for processor 10
  Max Mhz: 2100, Current Mhz: 1500, Mhz Limit: 1491
Processor Information for processor 11
  Max Mhz: 2100, Current Mhz: 1500, Mhz Limit: 1491

Memory: 4k page, system-wide physical 16009M (3143M free)
TotalPageFile size 65161M (AvailPageFile size 37M)
current process WorkingSet (physical memory assigned to process): 290M, peak: 296M
current process commit charge ("private bytes"): 388M, peak: 394M

vm_info: OpenJDK 64-Bit Server VM (21.0.10+7-LTS) for windows-amd64 JRE (21.0.10+7-LTS), built on 2026-01-20T00:00:00Z by "admin" with MS VC++ 17.12 (VS2022)

END.
