#
# There is insufficient memory for the Java Runtime Environment to continue.
# Native memory allocation (malloc) failed to allocate 1819504 bytes. Error detail: Chunk::new
# Possible reasons:
#   The system is out of physical RAM or swap space
#   This process is running with CompressedOops enabled, and the Java Heap may be blocking the growth of the native heap
# Possible solutions:
#   Reduce memory load on the system
#   Increase physical memory or swap space
#   Check if swap backing store is full
#   Decrease Java heap size (-Xmx/-Xms)
#   Decrease number of Java threads
#   Decrease Java thread stack sizes (-Xss)
#   Set larger code cache with -XX:ReservedCodeCacheSize=
#   JVM is running with Unscaled Compressed Oops mode in which the Java heap is
#     placed in the first 4GB address space. The Java Heap base address is the
#     maximum limit for the native heap growth. Please use -XX:HeapBaseMinAddress
#     to set the Java Heap base and to place the Java Heap above 4GB virtual address.
# This output file may be truncated or incomplete.
#
#  Out of Memory Error (arena.cpp:168), pid=25784, tid=14844
#
# JRE version: OpenJDK Runtime Environment Temurin-21.0.10+7 (21.0.10+7) (build 21.0.10+7-LTS)
# Java VM: OpenJDK 64-Bit Server VM Temurin-21.0.10+7 (21.0.10+7-LTS, mixed mode, sharing, tiered, compressed oops, compressed class ptrs, parallel gc, windows-amd64)
# No core dump will be written. Minidumps are not enabled by default on client versions of Windows
#

---------------  S U M M A R Y ------------

Command Line: --add-modules=ALL-SYSTEM --add-opens=java.base/java.util=ALL-UNNAMED --add-opens=java.base/java.lang=ALL-UNNAMED --add-opens=java.base/sun.nio.fs=ALL-UNNAMED -Declipse.application=org.eclipse.jdt.ls.core.id1 -Dosgi.bundles.defaultStartLevel=4 -Declipse.product=org.eclipse.jdt.ls.core.product -Djava.import.generatesMetadataFilesAtProjectRoot=false -DDetectVMInstallationsJob.disabled=true -Dfile.encoding=utf8 -XX:+UseParallelGC -XX:GCTimeRatio=4 -XX:AdaptiveSizePolicyWeight=90 -Dsun.zip.disableMemoryMapping=true -Xmx2G -Xms100m -Xlog:disable -javaagent:c:\Users\admin\.vscode\extensions\redhat.java-1.54.0-win32-x64\lombok\lombok-1.18.39-4050.jar -XX:+HeapDumpOnOutOfMemoryError -XX:HeapDumpPath=c:\Users\admin\AppData\Roaming\Code\User\workspaceStorage\456ccaf14a017f0ce220ea57303d7a3b\redhat.java -Daether.dependencyCollector.impl=bf c:\Users\admin\.vscode\extensions\redhat.java-1.54.0-win32-x64\server\plugins\org.eclipse.equinox.launcher_1.7.100.v20251111-0406.jar -configuration c:\Users\admin\AppData\Roaming\Code\User\globalStorage\redhat.java\1.54.0\config_win -data c:\Users\admin\AppData\Roaming\Code\User\workspaceStorage\456ccaf14a017f0ce220ea57303d7a3b\redhat.java\jdt_ws --pipe=\\.\pipe\lsp-a5fe54ead27dfb8cffc7bfb56593855e-sock

Host: 13th Gen Intel(R) Core(TM) i5-13420H, 12 cores, 15G,  Windows 11 , 64 bit Build 26100 (10.0.26100.8328)
Time: Sun May 10 16:46:51 2026 SE Asia Standard Time elapsed time: 6.886590 seconds (0d 0h 0m 6s)

---------------  T H R E A D  ---------------

Current thread (0x0000025cef01a410):  JavaThread "C2 CompilerThread0" daemon [_thread_in_native, id=14844, stack(0x00000089faa00000,0x00000089fab00000) (1024K)]


Current CompileTask:
C2:6886 5697   !   4       org.eclipse.osgi.internal.loader.classpath.ClasspathManager::findClassImpl (328 bytes)

Stack: [0x00000089faa00000,0x00000089fab00000]
Native frames: (J=compiled Java code, j=interpreted, Vv=VM code, C=native code)
V  [jvm.dll+0x6d7a39]
V  [jvm.dll+0x8b4b26]
V  [jvm.dll+0x8b70de]
V  [jvm.dll+0x8b77c3]
V  [jvm.dll+0x284346]
V  [jvm.dll+0xc66ed]
V  [jvm.dll+0xc6c31]
V  [jvm.dll+0x3bec3b]
V  [jvm.dll+0x1e3f69]
V  [jvm.dll+0x24c6b3]
V  [jvm.dll+0x24bb40]
V  [jvm.dll+0x1cb34e]
V  [jvm.dll+0x25b85d]
V  [jvm.dll+0x259dea]
V  [jvm.dll+0x3f857e]
V  [jvm.dll+0x85f59d]
V  [jvm.dll+0x6d626d]
C  [ucrtbase.dll+0x37b0]
C  [KERNEL32.DLL+0x2e957]
C  [ntdll.dll+0x427c]


---------------  P R O C E S S  ---------------

Threads class SMR info:
_java_thread_list=0x0000025ceff42950, length=53, elements={
0x0000025cd265d8e0, 0x0000025cef0044b0, 0x0000025cef005470, 0x0000025cef007410,
0x0000025cef00c990, 0x0000025cef00dc10, 0x0000025cef00ea20, 0x0000025cef01a410,
0x0000025cef041a70, 0x0000025cef2488b0, 0x0000025cef3db7f0, 0x0000025cefce35a0,
0x0000025cefea25d0, 0x0000025cefefb640, 0x0000025cefefc480, 0x0000025cf03289f0,
0x0000025cf02bcbe0, 0x0000025cf015e910, 0x0000025cf0417b40, 0x0000025cf03d4580,
0x0000025cf03d4c10, 0x0000025cf03d3860, 0x0000025cf03d3ef0, 0x0000025cf03d5930,
0x0000025cf1e08e10, 0x0000025cf03d2b40, 0x0000025cf03d31d0, 0x0000025cf172fed0,
0x0000025cf172de00, 0x0000025cf172e490, 0x0000025cf172d770, 0x0000025cf172d0e0,
0x0000025cf172eb20, 0x0000025cf172f840, 0x0000025cf172f1b0, 0x0000025cf1730560,
0x0000025cf2ad4ee0, 0x0000025cf2ad6fb0, 0x0000025cf2ad5c00, 0x0000025cf2ad41c0,
0x0000025cf2ad5570, 0x0000025cf2ad6290, 0x0000025cf2ad6920, 0x0000025cf2ad7640,
0x0000025cf2ad4850, 0x0000025cf2ad9080, 0x0000025cf2ada430, 0x0000025cf2ad9710,
0x0000025cf2adb150, 0x0000025cf2ad9da0, 0x0000025cf2adaac0, 0x0000025cf2ad89f0,
0x0000025cf2adb7e0
}

Java Threads: ( => current thread )
  0x0000025cd265d8e0 JavaThread "main"                              [_thread_blocked, id=2660, stack(0x00000089fa000000,0x00000089fa100000) (1024K)]
  0x0000025cef0044b0 JavaThread "Reference Handler"          daemon [_thread_blocked, id=25048, stack(0x00000089fa400000,0x00000089fa500000) (1024K)]
  0x0000025cef005470 JavaThread "Finalizer"                  daemon [_thread_blocked, id=25288, stack(0x00000089fa500000,0x00000089fa600000) (1024K)]
  0x0000025cef007410 JavaThread "Signal Dispatcher"          daemon [_thread_blocked, id=7072, stack(0x00000089fa600000,0x00000089fa700000) (1024K)]
  0x0000025cef00c990 JavaThread "Attach Listener"            daemon [_thread_blocked, id=9716, stack(0x00000089fa700000,0x00000089fa800000) (1024K)]
  0x0000025cef00dc10 JavaThread "Service Thread"             daemon [_thread_blocked, id=20332, stack(0x00000089fa800000,0x00000089fa900000) (1024K)]
  0x0000025cef00ea20 JavaThread "Monitor Deflation Thread"   daemon [_thread_blocked, id=2204, stack(0x00000089fa900000,0x00000089faa00000) (1024K)]
=>0x0000025cef01a410 JavaThread "C2 CompilerThread0"         daemon [_thread_in_native, id=14844, stack(0x00000089faa00000,0x00000089fab00000) (1024K)]
  0x0000025cef041a70 JavaThread "C1 CompilerThread0"         daemon [_thread_in_native, id=7472, stack(0x00000089fab00000,0x00000089fac00000) (1024K)]
  0x0000025cef2488b0 JavaThread "Common-Cleaner"             daemon [_thread_blocked, id=18216, stack(0x00000089fac00000,0x00000089fad00000) (1024K)]
  0x0000025cef3db7f0 JavaThread "Notification Thread"        daemon [_thread_blocked, id=15832, stack(0x00000089fae00000,0x00000089faf00000) (1024K)]
  0x0000025cefce35a0 JavaThread "Active Thread: Equinox Container: 69193459-a745-43f3-bbc4-b553028e016f"        [_thread_blocked, id=12668, stack(0x00000089fb600000,0x00000089fb700000) (1024K)]
  0x0000025cefea25d0 JavaThread "Refresh Thread: Equinox Container: 69193459-a745-43f3-bbc4-b553028e016f" daemon [_thread_blocked, id=16108, stack(0x00000089fb800000,0x00000089fb900000) (1024K)]
  0x0000025cefefb640 JavaThread "Framework Event Dispatcher: Equinox Container: 69193459-a745-43f3-bbc4-b553028e016f" daemon [_thread_blocked, id=1216, stack(0x00000089fb900000,0x00000089fba00000) (1024K)]
  0x0000025cefefc480 JavaThread "Start Level: Equinox Container: 69193459-a745-43f3-bbc4-b553028e016f" daemon [_thread_blocked, id=24652, stack(0x00000089fba00000,0x00000089fbb00000) (1024K)]
  0x0000025cf03289f0 JavaThread "Bundle File Closer"         daemon [_thread_blocked, id=25104, stack(0x00000089fbd00000,0x00000089fbe00000) (1024K)]
  0x0000025cf02bcbe0 JavaThread "SCR Component Actor"        daemon [_thread_blocked, id=8208, stack(0x00000089fad00000,0x00000089fae00000) (1024K)]
  0x0000025cf015e910 JavaThread "C2 CompilerThread1"         daemon [_thread_in_native, id=25332, stack(0x00000089faf00000,0x00000089fb000000) (1024K)]
  0x0000025cf0417b40 JavaThread "Worker-JM"                         [_thread_blocked, id=16816, stack(0x00000089fbf00000,0x00000089fc000000) (1024K)]
  0x0000025cf03d4580 JavaThread "JNA Cleaner"                daemon [_thread_blocked, id=24980, stack(0x00000089fc000000,0x00000089fc100000) (1024K)]
  0x0000025cf03d4c10 JavaThread "Worker-0: Building"                [_thread_in_native, id=11056, stack(0x00000089fc100000,0x00000089fc200000) (1024K)]
  0x0000025cf03d3860 JavaThread "Worker-1: Updating workspace"        [_thread_in_vm, id=19096, stack(0x00000089fc200000,0x00000089fc300000) (1024K)]
  0x0000025cf03d3ef0 JavaThread "Worker-2: Initialize After Load"        [_thread_blocked, id=7948, stack(0x00000089fc300000,0x00000089fc400000) (1024K)]
  0x0000025cf03d5930 JavaThread "Java indexing"              daemon [_thread_blocked, id=25732, stack(0x00000089fbe00000,0x00000089fbf00000) (1024K)]
  0x0000025cf1e08e10 JavaThread "C2 CompilerThread2"         daemon [_thread_in_native, id=21252, stack(0x00000089fc400000,0x00000089fc500000) (1024K)]
  0x0000025cf03d2b40 JavaThread "Worker-3: Repository registry initialization"        [_thread_blocked, id=16372, stack(0x00000089fc700000,0x00000089fc800000) (1024K)]
  0x0000025cf03d31d0 JavaThread "Worker-4: Updating Maven Dependencies"        [_thread_in_Java, id=8656, stack(0x00000089fc800000,0x00000089fc900000) (1024K)]
  0x0000025cf172fed0 JavaThread "Thread-1"                   daemon [_thread_in_native, id=24396, stack(0x00000089fc900000,0x00000089fca00000) (1024K)]
  0x0000025cf172de00 JavaThread "Thread-2"                   daemon [_thread_in_native, id=13348, stack(0x00000089fca00000,0x00000089fcb00000) (1024K)]
  0x0000025cf172e490 JavaThread "Thread-3"                   daemon [_thread_in_native, id=17600, stack(0x00000089fcb00000,0x00000089fcc00000) (1024K)]
  0x0000025cf172d770 JavaThread "Thread-4"                   daemon [_thread_in_native, id=19188, stack(0x00000089fcc00000,0x00000089fcd00000) (1024K)]
  0x0000025cf172d0e0 JavaThread "Thread-5"                   daemon [_thread_in_native, id=25264, stack(0x00000089fcd00000,0x00000089fce00000) (1024K)]
  0x0000025cf172eb20 JavaThread "Thread-6"                   daemon [_thread_in_native, id=26608, stack(0x00000089fce00000,0x00000089fcf00000) (1024K)]
  0x0000025cf172f840 JavaThread "Thread-7"                   daemon [_thread_in_native, id=11636, stack(0x00000089fcf00000,0x00000089fd000000) (1024K)]
  0x0000025cf172f1b0 JavaThread "Thread-8"                   daemon [_thread_in_native, id=10108, stack(0x00000089fd000000,0x00000089fd100000) (1024K)]
  0x0000025cf1730560 JavaThread "Thread-9"                   daemon [_thread_in_native, id=7448, stack(0x00000089fd100000,0x00000089fd200000) (1024K)]
  0x0000025cf2ad4ee0 JavaThread "Thread-10"                  daemon [_thread_in_native, id=15292, stack(0x00000089fd200000,0x00000089fd300000) (1024K)]
  0x0000025cf2ad6fb0 JavaThread "Thread-11"                  daemon [_thread_in_native, id=5436, stack(0x00000089fd300000,0x00000089fd400000) (1024K)]
  0x0000025cf2ad5c00 JavaThread "Thread-12"                  daemon [_thread_in_native, id=21728, stack(0x00000089fd400000,0x00000089fd500000) (1024K)]
  0x0000025cf2ad41c0 JavaThread "Thread-13"                  daemon [_thread_in_native, id=15680, stack(0x00000089fd500000,0x00000089fd600000) (1024K)]
  0x0000025cf2ad5570 JavaThread "pool-2-thread-1"                   [_thread_blocked, id=1368, stack(0x00000089fd600000,0x00000089fd700000) (1024K)]
  0x0000025cf2ad6290 JavaThread "WorkspaceEventsHandler"            [_thread_blocked, id=5920, stack(0x00000089fd700000,0x00000089fd800000) (1024K)]
  0x0000025cf2ad6920 JavaThread "pool-1-thread-1"                   [_thread_blocked, id=1444, stack(0x00000089fd800000,0x00000089fd900000) (1024K)]
  0x0000025cf2ad7640 JavaThread "Worker-5"                          [_thread_blocked, id=6784, stack(0x00000089fd900000,0x00000089fda00000) (1024K)]
  0x0000025cf2ad4850 JavaThread "Compiler Source File Reader" daemon [_thread_blocked, id=22444, stack(0x00000089fda00000,0x00000089fdb00000) (1024K)]
  0x0000025cf2ad9080 JavaThread "Compiler Source File Reader" daemon [_thread_blocked, id=13784, stack(0x00000089fdb00000,0x00000089fdc00000) (1024K)]
  0x0000025cf2ada430 JavaThread "Compiler Source File Reader" daemon [_thread_blocked, id=25812, stack(0x00000089fdc00000,0x00000089fdd00000) (1024K)]
  0x0000025cf2ad9710 JavaThread "Compiler Source File Reader" daemon [_thread_blocked, id=22508, stack(0x00000089fdd00000,0x00000089fde00000) (1024K)]
  0x0000025cf2adb150 JavaThread "Compiler Source File Reader" daemon [_thread_blocked, id=5468, stack(0x00000089fde00000,0x00000089fdf00000) (1024K)]
  0x0000025cf2ad9da0 JavaThread "Compiler Source File Reader" daemon [_thread_blocked, id=16164, stack(0x00000089fdf00000,0x00000089fe000000) (1024K)]
  0x0000025cf2adaac0 JavaThread "Compiler Source File Reader" daemon [_thread_blocked, id=9732, stack(0x00000089fe000000,0x00000089fe100000) (1024K)]
  0x0000025cf2ad89f0 JavaThread "Compiler Source File Reader" daemon [_thread_blocked, id=10500, stack(0x00000089fe100000,0x00000089fe200000) (1024K)]
  0x0000025cf2adb7e0 JavaThread "Compiler Source File Reader" daemon [_thread_blocked, id=18088, stack(0x00000089fe200000,0x00000089fe300000) (1024K)]
Total: 53

Other Threads:
  0x0000025cd271d760 VMThread "VM Thread"                           [id=22204, stack(0x00000089fa300000,0x00000089fa400000) (1024K)]
  0x0000025ce8feca10 WatcherThread "VM Periodic Task Thread"        [id=6456, stack(0x00000089fa200000,0x00000089fa300000) (1024K)]
  0x0000025cd267b1b0 WorkerThread "GC Thread#0"                     [id=6292, stack(0x00000089fa100000,0x00000089fa200000) (1024K)]
  0x0000025cefcb02c0 WorkerThread "GC Thread#1"                     [id=20772, stack(0x00000089fb000000,0x00000089fb100000) (1024K)]
  0x0000025cef8c12c0 WorkerThread "GC Thread#2"                     [id=20892, stack(0x00000089fb100000,0x00000089fb200000) (1024K)]
  0x0000025cef8c1670 WorkerThread "GC Thread#3"                     [id=22716, stack(0x00000089fb200000,0x00000089fb300000) (1024K)]
  0x0000025cef8c1a20 WorkerThread "GC Thread#4"                     [id=24824, stack(0x00000089fb300000,0x00000089fb400000) (1024K)]
  0x0000025cef8c1dd0 WorkerThread "GC Thread#5"                     [id=5412, stack(0x00000089fb400000,0x00000089fb500000) (1024K)]
  0x0000025cefc3f430 WorkerThread "GC Thread#6"                     [id=24144, stack(0x00000089fb500000,0x00000089fb600000) (1024K)]
  0x0000025cefb265c0 WorkerThread "GC Thread#7"                     [id=9032, stack(0x00000089fb700000,0x00000089fb800000) (1024K)]
  0x0000025cf0290350 WorkerThread "GC Thread#8"                     [id=22892, stack(0x00000089fbb00000,0x00000089fbc00000) (1024K)]
  0x0000025cefafa350 WorkerThread "GC Thread#9"                     [id=25844, stack(0x00000089fbc00000,0x00000089fbd00000) (1024K)]
Total: 12

Threads with active compile tasks:
C2 CompilerThread0  6909 5697   !   4       org.eclipse.osgi.internal.loader.classpath.ClasspathManager::findClassImpl (328 bytes)
C1 CompilerThread0  6910 6375       3       org.objectweb.asm.SymbolTable::addConstantUtf8 (98 bytes)
C2 CompilerThread1  6910 6341       4       java.io.WinNTFileSystem::normalize (143 bytes)
C2 CompilerThread2  6910 6212   !   4       org.eclipse.osgi.internal.loader.classpath.ClasspathManager::defineClass (636 bytes)
Total: 4

VM state: not at safepoint (normal execution)

VM Mutex/Monitor currently owned by a thread: None

Heap address: 0x0000000080000000, size: 2048 MB, Compressed Oops mode: 32-bit

CDS archive(s) mapped at: [0x0000025c80000000-0x0000025c80ba0000-0x0000025c80ba0000), size 12189696, SharedBaseAddress: 0x0000025c80000000, ArchiveRelocationMode: 1.
Compressed class space mapped at: 0x0000025c81000000-0x0000025cc1000000, reserved size: 1073741824
Narrow klass base: 0x0000025c80000000, Narrow klass shift: 0, Narrow klass range: 0x100000000

GC Precious Log:
 CardTable entry size: 512
 CPUs: 12 total, 12 available
 Memory: 16009M
 Large Page Support: Disabled
 NUMA Support: Disabled
 Compressed Oops: Enabled (32-bit)
 Alignments: Space 512K, Generation 512K, Heap 2M
 Heap Min Capacity: 100M
 Heap Initial Capacity: 100M
 Heap Max Capacity: 2G
 Pre-touch: Disabled
 Parallel Workers: 10

Heap:
 PSYoungGen      total 23040K, used 19653K [0x00000000d5580000, 0x00000000d6e00000, 0x0000000100000000)
  eden space 22016K, 85% used [0x00000000d5580000,0x00000000d67c9788,0x00000000d6b00000)
  from space 1024K, 90% used [0x00000000d6d00000,0x00000000d6de8000,0x00000000d6e00000)
  to   space 1024K, 0% used [0x00000000d6c00000,0x00000000d6c00000,0x00000000d6d00000)
 ParOldGen       total 68608K, used 37774K [0x0000000080000000, 0x0000000084300000, 0x00000000d5580000)
  object space 68608K, 55% used [0x0000000080000000,0x00000000824e3828,0x0000000084300000)
 Metaspace       used 49414K, committed 50688K, reserved 1114112K
  class space    used 5305K, committed 5888K, reserved 1048576K

Card table byte_map: [0x0000025cd2000000,0x0000025cd2410000] _byte_map_base: 0x0000025cd1c00000

Marking Bits: (ParMarkBitMap*) 0x00007ffbcedd3450
 Begin Bits: [0x0000025ce4b10000, 0x0000025ce6b10000)
 End Bits:   [0x0000025ce6b10000, 0x0000025ce8b10000)

Polling page: 0x0000025cd0610000

Metaspace:

Usage:
  Non-class:     43.07 MB used.
      Class:      5.18 MB used.
       Both:     48.26 MB used.

Virtual space:
  Non-class space:       64.00 MB reserved,      43.75 MB ( 68%) committed,  1 nodes.
      Class space:        1.00 GB reserved,       5.75 MB ( <1%) committed,  1 nodes.
             Both:        1.06 GB reserved,      49.50 MB (  5%) committed. 

Chunk freelists:
   Non-Class:  3.59 MB
       Class:  10.23 MB
        Both:  13.83 MB

MaxMetaspaceSize: unlimited
CompressedClassSpaceSize: 1.00 GB
Initial GC threshold: 21.00 MB
Current GC threshold: 58.38 MB
CDS: on
 - commit_granule_bytes: 65536.
 - commit_granule_words: 8192.
 - virtual_space_node_default_size: 8388608.
 - enlarge_chunks_in_place: 1.
 - use_allocation_guard: 0.


Internal statistics:

num_allocs_failed_limit: 6.
num_arena_births: 872.
num_arena_deaths: 14.
num_vsnodes_births: 2.
num_vsnodes_deaths: 0.
num_space_committed: 792.
num_space_uncommitted: 0.
num_chunks_returned_to_freelist: 20.
num_chunks_taken_from_freelist: 3165.
num_chunk_merges: 11.
num_chunk_splits: 1918.
num_chunks_enlarged: 1051.
num_inconsistent_stats: 0.

CodeHeap 'non-profiled nmethods': size=120000Kb used=3005Kb max_used=3005Kb free=116994Kb
 bounds [0x0000025cdd330000, 0x0000025cdd620000, 0x0000025ce4860000]
CodeHeap 'profiled nmethods': size=120000Kb used=11801Kb max_used=11801Kb free=108198Kb
 bounds [0x0000025cd5860000, 0x0000025cd63f0000, 0x0000025cdcd90000]
CodeHeap 'non-nmethods': size=5760Kb used=1390Kb max_used=1424Kb free=4369Kb
 bounds [0x0000025cdcd90000, 0x0000025cdd000000, 0x0000025cdd330000]
CodeCache: size=245760Kb, used=16196Kb, max_used=16230Kb, free=229561Kb
 total_blobs=6472, nmethods=5780, adapters=598, full_count=0
Compilation: enabled, stopped_count=0, restarted_count=0

Compilation events (20 events):
Event: 5.868 Thread 0x0000025cef041a70 nmethod 6350 0x0000025cd63da610 code [0x0000025cd63da7c0, 0x0000025cd63da978]
Event: 5.868 Thread 0x0000025cef041a70 6347       3       com.google.inject.internal.UntargettedBindingImpl::acceptTargetVisitor (8 bytes)
Event: 5.868 Thread 0x0000025cef041a70 nmethod 6347 0x0000025cd63daa90 code [0x0000025cd63dac40, 0x0000025cd63dae20]
Event: 5.868 Thread 0x0000025cef041a70 6349       3       com.google.inject.internal.Scoping::isExplicitlyScoped (13 bytes)
Event: 5.868 Thread 0x0000025cef041a70 nmethod 6349 0x0000025cd63daf10 code [0x0000025cd63db0c0, 0x0000025cd63db228]
Event: 5.868 Thread 0x0000025cef041a70 6351       3       com.google.common.collect.ImmutableList::asImmutableList (69 bytes)
Event: 5.868 Thread 0x0000025cef041a70 nmethod 6351 0x0000025cd63db290 code [0x0000025cd63db500, 0x0000025cd63dc000]
Event: 5.868 Thread 0x0000025cef041a70 6356       3       java.util.ArrayList$ArrayListSpliterator::forEachRemaining (127 bytes)
Event: 5.869 Thread 0x0000025cef041a70 nmethod 6356 0x0000025cd63dc410 code [0x0000025cd63dc620, 0x0000025cd63dcbf8]
Event: 5.869 Thread 0x0000025cef041a70 6352       3       com.google.common.collect.ImmutableList::construct (8 bytes)
Event: 5.869 Thread 0x0000025cef041a70 nmethod 6352 0x0000025cd63dce10 code [0x0000025cd63dcfe0, 0x0000025cd63dd320]
Event: 5.869 Thread 0x0000025cef041a70 6353       3       com.google.common.collect.ObjectArrays::checkElementsNotNull (7 bytes)
Event: 5.869 Thread 0x0000025cef041a70 nmethod 6353 0x0000025cd63dd490 code [0x0000025cd63dd640, 0x0000025cd63dd888]
Event: 5.869 Thread 0x0000025cef041a70 6354       3       com.google.common.collect.ImmutableList::copyOf (44 bytes)
Event: 5.869 Thread 0x0000025cef041a70 nmethod 6354 0x0000025cd63dd990 code [0x0000025cd63ddc00, 0x0000025cd63de5c0]
Event: 5.869 Thread 0x0000025cef041a70 6355       3       java.lang.Class::getDeclaredConstructors (27 bytes)
Event: 5.869 Thread 0x0000025cef041a70 nmethod 6355 0x0000025cd63de910 code [0x0000025cd63deae0, 0x0000025cd63ded48]
Event: 5.869 Thread 0x0000025cef041a70 6357       1       com.google.inject.internal.KotlinSupport$KotlinUnsupported::isLocalClass (2 bytes)
Event: 5.869 Thread 0x0000025cef041a70 nmethod 6357 0x0000025cdd61e910 code [0x0000025cdd61eaa0, 0x0000025cdd61eb68]
Event: 5.911 Thread 0x0000025cef041a70 6361       3       java.util.regex.Pattern::expr (142 bytes)

GC Heap History (20 events):
Event: 4.984 GC heap before
{Heap before GC invocations=19 (full 2):
 PSYoungGen      total 24576K, used 24384K [0x00000000d5580000, 0x00000000d7000000, 0x0000000100000000)
  eden space 22016K, 100% used [0x00000000d5580000,0x00000000d6b00000,0x00000000d6b00000)
  from space 2560K, 92% used [0x00000000d6d80000,0x00000000d6fd0010,0x00000000d7000000)
  to   space 2560K, 0% used [0x00000000d6b00000,0x00000000d6b00000,0x00000000d6d80000)
 ParOldGen       total 68608K, used 23555K [0x0000000080000000, 0x0000000084300000, 0x00000000d5580000)
  object space 68608K, 34% used [0x0000000080000000,0x0000000081700e50,0x0000000084300000)
 Metaspace       used 37812K, committed 39040K, reserved 1114112K
  class space    used 3947K, committed 4480K, reserved 1048576K
}
Event: 4.986 GC heap after
{Heap after GC invocations=19 (full 2):
 PSYoungGen      total 24576K, used 2531K [0x00000000d5580000, 0x00000000d7600000, 0x0000000100000000)
  eden space 22016K, 0% used [0x00000000d5580000,0x00000000d5580000,0x00000000d6b00000)
  from space 2560K, 98% used [0x00000000d6b00000,0x00000000d6d78c60,0x00000000d6d80000)
  to   space 5632K, 0% used [0x00000000d7080000,0x00000000d7080000,0x00000000d7600000)
 ParOldGen       total 68608K, used 25763K [0x0000000080000000, 0x0000000084300000, 0x00000000d5580000)
  object space 68608K, 37% used [0x0000000080000000,0x0000000081928e60,0x0000000084300000)
 Metaspace       used 37812K, committed 39040K, reserved 1114112K
  class space    used 3947K, committed 4480K, reserved 1048576K
}
Event: 5.022 GC heap before
{Heap before GC invocations=20 (full 2):
 PSYoungGen      total 24576K, used 24547K [0x00000000d5580000, 0x00000000d7600000, 0x0000000100000000)
  eden space 22016K, 100% used [0x00000000d5580000,0x00000000d6b00000,0x00000000d6b00000)
  from space 2560K, 98% used [0x00000000d6b00000,0x00000000d6d78c60,0x00000000d6d80000)
  to   space 5632K, 0% used [0x00000000d7080000,0x00000000d7080000,0x00000000d7600000)
 ParOldGen       total 68608K, used 25763K [0x0000000080000000, 0x0000000084300000, 0x00000000d5580000)
  object space 68608K, 37% used [0x0000000080000000,0x0000000081928e60,0x0000000084300000)
 Metaspace       used 38131K, committed 39232K, reserved 1114112K
  class space    used 3994K, committed 4480K, reserved 1048576K
}
Event: 5.025 GC heap after
{Heap after GC invocations=20 (full 2):
 PSYoungGen      total 25088K, used 2628K [0x00000000d5580000, 0x00000000d7380000, 0x0000000100000000)
  eden space 22016K, 0% used [0x00000000d5580000,0x00000000d5580000,0x00000000d6b00000)
  from space 3072K, 85% used [0x00000000d7080000,0x00000000d7311000,0x00000000d7380000)
  to   space 3584K, 0% used [0x00000000d6c80000,0x00000000d6c80000,0x00000000d7000000)
 ParOldGen       total 68608K, used 27938K [0x0000000080000000, 0x0000000084300000, 0x00000000d5580000)
  object space 68608K, 40% used [0x0000000080000000,0x0000000081b48810,0x0000000084300000)
 Metaspace       used 38131K, committed 39232K, reserved 1114112K
  class space    used 3994K, committed 4480K, reserved 1048576K
}
Event: 5.070 GC heap before
{Heap before GC invocations=21 (full 2):
 PSYoungGen      total 25088K, used 24634K [0x00000000d5580000, 0x00000000d7380000, 0x0000000100000000)
  eden space 22016K, 99% used [0x00000000d5580000,0x00000000d6afd990,0x00000000d6b00000)
  from space 3072K, 85% used [0x00000000d7080000,0x00000000d7311000,0x00000000d7380000)
  to   space 3584K, 0% used [0x00000000d6c80000,0x00000000d6c80000,0x00000000d7000000)
 ParOldGen       total 68608K, used 27938K [0x0000000080000000, 0x0000000084300000, 0x00000000d5580000)
  object space 68608K, 40% used [0x0000000080000000,0x0000000081b48810,0x0000000084300000)
 Metaspace       used 38434K, committed 39616K, reserved 1114112K
  class space    used 4039K, committed 4544K, reserved 1048576K
}
Event: 5.072 GC heap after
{Heap after GC invocations=21 (full 2):
 PSYoungGen      total 24576K, used 2391K [0x00000000d5580000, 0x00000000d7100000, 0x0000000100000000)
  eden space 22016K, 0% used [0x00000000d5580000,0x00000000d5580000,0x00000000d6b00000)
  from space 2560K, 93% used [0x00000000d6c80000,0x00000000d6ed5c28,0x00000000d6f00000)
  to   space 2048K, 0% used [0x00000000d6f00000,0x00000000d6f00000,0x00000000d7100000)
 ParOldGen       total 68608K, used 30402K [0x0000000080000000, 0x0000000084300000, 0x00000000d5580000)
  object space 68608K, 44% used [0x0000000080000000,0x0000000081db0ab8,0x0000000084300000)
 Metaspace       used 38434K, committed 39616K, reserved 1114112K
  class space    used 4039K, committed 4544K, reserved 1048576K
}
Event: 5.105 GC heap before
{Heap before GC invocations=22 (full 2):
 PSYoungGen      total 24576K, used 24407K [0x00000000d5580000, 0x00000000d7100000, 0x0000000100000000)
  eden space 22016K, 100% used [0x00000000d5580000,0x00000000d6b00000,0x00000000d6b00000)
  from space 2560K, 93% used [0x00000000d6c80000,0x00000000d6ed5c28,0x00000000d6f00000)
  to   space 2048K, 0% used [0x00000000d6f00000,0x00000000d6f00000,0x00000000d7100000)
 ParOldGen       total 68608K, used 30402K [0x0000000080000000, 0x0000000084300000, 0x00000000d5580000)
  object space 68608K, 44% used [0x0000000080000000,0x0000000081db0ab8,0x0000000084300000)
 Metaspace       used 38555K, committed 39680K, reserved 1114112K
  class space    used 4057K, committed 4544K, reserved 1048576K
}
Event: 5.108 GC heap after
{Heap after GC invocations=22 (full 2):
 PSYoungGen      total 24064K, used 2032K [0x00000000d5580000, 0x00000000d7100000, 0x0000000100000000)
  eden space 22016K, 0% used [0x00000000d5580000,0x00000000d5580000,0x00000000d6b00000)
  from space 2048K, 99% used [0x00000000d6f00000,0x00000000d70fc010,0x00000000d7100000)
  to   space 2560K, 0% used [0x00000000d6c00000,0x00000000d6c00000,0x00000000d6e80000)
 ParOldGen       total 68608K, used 32617K [0x0000000080000000, 0x0000000084300000, 0x00000000d5580000)
  object space 68608K, 47% used [0x0000000080000000,0x0000000081fda6f0,0x0000000084300000)
 Metaspace       used 38555K, committed 39680K, reserved 1114112K
  class space    used 4057K, committed 4544K, reserved 1048576K
}
Event: 5.200 GC heap before
{Heap before GC invocations=23 (full 2):
 PSYoungGen      total 24064K, used 24048K [0x00000000d5580000, 0x00000000d7100000, 0x0000000100000000)
  eden space 22016K, 100% used [0x00000000d5580000,0x00000000d6b00000,0x00000000d6b00000)
  from space 2048K, 99% used [0x00000000d6f00000,0x00000000d70fc010,0x00000000d7100000)
  to   space 2560K, 0% used [0x00000000d6c00000,0x00000000d6c00000,0x00000000d6e80000)
 ParOldGen       total 68608K, used 32617K [0x0000000080000000, 0x0000000084300000, 0x00000000d5580000)
  object space 68608K, 47% used [0x0000000080000000,0x0000000081fda6f0,0x0000000084300000)
 Metaspace       used 40329K, committed 41536K, reserved 1114112K
  class space    used 4230K, committed 4736K, reserved 1048576K
}
Event: 5.201 GC heap after
{Heap after GC invocations=23 (full 2):
 PSYoungGen      total 23552K, used 1111K [0x00000000d5580000, 0x00000000d6f80000, 0x0000000100000000)
  eden space 22016K, 0% used [0x00000000d5580000,0x00000000d5580000,0x00000000d6b00000)
  from space 1536K, 72% used [0x00000000d6c00000,0x00000000d6d15eb0,0x00000000d6d80000)
  to   space 1536K, 0% used [0x00000000d6e00000,0x00000000d6e00000,0x00000000d6f80000)
 ParOldGen       total 68608K, used 34519K [0x0000000080000000, 0x0000000084300000, 0x00000000d5580000)
  object space 68608K, 50% used [0x0000000080000000,0x00000000821b5c68,0x0000000084300000)
 Metaspace       used 40329K, committed 41536K, reserved 1114112K
  class space    used 4230K, committed 4736K, reserved 1048576K
}
Event: 5.337 GC heap before
{Heap before GC invocations=24 (full 2):
 PSYoungGen      total 23552K, used 23127K [0x00000000d5580000, 0x00000000d6f80000, 0x0000000100000000)
  eden space 22016K, 100% used [0x00000000d5580000,0x00000000d6b00000,0x00000000d6b00000)
  from space 1536K, 72% used [0x00000000d6c00000,0x00000000d6d15eb0,0x00000000d6d80000)
  to   space 1536K, 0% used [0x00000000d6e00000,0x00000000d6e00000,0x00000000d6f80000)
 ParOldGen       total 68608K, used 34519K [0x0000000080000000, 0x0000000084300000, 0x00000000d5580000)
  object space 68608K, 50% used [0x0000000080000000,0x00000000821b5c68,0x0000000084300000)
 Metaspace       used 42329K, committed 43584K, reserved 1114112K
  class space    used 4485K, committed 5056K, reserved 1048576K
}
Event: 5.338 GC heap after
{Heap after GC invocations=24 (full 2):
 PSYoungGen      total 23040K, used 888K [0x00000000d5580000, 0x00000000d6f00000, 0x0000000100000000)
  eden space 22016K, 0% used [0x00000000d5580000,0x00000000d5580000,0x00000000d6b00000)
  from space 1024K, 86% used [0x00000000d6e00000,0x00000000d6ede2e8,0x00000000d6f00000)
  to   space 1536K, 0% used [0x00000000d6c00000,0x00000000d6c00000,0x00000000d6d80000)
 ParOldGen       total 68608K, used 35402K [0x0000000080000000, 0x0000000084300000, 0x00000000d5580000)
  object space 68608K, 51% used [0x0000000080000000,0x0000000082292958,0x0000000084300000)
 Metaspace       used 42329K, committed 43584K, reserved 1114112K
  class space    used 4485K, committed 5056K, reserved 1048576K
}
Event: 5.435 GC heap before
{Heap before GC invocations=25 (full 2):
 PSYoungGen      total 23040K, used 22904K [0x00000000d5580000, 0x00000000d6f00000, 0x0000000100000000)
  eden space 22016K, 100% used [0x00000000d5580000,0x00000000d6b00000,0x00000000d6b00000)
  from space 1024K, 86% used [0x00000000d6e00000,0x00000000d6ede2e8,0x00000000d6f00000)
  to   space 1536K, 0% used [0x00000000d6c00000,0x00000000d6c00000,0x00000000d6d80000)
 ParOldGen       total 68608K, used 35402K [0x0000000080000000, 0x0000000084300000, 0x00000000d5580000)
  object space 68608K, 51% used [0x0000000080000000,0x0000000082292958,0x0000000084300000)
 Metaspace       used 43882K, committed 45184K, reserved 1114112K
  class space    used 4662K, committed 5248K, reserved 1048576K
}
Event: 5.436 GC heap after
{Heap after GC invocations=25 (full 2):
 PSYoungGen      total 23552K, used 1514K [0x00000000d5580000, 0x00000000d7000000, 0x0000000100000000)
  eden space 22016K, 0% used [0x00000000d5580000,0x00000000d5580000,0x00000000d6b00000)
  from space 1536K, 98% used [0x00000000d6c00000,0x00000000d6d7abe8,0x00000000d6d80000)
  to   space 2560K, 0% used [0x00000000d6d80000,0x00000000d6d80000,0x00000000d7000000)
 ParOldGen       total 68608K, used 36129K [0x0000000080000000, 0x0000000084300000, 0x00000000d5580000)
  object space 68608K, 52% used [0x0000000080000000,0x00000000823486f8,0x0000000084300000)
 Metaspace       used 43882K, committed 45184K, reserved 1114112K
  class space    used 4662K, committed 5248K, reserved 1048576K
}
Event: 5.499 GC heap before
{Heap before GC invocations=26 (full 2):
 PSYoungGen      total 23552K, used 23530K [0x00000000d5580000, 0x00000000d7000000, 0x0000000100000000)
  eden space 22016K, 100% used [0x00000000d5580000,0x00000000d6b00000,0x00000000d6b00000)
  from space 1536K, 98% used [0x00000000d6c00000,0x00000000d6d7abe8,0x00000000d6d80000)
  to   space 2560K, 0% used [0x00000000d6d80000,0x00000000d6d80000,0x00000000d7000000)
 ParOldGen       total 68608K, used 36129K [0x0000000080000000, 0x0000000084300000, 0x00000000d5580000)
  object space 68608K, 52% used [0x0000000080000000,0x00000000823486f8,0x0000000084300000)
 Metaspace       used 44140K, committed 45376K, reserved 1114112K
  class space    used 4688K, committed 5248K, reserved 1048576K
}
Event: 5.500 GC heap after
{Heap after GC invocations=26 (full 2):
 PSYoungGen      total 23040K, used 733K [0x00000000d5580000, 0x00000000d6e80000, 0x0000000100000000)
  eden space 22016K, 0% used [0x00000000d5580000,0x00000000d5580000,0x00000000d6b00000)
  from space 1024K, 71% used [0x00000000d6d80000,0x00000000d6e37458,0x00000000d6e80000)
  to   space 1536K, 0% used [0x00000000d6b80000,0x00000000d6b80000,0x00000000d6d00000)
 ParOldGen       total 68608K, used 37254K [0x0000000080000000, 0x0000000084300000, 0x00000000d5580000)
  object space 68608K, 54% used [0x0000000080000000,0x0000000082461828,0x0000000084300000)
 Metaspace       used 44140K, committed 45376K, reserved 1114112K
  class space    used 4688K, committed 5248K, reserved 1048576K
}
Event: 5.622 GC heap before
{Heap before GC invocations=27 (full 2):
 PSYoungGen      total 23040K, used 22749K [0x00000000d5580000, 0x00000000d6e80000, 0x0000000100000000)
  eden space 22016K, 100% used [0x00000000d5580000,0x00000000d6b00000,0x00000000d6b00000)
  from space 1024K, 71% used [0x00000000d6d80000,0x00000000d6e37458,0x00000000d6e80000)
  to   space 1536K, 0% used [0x00000000d6b80000,0x00000000d6b80000,0x00000000d6d00000)
 ParOldGen       total 68608K, used 37254K [0x0000000080000000, 0x0000000084300000, 0x00000000d5580000)
  object space 68608K, 54% used [0x0000000080000000,0x0000000082461828,0x0000000084300000)
 Metaspace       used 46563K, committed 47872K, reserved 1114112K
  class space    used 4927K, committed 5504K, reserved 1048576K
}
Event: 5.623 GC heap after
{Heap after GC invocations=27 (full 2):
 PSYoungGen      total 23552K, used 576K [0x00000000d5580000, 0x00000000d6e00000, 0x0000000100000000)
  eden space 22016K, 0% used [0x00000000d5580000,0x00000000d5580000,0x00000000d6b00000)
  from space 1536K, 37% used [0x00000000d6b80000,0x00000000d6c10000,0x00000000d6d00000)
  to   space 1024K, 0% used [0x00000000d6d00000,0x00000000d6d00000,0x00000000d6e00000)
 ParOldGen       total 68608K, used 37374K [0x0000000080000000, 0x0000000084300000, 0x00000000d5580000)
  object space 68608K, 54% used [0x0000000080000000,0x000000008247f828,0x0000000084300000)
 Metaspace       used 46563K, committed 47872K, reserved 1114112K
  class space    used 4927K, committed 5504K, reserved 1048576K
}
Event: 5.761 GC heap before
{Heap before GC invocations=28 (full 2):
 PSYoungGen      total 23552K, used 22592K [0x00000000d5580000, 0x00000000d6e00000, 0x0000000100000000)
  eden space 22016K, 100% used [0x00000000d5580000,0x00000000d6b00000,0x00000000d6b00000)
  from space 1536K, 37% used [0x00000000d6b80000,0x00000000d6c10000,0x00000000d6d00000)
  to   space 1024K, 0% used [0x00000000d6d00000,0x00000000d6d00000,0x00000000d6e00000)
 ParOldGen       total 68608K, used 37374K [0x0000000080000000, 0x0000000084300000, 0x00000000d5580000)
  object space 68608K, 54% used [0x0000000080000000,0x000000008247f828,0x0000000084300000)
 Metaspace       used 48063K, committed 49344K, reserved 1114112K
  class space    used 5121K, committed 5696K, reserved 1048576K
}
Event: 5.762 GC heap after
{Heap after GC invocations=28 (full 2):
 PSYoungGen      total 23040K, used 928K [0x00000000d5580000, 0x00000000d6e00000, 0x0000000100000000)
  eden space 22016K, 0% used [0x00000000d5580000,0x00000000d5580000,0x00000000d6b00000)
  from space 1024K, 90% used [0x00000000d6d00000,0x00000000d6de8000,0x00000000d6e00000)
  to   space 1024K, 0% used [0x00000000d6c00000,0x00000000d6c00000,0x00000000d6d00000)
 ParOldGen       total 68608K, used 37774K [0x0000000080000000, 0x0000000084300000, 0x00000000d5580000)
  object space 68608K, 55% used [0x0000000080000000,0x00000000824e3828,0x0000000084300000)
 Metaspace       used 48063K, committed 49344K, reserved 1114112K
  class space    used 5121K, committed 5696K, reserved 1048576K
}

Dll operation events (10 events):
Event: 0.006 Loaded shared library c:\Users\admin\.vscode\extensions\redhat.java-1.54.0-win32-x64\jre\21.0.10-win32-x86_64\bin\java.dll
Event: 0.049 Loaded shared library c:\Users\admin\.vscode\extensions\redhat.java-1.54.0-win32-x64\jre\21.0.10-win32-x86_64\bin\zip.dll
Event: 0.063 Loaded shared library C:\Users\admin\.vscode\extensions\redhat.java-1.54.0-win32-x64\jre\21.0.10-win32-x86_64\bin\instrument.dll
Event: 0.066 Loaded shared library C:\Users\admin\.vscode\extensions\redhat.java-1.54.0-win32-x64\jre\21.0.10-win32-x86_64\bin\net.dll
Event: 0.068 Loaded shared library C:\Users\admin\.vscode\extensions\redhat.java-1.54.0-win32-x64\jre\21.0.10-win32-x86_64\bin\nio.dll
Event: 0.069 Loaded shared library C:\Users\admin\.vscode\extensions\redhat.java-1.54.0-win32-x64\jre\21.0.10-win32-x86_64\bin\zip.dll
Event: 0.080 Loaded shared library C:\Users\admin\.vscode\extensions\redhat.java-1.54.0-win32-x64\jre\21.0.10-win32-x86_64\bin\jimage.dll
Event: 0.125 Loaded shared library c:\Users\admin\.vscode\extensions\redhat.java-1.54.0-win32-x64\jre\21.0.10-win32-x86_64\bin\verify.dll
Event: 0.751 Loaded shared library C:\Users\admin\AppData\Roaming\Code\User\globalStorage\redhat.java\1.54.0\config_win\org.eclipse.equinox.launcher\org.eclipse.equinox.launcher.win32.win32.x86_64_1.3.0.v20260203-2149\eclipse_11919.dll
Event: 3.601 Loaded shared library C:\Users\admin\AppData\Local\Temp\jna-92668751\jna5287499088601490961.dll

Deoptimization events (20 events):
Event: 5.805 Thread 0x0000025cf03d31d0 Uncommon trap: trap_request=0xffffff45 fr.pc=0x0000025cdd471784 relative=0x00000000000002a4
Event: 5.805 Thread 0x0000025cf03d31d0 Uncommon trap: reason=unstable_if action=reinterpret pc=0x0000025cdd471784 method=java.lang.ClassLoader.checkName(Ljava/lang/String;)Z @ 1 c2
Event: 5.805 Thread 0x0000025cf03d31d0 DEOPT PACKING pc=0x0000025cdd471784 sp=0x00000089fc8fdb00
Event: 5.805 Thread 0x0000025cf03d31d0 DEOPT UNPACKING pc=0x0000025cdcde3aa2 sp=0x00000089fc8fda98 mode 2
Event: 5.805 Thread 0x0000025cf03d31d0 Uncommon trap: trap_request=0xffffff45 fr.pc=0x0000025cdd3e8ec8 relative=0x0000000000000f88
Event: 5.805 Thread 0x0000025cf03d31d0 Uncommon trap: reason=unstable_if action=reinterpret pc=0x0000025cdd3e8ec8 method=lombok.patcher.ScriptManager$OurClassFileTransformer.transform(Ljava/lang/ClassLoader;Ljava/lang/String;Ljava/lang/Class;Ljava/security/ProtectionDomain;[B)[B @ 1 c2
Event: 5.805 Thread 0x0000025cf03d31d0 DEOPT PACKING pc=0x0000025cdd3e8ec8 sp=0x00000089fc8fc690
Event: 5.805 Thread 0x0000025cf03d31d0 DEOPT UNPACKING pc=0x0000025cdcde3aa2 sp=0x00000089fc8fc610 mode 2
Event: 5.828 Thread 0x0000025cf03d31d0 DEOPT PACKING pc=0x0000025cd63a3c3c sp=0x00000089fc8fbea0
Event: 5.828 Thread 0x0000025cf03d31d0 DEOPT UNPACKING pc=0x0000025cdcde4242 sp=0x00000089fc8fb3c0 mode 0
Event: 5.852 Thread 0x0000025cf03d4c10 Uncommon trap: trap_request=0xffffff76 fr.pc=0x0000025cdd52debc relative=0x0000000000000adc
Event: 5.852 Thread 0x0000025cf03d4c10 Uncommon trap: reason=predicate action=maybe_recompile pc=0x0000025cdd52debc method=java.util.TreeMap.put(Ljava/lang/Object;Ljava/lang/Object;Z)Ljava/lang/Object; @ 123 c2
Event: 5.852 Thread 0x0000025cf03d4c10 DEOPT PACKING pc=0x0000025cdd52debc sp=0x00000089fc1fd3d0
Event: 5.852 Thread 0x0000025cf03d4c10 DEOPT UNPACKING pc=0x0000025cdcde3aa2 sp=0x00000089fc1fd358 mode 2
Event: 5.862 Thread 0x0000025cf03d4c10 DEOPT PACKING pc=0x0000025cd60e4fc6 sp=0x00000089fc1fb6b0
Event: 5.862 Thread 0x0000025cf03d4c10 DEOPT UNPACKING pc=0x0000025cdcde4242 sp=0x00000089fc1fac30 mode 0
Event: 5.863 Thread 0x0000025cf03d4c10 DEOPT PACKING pc=0x0000025cd616aa9f sp=0x00000089fc1f81a0
Event: 5.863 Thread 0x0000025cf03d4c10 DEOPT UNPACKING pc=0x0000025cdcde4242 sp=0x00000089fc1f7678 mode 0
Event: 5.865 Thread 0x0000025cf03d4c10 DEOPT PACKING pc=0x0000025cd63a3c3c sp=0x00000089fc1f70b0
Event: 5.865 Thread 0x0000025cf03d4c10 DEOPT UNPACKING pc=0x0000025cdcde4242 sp=0x00000089fc1f65d0 mode 0

Classes loaded (20 events):
Event: 5.350 Loading class sun/nio/cs/ThreadLocalCoders
Event: 5.350 Loading class sun/nio/cs/ThreadLocalCoders done
Event: 5.350 Loading class sun/nio/cs/ThreadLocalCoders$1
Event: 5.350 Loading class sun/nio/cs/ThreadLocalCoders$Cache
Event: 5.350 Loading class sun/nio/cs/ThreadLocalCoders$Cache done
Event: 5.350 Loading class sun/nio/cs/ThreadLocalCoders$1 done
Event: 5.351 Loading class sun/nio/cs/ThreadLocalCoders$2
Event: 5.351 Loading class sun/nio/cs/ThreadLocalCoders$2 done
Event: 5.502 Loading class java/util/concurrent/CompletionService
Event: 5.502 Loading class java/util/concurrent/CompletionService done
Event: 5.642 Loading class sun/reflect/generics/scope/ConstructorScope
Event: 5.642 Loading class sun/reflect/generics/scope/ConstructorScope done
Event: 5.642 Loading class sun/reflect/generics/tree/VoidDescriptor
Event: 5.642 Loading class sun/reflect/generics/tree/VoidDescriptor done
Event: 5.648 Loading class java/nio/channels/ServerSocketChannel
Event: 5.648 Loading class java/nio/channels/ServerSocketChannel done
Event: 5.683 Loading class java/util/Vector$1
Event: 5.684 Loading class java/util/Vector$1 done
Event: 5.804 Loading class jdk/internal/org/objectweb/asm/ClassReader
Event: 5.805 Loading class jdk/internal/org/objectweb/asm/ClassReader done

Classes unloaded (7 events):
Event: 3.990 Thread 0x0000025cd271d760 Unloading class 0x0000025c811a3800 'java/lang/invoke/LambdaForm$MH+0x0000025c811a3800'
Event: 3.990 Thread 0x0000025cd271d760 Unloading class 0x0000025c811a3400 'java/lang/invoke/LambdaForm$MH+0x0000025c811a3400'
Event: 3.990 Thread 0x0000025cd271d760 Unloading class 0x0000025c811a3000 'java/lang/invoke/LambdaForm$MH+0x0000025c811a3000'
Event: 3.990 Thread 0x0000025cd271d760 Unloading class 0x0000025c811a2c00 'java/lang/invoke/LambdaForm$MH+0x0000025c811a2c00'
Event: 3.990 Thread 0x0000025cd271d760 Unloading class 0x0000025c811a2800 'java/lang/invoke/LambdaForm$BMH+0x0000025c811a2800'
Event: 3.990 Thread 0x0000025cd271d760 Unloading class 0x0000025c811a2400 'java/lang/invoke/LambdaForm$DMH+0x0000025c811a2400'
Event: 3.990 Thread 0x0000025cd271d760 Unloading class 0x0000025c811a1000 'java/lang/invoke/LambdaForm$DMH+0x0000025c811a1000'

Classes redefined (0 events):
No events

Internal exceptions (20 events):
Event: 4.741 Thread 0x0000025cf03d4c10 Exception <a 'java/lang/NoSuchMethodError'{0x00000000d5a148d0}: 'java.lang.Object java.lang.invoke.Invokers$Holder.invoke_MT(java.lang.Object, java.lang.Object, java.lang.Object, java.lang.Object, java.lang.Object, java.lang.Object, java.lang.Object, java.lang.Object, java.lang.Object, java.lang.Object)'> (0x00000000d5a148d0) 
thrown [s\src\hotspot\share\interpreter\linkResolver.cpp, line 773]
Event: 4.835 Thread 0x0000025cd265d8e0 Exception <a 'java/lang/NoSuchMethodError'{0x00000000d5d0ac98}: 'void java.lang.invoke.DirectMethodHandle$Holder.invokeSpecial(java.lang.Object, java.lang.Object, java.lang.Object, java.lang.Object, java.lang.Object, java.lang.Object)'> (0x00000000d5d0ac98) 
thrown [s\src\hotspot\share\interpreter\linkResolver.cpp, line 773]
Event: 4.836 Thread 0x0000025cd265d8e0 Exception <a 'java/lang/IncompatibleClassChangeError'{0x00000000d5d954d8}: Found class java.lang.Object, but interface was expected> (0x00000000d5d954d8) 
thrown [s\src\hotspot\share\interpreter\linkResolver.cpp, line 840]
Event: 4.836 Thread 0x0000025cd265d8e0 Exception <a 'java/lang/IncompatibleClassChangeError'{0x00000000d5d97288}: Found class java.lang.Object, but interface was expected> (0x00000000d5d97288) 
thrown [s\src\hotspot\share\interpreter\linkResolver.cpp, line 840]
Event: 4.875 Thread 0x0000025cf03d4c10 Exception <a 'java/io/FileNotFoundException'{0x00000000d62c0828}> (0x00000000d62c0828) 
thrown [s\src\hotspot\share\prims\jni.cpp, line 520]
Event: 4.875 Thread 0x0000025cf03d4c10 Exception <a 'java/io/FileNotFoundException'{0x00000000d62c20a8}> (0x00000000d62c20a8) 
thrown [s\src\hotspot\share\prims\jni.cpp, line 520]
Event: 4.876 Thread 0x0000025cf03d4c10 Exception <a 'java/lang/NoSuchMethodError'{0x00000000d63291e0}: 'java.lang.Object java.lang.invoke.DirectMethodHandle$Holder.newInvokeSpecial(java.lang.Object, java.lang.Object, java.lang.Object, int)'> (0x00000000d63291e0) 
thrown [s\src\hotspot\share\interpreter\linkResolver.cpp, line 773]
Event: 4.877 Thread 0x0000025cf03d4c10 Exception <a 'java/lang/NoSuchMethodError'{0x00000000d632d068}: 'java.lang.Object java.lang.invoke.DirectMethodHandle$Holder.invokeSpecial(java.lang.Object, java.lang.Object, java.lang.Object, java.lang.Object, int)'> (0x00000000d632d068) 
thrown [s\src\hotspot\share\interpreter\linkResolver.cpp, line 773]
Event: 4.877 Thread 0x0000025cf03d4c10 Exception <a 'java/lang/NoSuchMethodError'{0x00000000d63309d8}: 'java.lang.Object java.lang.invoke.Invokers$Holder.linkToTargetMethod(java.lang.Object, java.lang.Object, int, java.lang.Object)'> (0x00000000d63309d8) 
thrown [s\src\hotspot\share\interpreter\linkResolver.cpp, line 773]
Event: 4.879 Thread 0x0000025cf03d4c10 Exception <a 'java/lang/NoSuchMethodError'{0x00000000d633ce18}: 'void java.lang.invoke.DirectMethodHandle$Holder.invokeStaticInit(java.lang.Object, java.lang.Object, java.lang.Object)'> (0x00000000d633ce18) 
thrown [s\src\hotspot\share\interpreter\linkResolver.cpp, line 773]
Event: 5.030 Thread 0x0000025cf03d2b40 Exception <a 'java/lang/NoSuchMethodError'{0x00000000d5888ae8}: 'int java.lang.invoke.DirectMethodHandle$Holder.invokeSpecial(java.lang.Object, java.lang.Object, java.lang.Object, java.lang.Object)'> (0x00000000d5888ae8) 
thrown [s\src\hotspot\share\interpreter\linkResolver.cpp, line 773]
Event: 5.031 Thread 0x0000025cf03d2b40 Exception <a 'java/lang/NoSuchMethodError'{0x00000000d58e4f00}: 'java.lang.Object java.lang.invoke.DirectMethodHandle$Holder.invokeStatic(java.lang.Object, int, java.lang.Object, java.lang.Object)'> (0x00000000d58e4f00) 
thrown [s\src\hotspot\share\interpreter\linkResolver.cpp, line 773]
Event: 5.031 Thread 0x0000025cf03d2b40 Exception <a 'java/lang/NoSuchMethodError'{0x00000000d5939608}: 'java.lang.Object java.lang.invoke.DelegatingMethodHandle$Holder.delegate(java.lang.Object, int, java.lang.Object, java.lang.Object)'> (0x00000000d5939608) 
thrown [s\src\hotspot\share\interpreter\linkResolver.cpp, line 773]
Event: 5.033 Thread 0x0000025cf03d2b40 Exception <a 'java/lang/NoSuchMethodError'{0x00000000d5a61750}: 'int java.lang.invoke.Invokers$Holder.linkToTargetMethod(java.lang.Object, java.lang.Object, java.lang.Object)'> (0x00000000d5a61750) 
thrown [s\src\hotspot\share\interpreter\linkResolver.cpp, line 773]
Event: 5.065 Thread 0x0000025cf03d31d0 Exception <a 'java/lang/NoClassDefFoundError'{0x00000000d6896b60}: javax/enterprise/inject/Typed> (0x00000000d6896b60) 
thrown [s\src\hotspot\share\classfile\systemDictionary.cpp, line 301]
Event: 5.276 Thread 0x0000025cf03d4c10 Exception <a 'java/lang/NoSuchMethodError'{0x00000000d60fe860}: 'java.lang.Object java.lang.invoke.DirectMethodHandle$Holder.invokeVirtual(java.lang.Object, java.lang.Object, int)'> (0x00000000d60fe860) 
thrown [s\src\hotspot\share\interpreter\linkResolver.cpp, line 773]
Event: 5.790 Thread 0x0000025cf03d31d0 Exception <a 'java/lang/ExceptionInInitializerError'{0x00000000d59f1be0}> (0x00000000d59f1be0) 
thrown [s\src\hotspot\share\oops\instanceKlass.cpp, line 1220]
Event: 5.805 Thread 0x0000025cf03d31d0 Implicit null exception at 0x0000025cdd4714fe to 0x0000025cdd471770
Event: 5.805 Thread 0x0000025cf03d31d0 Implicit null exception at 0x0000025cdd3e7f9c to 0x0000025cdd3e8eb8
Event: 5.807 Thread 0x0000025cf03d31d0 Exception <a 'java/lang/NoSuchMethodError'{0x00000000d5c4b0f8}: 'java.lang.Object java.lang.invoke.Invokers$Holder.invokeExact_MT(java.lang.Object, int, java.lang.Object)'> (0x00000000d5c4b0f8) 
thrown [s\src\hotspot\share\interpreter\linkResolver.cpp, line 773]

ZGC Phase Switch (0 events):
No events

VM Operations (20 events):
Event: 5.201 Executing safepoint VM operation: ParallelGCFailedAllocation (Allocation Failure) done
Event: 5.283 Executing non-safepoint VM operation: HandshakeAllThreads (Deoptimize)
Event: 5.283 Executing non-safepoint VM operation: HandshakeAllThreads (Deoptimize) done
Event: 5.337 Executing safepoint VM operation: ParallelGCFailedAllocation (Allocation Failure)
Event: 5.338 Executing safepoint VM operation: ParallelGCFailedAllocation (Allocation Failure) done
Event: 5.399 Executing non-safepoint VM operation: HandshakeAllThreads (Deoptimize)
Event: 5.399 Executing non-safepoint VM operation: HandshakeAllThreads (Deoptimize) done
Event: 5.435 Executing safepoint VM operation: ParallelGCFailedAllocation (Allocation Failure)
Event: 5.436 Executing safepoint VM operation: ParallelGCFailedAllocation (Allocation Failure) done
Event: 5.499 Executing safepoint VM operation: ParallelGCFailedAllocation (Allocation Failure)
Event: 5.500 Executing safepoint VM operation: ParallelGCFailedAllocation (Allocation Failure) done
Event: 5.620 Executing non-safepoint VM operation: HandshakeAllThreads (Deoptimize)
Event: 5.620 Executing non-safepoint VM operation: HandshakeAllThreads (Deoptimize) done
Event: 5.622 Executing safepoint VM operation: ParallelGCFailedAllocation (Allocation Failure)
Event: 5.623 Executing safepoint VM operation: ParallelGCFailedAllocation (Allocation Failure) done
Event: 5.761 Executing safepoint VM operation: ParallelGCFailedAllocation (Allocation Failure)
Event: 5.762 Executing safepoint VM operation: ParallelGCFailedAllocation (Allocation Failure) done
Event: 5.843 Executing non-safepoint VM operation: HandshakeAllThreads (Deoptimize)
Event: 5.843 Executing non-safepoint VM operation: HandshakeAllThreads (Deoptimize) done
Event: 6.843 Executing safepoint VM operation: Cleanup

Memory protections (0 events):
No events

Nmethod flushes (20 events):
Event: 4.755 Thread 0x0000025cd271d760 flushing  nmethod 0x0000025cd5ecd110
Event: 4.755 Thread 0x0000025cd271d760 flushing  nmethod 0x0000025cd5ecda10
Event: 4.755 Thread 0x0000025cd271d760 flushing  nmethod 0x0000025cd5ecec10
Event: 4.755 Thread 0x0000025cd271d760 flushing  nmethod 0x0000025cd5ecf890
Event: 4.755 Thread 0x0000025cd271d760 flushing  nmethod 0x0000025cd5ed0010
Event: 4.755 Thread 0x0000025cd271d760 flushing  nmethod 0x0000025cd5ed1590
Event: 4.755 Thread 0x0000025cd271d760 flushing  nmethod 0x0000025cd5ed2390
Event: 4.755 Thread 0x0000025cd271d760 flushing  nmethod 0x0000025cd5ed3490
Event: 4.755 Thread 0x0000025cd271d760 flushing  nmethod 0x0000025cd5ed3910
Event: 4.755 Thread 0x0000025cd271d760 flushing  nmethod 0x0000025cd5ed4d10
Event: 4.755 Thread 0x0000025cd271d760 flushing  nmethod 0x0000025cd5ed5510
Event: 4.755 Thread 0x0000025cd271d760 flushing  nmethod 0x0000025cd5ed6e10
Event: 4.755 Thread 0x0000025cd271d760 flushing  nmethod 0x0000025cd5ed7210
Event: 4.755 Thread 0x0000025cd271d760 flushing  nmethod 0x0000025cd5ed7510
Event: 4.755 Thread 0x0000025cd271d760 flushing  nmethod 0x0000025cd5ee0510
Event: 4.755 Thread 0x0000025cd271d760 flushing  nmethod 0x0000025cd5ef9810
Event: 4.755 Thread 0x0000025cd271d760 flushing  nmethod 0x0000025cd5f0cb10
Event: 4.755 Thread 0x0000025cd271d760 flushing  nmethod 0x0000025cd5f11610
Event: 4.755 Thread 0x0000025cd271d760 flushing  nmethod 0x0000025cd5f12990
Event: 4.755 Thread 0x0000025cd271d760 flushing  nmethod 0x0000025cd5f65590

Events (20 events):
Event: 4.567 Thread 0x0000025cd265d8e0 Thread added: 0x0000025cf172f840
Event: 4.567 Thread 0x0000025cd265d8e0 Thread added: 0x0000025cf172f1b0
Event: 4.567 Thread 0x0000025cd265d8e0 Thread added: 0x0000025cf1730560
Event: 4.567 Thread 0x0000025cd265d8e0 Thread added: 0x0000025cf2ad4ee0
Event: 4.567 Thread 0x0000025cd265d8e0 Thread added: 0x0000025cf2ad6fb0
Event: 4.568 Thread 0x0000025cd265d8e0 Thread added: 0x0000025cf2ad5c00
Event: 4.568 Thread 0x0000025cd265d8e0 Thread added: 0x0000025cf2ad41c0
Event: 4.589 Thread 0x0000025cd265d8e0 Thread added: 0x0000025cf2ad5570
Event: 4.870 Thread 0x0000025cd265d8e0 Thread added: 0x0000025cf2ad6290
Event: 4.870 Thread 0x0000025cd265d8e0 Thread added: 0x0000025cf2ad6920
Event: 5.028 Thread 0x0000025cf03d2b40 Thread added: 0x0000025cf2ad7640
Event: 5.339 Thread 0x0000025cf03d4c10 Thread added: 0x0000025cf2ad4850
Event: 5.339 Thread 0x0000025cf03d4c10 Thread added: 0x0000025cf2ad9080
Event: 5.339 Thread 0x0000025cf03d4c10 Thread added: 0x0000025cf2ada430
Event: 5.339 Thread 0x0000025cf03d4c10 Thread added: 0x0000025cf2ad9710
Event: 5.340 Thread 0x0000025cf03d4c10 Thread added: 0x0000025cf2adb150
Event: 5.340 Thread 0x0000025cf03d4c10 Thread added: 0x0000025cf2ad9da0
Event: 5.340 Thread 0x0000025cf2ad4850 Thread added: 0x0000025cf2adaac0
Event: 5.340 Thread 0x0000025cf2ad9080 Thread added: 0x0000025cf2ad89f0
Event: 5.340 Thread 0x0000025cf2adaac0 Thread added: 0x0000025cf2adb7e0


Dynamic libraries:
0x00007ff675ef0000 - 0x00007ff675efe000 	c:\Users\admin\.vscode\extensions\redhat.java-1.54.0-win32-x64\jre\21.0.10-win32-x86_64\bin\java.exe
0x00007ffc3c620000 - 0x00007ffc3c887000 	C:\Windows\SYSTEM32\ntdll.dll
0x00007ffc3b560000 - 0x00007ffc3b629000 	C:\Windows\System32\KERNEL32.DLL
0x00007ffc39e40000 - 0x00007ffc3a237000 	C:\Windows\System32\KERNELBASE.dll
0x00007ffc39ab0000 - 0x00007ffc39bfb000 	C:\Windows\System32\ucrtbase.dll
0x00007ffc22dd0000 - 0x00007ffc22de8000 	c:\Users\admin\.vscode\extensions\redhat.java-1.54.0-win32-x64\jre\21.0.10-win32-x86_64\bin\jli.dll
0x00007ffc23700000 - 0x00007ffc2371e000 	c:\Users\admin\.vscode\extensions\redhat.java-1.54.0-win32-x64\jre\21.0.10-win32-x86_64\bin\VCRUNTIME140.dll
0x00007ffc3b790000 - 0x00007ffc3b956000 	C:\Windows\System32\USER32.dll
0x00007ffc38250000 - 0x00007ffc384e2000 	C:\Windows\WinSxS\amd64_microsoft.windows.common-controls_6595b64144ccf1df_6.0.26100.8328_none_3e08182ce334b678\COMCTL32.dll
0x00007ffc39c00000 - 0x00007ffc39c27000 	C:\Windows\System32\win32u.dll
0x00007ffc3ad00000 - 0x00007ffc3ada9000 	C:\Windows\System32\msvcrt.dll
0x00007ffc3bb40000 - 0x00007ffc3bb6b000 	C:\Windows\System32\GDI32.dll
0x00007ffc39050000 - 0x00007ffc3917c000 	C:\Windows\System32\gdi32full.dll
0x00007ffc3a240000 - 0x00007ffc3a2e3000 	C:\Windows\System32\msvcp_win.dll
0x00007ffc3b210000 - 0x00007ffc3b242000 	C:\Windows\System32\IMM32.DLL
0x00007ffc32ef0000 - 0x00007ffc32efc000 	c:\Users\admin\.vscode\extensions\redhat.java-1.54.0-win32-x64\jre\21.0.10-win32-x86_64\bin\vcruntime140_1.dll
0x00007ffbfa690000 - 0x00007ffbfa71d000 	c:\Users\admin\.vscode\extensions\redhat.java-1.54.0-win32-x64\jre\21.0.10-win32-x86_64\bin\msvcp140.dll
0x00007ffbce110000 - 0x00007ffbceeb1000 	c:\Users\admin\.vscode\extensions\redhat.java-1.54.0-win32-x64\jre\21.0.10-win32-x86_64\bin\server\jvm.dll
0x00007ffc3bc50000 - 0x00007ffc3bd06000 	C:\Windows\System32\ADVAPI32.dll
0x00007ffc3ac50000 - 0x00007ffc3acf7000 	C:\Windows\System32\sechost.dll
0x00007ffc3a3a0000 - 0x00007ffc3a4b8000 	C:\Windows\System32\RPCRT4.dll
0x00007ffc3c550000 - 0x00007ffc3c5d0000 	C:\Windows\System32\WS2_32.dll
0x00007ffc38eb0000 - 0x00007ffc38f0e000 	C:\Windows\SYSTEM32\POWRPROF.dll
0x00007ffc2d580000 - 0x00007ffc2d5b6000 	C:\Windows\SYSTEM32\WINMM.dll
0x00007ffc1bc70000 - 0x00007ffc1bc7b000 	C:\Windows\SYSTEM32\VERSION.dll
0x00007ffc38e90000 - 0x00007ffc38ea4000 	C:\Windows\SYSTEM32\UMPDC.dll
0x00007ffc374b0000 - 0x00007ffc374cb000 	C:\Windows\SYSTEM32\kernel.appcore.dll
0x00007ffc30c70000 - 0x00007ffc30c7a000 	c:\Users\admin\.vscode\extensions\redhat.java-1.54.0-win32-x64\jre\21.0.10-win32-x86_64\bin\jimage.dll
0x00007ffc38800000 - 0x00007ffc38a42000 	C:\Windows\SYSTEM32\DBGHELP.DLL
0x00007ffc3ae80000 - 0x00007ffc3b203000 	C:\Windows\System32\combase.dll
0x00007ffc3b2a0000 - 0x00007ffc3b379000 	C:\Windows\System32\OLEAUT32.dll
0x00007ffc386f0000 - 0x00007ffc3872b000 	C:\Windows\SYSTEM32\dbgcore.DLL
0x00007ffc3a2f0000 - 0x00007ffc3a398000 	C:\Windows\System32\bcryptPrimitives.dll
0x00007ffc30c10000 - 0x00007ffc30c1f000 	c:\Users\admin\.vscode\extensions\redhat.java-1.54.0-win32-x64\jre\21.0.10-win32-x86_64\bin\instrument.dll
0x00007ffc22d70000 - 0x00007ffc22d90000 	c:\Users\admin\.vscode\extensions\redhat.java-1.54.0-win32-x64\jre\21.0.10-win32-x86_64\bin\java.dll
0x00007ffc3a4c0000 - 0x00007ffc3ac2e000 	C:\Windows\System32\SHELL32.dll
0x00007ffc39240000 - 0x00007ffc39aac000 	C:\Windows\System32\windows.storage.dll
0x00007ffc3beb0000 - 0x00007ffc3bfa6000 	C:\Windows\System32\SHCORE.dll
0x00007ffc3ae10000 - 0x00007ffc3ae76000 	C:\Windows\System32\shlwapi.dll
0x00007ffc38f70000 - 0x00007ffc38f99000 	C:\Windows\SYSTEM32\profapi.dll
0x00007ffc16c70000 - 0x00007ffc16c88000 	c:\Users\admin\.vscode\extensions\redhat.java-1.54.0-win32-x64\jre\21.0.10-win32-x86_64\bin\zip.dll
0x00007ffc2c320000 - 0x00007ffc2c330000 	C:\Users\admin\.vscode\extensions\redhat.java-1.54.0-win32-x64\jre\21.0.10-win32-x86_64\bin\net.dll
0x00007ffc26c70000 - 0x00007ffc26d99000 	C:\Windows\SYSTEM32\WINHTTP.dll
0x00007ffc37a40000 - 0x00007ffc37aac000 	C:\Windows\system32\mswsock.dll
0x00007ffc1c430000 - 0x00007ffc1c446000 	C:\Users\admin\.vscode\extensions\redhat.java-1.54.0-win32-x64\jre\21.0.10-win32-x86_64\bin\nio.dll
0x00007ffc246a0000 - 0x00007ffc246b0000 	c:\Users\admin\.vscode\extensions\redhat.java-1.54.0-win32-x64\jre\21.0.10-win32-x86_64\bin\verify.dll
0x00007ffc05bd0000 - 0x00007ffc05c15000 	C:\Users\admin\AppData\Roaming\Code\User\globalStorage\redhat.java\1.54.0\config_win\org.eclipse.equinox.launcher\org.eclipse.equinox.launcher.win32.win32.x86_64_1.3.0.v20260203-2149\eclipse_11919.dll
0x00007ffc3bd10000 - 0x00007ffc3bea7000 	C:\Windows\System32\ole32.dll
0x00007ffc38b70000 - 0x00007ffc38b8b000 	C:\Windows\SYSTEM32\CRYPTSP.dll
0x00007ffc375d0000 - 0x00007ffc37609000 	C:\Windows\system32\rsaenh.dll
0x00007ffc37af0000 - 0x00007ffc37b23000 	C:\Windows\SYSTEM32\USERENV.dll
0x00007ffc38f40000 - 0x00007ffc38f6a000 	C:\Windows\SYSTEM32\bcrypt.dll
0x00007ffc37f30000 - 0x00007ffc37f3c000 	C:\Windows\SYSTEM32\CRYPTBASE.dll
0x00007ffc36f70000 - 0x00007ffc36fa2000 	C:\Windows\SYSTEM32\IPHLPAPI.DLL
0x00007ffc3c540000 - 0x00007ffc3c54a000 	C:\Windows\System32\NSI.dll
0x00007ffc05ed0000 - 0x00007ffc05f19000 	C:\Users\admin\AppData\Local\Temp\jna-92668751\jna5287499088601490961.dll
0x00007ffc3bc10000 - 0x00007ffc3bc18000 	C:\Windows\System32\PSAPI.DLL
0x00007ffc2f720000 - 0x00007ffc2f73d000 	C:\Windows\SYSTEM32\dhcpcsvc6.DLL
0x00007ffc2f6f0000 - 0x00007ffc2f715000 	C:\Windows\SYSTEM32\dhcpcsvc.DLL

JVMTI agents:
c:\Users\admin\.vscode\extensions\redhat.java-1.54.0-win32-x64\lombok\lombok-1.18.39-4050.jar path:c:\Users\admin\.vscode\extensions\redhat.java-1.54.0-win32-x64\jre\21.0.10-win32-x86_64\bin\instrument.dll, loaded, initialized, instrumentlib options:none

dbghelp: loaded successfully - version: 4.0.5 - missing functions: none
symbol engine: initialized successfully - sym options: 0x614 - pdb path: .;c:\Users\admin\.vscode\extensions\redhat.java-1.54.0-win32-x64\jre\21.0.10-win32-x86_64\bin;C:\Windows\SYSTEM32;C:\Windows\WinSxS\amd64_microsoft.windows.common-controls_6595b64144ccf1df_6.0.26100.8328_none_3e08182ce334b678;c:\Users\admin\.vscode\extensions\redhat.java-1.54.0-win32-x64\jre\21.0.10-win32-x86_64\bin\server;C:\Users\admin\AppData\Roaming\Code\User\globalStorage\redhat.java\1.54.0\config_win\org.eclipse.equinox.launcher\org.eclipse.equinox.launcher.win32.win32.x86_64_1.3.0.v20260203-2149;C:\Users\admin\AppData\Local\Temp\jna-92668751

VM Arguments:
jvm_args: --add-modules=ALL-SYSTEM --add-opens=java.base/java.util=ALL-UNNAMED --add-opens=java.base/java.lang=ALL-UNNAMED --add-opens=java.base/sun.nio.fs=ALL-UNNAMED -Declipse.application=org.eclipse.jdt.ls.core.id1 -Dosgi.bundles.defaultStartLevel=4 -Declipse.product=org.eclipse.jdt.ls.core.product -Djava.import.generatesMetadataFilesAtProjectRoot=false -DDetectVMInstallationsJob.disabled=true -Dfile.encoding=utf8 -XX:+UseParallelGC -XX:GCTimeRatio=4 -XX:AdaptiveSizePolicyWeight=90 -Dsun.zip.disableMemoryMapping=true -Xmx2G -Xms100m -Xlog:disable -javaagent:c:\Users\admin\.vscode\extensions\redhat.java-1.54.0-win32-x64\lombok\lombok-1.18.39-4050.jar -XX:+HeapDumpOnOutOfMemoryError -XX:HeapDumpPath=c:\Users\admin\AppData\Roaming\Code\User\workspaceStorage\456ccaf14a017f0ce220ea57303d7a3b\redhat.java -Daether.dependencyCollector.impl=bf 
java_command: c:\Users\admin\.vscode\extensions\redhat.java-1.54.0-win32-x64\server\plugins\org.eclipse.equinox.launcher_1.7.100.v20251111-0406.jar -configuration c:\Users\admin\AppData\Roaming\Code\User\globalStorage\redhat.java\1.54.0\config_win -data c:\Users\admin\AppData\Roaming\Code\User\workspaceStorage\456ccaf14a017f0ce220ea57303d7a3b\redhat.java\jdt_ws --pipe=\\.\pipe\lsp-a5fe54ead27dfb8cffc7bfb56593855e-sock
java_class_path (initial): c:\Users\admin\.vscode\extensions\redhat.java-1.54.0-win32-x64\server\plugins\org.eclipse.equinox.launcher_1.7.100.v20251111-0406.jar
Launcher Type: SUN_STANDARD

[Global flags]
    uintx AdaptiveSizePolicyWeight                 = 90                                        {product} {command line}
     intx CICompilerCount                          = 4                                         {product} {ergonomic}
    uintx GCTimeRatio                              = 4                                         {product} {command line}
     bool HeapDumpOnOutOfMemoryError               = true                                   {manageable} {command line}
    ccstr HeapDumpPath                             = c:\Users\admin\AppData\Roaming\Code\User\workspaceStorage\456ccaf14a017f0ce220ea57303d7a3b\redhat.java         {manageable} {command line}
   size_t InitialHeapSize                          = 104857600                                 {product} {command line}
   size_t MaxHeapSize                              = 2147483648                                {product} {command line}
   size_t MaxNewSize                               = 715653120                                 {product} {ergonomic}
   size_t MinHeapDeltaBytes                        = 524288                                    {product} {ergonomic}
   size_t MinHeapSize                              = 104857600                                 {product} {command line}
   size_t NewSize                                  = 34603008                                  {product} {ergonomic}
    uintx NonNMethodCodeHeapSize                   = 5839372                                {pd product} {ergonomic}
    uintx NonProfiledCodeHeapSize                  = 122909434                              {pd product} {ergonomic}
   size_t OldSize                                  = 70254592                                  {product} {ergonomic}
    uintx ProfiledCodeHeapSize                     = 122909434                              {pd product} {ergonomic}
    uintx ReservedCodeCacheSize                    = 251658240                              {pd product} {ergonomic}
     bool SegmentedCodeCache                       = true                                      {product} {ergonomic}
   size_t SoftMaxHeapSize                          = 2147483648                             {manageable} {ergonomic}
     bool UseCompressedOops                        = true                           {product lp64_product} {ergonomic}
     bool UseLargePagesIndividualAllocation        = false                                  {pd product} {ergonomic}
     bool UseParallelGC                            = true                                      {product} {command line}

Logging:
Log output configuration:
 #0: stdout all=off uptime,level,tags foldmultilines=false
 #1: stderr all=off uptime,level,tags foldmultilines=false

Release file:
JAVA_VERSION="21.0.10" 
MODULES="java.base java.compiler java.datatransfer java.xml java.prefs java.desktop java.instrument java.logging java.management java.security.sasl java.naming java.rmi java.management.rmi java.net.http java.scripting java.security.jgss java.transaction.xa java.sql java.sql.rowset java.xml.crypto java.se java.smartcardio jdk.accessibility jdk.internal.jvmstat jdk.attach jdk.charsets jdk.internal.opt jdk.zipfs jdk.compiler jdk.crypto.ec jdk.crypto.cryptoki jdk.crypto.mscapi jdk.dynalink jdk.internal.ed jdk.editpad jdk.hotspot.agent jdk.httpserver jdk.internal.le jdk.internal.vm.ci jdk.internal.vm.compiler jdk.internal.vm.compiler.management jdk.jartool jdk.javadoc jdk.jcmd jdk.management jdk.management.agent jdk.jconsole jdk.jdeps jdk.jdwp.agent jdk.jdi jdk.jfr jdk.jshell jdk.jsobject jdk.jstatd jdk.localedata jdk.management.jfr jdk.naming.dns jdk.naming.rmi jdk.net jdk.nio.mapmode jdk.random jdk.sctp jdk.security.auth jdk.security.jgss jdk.unsupported jdk.unsupported.desktop jdk.xml.dom" 

Environment Variables:
JAVA_HOME=C:\Program Files\Eclipse Adoptium\jdk-17.0.18.8-hotspot\
PATH=C:\Users\admin\AppData\Local\Programs\Microsoft VS Code;C:\Program Files\Common Files\Oracle\Java\javapath;C:\Program Files\Eclipse Adoptium\jdk-17.0.18.8-hotspot\bin;C:\Windows\system32;C:\Windows;C:\Windows\System32\Wbem;C:\Windows\System32\WindowsPowerShell\v1.0\;C:\Windows\System32\OpenSSH\;C:\Program Files\dotnet\;C:\Program Files\Git\cmd;C:\Users\admin\AppData\Local\Microsoft\WindowsApps;C:\Users\admin\AppData\Local\Programs\Microsoft VS Code\bin;C:\Users\admin\AppData\Local\GitHubDesktop\bin
USERNAME=admin
OS=Windows_NT
PROCESSOR_IDENTIFIER=Intel64 Family 6 Model 186 Stepping 2, GenuineIntel
TMP=C:\Users\admin\AppData\Local\Temp
TEMP=C:\Users\admin\AppData\Local\Temp




Periodic native trim disabled

---------------  S Y S T E M  ---------------

OS:
 Windows 11 , 64 bit Build 26100 (10.0.26100.8328)
OS uptime: 0 days 22:49 hours
Hyper-V role detected

CPU: total 12 (initial active 12) (6 cores per cpu, 2 threads per core) family 6 model 186 stepping 2 microcode 0x4122, cx8, cmov, fxsr, ht, mmx, 3dnowpref, sse, sse2, sse3, ssse3, sse4.1, sse4.2, popcnt, lzcnt, tsc, tscinvbit, avx, avx2, aes, erms, clmul, bmi1, bmi2, adx, sha, fma, vzeroupper, clflush, clflushopt, clwb, hv, serialize, rdtscp, rdpid, fsrm, f16c, cet_ibt, cet_ss
Processor Information for processor 0
  Max Mhz: 2100, Current Mhz: 2100, Mhz Limit: 2100
Processor Information for processor 1
  Max Mhz: 2100, Current Mhz: 2100, Mhz Limit: 2100
Processor Information for processor 2
  Max Mhz: 2100, Current Mhz: 2100, Mhz Limit: 2100
Processor Information for processor 3
  Max Mhz: 2100, Current Mhz: 2100, Mhz Limit: 2100
Processor Information for processor 4
  Max Mhz: 2100, Current Mhz: 2100, Mhz Limit: 2100
Processor Information for processor 5
  Max Mhz: 2100, Current Mhz: 2100, Mhz Limit: 2100
Processor Information for processor 6
  Max Mhz: 2100, Current Mhz: 2100, Mhz Limit: 2100
Processor Information for processor 7
  Max Mhz: 2100, Current Mhz: 2100, Mhz Limit: 2100
Processor Information for processor 8
  Max Mhz: 2100, Current Mhz: 1500, Mhz Limit: 1491
Processor Information for processor 9
  Max Mhz: 2100, Current Mhz: 1500, Mhz Limit: 1491
Processor Information for processor 10
  Max Mhz: 2100, Current Mhz: 1500, Mhz Limit: 1491
Processor Information for processor 11
  Max Mhz: 2100, Current Mhz: 1500, Mhz Limit: 1491

Memory: 4k page, system-wide physical 16009M (3115M free)
TotalPageFile size 65161M (AvailPageFile size 22M)
current process WorkingSet (physical memory assigned to process): 246M, peak: 246M
current process commit charge ("private bytes"): 354M, peak: 354M

vm_info: OpenJDK 64-Bit Server VM (21.0.10+7-LTS) for windows-amd64 JRE (21.0.10+7-LTS), built on 2026-01-20T00:00:00Z by "admin" with MS VC++ 17.12 (VS2022)

END.
