#
# There is insufficient memory for the Java Runtime Environment to continue.
# Native memory allocation (malloc) failed to allocate 946976 bytes. Error detail: Chunk::new
# Possible reasons:
#   The system is out of physical RAM or swap space
#   This process is running with CompressedOops enabled, and the Java Heap may be blocking the growth of the native heap
# Possible solutions:
#   Reduce memory load on the system
#   Increase physical memory or swap space
#   Check if swap backing store is full
#   Decrease Java heap size (-Xmx/-Xms)
#   Decrease number of Java threads
#   Decrease Java thread stack sizes (-Xss)
#   Set larger code cache with -XX:ReservedCodeCacheSize=
#   JVM is running with Unscaled Compressed Oops mode in which the Java heap is
#     placed in the first 4GB address space. The Java Heap base address is the
#     maximum limit for the native heap growth. Please use -XX:HeapBaseMinAddress
#     to set the Java Heap base and to place the Java Heap above 4GB virtual address.
# This output file may be truncated or incomplete.
#
#  Out of Memory Error (arena.cpp:168), pid=16356, tid=22444
#
# JRE version: OpenJDK Runtime Environment Temurin-21.0.10+7 (21.0.10+7) (build 21.0.10+7-LTS)
# Java VM: OpenJDK 64-Bit Server VM Temurin-21.0.10+7 (21.0.10+7-LTS, mixed mode, sharing, tiered, compressed oops, compressed class ptrs, parallel gc, windows-amd64)
# No core dump will be written. Minidumps are not enabled by default on client versions of Windows
#

---------------  S U M M A R Y ------------

Command Line: --add-modules=ALL-SYSTEM --add-opens=java.base/java.util=ALL-UNNAMED --add-opens=java.base/java.lang=ALL-UNNAMED --add-opens=java.base/sun.nio.fs=ALL-UNNAMED -Declipse.application=org.eclipse.jdt.ls.core.id1 -Dosgi.bundles.defaultStartLevel=4 -Declipse.product=org.eclipse.jdt.ls.core.product -Djava.import.generatesMetadataFilesAtProjectRoot=false -DDetectVMInstallationsJob.disabled=true -Dfile.encoding=utf8 -XX:+UseParallelGC -XX:GCTimeRatio=4 -XX:AdaptiveSizePolicyWeight=90 -Dsun.zip.disableMemoryMapping=true -Xmx2G -Xms100m -Xlog:disable -javaagent:c:\Users\admin\.vscode\extensions\redhat.java-1.54.0-win32-x64\lombok\lombok-1.18.39-4050.jar -XX:+HeapDumpOnOutOfMemoryError -XX:HeapDumpPath=c:\Users\admin\AppData\Roaming\Code\User\workspaceStorage\456ccaf14a017f0ce220ea57303d7a3b\redhat.java -Daether.dependencyCollector.impl=bf c:\Users\admin\.vscode\extensions\redhat.java-1.54.0-win32-x64\server\plugins\org.eclipse.equinox.launcher_1.7.100.v20251111-0406.jar -configuration c:\Users\admin\AppData\Roaming\Code\User\globalStorage\redhat.java\1.54.0\config_win -data c:\Users\admin\AppData\Roaming\Code\User\workspaceStorage\456ccaf14a017f0ce220ea57303d7a3b\redhat.java\jdt_ws --pipe=\\.\pipe\lsp-2b4364e7b7b9e7275602ba6d0e1c3493-sock

Host: 13th Gen Intel(R) Core(TM) i5-13420H, 12 cores, 15G,  Windows 11 , 64 bit Build 26100 (10.0.26100.8328)
Time: Sun May 10 16:43:05 2026 SE Asia Standard Time elapsed time: 7.755527 seconds (0d 0h 0m 7s)

---------------  T H R E A D  ---------------

Current thread (0x000002988ce7cfc0):  JavaThread "C2 CompilerThread0" daemon [_thread_in_native, id=22444, stack(0x000000d9bd000000,0x000000d9bd100000) (1024K)]


Current CompileTask:
C2:7755 5705   !   4       org.eclipse.osgi.internal.loader.classpath.ClasspathManager::findClassImpl (328 bytes)

Stack: [0x000000d9bd000000,0x000000d9bd100000]
Native frames: (J=compiled Java code, j=interpreted, Vv=VM code, C=native code)
V  [jvm.dll+0x6d7a39]
V  [jvm.dll+0x8b4b26]
V  [jvm.dll+0x8b70de]
V  [jvm.dll+0x8b77c3]
V  [jvm.dll+0x284346]
V  [jvm.dll+0xc66ed]
V  [jvm.dll+0xc6c31]
V  [jvm.dll+0x2fb29e]
V  [jvm.dll+0x5fe884]
V  [jvm.dll+0x255b17]
V  [jvm.dll+0x255edd]
V  [jvm.dll+0x24e500]
V  [jvm.dll+0x24ba42]
V  [jvm.dll+0x1cb34e]
V  [jvm.dll+0x25b85d]
V  [jvm.dll+0x259dea]
V  [jvm.dll+0x3f857e]
V  [jvm.dll+0x85f59d]
V  [jvm.dll+0x6d626d]
C  [ucrtbase.dll+0x37b0]
C  [KERNEL32.DLL+0x2e957]
C  [ntdll.dll+0x427c]


---------------  P R O C E S S  ---------------

Threads class SMR info:
_java_thread_list=0x00000298ee593fb0, length=52, elements={
0x000002988cdbcd30, 0x000002988ce60fd0, 0x000002988ce61a00, 0x000002988ce66880,
0x000002988ce697a0, 0x000002988ce6b890, 0x000002988ce6d850, 0x000002988ce7cfc0,
0x00000298e5c01f60, 0x00000298e5e129b0, 0x00000298e5f9e020, 0x00000298eb1e89c0,
0x00000298eb981560, 0x00000298eb766a70, 0x00000298eb7678b0, 0x00000298ebd6fb20,
0x00000298ebea0060, 0x00000298ebebff70, 0x00000298ec0ad1a0, 0x00000298ec0abdf0,
0x00000298ec0ac480, 0x00000298ec0ad830, 0x00000298ecb340b0, 0x00000298ec0adec0,
0x00000298ecdeb830, 0x00000298ec0acb10, 0x00000298ec0ae550, 0x00000298ec0aebe0,
0x00000298ec0ab760, 0x00000298ec112dc0, 0x00000298ec116240, 0x00000298ec114e90,
0x00000298ec115520, 0x00000298ec115bb0, 0x00000298ec114170, 0x00000298ec114800,
0x00000298ec113450, 0x00000298ec113ae0, 0x00000298ed2adc80, 0x00000298ed2af030,
0x00000298ed2afd50, 0x00000298ed2ae9a0, 0x00000298ed2af6c0, 0x00000298ed2b03e0,
0x00000298ed2b0a70, 0x00000298ed2ae310, 0x00000298ed2ad5f0, 0x00000298ed2b24b0,
0x00000298ed2b31d0, 0x00000298ed2b1100, 0x00000298ed2b4580, 0x00000298ed2b1790
}

Java Threads: ( => current thread )
  0x000002988cdbcd30 JavaThread "main"                              [_thread_blocked, id=6364, stack(0x000000d9bc600000,0x000000d9bc700000) (1024K)]
  0x000002988ce60fd0 JavaThread "Reference Handler"          daemon [_thread_blocked, id=18072, stack(0x000000d9bca00000,0x000000d9bcb00000) (1024K)]
  0x000002988ce61a00 JavaThread "Finalizer"                  daemon [_thread_blocked, id=15612, stack(0x000000d9bcb00000,0x000000d9bcc00000) (1024K)]
  0x000002988ce66880 JavaThread "Signal Dispatcher"          daemon [_thread_blocked, id=25300, stack(0x000000d9bcc00000,0x000000d9bcd00000) (1024K)]
  0x000002988ce697a0 JavaThread "Attach Listener"            daemon [_thread_blocked, id=15992, stack(0x000000d9bcd00000,0x000000d9bce00000) (1024K)]
  0x000002988ce6b890 JavaThread "Service Thread"             daemon [_thread_blocked, id=20440, stack(0x000000d9bce00000,0x000000d9bcf00000) (1024K)]
  0x000002988ce6d850 JavaThread "Monitor Deflation Thread"   daemon [_thread_blocked, id=24372, stack(0x000000d9bcf00000,0x000000d9bd000000) (1024K)]
=>0x000002988ce7cfc0 JavaThread "C2 CompilerThread0"         daemon [_thread_in_native, id=22444, stack(0x000000d9bd000000,0x000000d9bd100000) (1024K)]
  0x00000298e5c01f60 JavaThread "C1 CompilerThread0"         daemon [_thread_in_vm, id=20112, stack(0x000000d9bd100000,0x000000d9bd200000) (1024K)]
  0x00000298e5e129b0 JavaThread "Common-Cleaner"             daemon [_thread_blocked, id=25812, stack(0x000000d9bd200000,0x000000d9bd300000) (1024K)]
  0x00000298e5f9e020 JavaThread "Notification Thread"        daemon [_thread_blocked, id=16036, stack(0x000000d9bd400000,0x000000d9bd500000) (1024K)]
  0x00000298eb1e89c0 JavaThread "Active Thread: Equinox Container: 6bdacc7d-b6e1-4eed-b136-f650893c3e61"        [_thread_blocked, id=20456, stack(0x000000d9bdc00000,0x000000d9bdd00000) (1024K)]
  0x00000298eb981560 JavaThread "Refresh Thread: Equinox Container: 6bdacc7d-b6e1-4eed-b136-f650893c3e61" daemon [_thread_blocked, id=4444, stack(0x000000d9bde00000,0x000000d9bdf00000) (1024K)]
  0x00000298eb766a70 JavaThread "Framework Event Dispatcher: Equinox Container: 6bdacc7d-b6e1-4eed-b136-f650893c3e61" daemon [_thread_blocked, id=13256, stack(0x000000d9bdf00000,0x000000d9be000000) (1024K)]
  0x00000298eb7678b0 JavaThread "Start Level: Equinox Container: 6bdacc7d-b6e1-4eed-b136-f650893c3e61" daemon [_thread_blocked, id=7684, stack(0x000000d9be000000,0x000000d9be100000) (1024K)]
  0x00000298ebd6fb20 JavaThread "Bundle File Closer"         daemon [_thread_blocked, id=18908, stack(0x000000d9be300000,0x000000d9be400000) (1024K)]
  0x00000298ebea0060 JavaThread "SCR Component Actor"        daemon [_thread_blocked, id=2044, stack(0x000000d9bd300000,0x000000d9bd400000) (1024K)]
  0x00000298ebebff70 JavaThread "Worker-JM"                         [_thread_blocked, id=22748, stack(0x000000d9be500000,0x000000d9be600000) (1024K)]
  0x00000298ec0ad1a0 JavaThread "JNA Cleaner"                daemon [_thread_blocked, id=8464, stack(0x000000d9bd500000,0x000000d9bd600000) (1024K)]
  0x00000298ec0abdf0 JavaThread "Worker-0: Repository registry initialization"        [_thread_blocked, id=6400, stack(0x000000d9be400000,0x000000d9be500000) (1024K)]
  0x00000298ec0ac480 JavaThread "Worker-1: Initialize After Load"        [_thread_blocked, id=23980, stack(0x000000d9be600000,0x000000d9be700000) (1024K)]
  0x00000298ec0ad830 JavaThread "Worker-2"                          [_thread_blocked, id=12388, stack(0x000000d9be700000,0x000000d9be800000) (1024K)]
  0x00000298ecb340b0 JavaThread "C2 CompilerThread1"         daemon [_thread_in_native, id=19516, stack(0x000000d9be800000,0x000000d9be900000) (1024K)]
  0x00000298ec0adec0 JavaThread "Java indexing"              daemon [_thread_blocked, id=25000, stack(0x000000d9be900000,0x000000d9bea00000) (1024K)]
  0x00000298ecdeb830 JavaThread "C2 CompilerThread2"         daemon [_thread_in_native, id=22888, stack(0x000000d9bea00000,0x000000d9beb00000) (1024K)]
  0x00000298ec0acb10 JavaThread "Worker-3: Building"                [_thread_in_Java, id=7088, stack(0x000000d9bed00000,0x000000d9bee00000) (1024K)]
  0x00000298ec0ae550 JavaThread "Worker-4: Updating Maven Dependencies"        [_thread_in_vm, id=21992, stack(0x000000d9bee00000,0x000000d9bef00000) (1024K)]
  0x00000298ec0aebe0 JavaThread "Thread-1"                   daemon [_thread_in_native, id=24732, stack(0x000000d9bef00000,0x000000d9bf000000) (1024K)]
  0x00000298ec0ab760 JavaThread "Thread-2"                   daemon [_thread_in_native, id=19700, stack(0x000000d9bf000000,0x000000d9bf100000) (1024K)]
  0x00000298ec112dc0 JavaThread "Thread-3"                   daemon [_thread_in_native, id=20728, stack(0x000000d9bf100000,0x000000d9bf200000) (1024K)]
  0x00000298ec116240 JavaThread "Thread-4"                   daemon [_thread_in_native, id=19324, stack(0x000000d9bf200000,0x000000d9bf300000) (1024K)]
  0x00000298ec114e90 JavaThread "Thread-5"                   daemon [_thread_in_native, id=5632, stack(0x000000d9bf300000,0x000000d9bf400000) (1024K)]
  0x00000298ec115520 JavaThread "Thread-6"                   daemon [_thread_in_native, id=24580, stack(0x000000d9bf400000,0x000000d9bf500000) (1024K)]
  0x00000298ec115bb0 JavaThread "Thread-7"                   daemon [_thread_in_native, id=20476, stack(0x000000d9bf500000,0x000000d9bf600000) (1024K)]
  0x00000298ec114170 JavaThread "Thread-8"                   daemon [_thread_in_native, id=9532, stack(0x000000d9bf600000,0x000000d9bf700000) (1024K)]
  0x00000298ec114800 JavaThread "Thread-9"                   daemon [_thread_in_native, id=21024, stack(0x000000d9bf700000,0x000000d9bf800000) (1024K)]
  0x00000298ec113450 JavaThread "Thread-10"                  daemon [_thread_in_native, id=24112, stack(0x000000d9bf800000,0x000000d9bf900000) (1024K)]
  0x00000298ec113ae0 JavaThread "Thread-11"                  daemon [_thread_in_native, id=3552, stack(0x000000d9bf900000,0x000000d9bfa00000) (1024K)]
  0x00000298ed2adc80 JavaThread "Thread-12"                  daemon [_thread_in_native, id=4148, stack(0x000000d9bfa00000,0x000000d9bfb00000) (1024K)]
  0x00000298ed2af030 JavaThread "Thread-13"                  daemon [_thread_in_native, id=25844, stack(0x000000d9bfb00000,0x000000d9bfc00000) (1024K)]
  0x00000298ed2afd50 JavaThread "pool-2-thread-1"                   [_thread_blocked, id=26264, stack(0x000000d9bfc00000,0x000000d9bfd00000) (1024K)]
  0x00000298ed2ae9a0 JavaThread "WorkspaceEventsHandler"            [_thread_blocked, id=26052, stack(0x000000d9bfd00000,0x000000d9bfe00000) (1024K)]
  0x00000298ed2af6c0 JavaThread "pool-1-thread-1"                   [_thread_blocked, id=22996, stack(0x000000d9bfe00000,0x000000d9bff00000) (1024K)]
  0x00000298ed2b03e0 JavaThread "Worker-5: Updating workspace"        [_thread_in_vm, id=8512, stack(0x000000d9bff00000,0x000000d9c0000000) (1024K)]
  0x00000298ed2b0a70 JavaThread "Compiler Source File Reader" daemon [_thread_blocked, id=25536, stack(0x000000d9c0000000,0x000000d9c0100000) (1024K)]
  0x00000298ed2ae310 JavaThread "Compiler Source File Reader" daemon [_thread_blocked, id=23396, stack(0x000000d9c0100000,0x000000d9c0200000) (1024K)]
  0x00000298ed2ad5f0 JavaThread "Compiler Source File Reader" daemon [_thread_blocked, id=25328, stack(0x000000d9c0200000,0x000000d9c0300000) (1024K)]
  0x00000298ed2b24b0 JavaThread "Compiler Source File Reader" daemon [_thread_blocked, id=15032, stack(0x000000d9c0300000,0x000000d9c0400000) (1024K)]
  0x00000298ed2b31d0 JavaThread "Compiler Source File Reader" daemon [_thread_blocked, id=18868, stack(0x000000d9c0400000,0x000000d9c0500000) (1024K)]
  0x00000298ed2b1100 JavaThread "Compiler Source File Reader" daemon [_thread_blocked, id=19060, stack(0x000000d9c0500000,0x000000d9c0600000) (1024K)]
  0x00000298ed2b4580 JavaThread "Compiler Source File Reader" daemon [_thread_blocked, id=1496, stack(0x000000d9c0600000,0x000000d9c0700000) (1024K)]
  0x00000298ed2b1790 JavaThread "Compiler Source File Reader" daemon [_thread_blocked, id=23212, stack(0x000000d9c0700000,0x000000d9c0800000) (1024K)]
Total: 52

Other Threads:
  0x000002988ce60b20 VMThread "VM Thread"                           [id=2004, stack(0x000000d9bc900000,0x000000d9bca00000) (1024K)]
  0x000002988cc4ca10 WatcherThread "VM Periodic Task Thread"        [id=8976, stack(0x000000d9bc800000,0x000000d9bc900000) (1024K)]
  0x000002988cddb3b0 WorkerThread "GC Thread#0"                     [id=25284, stack(0x000000d9bc700000,0x000000d9bc800000) (1024K)]
  0x00000298eb6573a0 WorkerThread "GC Thread#1"                     [id=16000, stack(0x000000d9bd600000,0x000000d9bd700000) (1024K)]
  0x00000298eb65dbb0 WorkerThread "GC Thread#2"                     [id=11636, stack(0x000000d9bd700000,0x000000d9bd800000) (1024K)]
  0x00000298eb65df60 WorkerThread "GC Thread#3"                     [id=3320, stack(0x000000d9bd800000,0x000000d9bd900000) (1024K)]
  0x00000298eb65e310 WorkerThread "GC Thread#4"                     [id=24300, stack(0x000000d9bd900000,0x000000d9bda00000) (1024K)]
  0x00000298eb688c20 WorkerThread "GC Thread#5"                     [id=25508, stack(0x000000d9bda00000,0x000000d9bdb00000) (1024K)]
  0x00000298eb688fd0 WorkerThread "GC Thread#6"                     [id=24484, stack(0x000000d9bdb00000,0x000000d9bdc00000) (1024K)]
  0x00000298eb689730 WorkerThread "GC Thread#7"                     [id=12152, stack(0x000000d9bdd00000,0x000000d9bde00000) (1024K)]
  0x00000298eb688870 WorkerThread "GC Thread#8"                     [id=23192, stack(0x000000d9be100000,0x000000d9be200000) (1024K)]
  0x00000298eb689e90 WorkerThread "GC Thread#9"                     [id=24356, stack(0x000000d9be200000,0x000000d9be300000) (1024K)]
Total: 12

Threads with active compile tasks:
C2 CompilerThread0  8794 5705   !   4       org.eclipse.osgi.internal.loader.classpath.ClasspathManager::findClassImpl (328 bytes)
C1 CompilerThread0  8795 6100       3       java.util.stream.Nodes$ArrayNode::asArray (25 bytes)
C2 CompilerThread1  8795 5934       4       org.lombokweb.asm.ClassReader::readMethod (1070 bytes)
C2 CompilerThread2  8796 5918       4       lombok.patcher.MethodTarget::typeMatches (14 bytes)
Total: 4

VM state: not at safepoint (normal execution)

VM Mutex/Monitor currently owned by a thread: None

Heap address: 0x0000000080000000, size: 2048 MB, Compressed Oops mode: 32-bit

CDS archive(s) mapped at: [0x00000298a4000000-0x00000298a4ba0000-0x00000298a4ba0000), size 12189696, SharedBaseAddress: 0x00000298a4000000, ArchiveRelocationMode: 1.
Compressed class space mapped at: 0x00000298a5000000-0x00000298e5000000, reserved size: 1073741824
Narrow klass base: 0x00000298a4000000, Narrow klass shift: 0, Narrow klass range: 0x100000000

GC Precious Log:
 CardTable entry size: 512
 CPUs: 12 total, 12 available
 Memory: 16009M
 Large Page Support: Disabled
 NUMA Support: Disabled
 Compressed Oops: Enabled (32-bit)
 Alignments: Space 512K, Generation 512K, Heap 2M
 Heap Min Capacity: 100M
 Heap Initial Capacity: 100M
 Heap Max Capacity: 2G
 Pre-touch: Disabled
 Parallel Workers: 10

Heap:
 PSYoungGen      total 23040K, used 11658K [0x00000000d5580000, 0x00000000d6e00000, 0x0000000100000000)
  eden space 22016K, 50% used [0x00000000d5580000,0x00000000d6042a28,0x00000000d6b00000)
  from space 1024K, 62% used [0x00000000d6c80000,0x00000000d6d20000,0x00000000d6d80000)
  to   space 512K, 0% used [0x00000000d6d80000,0x00000000d6d80000,0x00000000d6e00000)
 ParOldGen       total 68608K, used 37433K [0x0000000080000000, 0x0000000084300000, 0x00000000d5580000)
  object space 68608K, 54% used [0x0000000080000000,0x000000008248e600,0x0000000084300000)
 Metaspace       used 47617K, committed 48896K, reserved 1114112K
  class space    used 5089K, committed 5632K, reserved 1048576K

Card table byte_map: [0x000002988c760000,0x000002988cb70000] _byte_map_base: 0x000002988c360000

Marking Bits: (ParMarkBitMap*) 0x00007ffb83f93450
 Begin Bits: [0x000002989f270000, 0x00000298a1270000)
 End Bits:   [0x00000298a1270000, 0x00000298a3270000)

Polling page: 0x000002988abc0000

Metaspace:

Usage:
  Non-class:     41.53 MB used.
      Class:      4.97 MB used.
       Both:     46.50 MB used.

Virtual space:
  Non-class space:       64.00 MB reserved,      42.25 MB ( 66%) committed,  1 nodes.
      Class space:        1.00 GB reserved,       5.50 MB ( <1%) committed,  1 nodes.
             Both:        1.06 GB reserved,      47.75 MB (  4%) committed. 

Chunk freelists:
   Non-Class:  5.47 MB
       Class:  10.44 MB
        Both:  15.91 MB

MaxMetaspaceSize: unlimited
CompressedClassSpaceSize: 1.00 GB
Initial GC threshold: 21.00 MB
Current GC threshold: 58.38 MB
CDS: on
 - commit_granule_bytes: 65536.
 - commit_granule_words: 8192.
 - virtual_space_node_default_size: 8388608.
 - enlarge_chunks_in_place: 1.
 - use_allocation_guard: 0.


Internal statistics:

num_allocs_failed_limit: 8.
num_arena_births: 842.
num_arena_deaths: 14.
num_vsnodes_births: 2.
num_vsnodes_deaths: 0.
num_space_committed: 764.
num_space_uncommitted: 0.
num_chunks_returned_to_freelist: 22.
num_chunks_taken_from_freelist: 3076.
num_chunk_merges: 14.
num_chunk_splits: 1852.
num_chunks_enlarged: 992.
num_inconsistent_stats: 0.

CodeHeap 'non-profiled nmethods': size=120000Kb used=2687Kb max_used=2687Kb free=117312Kb
 bounds [0x0000029897a90000, 0x0000029897d30000, 0x000002989efc0000]
CodeHeap 'profiled nmethods': size=120000Kb used=11184Kb max_used=11184Kb free=108816Kb
 bounds [0x000002988ffc0000, 0x0000029890ab0000, 0x00000298974f0000]
CodeHeap 'non-nmethods': size=5760Kb used=1379Kb max_used=1442Kb free=4380Kb
 bounds [0x00000298974f0000, 0x0000029897760000, 0x0000029897a90000]
CodeCache: size=245760Kb, used=15250Kb, max_used=15313Kb, free=230508Kb
 total_blobs=6193, nmethods=5511, adapters=588, full_count=0
Compilation: enabled, stopped_count=0, restarted_count=0

Compilation events (20 events):
Event: 5.685 Thread 0x00000298e5c01f60 nmethod 6073 0x0000029890a96490 code [0x0000029890a96880, 0x0000029890a98070]
Event: 5.685 Thread 0x00000298e5c01f60 6078       3       com.google.inject.internal.DeclaredMembers$$Lambda/0x00000298a543c000::apply (8 bytes)
Event: 5.685 Thread 0x00000298e5c01f60 nmethod 6078 0x0000029890a98e10 code [0x0000029890a98fe0, 0x0000029890a992c8]
Event: 5.685 Thread 0x00000298e5c01f60 6076       3       java.lang.Class::getConstructor0 (83 bytes)
Event: 5.686 Thread 0x00000298e5c01f60 nmethod 6076 0x0000029890a99410 code [0x0000029890a996a0, 0x0000029890a9a0c8]
Event: 5.686 Thread 0x00000298e5c01f60 6077   !   3       org.eclipse.sisu.wire.DependencyAnalyzer::analyzeImplementation (131 bytes)
Event: 5.687 Thread 0x00000298e5c01f60 nmethod 6077 0x0000029890a9a590 code [0x0000029890a9a8a0, 0x0000029890a9b888]
Event: 5.687 Thread 0x00000298e5c01f60 6079       3       java.lang.Runtime$Version::feature (17 bytes)
Event: 5.687 Thread 0x00000298e5c01f60 nmethod 6079 0x0000029890a9be90 code [0x0000029890a9c040, 0x0000029890a9c330]
Event: 5.687 Thread 0x00000298e5c01f60 6074       3       com.google.common.cache.LocalCache$Segment::postReadCleanup (18 bytes)
Event: 5.687 Thread 0x00000298e5c01f60 nmethod 6074 0x0000029890a9c410 code [0x0000029890a9c5c0, 0x0000029890a9c778]
Event: 5.687 Thread 0x00000298e5c01f60 6072       3       com.google.common.collect.ImmutableList::copyOf (50 bytes)
Event: 5.688 Thread 0x00000298e5c01f60 nmethod 6072 0x0000029890a9c890 code [0x0000029890a9cb00, 0x0000029890a9d5c0]
Event: 5.735 Thread 0x00000298e5c01f60 6081       3       java.util.Arrays::copyOf (33 bytes)
Event: 5.736 Thread 0x00000298e5c01f60 nmethod 6081 0x0000029890a9d990 code [0x0000029890a9db80, 0x0000029890a9e068]
Event: 5.737 Thread 0x00000298ecdeb830 nmethod 5894 0x0000029897d2ab10 code [0x0000029897d2b000, 0x0000029897d2ca00]
Event: 5.739 Thread 0x00000298ecdeb830 6080 %     4       lombok.launch.PackageShader::apply @ 76 (252 bytes)
Event: 5.745 Thread 0x00000298e5c01f60 6082       3       sun.net.www.protocol.file.Handler::parseURL (18 bytes)
Event: 5.745 Thread 0x00000298e5c01f60 nmethod 6082 0x0000029890a9e210 code [0x0000029890a9e3c0, 0x0000029890a9e580]
Event: 5.745 Thread 0x00000298e5c01f60 6083       3       java.lang.reflect.Proxy$ProxyBuilder::addElementTypes (33 bytes)

GC Heap History (20 events):
Event: 5.015 GC heap before
{Heap before GC invocations=18 (full 2):
 PSYoungGen      total 24576K, used 24097K [0x00000000d5580000, 0x00000000d7000000, 0x0000000100000000)
  eden space 22016K, 100% used [0x00000000d5580000,0x00000000d6b00000,0x00000000d6b00000)
  from space 2560K, 81% used [0x00000000d6b00000,0x00000000d6d08420,0x00000000d6d80000)
  to   space 2560K, 0% used [0x00000000d6d80000,0x00000000d6d80000,0x00000000d7000000)
 ParOldGen       total 68608K, used 21509K [0x0000000080000000, 0x0000000084300000, 0x00000000d5580000)
  object space 68608K, 31% used [0x0000000080000000,0x0000000081501648,0x0000000084300000)
 Metaspace       used 37920K, committed 39168K, reserved 1114112K
  class space    used 3981K, committed 4544K, reserved 1048576K
}
Event: 5.018 GC heap after
{Heap after GC invocations=18 (full 2):
 PSYoungGen      total 24576K, used 2400K [0x00000000d5580000, 0x00000000d7000000, 0x0000000100000000)
  eden space 22016K, 0% used [0x00000000d5580000,0x00000000d5580000,0x00000000d6b00000)
  from space 2560K, 93% used [0x00000000d6d80000,0x00000000d6fd8010,0x00000000d7000000)
  to   space 2560K, 0% used [0x00000000d6b00000,0x00000000d6b00000,0x00000000d6d80000)
 ParOldGen       total 68608K, used 23453K [0x0000000080000000, 0x0000000084300000, 0x00000000d5580000)
  object space 68608K, 34% used [0x0000000080000000,0x00000000816e7768,0x0000000084300000)
 Metaspace       used 37920K, committed 39168K, reserved 1114112K
  class space    used 3981K, committed 4544K, reserved 1048576K
}
Event: 5.069 GC heap before
{Heap before GC invocations=19 (full 2):
 PSYoungGen      total 24576K, used 24416K [0x00000000d5580000, 0x00000000d7000000, 0x0000000100000000)
  eden space 22016K, 100% used [0x00000000d5580000,0x00000000d6b00000,0x00000000d6b00000)
  from space 2560K, 93% used [0x00000000d6d80000,0x00000000d6fd8010,0x00000000d7000000)
  to   space 2560K, 0% used [0x00000000d6b00000,0x00000000d6b00000,0x00000000d6d80000)
 ParOldGen       total 68608K, used 23453K [0x0000000080000000, 0x0000000084300000, 0x00000000d5580000)
  object space 68608K, 34% used [0x0000000080000000,0x00000000816e7768,0x0000000084300000)
 Metaspace       used 38327K, committed 39488K, reserved 1114112K
  class space    used 4034K, committed 4544K, reserved 1048576K
}
Event: 5.072 GC heap after
{Heap after GC invocations=19 (full 2):
 PSYoungGen      total 24576K, used 2529K [0x00000000d5580000, 0x00000000d7600000, 0x0000000100000000)
  eden space 22016K, 0% used [0x00000000d5580000,0x00000000d5580000,0x00000000d6b00000)
  from space 2560K, 98% used [0x00000000d6b00000,0x00000000d6d785d0,0x00000000d6d80000)
  to   space 5632K, 0% used [0x00000000d7080000,0x00000000d7080000,0x00000000d7600000)
 ParOldGen       total 68608K, used 25701K [0x0000000080000000, 0x0000000084300000, 0x00000000d5580000)
  object space 68608K, 37% used [0x0000000080000000,0x0000000081919778,0x0000000084300000)
 Metaspace       used 38327K, committed 39488K, reserved 1114112K
  class space    used 4034K, committed 4544K, reserved 1048576K
}
Event: 5.108 GC heap before
{Heap before GC invocations=20 (full 2):
 PSYoungGen      total 24576K, used 24545K [0x00000000d5580000, 0x00000000d7600000, 0x0000000100000000)
  eden space 22016K, 100% used [0x00000000d5580000,0x00000000d6b00000,0x00000000d6b00000)
  from space 2560K, 98% used [0x00000000d6b00000,0x00000000d6d785d0,0x00000000d6d80000)
  to   space 5632K, 0% used [0x00000000d7080000,0x00000000d7080000,0x00000000d7600000)
 ParOldGen       total 68608K, used 25701K [0x0000000080000000, 0x0000000084300000, 0x00000000d5580000)
  object space 68608K, 37% used [0x0000000080000000,0x0000000081919778,0x0000000084300000)
 Metaspace       used 38498K, committed 39680K, reserved 1114112K
  class space    used 4064K, committed 4608K, reserved 1048576K
}
Event: 5.110 GC heap after
{Heap after GC invocations=20 (full 2):
 PSYoungGen      total 24576K, used 2111K [0x00000000d5580000, 0x00000000d7300000, 0x0000000100000000)
  eden space 22016K, 0% used [0x00000000d5580000,0x00000000d5580000,0x00000000d6b00000)
  from space 2560K, 82% used [0x00000000d7080000,0x00000000d728fd40,0x00000000d7300000)
  to   space 3584K, 0% used [0x00000000d6c00000,0x00000000d6c00000,0x00000000d6f80000)
 ParOldGen       total 68608K, used 27998K [0x0000000080000000, 0x0000000084300000, 0x00000000d5580000)
  object space 68608K, 40% used [0x0000000080000000,0x0000000081b57920,0x0000000084300000)
 Metaspace       used 38498K, committed 39680K, reserved 1114112K
  class space    used 4064K, committed 4608K, reserved 1048576K
}
Event: 5.138 GC heap before
{Heap before GC invocations=21 (full 2):
 PSYoungGen      total 24576K, used 24127K [0x00000000d5580000, 0x00000000d7300000, 0x0000000100000000)
  eden space 22016K, 100% used [0x00000000d5580000,0x00000000d6b00000,0x00000000d6b00000)
  from space 2560K, 82% used [0x00000000d7080000,0x00000000d728fd40,0x00000000d7300000)
  to   space 3584K, 0% used [0x00000000d6c00000,0x00000000d6c00000,0x00000000d6f80000)
 ParOldGen       total 68608K, used 27998K [0x0000000080000000, 0x0000000084300000, 0x00000000d5580000)
  object space 68608K, 40% used [0x0000000080000000,0x0000000081b57920,0x0000000084300000)
 Metaspace       used 38694K, committed 39936K, reserved 1114112K
  class space    used 4095K, committed 4672K, reserved 1048576K
}
Event: 5.140 GC heap after
{Heap after GC invocations=21 (full 2):
 PSYoungGen      total 24064K, used 2016K [0x00000000d5580000, 0x00000000d7100000, 0x0000000100000000)
  eden space 22016K, 0% used [0x00000000d5580000,0x00000000d5580000,0x00000000d6b00000)
  from space 2048K, 98% used [0x00000000d6c00000,0x00000000d6df8000,0x00000000d6e00000)
  to   space 2560K, 0% used [0x00000000d6e80000,0x00000000d6e80000,0x00000000d7100000)
 ParOldGen       total 68608K, used 29787K [0x0000000080000000, 0x0000000084300000, 0x00000000d5580000)
  object space 68608K, 43% used [0x0000000080000000,0x0000000081d16f48,0x0000000084300000)
 Metaspace       used 38694K, committed 39936K, reserved 1114112K
  class space    used 4095K, committed 4672K, reserved 1048576K
}
Event: 5.176 GC heap before
{Heap before GC invocations=22 (full 2):
 PSYoungGen      total 24064K, used 24032K [0x00000000d5580000, 0x00000000d7100000, 0x0000000100000000)
  eden space 22016K, 100% used [0x00000000d5580000,0x00000000d6b00000,0x00000000d6b00000)
  from space 2048K, 98% used [0x00000000d6c00000,0x00000000d6df8000,0x00000000d6e00000)
  to   space 2560K, 0% used [0x00000000d6e80000,0x00000000d6e80000,0x00000000d7100000)
 ParOldGen       total 68608K, used 29787K [0x0000000080000000, 0x0000000084300000, 0x00000000d5580000)
  object space 68608K, 43% used [0x0000000080000000,0x0000000081d16f48,0x0000000084300000)
 Metaspace       used 38977K, committed 40192K, reserved 1114112K
  class space    used 4126K, committed 4672K, reserved 1048576K
}
Event: 5.179 GC heap after
{Heap after GC invocations=22 (full 2):
 PSYoungGen      total 24576K, used 2264K [0x00000000d5580000, 0x00000000d7100000, 0x0000000100000000)
  eden space 22016K, 0% used [0x00000000d5580000,0x00000000d5580000,0x00000000d6b00000)
  from space 2560K, 88% used [0x00000000d6e80000,0x00000000d70b6210,0x00000000d7100000)
  to   space 2560K, 0% used [0x00000000d6c00000,0x00000000d6c00000,0x00000000d6e80000)
 ParOldGen       total 68608K, used 31675K [0x0000000080000000, 0x0000000084300000, 0x00000000d5580000)
  object space 68608K, 46% used [0x0000000080000000,0x0000000081eeef48,0x0000000084300000)
 Metaspace       used 38977K, committed 40192K, reserved 1114112K
  class space    used 4126K, committed 4672K, reserved 1048576K
}
Event: 5.245 GC heap before
{Heap before GC invocations=23 (full 2):
 PSYoungGen      total 24576K, used 24271K [0x00000000d5580000, 0x00000000d7100000, 0x0000000100000000)
  eden space 22016K, 99% used [0x00000000d5580000,0x00000000d6afdbe0,0x00000000d6b00000)
  from space 2560K, 88% used [0x00000000d6e80000,0x00000000d70b6210,0x00000000d7100000)
  to   space 2560K, 0% used [0x00000000d6c00000,0x00000000d6c00000,0x00000000d6e80000)
 ParOldGen       total 68608K, used 31675K [0x0000000080000000, 0x0000000084300000, 0x00000000d5580000)
  object space 68608K, 46% used [0x0000000080000000,0x0000000081eeef48,0x0000000084300000)
 Metaspace       used 40016K, committed 41280K, reserved 1114112K
  class space    used 4235K, committed 4800K, reserved 1048576K
}
Event: 5.247 GC heap after
{Heap after GC invocations=23 (full 2):
 PSYoungGen      total 24064K, used 1896K [0x00000000d5580000, 0x00000000d6f00000, 0x0000000100000000)
  eden space 22016K, 0% used [0x00000000d5580000,0x00000000d5580000,0x00000000d6b00000)
  from space 2048K, 92% used [0x00000000d6c00000,0x00000000d6dda3e0,0x00000000d6e00000)
  to   space 1024K, 0% used [0x00000000d6e00000,0x00000000d6e00000,0x00000000d6f00000)
 ParOldGen       total 68608K, used 33772K [0x0000000080000000, 0x0000000084300000, 0x00000000d5580000)
  object space 68608K, 49% used [0x0000000080000000,0x00000000820fb158,0x0000000084300000)
 Metaspace       used 40016K, committed 41280K, reserved 1114112K
  class space    used 4235K, committed 4800K, reserved 1048576K
}
Event: 5.358 GC heap before
{Heap before GC invocations=24 (full 2):
 PSYoungGen      total 24064K, used 23912K [0x00000000d5580000, 0x00000000d6f00000, 0x0000000100000000)
  eden space 22016K, 100% used [0x00000000d5580000,0x00000000d6b00000,0x00000000d6b00000)
  from space 2048K, 92% used [0x00000000d6c00000,0x00000000d6dda3e0,0x00000000d6e00000)
  to   space 1024K, 0% used [0x00000000d6e00000,0x00000000d6e00000,0x00000000d6f00000)
 ParOldGen       total 68608K, used 33772K [0x0000000080000000, 0x0000000084300000, 0x00000000d5580000)
  object space 68608K, 49% used [0x0000000080000000,0x00000000820fb158,0x0000000084300000)
 Metaspace       used 42512K, committed 43776K, reserved 1114112K
  class space    used 4507K, committed 5056K, reserved 1048576K
}
Event: 5.359 GC heap after
{Heap after GC invocations=24 (full 2):
 PSYoungGen      total 23040K, used 760K [0x00000000d5580000, 0x00000000d6f00000, 0x0000000100000000)
  eden space 22016K, 0% used [0x00000000d5580000,0x00000000d5580000,0x00000000d6b00000)
  from space 1024K, 74% used [0x00000000d6e00000,0x00000000d6ebe2e8,0x00000000d6f00000)
  to   space 1536K, 0% used [0x00000000d6c00000,0x00000000d6c00000,0x00000000d6d80000)
 ParOldGen       total 68608K, used 35321K [0x0000000080000000, 0x0000000084300000, 0x00000000d5580000)
  object space 68608K, 51% used [0x0000000080000000,0x000000008227e420,0x0000000084300000)
 Metaspace       used 42512K, committed 43776K, reserved 1114112K
  class space    used 4507K, committed 5056K, reserved 1048576K
}
Event: 5.475 GC heap before
{Heap before GC invocations=25 (full 2):
 PSYoungGen      total 23040K, used 22776K [0x00000000d5580000, 0x00000000d6f00000, 0x0000000100000000)
  eden space 22016K, 100% used [0x00000000d5580000,0x00000000d6b00000,0x00000000d6b00000)
  from space 1024K, 74% used [0x00000000d6e00000,0x00000000d6ebe2e8,0x00000000d6f00000)
  to   space 1536K, 0% used [0x00000000d6c00000,0x00000000d6c00000,0x00000000d6d80000)
 ParOldGen       total 68608K, used 35321K [0x0000000080000000, 0x0000000084300000, 0x00000000d5580000)
  object space 68608K, 51% used [0x0000000080000000,0x000000008227e420,0x0000000084300000)
 Metaspace       used 44659K, committed 45888K, reserved 1114112K
  class space    used 4776K, committed 5312K, reserved 1048576K
}
Event: 5.476 GC heap after
{Heap after GC invocations=25 (full 2):
 PSYoungGen      total 23552K, used 1471K [0x00000000d5580000, 0x00000000d6f00000, 0x0000000100000000)
  eden space 22016K, 0% used [0x00000000d5580000,0x00000000d5580000,0x00000000d6b00000)
  from space 1536K, 95% used [0x00000000d6c00000,0x00000000d6d6fcb0,0x00000000d6d80000)
  to   space 1536K, 0% used [0x00000000d6d80000,0x00000000d6d80000,0x00000000d6f00000)
 ParOldGen       total 68608K, used 35993K [0x0000000080000000, 0x0000000084300000, 0x00000000d5580000)
  object space 68608K, 52% used [0x0000000080000000,0x00000000823264b0,0x0000000084300000)
 Metaspace       used 44659K, committed 45888K, reserved 1114112K
  class space    used 4776K, committed 5312K, reserved 1048576K
}
Event: 5.505 GC heap before
{Heap before GC invocations=26 (full 2):
 PSYoungGen      total 23552K, used 23487K [0x00000000d5580000, 0x00000000d6f00000, 0x0000000100000000)
  eden space 22016K, 100% used [0x00000000d5580000,0x00000000d6b00000,0x00000000d6b00000)
  from space 1536K, 95% used [0x00000000d6c00000,0x00000000d6d6fcb0,0x00000000d6d80000)
  to   space 1536K, 0% used [0x00000000d6d80000,0x00000000d6d80000,0x00000000d6f00000)
 ParOldGen       total 68608K, used 35993K [0x0000000080000000, 0x0000000084300000, 0x00000000d5580000)
  object space 68608K, 52% used [0x0000000080000000,0x00000000823264b0,0x0000000084300000)
 Metaspace       used 44909K, committed 46144K, reserved 1114112K
  class space    used 4803K, committed 5376K, reserved 1048576K
}
Event: 5.506 GC heap after
{Heap after GC invocations=26 (full 2):
 PSYoungGen      total 23040K, used 662K [0x00000000d5580000, 0x00000000d6e80000, 0x0000000100000000)
  eden space 22016K, 0% used [0x00000000d5580000,0x00000000d5580000,0x00000000d6b00000)
  from space 1024K, 64% used [0x00000000d6d80000,0x00000000d6e259e8,0x00000000d6e80000)
  to   space 1024K, 0% used [0x00000000d6c80000,0x00000000d6c80000,0x00000000d6d80000)
 ParOldGen       total 68608K, used 37313K [0x0000000080000000, 0x0000000084300000, 0x00000000d5580000)
  object space 68608K, 54% used [0x0000000080000000,0x0000000082470600,0x0000000084300000)
 Metaspace       used 44909K, committed 46144K, reserved 1114112K
  class space    used 4803K, committed 5376K, reserved 1048576K
}
Event: 5.629 GC heap before
{Heap before GC invocations=27 (full 2):
 PSYoungGen      total 23040K, used 22678K [0x00000000d5580000, 0x00000000d6e80000, 0x0000000100000000)
  eden space 22016K, 100% used [0x00000000d5580000,0x00000000d6b00000,0x00000000d6b00000)
  from space 1024K, 64% used [0x00000000d6d80000,0x00000000d6e259e8,0x00000000d6e80000)
  to   space 1024K, 0% used [0x00000000d6c80000,0x00000000d6c80000,0x00000000d6d80000)
 ParOldGen       total 68608K, used 37313K [0x0000000080000000, 0x0000000084300000, 0x00000000d5580000)
  object space 68608K, 54% used [0x0000000080000000,0x0000000082470600,0x0000000084300000)
 Metaspace       used 46954K, committed 48256K, reserved 1114112K
  class space    used 5004K, committed 5568K, reserved 1048576K
}
Event: 5.630 GC heap after
{Heap after GC invocations=27 (full 2):
 PSYoungGen      total 23040K, used 640K [0x00000000d5580000, 0x00000000d6e00000, 0x0000000100000000)
  eden space 22016K, 0% used [0x00000000d5580000,0x00000000d5580000,0x00000000d6b00000)
  from space 1024K, 62% used [0x00000000d6c80000,0x00000000d6d20000,0x00000000d6d80000)
  to   space 512K, 0% used [0x00000000d6d80000,0x00000000d6d80000,0x00000000d6e00000)
 ParOldGen       total 68608K, used 37433K [0x0000000080000000, 0x0000000084300000, 0x00000000d5580000)
  object space 68608K, 54% used [0x0000000080000000,0x000000008248e600,0x0000000084300000)
 Metaspace       used 46954K, committed 48256K, reserved 1114112K
  class space    used 5004K, committed 5568K, reserved 1048576K
}

Dll operation events (10 events):
Event: 0.016 Loaded shared library c:\Users\admin\.vscode\extensions\redhat.java-1.54.0-win32-x64\jre\21.0.10-win32-x86_64\bin\java.dll
Event: 0.069 Loaded shared library c:\Users\admin\.vscode\extensions\redhat.java-1.54.0-win32-x64\jre\21.0.10-win32-x86_64\bin\zip.dll
Event: 0.081 Loaded shared library C:\Users\admin\.vscode\extensions\redhat.java-1.54.0-win32-x64\jre\21.0.10-win32-x86_64\bin\instrument.dll
Event: 0.084 Loaded shared library C:\Users\admin\.vscode\extensions\redhat.java-1.54.0-win32-x64\jre\21.0.10-win32-x86_64\bin\net.dll
Event: 0.086 Loaded shared library C:\Users\admin\.vscode\extensions\redhat.java-1.54.0-win32-x64\jre\21.0.10-win32-x86_64\bin\nio.dll
Event: 0.088 Loaded shared library C:\Users\admin\.vscode\extensions\redhat.java-1.54.0-win32-x64\jre\21.0.10-win32-x86_64\bin\zip.dll
Event: 0.097 Loaded shared library C:\Users\admin\.vscode\extensions\redhat.java-1.54.0-win32-x64\jre\21.0.10-win32-x86_64\bin\jimage.dll
Event: 0.144 Loaded shared library c:\Users\admin\.vscode\extensions\redhat.java-1.54.0-win32-x64\jre\21.0.10-win32-x86_64\bin\verify.dll
Event: 0.751 Loaded shared library C:\Users\admin\AppData\Roaming\Code\User\globalStorage\redhat.java\1.54.0\config_win\org.eclipse.equinox.launcher\org.eclipse.equinox.launcher.win32.win32.x86_64_1.3.0.v20260203-2149\eclipse_11919.dll
Event: 3.746 Loaded shared library C:\Users\admin\AppData\Local\Temp\jna-92668751\jna14914616273390101998.dll

Deoptimization events (20 events):
Event: 5.502 Thread 0x00000298ec0acb10 DEOPT PACKING pc=0x000002989078f833 sp=0x000000d9bedfa6d0
Event: 5.502 Thread 0x00000298ec0acb10 DEOPT UNPACKING pc=0x0000029897544242 sp=0x000000d9bedf9c00 mode 0
Event: 5.504 Thread 0x00000298ec0acb10 DEOPT PACKING pc=0x000002989078f833 sp=0x000000d9bedfa6d0
Event: 5.504 Thread 0x00000298ec0acb10 DEOPT UNPACKING pc=0x0000029897544242 sp=0x000000d9bedf9c00 mode 0
Event: 5.507 Thread 0x00000298ec0acb10 DEOPT PACKING pc=0x00000298909459bf sp=0x000000d9bedfa160
Event: 5.507 Thread 0x00000298ec0acb10 DEOPT UNPACKING pc=0x0000029897544242 sp=0x000000d9bedf9628 mode 0
Event: 5.507 Thread 0x00000298ec0acb10 DEOPT PACKING pc=0x000002989078f833 sp=0x000000d9bedfa6d0
Event: 5.507 Thread 0x00000298ec0acb10 DEOPT UNPACKING pc=0x0000029897544242 sp=0x000000d9bedf9c00 mode 0
Event: 5.509 Thread 0x00000298ec0acb10 DEOPT PACKING pc=0x000002989078f833 sp=0x000000d9bedfa6d0
Event: 5.509 Thread 0x00000298ec0acb10 DEOPT UNPACKING pc=0x0000029897544242 sp=0x000000d9bedf9c00 mode 0
Event: 5.510 Thread 0x00000298ec0acb10 DEOPT PACKING pc=0x000002989078f833 sp=0x000000d9bedfa6d0
Event: 5.510 Thread 0x00000298ec0acb10 DEOPT UNPACKING pc=0x0000029897544242 sp=0x000000d9bedf9c00 mode 0
Event: 5.510 Thread 0x00000298ec0acb10 DEOPT PACKING pc=0x00000298909459bf sp=0x000000d9bedfa140
Event: 5.510 Thread 0x00000298ec0acb10 DEOPT UNPACKING pc=0x0000029897544242 sp=0x000000d9bedf9608 mode 0
Event: 5.511 Thread 0x00000298ec0acb10 DEOPT PACKING pc=0x00000298909459bf sp=0x000000d9bedfa140
Event: 5.511 Thread 0x00000298ec0acb10 DEOPT UNPACKING pc=0x0000029897544242 sp=0x000000d9bedf9608 mode 0
Event: 5.512 Thread 0x00000298ec0acb10 DEOPT PACKING pc=0x00000298909459bf sp=0x000000d9bedfa140
Event: 5.512 Thread 0x00000298ec0acb10 DEOPT UNPACKING pc=0x0000029897544242 sp=0x000000d9bedf9608 mode 0
Event: 5.514 Thread 0x00000298ec0acb10 DEOPT PACKING pc=0x000002989078f833 sp=0x000000d9bedfa6d0
Event: 5.514 Thread 0x00000298ec0acb10 DEOPT UNPACKING pc=0x0000029897544242 sp=0x000000d9bedf9c00 mode 0

Classes loaded (20 events):
Event: 5.314 Loading class java/lang/reflect/AnnotatedParameterizedType done
Event: 5.314 Loading class sun/reflect/annotation/AnnotatedTypeFactory$AnnotatedParameterizedTypeImpl done
Event: 5.346 Loading class sun/misc/Unsafe
Event: 5.346 Loading class sun/misc/Unsafe done
Event: 5.405 Loading class sun/nio/cs/ThreadLocalCoders
Event: 5.405 Loading class sun/nio/cs/ThreadLocalCoders done
Event: 5.405 Loading class sun/nio/cs/ThreadLocalCoders$1
Event: 5.405 Loading class sun/nio/cs/ThreadLocalCoders$Cache
Event: 5.405 Loading class sun/nio/cs/ThreadLocalCoders$Cache done
Event: 5.405 Loading class sun/nio/cs/ThreadLocalCoders$1 done
Event: 5.406 Loading class sun/nio/cs/ThreadLocalCoders$2
Event: 5.406 Loading class sun/nio/cs/ThreadLocalCoders$2 done
Event: 5.420 Loading class sun/reflect/generics/scope/ConstructorScope
Event: 5.420 Loading class sun/reflect/generics/scope/ConstructorScope done
Event: 5.420 Loading class sun/reflect/generics/tree/VoidDescriptor
Event: 5.420 Loading class sun/reflect/generics/tree/VoidDescriptor done
Event: 5.482 Loading class java/util/concurrent/CompletionService
Event: 5.482 Loading class java/util/concurrent/CompletionService done
Event: 5.533 Loading class java/nio/channels/ServerSocketChannel
Event: 5.533 Loading class java/nio/channels/ServerSocketChannel done

Classes unloaded (7 events):
Event: 4.080 Thread 0x000002988ce60b20 Unloading class 0x00000298a51aac00 'java/lang/invoke/LambdaForm$MH+0x00000298a51aac00'
Event: 4.080 Thread 0x000002988ce60b20 Unloading class 0x00000298a51aa800 'java/lang/invoke/LambdaForm$MH+0x00000298a51aa800'
Event: 4.080 Thread 0x000002988ce60b20 Unloading class 0x00000298a51aa400 'java/lang/invoke/LambdaForm$MH+0x00000298a51aa400'
Event: 4.080 Thread 0x000002988ce60b20 Unloading class 0x00000298a51aa000 'java/lang/invoke/LambdaForm$MH+0x00000298a51aa000'
Event: 4.080 Thread 0x000002988ce60b20 Unloading class 0x00000298a51a9c00 'java/lang/invoke/LambdaForm$BMH+0x00000298a51a9c00'
Event: 4.080 Thread 0x000002988ce60b20 Unloading class 0x00000298a51a9800 'java/lang/invoke/LambdaForm$DMH+0x00000298a51a9800'
Event: 4.080 Thread 0x000002988ce60b20 Unloading class 0x00000298a51a8400 'java/lang/invoke/LambdaForm$DMH+0x00000298a51a8400'

Classes redefined (0 events):
No events

Internal exceptions (20 events):
Event: 4.704 Thread 0x00000298ec0acb10 Exception <a 'java/lang/NoSuchMethodError'{0x00000000d6266870}: 'long java.lang.invoke.DirectMethodHandle$Holder.invokeStatic(java.lang.Object, java.lang.Object, int)'> (0x00000000d6266870) 
thrown [s\src\hotspot\share\interpreter\linkResolver.cpp, line 773]
Event: 4.705 Thread 0x00000298ec0acb10 Exception <a 'java/lang/NoSuchMethodError'{0x00000000d6287c58}: 'java.lang.Object java.lang.invoke.DelegatingMethodHandle$Holder.reinvoke_L(java.lang.Object, int, long, java.lang.Object, java.lang.Object, int, java.lang.Object)'> (0x00000000d6287c58) 
thrown [s\src\hotspot\share\interpreter\linkResolver.cpp, line 773]
Event: 4.714 Thread 0x00000298ec0ae550 Exception <a 'java/lang/NoSuchMethodError'{0x00000000d63d3118}: 'java.lang.Object java.lang.invoke.DirectMethodHandle$Holder.invokeSpecialIFC(java.lang.Object, java.lang.Object, java.lang.Object, java.lang.Object)'> (0x00000000d63d3118) 
thrown [s\src\hotspot\share\interpreter\linkResolver.cpp, line 773]
Event: 4.782 Thread 0x00000298ec0acb10 Exception <a 'java/lang/NoSuchMethodError'{0x00000000d59e8d78}: 'java.lang.Object java.lang.invoke.Invokers$Holder.invoke_MT(java.lang.Object, java.lang.Object, java.lang.Object, java.lang.Object, java.lang.Object, java.lang.Object, java.lang.Object, java.lang.Object, java.lang.Object, java.lang.Object)'> (0x00000000d59e8d78) 
thrown [s\src\hotspot\share\interpreter\linkResolver.cpp, line 773]
Event: 4.879 Thread 0x000002988cdbcd30 Exception <a 'java/lang/NoSuchMethodError'{0x00000000d568f6b0}: 'void java.lang.invoke.DirectMethodHandle$Holder.invokeSpecial(java.lang.Object, java.lang.Object, java.lang.Object, java.lang.Object, java.lang.Object, java.lang.Object)'> (0x00000000d568f6b0) 
thrown [s\src\hotspot\share\interpreter\linkResolver.cpp, line 773]
Event: 4.880 Thread 0x000002988cdbcd30 Exception <a 'java/lang/IncompatibleClassChangeError'{0x00000000d56cbf88}: Found class java.lang.Object, but interface was expected> (0x00000000d56cbf88) 
thrown [s\src\hotspot\share\interpreter\linkResolver.cpp, line 840]
Event: 4.880 Thread 0x000002988cdbcd30 Exception <a 'java/lang/IncompatibleClassChangeError'{0x00000000d56cde48}: Found class java.lang.Object, but interface was expected> (0x00000000d56cde48) 
thrown [s\src\hotspot\share\interpreter\linkResolver.cpp, line 840]
Event: 4.930 Thread 0x00000298ec0acb10 Exception <a 'java/io/FileNotFoundException'{0x00000000d6582608}> (0x00000000d6582608) 
thrown [s\src\hotspot\share\prims\jni.cpp, line 520]
Event: 4.930 Thread 0x00000298ec0acb10 Exception <a 'java/io/FileNotFoundException'{0x00000000d6583e88}> (0x00000000d6583e88) 
thrown [s\src\hotspot\share\prims\jni.cpp, line 520]
Event: 4.932 Thread 0x00000298ec0acb10 Exception <a 'java/lang/NoSuchMethodError'{0x00000000d65f2f58}: 'java.lang.Object java.lang.invoke.DirectMethodHandle$Holder.newInvokeSpecial(java.lang.Object, java.lang.Object, java.lang.Object, int)'> (0x00000000d65f2f58) 
thrown [s\src\hotspot\share\interpreter\linkResolver.cpp, line 773]
Event: 4.932 Thread 0x00000298ec0acb10 Exception <a 'java/lang/NoSuchMethodError'{0x00000000d65f70a8}: 'java.lang.Object java.lang.invoke.DirectMethodHandle$Holder.invokeSpecial(java.lang.Object, java.lang.Object, java.lang.Object, java.lang.Object, int)'> (0x00000000d65f70a8) 
thrown [s\src\hotspot\share\interpreter\linkResolver.cpp, line 773]
Event: 4.933 Thread 0x00000298ec0acb10 Exception <a 'java/lang/NoSuchMethodError'{0x00000000d65fa800}: 'java.lang.Object java.lang.invoke.Invokers$Holder.linkToTargetMethod(java.lang.Object, java.lang.Object, int, java.lang.Object)'> (0x00000000d65fa800) 
thrown [s\src\hotspot\share\interpreter\linkResolver.cpp, line 773]
Event: 4.935 Thread 0x00000298ec0acb10 Exception <a 'java/lang/NoSuchMethodError'{0x00000000d6606cd0}: 'void java.lang.invoke.DirectMethodHandle$Holder.invokeStaticInit(java.lang.Object, java.lang.Object, java.lang.Object)'> (0x00000000d6606cd0) 
thrown [s\src\hotspot\share\interpreter\linkResolver.cpp, line 773]
Event: 5.058 Thread 0x00000298ec0ae550 Exception <a 'java/lang/NoClassDefFoundError'{0x00000000d66786f8}: javax/enterprise/inject/Typed> (0x00000000d66786f8) 
thrown [s\src\hotspot\share\classfile\systemDictionary.cpp, line 301]
Event: 5.121 Thread 0x00000298ec0abdf0 Exception <a 'java/lang/NoSuchMethodError'{0x00000000d5fbe370}: 'int java.lang.invoke.DirectMethodHandle$Holder.invokeSpecial(java.lang.Object, java.lang.Object, java.lang.Object, java.lang.Object)'> (0x00000000d5fbe370) 
thrown [s\src\hotspot\share\interpreter\linkResolver.cpp, line 773]
Event: 5.123 Thread 0x00000298ec0abdf0 Exception <a 'java/lang/NoSuchMethodError'{0x00000000d6166c30}: 'java.lang.Object java.lang.invoke.DirectMethodHandle$Holder.invokeStatic(java.lang.Object, int, java.lang.Object, java.lang.Object)'> (0x00000000d6166c30) 
thrown [s\src\hotspot\share\interpreter\linkResolver.cpp, line 773]
Event: 5.123 Thread 0x00000298ec0abdf0 Exception <a 'java/lang/NoSuchMethodError'{0x00000000d61ab5d0}: 'java.lang.Object java.lang.invoke.DelegatingMethodHandle$Holder.delegate(java.lang.Object, int, java.lang.Object, java.lang.Object)'> (0x00000000d61ab5d0) 
thrown [s\src\hotspot\share\interpreter\linkResolver.cpp, line 773]
Event: 5.124 Thread 0x00000298ec0abdf0 Exception <a 'java/lang/NoSuchMethodError'{0x00000000d6317e28}: 'int java.lang.invoke.Invokers$Holder.linkToTargetMethod(java.lang.Object, java.lang.Object, java.lang.Object)'> (0x00000000d6317e28) 
thrown [s\src\hotspot\share\interpreter\linkResolver.cpp, line 773]
Event: 5.350 Thread 0x00000298ec0acb10 Exception <a 'java/lang/NoSuchMethodError'{0x00000000d694f898}: 'java.lang.Object java.lang.invoke.DirectMethodHandle$Holder.invokeVirtual(java.lang.Object, java.lang.Object, int)'> (0x00000000d694f898) 
thrown [s\src\hotspot\share\interpreter\linkResolver.cpp, line 773]
Event: 5.350 Thread 0x00000298ec0acb10 Implicit null exception at 0x0000029897b4f426 to 0x0000029897b4f6f4

ZGC Phase Switch (0 events):
No events

VM Operations (20 events):
Event: 5.140 Executing safepoint VM operation: ParallelGCFailedAllocation (Allocation Failure) done
Event: 5.176 Executing safepoint VM operation: ParallelGCFailedAllocation (Allocation Failure)
Event: 5.179 Executing safepoint VM operation: ParallelGCFailedAllocation (Allocation Failure) done
Event: 5.245 Executing safepoint VM operation: ParallelGCFailedAllocation (Allocation Failure)
Event: 5.247 Executing safepoint VM operation: ParallelGCFailedAllocation (Allocation Failure) done
Event: 5.357 Executing non-safepoint VM operation: HandshakeAllThreads (Deoptimize)
Event: 5.357 Executing non-safepoint VM operation: HandshakeAllThreads (Deoptimize) done
Event: 5.358 Executing safepoint VM operation: ParallelGCFailedAllocation (Allocation Failure)
Event: 5.359 Executing safepoint VM operation: ParallelGCFailedAllocation (Allocation Failure) done
Event: 5.369 Executing non-safepoint VM operation: HandshakeAllThreads (Deoptimize)
Event: 5.369 Executing non-safepoint VM operation: HandshakeAllThreads (Deoptimize) done
Event: 5.460 Executing non-safepoint VM operation: HandshakeAllThreads (Deoptimize)
Event: 5.460 Executing non-safepoint VM operation: HandshakeAllThreads (Deoptimize) done
Event: 5.475 Executing safepoint VM operation: ParallelGCFailedAllocation (Allocation Failure)
Event: 5.476 Executing safepoint VM operation: ParallelGCFailedAllocation (Allocation Failure) done
Event: 5.504 Executing safepoint VM operation: ParallelGCFailedAllocation (Allocation Failure)
Event: 5.506 Executing safepoint VM operation: ParallelGCFailedAllocation (Allocation Failure) done
Event: 5.629 Executing safepoint VM operation: ParallelGCFailedAllocation (Allocation Failure)
Event: 5.630 Executing safepoint VM operation: ParallelGCFailedAllocation (Allocation Failure) done
Event: 6.645 Executing safepoint VM operation: Cleanup

Memory protections (0 events):
No events

Nmethod flushes (20 events):
Event: 4.802 Thread 0x000002988ce60b20 flushing  nmethod 0x000002989061be10
Event: 4.802 Thread 0x000002988ce60b20 flushing  nmethod 0x000002989061c210
Event: 4.802 Thread 0x000002988ce60b20 flushing  nmethod 0x000002989061cb10
Event: 4.802 Thread 0x000002988ce60b20 flushing  nmethod 0x000002989061dd10
Event: 4.802 Thread 0x000002988ce60b20 flushing  nmethod 0x000002989061e990
Event: 4.802 Thread 0x000002988ce60b20 flushing  nmethod 0x000002989061f110
Event: 4.802 Thread 0x000002988ce60b20 flushing  nmethod 0x0000029890620690
Event: 4.802 Thread 0x000002988ce60b20 flushing  nmethod 0x0000029890620a90
Event: 4.802 Thread 0x000002988ce60b20 flushing  nmethod 0x0000029890621390
Event: 4.802 Thread 0x000002988ce60b20 flushing  nmethod 0x0000029890622590
Event: 4.802 Thread 0x000002988ce60b20 flushing  nmethod 0x0000029890622a10
Event: 4.802 Thread 0x000002988ce60b20 flushing  nmethod 0x0000029890623c90
Event: 4.802 Thread 0x000002988ce60b20 flushing  nmethod 0x000002989062cc90
Event: 4.802 Thread 0x000002988ce60b20 flushing  nmethod 0x000002989062e710
Event: 4.802 Thread 0x000002988ce60b20 flushing  nmethod 0x000002989062ff10
Event: 4.802 Thread 0x000002988ce60b20 flushing  nmethod 0x000002989064b990
Event: 4.802 Thread 0x000002988ce60b20 flushing  nmethod 0x0000029890659990
Event: 4.802 Thread 0x000002988ce60b20 flushing  nmethod 0x000002989065df90
Event: 4.802 Thread 0x000002988ce60b20 flushing  nmethod 0x000002989065f590
Event: 4.802 Thread 0x000002988ce60b20 flushing  nmethod 0x0000029890668c90

Events (20 events):
Event: 4.638 Thread 0x000002988cdbcd30 Thread added: 0x00000298ec115520
Event: 4.638 Thread 0x000002988cdbcd30 Thread added: 0x00000298ec115bb0
Event: 4.638 Thread 0x000002988cdbcd30 Thread added: 0x00000298ec114170
Event: 4.638 Thread 0x000002988cdbcd30 Thread added: 0x00000298ec114800
Event: 4.638 Thread 0x000002988cdbcd30 Thread added: 0x00000298ec113450
Event: 4.638 Thread 0x000002988cdbcd30 Thread added: 0x00000298ec113ae0
Event: 4.638 Thread 0x000002988cdbcd30 Thread added: 0x00000298ed2adc80
Event: 4.638 Thread 0x000002988cdbcd30 Thread added: 0x00000298ed2af030
Event: 4.659 Thread 0x000002988cdbcd30 Thread added: 0x00000298ed2afd50
Event: 4.903 Thread 0x000002988cdbcd30 Thread added: 0x00000298ed2ae9a0
Event: 4.904 Thread 0x000002988cdbcd30 Thread added: 0x00000298ed2af6c0
Event: 5.120 Thread 0x00000298ec0abdf0 Thread added: 0x00000298ed2b03e0
Event: 5.401 Thread 0x00000298ec0acb10 Thread added: 0x00000298ed2b0a70
Event: 5.401 Thread 0x00000298ec0acb10 Thread added: 0x00000298ed2ae310
Event: 5.401 Thread 0x00000298ec0acb10 Thread added: 0x00000298ed2ad5f0
Event: 5.401 Thread 0x00000298ec0acb10 Thread added: 0x00000298ed2b24b0
Event: 5.401 Thread 0x00000298ec0acb10 Thread added: 0x00000298ed2b31d0
Event: 5.401 Thread 0x00000298ec0acb10 Thread added: 0x00000298ed2b1100
Event: 5.401 Thread 0x00000298ec0acb10 Thread added: 0x00000298ed2b4580
Event: 5.401 Thread 0x00000298ed2ae310 Thread added: 0x00000298ed2b1790


Dynamic libraries:
0x00007ff675ef0000 - 0x00007ff675efe000 	c:\Users\admin\.vscode\extensions\redhat.java-1.54.0-win32-x64\jre\21.0.10-win32-x86_64\bin\java.exe
0x00007ffc3c620000 - 0x00007ffc3c887000 	C:\Windows\SYSTEM32\ntdll.dll
0x00007ffc3b560000 - 0x00007ffc3b629000 	C:\Windows\System32\KERNEL32.DLL
0x00007ffc39e40000 - 0x00007ffc3a237000 	C:\Windows\System32\KERNELBASE.dll
0x00007ffc39ab0000 - 0x00007ffc39bfb000 	C:\Windows\System32\ucrtbase.dll
0x00007ffc16c70000 - 0x00007ffc16c88000 	c:\Users\admin\.vscode\extensions\redhat.java-1.54.0-win32-x64\jre\21.0.10-win32-x86_64\bin\jli.dll
0x00007ffc3b790000 - 0x00007ffc3b956000 	C:\Windows\System32\USER32.dll
0x00007ffc0c270000 - 0x00007ffc0c28e000 	c:\Users\admin\.vscode\extensions\redhat.java-1.54.0-win32-x64\jre\21.0.10-win32-x86_64\bin\VCRUNTIME140.dll
0x00007ffc39c00000 - 0x00007ffc39c27000 	C:\Windows\System32\win32u.dll
0x00007ffc3bb40000 - 0x00007ffc3bb6b000 	C:\Windows\System32\GDI32.dll
0x00007ffc39050000 - 0x00007ffc3917c000 	C:\Windows\System32\gdi32full.dll
0x00007ffc3a240000 - 0x00007ffc3a2e3000 	C:\Windows\System32\msvcp_win.dll
0x00007ffc38250000 - 0x00007ffc384e2000 	C:\Windows\WinSxS\amd64_microsoft.windows.common-controls_6595b64144ccf1df_6.0.26100.8328_none_3e08182ce334b678\COMCTL32.dll
0x00007ffc3ad00000 - 0x00007ffc3ada9000 	C:\Windows\System32\msvcrt.dll
0x00007ffc3b210000 - 0x00007ffc3b242000 	C:\Windows\System32\IMM32.DLL
0x00007ffc30c10000 - 0x00007ffc30c1c000 	c:\Users\admin\.vscode\extensions\redhat.java-1.54.0-win32-x64\jre\21.0.10-win32-x86_64\bin\vcruntime140_1.dll
0x00007ffbfa690000 - 0x00007ffbfa71d000 	c:\Users\admin\.vscode\extensions\redhat.java-1.54.0-win32-x64\jre\21.0.10-win32-x86_64\bin\msvcp140.dll
0x00007ffb832d0000 - 0x00007ffb84071000 	c:\Users\admin\.vscode\extensions\redhat.java-1.54.0-win32-x64\jre\21.0.10-win32-x86_64\bin\server\jvm.dll
0x00007ffc3bc50000 - 0x00007ffc3bd06000 	C:\Windows\System32\ADVAPI32.dll
0x00007ffc3ac50000 - 0x00007ffc3acf7000 	C:\Windows\System32\sechost.dll
0x00007ffc3a3a0000 - 0x00007ffc3a4b8000 	C:\Windows\System32\RPCRT4.dll
0x00007ffc3c550000 - 0x00007ffc3c5d0000 	C:\Windows\System32\WS2_32.dll
0x00007ffc2d580000 - 0x00007ffc2d5b6000 	C:\Windows\SYSTEM32\WINMM.dll
0x00007ffc38eb0000 - 0x00007ffc38f0e000 	C:\Windows\SYSTEM32\POWRPROF.dll
0x00007ffc1bc70000 - 0x00007ffc1bc7b000 	C:\Windows\SYSTEM32\VERSION.dll
0x00007ffc38e90000 - 0x00007ffc38ea4000 	C:\Windows\SYSTEM32\UMPDC.dll
0x00007ffc374b0000 - 0x00007ffc374cb000 	C:\Windows\SYSTEM32\kernel.appcore.dll
0x00007ffc2c320000 - 0x00007ffc2c32a000 	c:\Users\admin\.vscode\extensions\redhat.java-1.54.0-win32-x64\jre\21.0.10-win32-x86_64\bin\jimage.dll
0x00007ffc38800000 - 0x00007ffc38a42000 	C:\Windows\SYSTEM32\DBGHELP.DLL
0x00007ffc3ae80000 - 0x00007ffc3b203000 	C:\Windows\System32\combase.dll
0x00007ffc3b2a0000 - 0x00007ffc3b379000 	C:\Windows\System32\OLEAUT32.dll
0x00007ffc386f0000 - 0x00007ffc3872b000 	C:\Windows\SYSTEM32\dbgcore.DLL
0x00007ffc3a2f0000 - 0x00007ffc3a398000 	C:\Windows\System32\bcryptPrimitives.dll
0x00007ffc32ef0000 - 0x00007ffc32eff000 	c:\Users\admin\.vscode\extensions\redhat.java-1.54.0-win32-x64\jre\21.0.10-win32-x86_64\bin\instrument.dll
0x00007ffc23700000 - 0x00007ffc23720000 	c:\Users\admin\.vscode\extensions\redhat.java-1.54.0-win32-x64\jre\21.0.10-win32-x86_64\bin\java.dll
0x00007ffc3a4c0000 - 0x00007ffc3ac2e000 	C:\Windows\System32\SHELL32.dll
0x00007ffc39240000 - 0x00007ffc39aac000 	C:\Windows\System32\windows.storage.dll
0x00007ffc3beb0000 - 0x00007ffc3bfa6000 	C:\Windows\System32\SHCORE.dll
0x00007ffc3ae10000 - 0x00007ffc3ae76000 	C:\Windows\System32\shlwapi.dll
0x00007ffc38f70000 - 0x00007ffc38f99000 	C:\Windows\SYSTEM32\profapi.dll
0x00007ffc22d70000 - 0x00007ffc22d88000 	c:\Users\admin\.vscode\extensions\redhat.java-1.54.0-win32-x64\jre\21.0.10-win32-x86_64\bin\zip.dll
0x00007ffc246a0000 - 0x00007ffc246b0000 	C:\Users\admin\.vscode\extensions\redhat.java-1.54.0-win32-x64\jre\21.0.10-win32-x86_64\bin\net.dll
0x00007ffc26c70000 - 0x00007ffc26d99000 	C:\Windows\SYSTEM32\WINHTTP.dll
0x00007ffc37a40000 - 0x00007ffc37aac000 	C:\Windows\system32\mswsock.dll
0x00007ffc22dd0000 - 0x00007ffc22de6000 	C:\Users\admin\.vscode\extensions\redhat.java-1.54.0-win32-x64\jre\21.0.10-win32-x86_64\bin\nio.dll
0x00007ffc23910000 - 0x00007ffc23920000 	c:\Users\admin\.vscode\extensions\redhat.java-1.54.0-win32-x64\jre\21.0.10-win32-x86_64\bin\verify.dll
0x00007ffc05ed0000 - 0x00007ffc05f15000 	C:\Users\admin\AppData\Roaming\Code\User\globalStorage\redhat.java\1.54.0\config_win\org.eclipse.equinox.launcher\org.eclipse.equinox.launcher.win32.win32.x86_64_1.3.0.v20260203-2149\eclipse_11919.dll
0x00007ffc3bd10000 - 0x00007ffc3bea7000 	C:\Windows\System32\ole32.dll
0x00007ffc38b70000 - 0x00007ffc38b8b000 	C:\Windows\SYSTEM32\CRYPTSP.dll
0x00007ffc375d0000 - 0x00007ffc37609000 	C:\Windows\system32\rsaenh.dll
0x00007ffc37af0000 - 0x00007ffc37b23000 	C:\Windows\SYSTEM32\USERENV.dll
0x00007ffc38f40000 - 0x00007ffc38f6a000 	C:\Windows\SYSTEM32\bcrypt.dll
0x00007ffc37f30000 - 0x00007ffc37f3c000 	C:\Windows\SYSTEM32\CRYPTBASE.dll
0x00007ffc36f70000 - 0x00007ffc36fa2000 	C:\Windows\SYSTEM32\IPHLPAPI.DLL
0x00007ffc3c540000 - 0x00007ffc3c54a000 	C:\Windows\System32\NSI.dll
0x00007ffc05bd0000 - 0x00007ffc05c19000 	C:\Users\admin\AppData\Local\Temp\jna-92668751\jna14914616273390101998.dll
0x00007ffc3bc10000 - 0x00007ffc3bc18000 	C:\Windows\System32\PSAPI.DLL
0x00007ffc2f720000 - 0x00007ffc2f73d000 	C:\Windows\SYSTEM32\dhcpcsvc6.DLL
0x00007ffc2f6f0000 - 0x00007ffc2f715000 	C:\Windows\SYSTEM32\dhcpcsvc.DLL

JVMTI agents:
c:\Users\admin\.vscode\extensions\redhat.java-1.54.0-win32-x64\lombok\lombok-1.18.39-4050.jar path:c:\Users\admin\.vscode\extensions\redhat.java-1.54.0-win32-x64\jre\21.0.10-win32-x86_64\bin\instrument.dll, loaded, initialized, instrumentlib options:none

dbghelp: loaded successfully - version: 4.0.5 - missing functions: none
symbol engine: initialized successfully - sym options: 0x614 - pdb path: .;c:\Users\admin\.vscode\extensions\redhat.java-1.54.0-win32-x64\jre\21.0.10-win32-x86_64\bin;C:\Windows\SYSTEM32;C:\Windows\WinSxS\amd64_microsoft.windows.common-controls_6595b64144ccf1df_6.0.26100.8328_none_3e08182ce334b678;c:\Users\admin\.vscode\extensions\redhat.java-1.54.0-win32-x64\jre\21.0.10-win32-x86_64\bin\server;C:\Users\admin\AppData\Roaming\Code\User\globalStorage\redhat.java\1.54.0\config_win\org.eclipse.equinox.launcher\org.eclipse.equinox.launcher.win32.win32.x86_64_1.3.0.v20260203-2149;C:\Users\admin\AppData\Local\Temp\jna-92668751

VM Arguments:
jvm_args: --add-modules=ALL-SYSTEM --add-opens=java.base/java.util=ALL-UNNAMED --add-opens=java.base/java.lang=ALL-UNNAMED --add-opens=java.base/sun.nio.fs=ALL-UNNAMED -Declipse.application=org.eclipse.jdt.ls.core.id1 -Dosgi.bundles.defaultStartLevel=4 -Declipse.product=org.eclipse.jdt.ls.core.product -Djava.import.generatesMetadataFilesAtProjectRoot=false -DDetectVMInstallationsJob.disabled=true -Dfile.encoding=utf8 -XX:+UseParallelGC -XX:GCTimeRatio=4 -XX:AdaptiveSizePolicyWeight=90 -Dsun.zip.disableMemoryMapping=true -Xmx2G -Xms100m -Xlog:disable -javaagent:c:\Users\admin\.vscode\extensions\redhat.java-1.54.0-win32-x64\lombok\lombok-1.18.39-4050.jar -XX:+HeapDumpOnOutOfMemoryError -XX:HeapDumpPath=c:\Users\admin\AppData\Roaming\Code\User\workspaceStorage\456ccaf14a017f0ce220ea57303d7a3b\redhat.java -Daether.dependencyCollector.impl=bf 
java_command: c:\Users\admin\.vscode\extensions\redhat.java-1.54.0-win32-x64\server\plugins\org.eclipse.equinox.launcher_1.7.100.v20251111-0406.jar -configuration c:\Users\admin\AppData\Roaming\Code\User\globalStorage\redhat.java\1.54.0\config_win -data c:\Users\admin\AppData\Roaming\Code\User\workspaceStorage\456ccaf14a017f0ce220ea57303d7a3b\redhat.java\jdt_ws --pipe=\\.\pipe\lsp-2b4364e7b7b9e7275602ba6d0e1c3493-sock
java_class_path (initial): c:\Users\admin\.vscode\extensions\redhat.java-1.54.0-win32-x64\server\plugins\org.eclipse.equinox.launcher_1.7.100.v20251111-0406.jar
Launcher Type: SUN_STANDARD

[Global flags]
    uintx AdaptiveSizePolicyWeight                 = 90                                        {product} {command line}
     intx CICompilerCount                          = 4                                         {product} {ergonomic}
    uintx GCTimeRatio                              = 4                                         {product} {command line}
     bool HeapDumpOnOutOfMemoryError               = true                                   {manageable} {command line}
    ccstr HeapDumpPath                             = c:\Users\admin\AppData\Roaming\Code\User\workspaceStorage\456ccaf14a017f0ce220ea57303d7a3b\redhat.java         {manageable} {command line}
   size_t InitialHeapSize                          = 104857600                                 {product} {command line}
   size_t MaxHeapSize                              = 2147483648                                {product} {command line}
   size_t MaxNewSize                               = 715653120                                 {product} {ergonomic}
   size_t MinHeapDeltaBytes                        = 524288                                    {product} {ergonomic}
   size_t MinHeapSize                              = 104857600                                 {product} {command line}
   size_t NewSize                                  = 34603008                                  {product} {ergonomic}
    uintx NonNMethodCodeHeapSize                   = 5839372                                {pd product} {ergonomic}
    uintx NonProfiledCodeHeapSize                  = 122909434                              {pd product} {ergonomic}
   size_t OldSize                                  = 70254592                                  {product} {ergonomic}
    uintx ProfiledCodeHeapSize                     = 122909434                              {pd product} {ergonomic}
    uintx ReservedCodeCacheSize                    = 251658240                              {pd product} {ergonomic}
     bool SegmentedCodeCache                       = true                                      {product} {ergonomic}
   size_t SoftMaxHeapSize                          = 2147483648                             {manageable} {ergonomic}
     bool UseCompressedOops                        = true                           {product lp64_product} {ergonomic}
     bool UseLargePagesIndividualAllocation        = false                                  {pd product} {ergonomic}
     bool UseParallelGC                            = true                                      {product} {command line}

Logging:
Log output configuration:
 #0: stdout all=off uptime,level,tags foldmultilines=false
 #1: stderr all=off uptime,level,tags foldmultilines=false

Release file:
JAVA_VERSION="21.0.10" 
MODULES="java.base java.compiler java.datatransfer java.xml java.prefs java.desktop java.instrument java.logging java.management java.security.sasl java.naming java.rmi java.management.rmi java.net.http java.scripting java.security.jgss java.transaction.xa java.sql java.sql.rowset java.xml.crypto java.se java.smartcardio jdk.accessibility jdk.internal.jvmstat jdk.attach jdk.charsets jdk.internal.opt jdk.zipfs jdk.compiler jdk.crypto.ec jdk.crypto.cryptoki jdk.crypto.mscapi jdk.dynalink jdk.internal.ed jdk.editpad jdk.hotspot.agent jdk.httpserver jdk.internal.le jdk.internal.vm.ci jdk.internal.vm.compiler jdk.internal.vm.compiler.management jdk.jartool jdk.javadoc jdk.jcmd jdk.management jdk.management.agent jdk.jconsole jdk.jdeps jdk.jdwp.agent jdk.jdi jdk.jfr jdk.jshell jdk.jsobject jdk.jstatd jdk.localedata jdk.management.jfr jdk.naming.dns jdk.naming.rmi jdk.net jdk.nio.mapmode jdk.random jdk.sctp jdk.security.auth jdk.security.jgss jdk.unsupported jdk.unsupported.desktop jdk.xml.dom" 

Environment Variables:
JAVA_HOME=C:\Program Files\Eclipse Adoptium\jdk-17.0.18.8-hotspot\
PATH=C:\Users\admin\AppData\Local\Programs\Microsoft VS Code;C:\Program Files\Common Files\Oracle\Java\javapath;C:\Program Files\Eclipse Adoptium\jdk-17.0.18.8-hotspot\bin;C:\Windows\system32;C:\Windows;C:\Windows\System32\Wbem;C:\Windows\System32\WindowsPowerShell\v1.0\;C:\Windows\System32\OpenSSH\;C:\Program Files\dotnet\;C:\Program Files\Git\cmd;C:\Users\admin\AppData\Local\Microsoft\WindowsApps;C:\Users\admin\AppData\Local\Programs\Microsoft VS Code\bin;C:\Users\admin\AppData\Local\GitHubDesktop\bin
USERNAME=admin
OS=Windows_NT
PROCESSOR_IDENTIFIER=Intel64 Family 6 Model 186 Stepping 2, GenuineIntel
TMP=C:\Users\admin\AppData\Local\Temp
TEMP=C:\Users\admin\AppData\Local\Temp




Periodic native trim disabled

---------------  S Y S T E M  ---------------

OS:
 Windows 11 , 64 bit Build 26100 (10.0.26100.8328)
OS uptime: 0 days 22:45 hours
Hyper-V role detected

CPU: total 12 (initial active 12) (6 cores per cpu, 2 threads per core) family 6 model 186 stepping 2 microcode 0x4122, cx8, cmov, fxsr, ht, mmx, 3dnowpref, sse, sse2, sse3, ssse3, sse4.1, sse4.2, popcnt, lzcnt, tsc, tscinvbit, avx, avx2, aes, erms, clmul, bmi1, bmi2, adx, sha, fma, vzeroupper, clflush, clflushopt, clwb, hv, serialize, rdtscp, rdpid, fsrm, f16c, cet_ibt, cet_ss
Processor Information for processor 0
  Max Mhz: 2100, Current Mhz: 2100, Mhz Limit: 2100
Processor Information for processor 1
  Max Mhz: 2100, Current Mhz: 2100, Mhz Limit: 2100
Processor Information for processor 2
  Max Mhz: 2100, Current Mhz: 2100, Mhz Limit: 2100
Processor Information for processor 3
  Max Mhz: 2100, Current Mhz: 2100, Mhz Limit: 2100
Processor Information for processor 4
  Max Mhz: 2100, Current Mhz: 2100, Mhz Limit: 2100
Processor Information for processor 5
  Max Mhz: 2100, Current Mhz: 2100, Mhz Limit: 2100
Processor Information for processor 6
  Max Mhz: 2100, Current Mhz: 2100, Mhz Limit: 2100
Processor Information for processor 7
  Max Mhz: 2100, Current Mhz: 2100, Mhz Limit: 2100
Processor Information for processor 8
  Max Mhz: 2100, Current Mhz: 1500, Mhz Limit: 1491
Processor Information for processor 9
  Max Mhz: 2100, Current Mhz: 1500, Mhz Limit: 1491
Processor Information for processor 10
  Max Mhz: 2100, Current Mhz: 1500, Mhz Limit: 1491
Processor Information for processor 11
  Max Mhz: 2100, Current Mhz: 1500, Mhz Limit: 1491

Memory: 4k page, system-wide physical 16009M (3536M free)
TotalPageFile size 65161M (AvailPageFile size 12M)
current process WorkingSet (physical memory assigned to process): 240M, peak: 241M
current process commit charge ("private bytes"): 349M, peak: 350M

vm_info: OpenJDK 64-Bit Server VM (21.0.10+7-LTS) for windows-amd64 JRE (21.0.10+7-LTS), built on 2026-01-20T00:00:00Z by "admin" with MS VC++ 17.12 (VS2022)

END.
